[2026-07-01 09:34:55] [SYSTEM] Logger initialized. Log file: D:\mahasoa\ITU\S6\INF315-WebService\Music-PlayList\logs\playlist-log-2026-07-01_09-34-55.log
[2026-07-01 09:34:55] [SYSTEM] Starting: desktop-server-app
[2026-07-01 09:34:55] [SYSTEM] Pipeline: Task1 → [scan-queue] → Task2 → [extract-queue] → Task3 → [upload-queue] → Task4
[2026-07-01 09:34:55] [SYSTEM] Local API Server started on http://localhost:5001
[2026-07-01 09:34:55] [Task1] Started — watching: D:\mahasoa\ITU\S6\INF315-WebService\Music-PlayList\mp3
[2026-07-01 09:34:55] [Task1] Scan interval: 6 second(s)
[2026-07-01 09:34:55] [Task1] Found 0 file(s) total, 0 .mp3 file(s).
[2026-07-01 09:34:55] [Task1] No .mp3 files — nothing to publish.
[2026-07-01 09:34:55] [Task1] Next scan in 6 second(s)…
[2026-07-01 09:34:55] [Task2] Started — consuming 'playlist-scan-queue'.
[2026-07-01 09:34:55] [Task3] Started — consuming 'playlist-extract-queue'.
[2026-07-01 09:34:55] [Task4] Started — consuming 'playlist-upload-queue'.
[2026-07-01 09:34:55] [Task3] Waiting for metadata batches. Press Ctrl+C to stop.
[2026-07-01 09:34:55] [Task4] Waiting for upload confirmations. Press Ctrl+C to stop.
[2026-07-01 09:34:55] [Task2] Waiting for scan batches. Press Ctrl+C to stop.
[2026-07-01 09:35:01] [Task1] Found 0 file(s) total, 0 .mp3 file(s).
[2026-07-01 09:35:01] [Task1] No .mp3 files — nothing to publish.
[2026-07-01 09:35:01] [Task1] Next scan in 6 second(s)…
[2026-07-01 09:35:07] [Task1] Found 0 file(s) total, 0 .mp3 file(s).
[2026-07-01 09:35:07] [Task1] No .mp3 files — nothing to publish.
[2026-07-01 09:35:07] [Task1] Next scan in 6 second(s)…
[2026-07-01 09:35:13] [Task1] Found 0 file(s) total, 0 .mp3 file(s).
[2026-07-01 09:35:13] [Task1] No .mp3 files — nothing to publish.
[2026-07-01 09:35:13] [Task1] Next scan in 6 second(s)…
[2026-07-01 09:35:19] [Task1] Found 0 file(s) total, 0 .mp3 file(s).
[2026-07-01 09:35:19] [Task1] No .mp3 files — nothing to publish.
[2026-07-01 09:35:19] [Task1] Next scan in 6 second(s)…
[2026-07-01 09:35:25] [Task1] Found 0 file(s) total, 0 .mp3 file(s).
[2026-07-01 09:35:25] [Task1] No .mp3 files — nothing to publish.
[2026-07-01 09:35:25] [Task1] Next scan in 6 second(s)…
[2026-07-01 09:35:31] [Task1] Found 8 file(s) total, 8 .mp3 file(s).
[2026-07-01 09:35:31] [Task1] Published scan batch → 'playlist-scan-queue' (8 file(s)).
[2026-07-01 09:35:31] [Task2] Received scan batch — 8 file(s) from 'D:\mahasoa\ITU\S6\INF315-WebService\Music-PlayList\mp3' scanned at 2026-07-01 06:35:31Z.
[2026-07-01 09:35:31] [Task1] Next scan in 6 second(s)…
[2026-07-01 09:35:31] [Task2] Tags — '04-Regarde-moi.mp3': Title='04-Regarde-moi', Artists='Lomepal - Www.33rapmp3.com et 33rapfr.com', Album='Amina - 33rap-telechargement.com', Year=2019, Duration=00:02:56.9580000
[2026-07-01 09:35:31] [Task2] Tags — '07-Interlude.mp3': Title='Interlude', Artists='Lefa', Album='Famous', Year=2020, Duration=00:02:07.3941000
[2026-07-01 09:35:31] [Task2] Tags — '07-Maladie-moderne.mp3': Title='Maladie moderne', Artists='Lomepal', Album='Mauvais Ordre', Year=2022, Duration=00:03:57.2208750
[2026-07-01 09:35:31] [Task2] Tags — '09-Mômes.mp3': Title='09-Mômes', Artists='Lomepal - Www.33rapmp3.com et 33rapfr.com', Album='Amina - 33rap-telechargement.com', Year=2019, Duration=00:02:56.8797000
[2026-07-01 09:35:31] [Task2] Tags — '8 - Ne me ramène pas.mp3': Title='Ne me ramène pas', Artists='Lomepal', Album='Amina', Year=2019, Duration=00:02:16.5935625
[2026-07-01 09:35:31] [Task2] Tags — 'Ankino.mp3': Title='Bodo', Artists='', Album='Album Bodo', Year=2000, Duration=00:03:50.4706875
[2026-07-01 09:35:31] [Task2] Tags — 'Antanambao.MP3': Title='Antanambao', Artists='Bekoto Augustin', Album='Album Bekoto', Year=1980, Duration=00:02:54.5666249
[2026-07-01 09:35:31] [Task2] Tags — 'IAO.MP3': Title='IAO', Artists='ROSSY', Album='IAO', Year=1990, Duration=00:03:48.5160000
[2026-07-01 09:35:31] [Task2] Extraction complete — 8 record(s) ready.
[2026-07-01 09:35:31] [Task2] Published metadata batch → 'playlist-extract-queue'.
[2026-07-01 09:35:31] [Task3] Received metadata batch — 8 track(s) from 'D:\mahasoa\ITU\S6\INF315-WebService\Music-PlayList\mp3'.
[2026-07-01 09:35:32] [Task3] Uploading '04-Regarde-moi.mp3' → http://localhost:5000/api/tracks/upload
[2026-07-01 09:35:32] [Task3] Uploaded '04-Regarde-moi.mp3' → server path: D:\mahasoa\ITU\S6\INF315-WebService\Music-PlayList\backend-cs\upload_dir\04-Regarde-moi.mp3
[2026-07-01 09:35:32] [Task3] Uploading '07-Interlude.mp3' → http://localhost:5000/api/tracks/upload
[2026-07-01 09:35:32] [Task3] Uploaded '07-Interlude.mp3' → server path: D:\mahasoa\ITU\S6\INF315-WebService\Music-PlayList\backend-cs\upload_dir\07-Interlude.mp3
[2026-07-01 09:35:32] [Task3] Uploading '07-Maladie-moderne.mp3' → http://localhost:5000/api/tracks/upload
[2026-07-01 09:35:32] [Task3] Uploaded '07-Maladie-moderne.mp3' → server path: D:\mahasoa\ITU\S6\INF315-WebService\Music-PlayList\backend-cs\upload_dir\07-Maladie-moderne.mp3
[2026-07-01 09:35:32] [Task3] Uploading '09-Mômes.mp3' → http://localhost:5000/api/tracks/upload
[2026-07-01 09:35:32] [Task3] Uploaded '09-Mômes.mp3' → server path: D:\mahasoa\ITU\S6\INF315-WebService\Music-PlayList\backend-cs\upload_dir\09-Mômes.mp3
[2026-07-01 09:35:32] [Task3] Uploading '8 - Ne me ramène pas.mp3' → http://localhost:5000/api/tracks/upload
[2026-07-01 09:35:34] [Task3] Uploaded '8 - Ne me ramène pas.mp3' → server path: D:\mahasoa\ITU\S6\INF315-WebService\Music-PlayList\backend-cs\upload_dir\8 - Ne me ramène pas.mp3
[2026-07-01 09:35:34] [Task3] Uploading 'Ankino.mp3' → http://localhost:5000/api/tracks/upload
[2026-07-01 09:35:34] [Task3] Uploaded 'Ankino.mp3' → server path: D:\mahasoa\ITU\S6\INF315-WebService\Music-PlayList\backend-cs\upload_dir\Ankino.mp3
[2026-07-01 09:35:34] [Task3] Uploading 'Antanambao.MP3' → http://localhost:5000/api/tracks/upload
[2026-07-01 09:35:34] [Task3] Uploaded 'Antanambao.MP3' → server path: D:\mahasoa\ITU\S6\INF315-WebService\Music-PlayList\backend-cs\upload_dir\Antanambao.MP3
[2026-07-01 09:35:34] [Task3] Track 'IAO.MP3' is blacklisted. Rejecting.
[2026-07-01 09:35:34] [Task3] POST metadata batch (7 track(s)) → http://localhost:5000/api/tracks/metadata
[2026-07-01 09:35:35] [Task3] Metadata batch accepted.
[2026-07-01 09:35:35] [Task3] Success message published → 'playlist-upload-queue'.
[2026-07-01 09:35:35] [Task4] Upload success confirmed — 8 track(s) from 'D:\mahasoa\ITU\S6\INF315-WebService\Music-PlayList\mp3' uploaded at 2026-07-01 06:35:35Z. Starting cleanup.
[2026-07-01 09:35:35] [Task4] Deleted: 04-Regarde-moi.mp3
[2026-07-01 09:35:35] [Task4] Deleted: 07-Interlude.mp3
[2026-07-01 09:35:35] [Task4] Deleted: 07-Maladie-moderne.mp3
[2026-07-01 09:35:35] [Task4] Deleted: 09-Mômes.mp3
[2026-07-01 09:35:35] [Task4] Deleted: 8 - Ne me ramène pas.mp3
[2026-07-01 09:35:35] [Task4] Deleted: Ankino.mp3
[2026-07-01 09:35:35] [Task4] Deleted: Antanambao.MP3
[2026-07-01 09:35:35] [Task4] Deleted: IAO.MP3
[2026-07-01 09:35:35] [Task4] Cleanup done — 8 file(s) deleted from 'D:\mahasoa\ITU\S6\INF315-WebService\Music-PlayList\mp3'.
[2026-07-01 09:35:37] [Task1] Found 0 file(s) total, 0 .mp3 file(s).
[2026-07-01 09:35:37] [Task1] No .mp3 files — nothing to publish.
[2026-07-01 09:35:37] [Task1] Next scan in 6 second(s)…
[2026-07-01 09:35:43] [Task1] Found 0 file(s) total, 0 .mp3 file(s).
[2026-07-01 09:35:43] [Task1] No .mp3 files — nothing to publish.
[2026-07-01 09:35:43] [Task1] Next scan in 6 second(s)…
[2026-07-01 09:35:49] [Task1] Found 0 file(s) total, 0 .mp3 file(s).
[2026-07-01 09:35:49] [Task1] No .mp3 files — nothing to publish.
[2026-07-01 09:35:49] [Task1] Next scan in 6 second(s)…
[2026-07-01 09:35:55] [Task1] Found 0 file(s) total, 0 .mp3 file(s).
[2026-07-01 09:35:55] [Task1] No .mp3 files — nothing to publish.
[2026-07-01 09:35:55] [Task1] Next scan in 6 second(s)…
[2026-07-01 09:36:01] [Task1] Found 0 file(s) total, 0 .mp3 file(s).
[2026-07-01 09:36:01] [Task1] No .mp3 files — nothing to publish.
[2026-07-01 09:36:01] [Task1] Next scan in 6 second(s)…
[2026-07-01 09:36:07] [Task1] Found 0 file(s) total, 0 .mp3 file(s).
[2026-07-01 09:36:07] [Task1] No .mp3 files — nothing to publish.
[2026-07-01 09:36:07] [Task1] Next scan in 6 second(s)…
[2026-07-01 09:36:13] [Task1] Found 0 file(s) total, 0 .mp3 file(s).
[2026-07-01 09:36:13] [Task1] No .mp3 files — nothing to publish.
[2026-07-01 09:36:13] [Task1] Next scan in 6 second(s)…
[2026-07-01 09:36:19] [Task1] Found 0 file(s) total, 0 .mp3 file(s).
[2026-07-01 09:36:19] [Task1] No .mp3 files — nothing to publish.
[2026-07-01 09:36:19] [Task1] Next scan in 6 second(s)…
[2026-07-01 09:36:25] [Task1] Found 0 file(s) total, 0 .mp3 file(s).
[2026-07-01 09:36:25] [Task1] No .mp3 files — nothing to publish.
[2026-07-01 09:36:25] [Task1] Next scan in 6 second(s)…
[2026-07-01 09:36:31] [Task1] Found 0 file(s) total, 0 .mp3 file(s).
[2026-07-01 09:36:31] [Task1] No .mp3 files — nothing to publish.
[2026-07-01 09:36:31] [Task1] Next scan in 6 second(s)…
[2026-07-01 09:36:37] [Task1] Found 0 file(s) total, 0 .mp3 file(s).
[2026-07-01 09:36:37] [Task1] No .mp3 files — nothing to publish.
[2026-07-01 09:36:37] [Task1] Next scan in 6 second(s)…
[2026-07-01 09:36:43] [Task1] Found 0 file(s) total, 0 .mp3 file(s).
[2026-07-01 09:36:43] [Task1] No .mp3 files — nothing to publish.
[2026-07-01 09:36:43] [Task1] Next scan in 6 second(s)…
[2026-07-01 09:36:49] [Task1] Found 0 file(s) total, 0 .mp3 file(s).
[2026-07-01 09:36:49] [Task1] No .mp3 files — nothing to publish.
[2026-07-01 09:36:49] [Task1] Next scan in 6 second(s)…
[2026-07-01 09:36:55] [Task1] Found 0 file(s) total, 0 .mp3 file(s).
[2026-07-01 09:36:55] [Task1] No .mp3 files — nothing to publish.
[2026-07-01 09:36:55] [Task1] Next scan in 6 second(s)…
[2026-07-01 09:37:01] [Task1] Found 0 file(s) total, 0 .mp3 file(s).
[2026-07-01 09:37:01] [Task1] No .mp3 files — nothing to publish.
[2026-07-01 09:37:01] [Task1] Next scan in 6 second(s)…
[2026-07-01 09:37:07] [Task1] Found 0 file(s) total, 0 .mp3 file(s).
[2026-07-01 09:37:07] [Task1] No .mp3 files — nothing to publish.
[2026-07-01 09:37:07] [Task1] Next scan in 6 second(s)…
[2026-07-01 09:37:13] [Task1] Found 0 file(s) total, 0 .mp3 file(s).
[2026-07-01 09:37:13] [Task1] No .mp3 files — nothing to publish.
[2026-07-01 09:37:13] [Task1] Next scan in 6 second(s)…
[2026-07-01 09:37:19] [Task1] Found 0 file(s) total, 0 .mp3 file(s).
[2026-07-01 09:37:19] [Task1] No .mp3 files — nothing to publish.
[2026-07-01 09:37:19] [Task1] Next scan in 6 second(s)…
[2026-07-01 09:37:25] [Task1] Found 0 file(s) total, 0 .mp3 file(s).
[2026-07-01 09:37:25] [Task1] No .mp3 files — nothing to publish.
[2026-07-01 09:37:25] [Task1] Next scan in 6 second(s)…
[2026-07-01 09:37:32] [Task1] Found 0 file(s) total, 0 .mp3 file(s).
[2026-07-01 09:37:32] [Task1] No .mp3 files — nothing to publish.
[2026-07-01 09:37:32] [Task1] Next scan in 6 second(s)…
[2026-07-01 09:37:38] [Task1] Found 0 file(s) total, 0 .mp3 file(s).
[2026-07-01 09:37:38] [Task1] No .mp3 files — nothing to publish.
[2026-07-01 09:37:38] [Task1] Next scan in 6 second(s)…
[2026-07-01 09:37:44] [Task1] Found 0 file(s) total, 0 .mp3 file(s).
[2026-07-01 09:37:44] [Task1] No .mp3 files — nothing to publish.
[2026-07-01 09:37:44] [Task1] Next scan in 6 second(s)…
[2026-07-01 09:37:50] [Task1] Found 0 file(s) total, 0 .mp3 file(s).
[2026-07-01 09:37:50] [Task1] No .mp3 files — nothing to publish.
[2026-07-01 09:37:50] [Task1] Next scan in 6 second(s)…
[2026-07-01 09:37:56] [Task1] Found 0 file(s) total, 0 .mp3 file(s).
[2026-07-01 09:37:56] [Task1] No .mp3 files — nothing to publish.
[2026-07-01 09:37:56] [Task1] Next scan in 6 second(s)…
[2026-07-01 09:38:02] [Task1] Found 0 file(s) total, 0 .mp3 file(s).
[2026-07-01 09:38:02] [Task1] No .mp3 files — nothing to publish.
[2026-07-01 09:38:02] [Task1] Next scan in 6 second(s)…
[2026-07-01 09:38:08] [Task1] Found 0 file(s) total, 0 .mp3 file(s).
[2026-07-01 09:38:08] [Task1] No .mp3 files — nothing to publish.
[2026-07-01 09:38:08] [Task1] Next scan in 6 second(s)…
[2026-07-01 09:38:14] [Task1] Found 0 file(s) total, 0 .mp3 file(s).
[2026-07-01 09:38:14] [Task1] No .mp3 files — nothing to publish.
[2026-07-01 09:38:14] [Task1] Next scan in 6 second(s)…
[2026-07-01 09:38:20] [Task1] Found 0 file(s) total, 0 .mp3 file(s).
[2026-07-01 09:38:20] [Task1] No .mp3 files — nothing to publish.
[2026-07-01 09:38:20] [Task1] Next scan in 6 second(s)…
[2026-07-01 09:38:26] [Task1] Found 0 file(s) total, 0 .mp3 file(s).
[2026-07-01 09:38:26] [Task1] No .mp3 files — nothing to publish.
[2026-07-01 09:38:26] [Task1] Next scan in 6 second(s)…
[2026-07-01 09:38:32] [Task1] Found 0 file(s) total, 0 .mp3 file(s).
[2026-07-01 09:38:32] [Task1] No .mp3 files — nothing to publish.
[2026-07-01 09:38:32] [Task1] Next scan in 6 second(s)…
[2026-07-01 09:38:38] [Task1] Found 0 file(s) total, 0 .mp3 file(s).
[2026-07-01 09:38:38] [Task1] No .mp3 files — nothing to publish.
[2026-07-01 09:38:38] [Task1] Next scan in 6 second(s)…
[2026-07-01 09:38:44] [Task1] Found 0 file(s) total, 0 .mp3 file(s).
[2026-07-01 09:38:44] [Task1] No .mp3 files — nothing to publish.
[2026-07-01 09:38:44] [Task1] Next scan in 6 second(s)…
[2026-07-01 09:38:50] [Task1] Found 0 file(s) total, 0 .mp3 file(s).
[2026-07-01 09:38:50] [Task1] No .mp3 files — nothing to publish.
[2026-07-01 09:38:50] [Task1] Next scan in 6 second(s)…
[2026-07-01 09:38:56] [Task1] Found 0 file(s) total, 0 .mp3 file(s).
[2026-07-01 09:38:56] [Task1] No .mp3 files — nothing to publish.
[2026-07-01 09:38:56] [Task1] Next scan in 6 second(s)…
[2026-07-01 09:39:02] [Task1] Found 0 file(s) total, 0 .mp3 file(s).
[2026-07-01 09:39:02] [Task1] No .mp3 files — nothing to publish.
[2026-07-01 09:39:02] [Task1] Next scan in 6 second(s)…
[2026-07-01 09:39:08] [Task1] Found 0 file(s) total, 0 .mp3 file(s).
[2026-07-01 09:39:08] [Task1] No .mp3 files — nothing to publish.
[2026-07-01 09:39:08] [Task1] Next scan in 6 second(s)…
[2026-07-01 09:39:14] [Task1] Found 0 file(s) total, 0 .mp3 file(s).
[2026-07-01 09:39:14] [Task1] No .mp3 files — nothing to publish.
[2026-07-01 09:39:14] [Task1] Next scan in 6 second(s)…
[2026-07-01 09:39:20] [Task1] Found 0 file(s) total, 0 .mp3 file(s).
[2026-07-01 09:39:20] [Task1] No .mp3 files — nothing to publish.
[2026-07-01 09:39:20] [Task1] Next scan in 6 second(s)…
[2026-07-01 09:39:26] [Task1] Found 0 file(s) total, 0 .mp3 file(s).
[2026-07-01 09:39:26] [Task1] No .mp3 files — nothing to publish.
[2026-07-01 09:39:26] [Task1] Next scan in 6 second(s)…
[2026-07-01 09:39:32] [Task1] Found 0 file(s) total, 0 .mp3 file(s).
[2026-07-01 09:39:32] [Task1] No .mp3 files — nothing to publish.
[2026-07-01 09:39:32] [Task1] Next scan in 6 second(s)…
[2026-07-01 09:39:38] [Task1] Found 0 file(s) total, 0 .mp3 file(s).
[2026-07-01 09:39:38] [Task1] No .mp3 files — nothing to publish.
[2026-07-01 09:39:38] [Task1] Next scan in 6 second(s)…
[2026-07-01 09:39:44] [Task1] Found 0 file(s) total, 0 .mp3 file(s).
[2026-07-01 09:39:44] [Task1] No .mp3 files — nothing to publish.
[2026-07-01 09:39:44] [Task1] Next scan in 6 second(s)…
[2026-07-01 09:39:50] [Task1] Found 0 file(s) total, 0 .mp3 file(s).
[2026-07-01 09:39:50] [Task1] No .mp3 files — nothing to publish.
[2026-07-01 09:39:50] [Task1] Next scan in 6 second(s)…
[2026-07-01 09:39:56] [Task1] Found 0 file(s) total, 0 .mp3 file(s).
[2026-07-01 09:39:56] [Task1] No .mp3 files — nothing to publish.
[2026-07-01 09:39:56] [Task1] Next scan in 6 second(s)…
[2026-07-01 09:40:02] [Task1] Found 0 file(s) total, 0 .mp3 file(s).
[2026-07-01 09:40:02] [Task1] No .mp3 files — nothing to publish.
[2026-07-01 09:40:02] [Task1] Next scan in 6 second(s)…
[2026-07-01 09:40:08] [Task1] Found 0 file(s) total, 0 .mp3 file(s).
[2026-07-01 09:40:08] [Task1] No .mp3 files — nothing to publish.
[2026-07-01 09:40:08] [Task1] Next scan in 6 second(s)…
[2026-07-01 09:40:14] [Task1] Found 0 file(s) total, 0 .mp3 file(s).
[2026-07-01 09:40:14] [Task1] No .mp3 files — nothing to publish.
[2026-07-01 09:40:14] [Task1] Next scan in 6 second(s)…
[2026-07-01 09:40:20] [Task1] Found 0 file(s) total, 0 .mp3 file(s).
[2026-07-01 09:40:20] [Task1] No .mp3 files — nothing to publish.
[2026-07-01 09:40:20] [Task1] Next scan in 6 second(s)…
[2026-07-01 09:40:26] [Task1] Found 0 file(s) total, 0 .mp3 file(s).
[2026-07-01 09:40:26] [Task1] No .mp3 files — nothing to publish.
[2026-07-01 09:40:26] [Task1] Next scan in 6 second(s)…
[2026-07-01 09:40:32] [Task1] Found 0 file(s) total, 0 .mp3 file(s).
[2026-07-01 09:40:32] [Task1] No .mp3 files — nothing to publish.
[2026-07-01 09:40:32] [Task1] Next scan in 6 second(s)…
[2026-07-01 09:40:38] [Task1] Found 0 file(s) total, 0 .mp3 file(s).
[2026-07-01 09:40:38] [Task1] No .mp3 files — nothing to publish.
[2026-07-01 09:40:38] [Task1] Next scan in 6 second(s)…
[2026-07-01 09:40:44] [Task1] Found 0 file(s) total, 0 .mp3 file(s).
[2026-07-01 09:40:44] [Task1] No .mp3 files — nothing to publish.
[2026-07-01 09:40:44] [Task1] Next scan in 6 second(s)…
[2026-07-01 09:40:50] [Task1] Found 0 file(s) total, 0 .mp3 file(s).
[2026-07-01 09:40:50] [Task1] No .mp3 files — nothing to publish.
[2026-07-01 09:40:50] [Task1] Next scan in 6 second(s)…
[2026-07-01 09:40:56] [Task1] Found 0 file(s) total, 0 .mp3 file(s).
[2026-07-01 09:40:56] [Task1] No .mp3 files — nothing to publish.
[2026-07-01 09:40:56] [Task1] Next scan in 6 second(s)…
[2026-07-01 09:41:02] [Task1] Found 0 file(s) total, 0 .mp3 file(s).
[2026-07-01 09:41:02] [Task1] No .mp3 files — nothing to publish.
[2026-07-01 09:41:02] [Task1] Next scan in 6 second(s)…
[2026-07-01 09:41:08] [Task1] Found 0 file(s) total, 0 .mp3 file(s).
[2026-07-01 09:41:08] [Task1] No .mp3 files — nothing to publish.
[2026-07-01 09:41:08] [Task1] Next scan in 6 second(s)…
[2026-07-01 09:41:14] [Task1] Found 0 file(s) total, 0 .mp3 file(s).
[2026-07-01 09:41:14] [Task1] No .mp3 files — nothing to publish.
[2026-07-01 09:41:14] [Task1] Next scan in 6 second(s)…
[2026-07-01 09:41:20] [Task1] Found 0 file(s) total, 0 .mp3 file(s).
[2026-07-01 09:41:20] [Task1] No .mp3 files — nothing to publish.
[2026-07-01 09:41:20] [Task1] Next scan in 6 second(s)…
[2026-07-01 09:41:26] [Task1] Found 0 file(s) total, 0 .mp3 file(s).
[2026-07-01 09:41:26] [Task1] No .mp3 files — nothing to publish.
[2026-07-01 09:41:26] [Task1] Next scan in 6 second(s)…
[2026-07-01 09:41:32] [Task1] Found 0 file(s) total, 0 .mp3 file(s).
[2026-07-01 09:41:32] [Task1] No .mp3 files — nothing to publish.
[2026-07-01 09:41:32] [Task1] Next scan in 6 second(s)…
[2026-07-01 09:41:38] [Task1] Found 0 file(s) total, 0 .mp3 file(s).
[2026-07-01 09:41:38] [Task1] No .mp3 files — nothing to publish.
[2026-07-01 09:41:38] [Task1] Next scan in 6 second(s)…
[2026-07-01 09:41:44] [Task1] Found 0 file(s) total, 0 .mp3 file(s).
[2026-07-01 09:41:44] [Task1] No .mp3 files — nothing to publish.
[2026-07-01 09:41:44] [Task1] Next scan in 6 second(s)…
[2026-07-01 09:41:50] [Task1] Found 0 file(s) total, 0 .mp3 file(s).
[2026-07-01 09:41:50] [Task1] No .mp3 files — nothing to publish.
[2026-07-01 09:41:50] [Task1] Next scan in 6 second(s)…
[2026-07-01 09:41:56] [Task1] Found 0 file(s) total, 0 .mp3 file(s).
[2026-07-01 09:41:56] [Task1] No .mp3 files — nothing to publish.
[2026-07-01 09:41:56] [Task1] Next scan in 6 second(s)…
[2026-07-01 09:42:02] [Task1] Found 0 file(s) total, 0 .mp3 file(s).
[2026-07-01 09:42:02] [Task1] No .mp3 files — nothing to publish.
[2026-07-01 09:42:02] [Task1] Next scan in 6 second(s)…
[2026-07-01 09:42:08] [Task1] Found 0 file(s) total, 0 .mp3 file(s).
[2026-07-01 09:42:08] [Task1] No .mp3 files — nothing to publish.
[2026-07-01 09:42:08] [Task1] Next scan in 6 second(s)…
[2026-07-01 09:42:14] [Task1] Found 0 file(s) total, 0 .mp3 file(s).
[2026-07-01 09:42:14] [Task1] No .mp3 files — nothing to publish.
[2026-07-01 09:42:14] [Task1] Next scan in 6 second(s)…
[2026-07-01 09:42:20] [Task1] Found 0 file(s) total, 0 .mp3 file(s).
[2026-07-01 09:42:20] [Task1] No .mp3 files — nothing to publish.
[2026-07-01 09:42:20] [Task1] Next scan in 6 second(s)…
[2026-07-01 09:42:26] [Task1] Found 0 file(s) total, 0 .mp3 file(s).
[2026-07-01 09:42:26] [Task1] No .mp3 files — nothing to publish.
[2026-07-01 09:42:26] [Task1] Next scan in 6 second(s)…
[2026-07-01 09:42:32] [Task1] Found 0 file(s) total, 0 .mp3 file(s).
[2026-07-01 09:42:32] [Task1] No .mp3 files — nothing to publish.
[2026-07-01 09:42:32] [Task1] Next scan in 6 second(s)…
[2026-07-01 09:42:38] [Task1] Found 0 file(s) total, 0 .mp3 file(s).
[2026-07-01 09:42:38] [Task1] No .mp3 files — nothing to publish.
[2026-07-01 09:42:38] [Task1] Next scan in 6 second(s)…
[2026-07-01 09:42:44] [Task1] Found 0 file(s) total, 0 .mp3 file(s).
[2026-07-01 09:42:44] [Task1] No .mp3 files — nothing to publish.
[2026-07-01 09:42:44] [Task1] Next scan in 6 second(s)…
[2026-07-01 09:42:50] [Task1] Found 0 file(s) total, 0 .mp3 file(s).
[2026-07-01 09:42:50] [Task1] No .mp3 files — nothing to publish.
[2026-07-01 09:42:50] [Task1] Next scan in 6 second(s)…
[2026-07-01 09:42:56] [Task1] Found 0 file(s) total, 0 .mp3 file(s).
[2026-07-01 09:42:56] [Task1] No .mp3 files — nothing to publish.
[2026-07-01 09:42:56] [Task1] Next scan in 6 second(s)…
[2026-07-01 09:43:02] [Task1] Found 0 file(s) total, 0 .mp3 file(s).
[2026-07-01 09:43:02] [Task1] No .mp3 files — nothing to publish.
[2026-07-01 09:43:02] [Task1] Next scan in 6 second(s)…
[2026-07-01 09:43:08] [Task1] Found 0 file(s) total, 0 .mp3 file(s).
[2026-07-01 09:43:08] [Task1] No .mp3 files — nothing to publish.
[2026-07-01 09:43:08] [Task1] Next scan in 6 second(s)…
[2026-07-01 09:43:14] [Task1] Found 0 file(s) total, 0 .mp3 file(s).
[2026-07-01 09:43:14] [Task1] No .mp3 files — nothing to publish.
[2026-07-01 09:43:14] [Task1] Next scan in 6 second(s)…
[2026-07-01 09:43:20] [Task1] Found 0 file(s) total, 0 .mp3 file(s).
[2026-07-01 09:43:20] [Task1] No .mp3 files — nothing to publish.
[2026-07-01 09:43:20] [Task1] Next scan in 6 second(s)…
[2026-07-01 09:43:26] [Task1] Found 0 file(s) total, 0 .mp3 file(s).
[2026-07-01 09:43:26] [Task1] No .mp3 files — nothing to publish.
[2026-07-01 09:43:26] [Task1] Next scan in 6 second(s)…
[2026-07-01 09:43:32] [Task1] Found 0 file(s) total, 0 .mp3 file(s).
[2026-07-01 09:43:32] [Task1] No .mp3 files — nothing to publish.
[2026-07-01 09:43:32] [Task1] Next scan in 6 second(s)…
[2026-07-01 09:43:38] [Task1] Found 0 file(s) total, 0 .mp3 file(s).
[2026-07-01 09:43:38] [Task1] No .mp3 files — nothing to publish.
[2026-07-01 09:43:38] [Task1] Next scan in 6 second(s)…
[2026-07-01 09:43:44] [Task1] Found 0 file(s) total, 0 .mp3 file(s).
[2026-07-01 09:43:44] [Task1] No .mp3 files — nothing to publish.
[2026-07-01 09:43:44] [Task1] Next scan in 6 second(s)…
[2026-07-01 09:43:50] [Task1] Found 0 file(s) total, 0 .mp3 file(s).
[2026-07-01 09:43:50] [Task1] No .mp3 files — nothing to publish.
[2026-07-01 09:43:50] [Task1] Next scan in 6 second(s)…
[2026-07-01 09:43:56] [Task1] Found 0 file(s) total, 0 .mp3 file(s).
[2026-07-01 09:43:56] [Task1] No .mp3 files — nothing to publish.
[2026-07-01 09:43:56] [Task1] Next scan in 6 second(s)…
[2026-07-01 09:44:02] [Task1] Found 0 file(s) total, 0 .mp3 file(s).
[2026-07-01 09:44:02] [Task1] No .mp3 files — nothing to publish.
[2026-07-01 09:44:02] [Task1] Next scan in 6 second(s)…
[2026-07-01 09:44:08] [Task1] Found 0 file(s) total, 0 .mp3 file(s).
[2026-07-01 09:44:08] [Task1] No .mp3 files — nothing to publish.
[2026-07-01 09:44:08] [Task1] Next scan in 6 second(s)…
[2026-07-01 09:44:14] [Task1] Found 0 file(s) total, 0 .mp3 file(s).
[2026-07-01 09:44:14] [Task1] No .mp3 files — nothing to publish.
[2026-07-01 09:44:14] [Task1] Next scan in 6 second(s)…
[2026-07-01 09:44:20] [Task1] Found 0 file(s) total, 0 .mp3 file(s).
[2026-07-01 09:44:20] [Task1] No .mp3 files — nothing to publish.
[2026-07-01 09:44:20] [Task1] Next scan in 6 second(s)…
[2026-07-01 09:44:26] [Task1] Found 0 file(s) total, 0 .mp3 file(s).
[2026-07-01 09:44:26] [Task1] No .mp3 files — nothing to publish.
[2026-07-01 09:44:26] [Task1] Next scan in 6 second(s)…
[2026-07-01 09:44:32] [Task1] Found 0 file(s) total, 0 .mp3 file(s).
[2026-07-01 09:44:32] [Task1] No .mp3 files — nothing to publish.
[2026-07-01 09:44:32] [Task1] Next scan in 6 second(s)…
[2026-07-01 09:44:38] [Task1] Found 0 file(s) total, 0 .mp3 file(s).
[2026-07-01 09:44:38] [Task1] No .mp3 files — nothing to publish.
[2026-07-01 09:44:38] [Task1] Next scan in 6 second(s)…
[2026-07-01 09:44:44] [Task1] Found 0 file(s) total, 0 .mp3 file(s).
[2026-07-01 09:44:44] [Task1] No .mp3 files — nothing to publish.
[2026-07-01 09:44:44] [Task1] Next scan in 6 second(s)…
[2026-07-01 09:44:50] [Task1] Found 0 file(s) total, 0 .mp3 file(s).
[2026-07-01 09:44:50] [Task1] No .mp3 files — nothing to publish.
[2026-07-01 09:44:50] [Task1] Next scan in 6 second(s)…
[2026-07-01 09:44:56] [Task1] Found 0 file(s) total, 0 .mp3 file(s).
[2026-07-01 09:44:56] [Task1] No .mp3 files — nothing to publish.
[2026-07-01 09:44:56] [Task1] Next scan in 6 second(s)…
[2026-07-01 09:45:02] [Task1] Found 0 file(s) total, 0 .mp3 file(s).
[2026-07-01 09:45:02] [Task1] No .mp3 files — nothing to publish.
[2026-07-01 09:45:02] [Task1] Next scan in 6 second(s)…
[2026-07-01 09:45:08] [Task1] Found 0 file(s) total, 0 .mp3 file(s).
[2026-07-01 09:45:08] [Task1] No .mp3 files — nothing to publish.
[2026-07-01 09:45:08] [Task1] Next scan in 6 second(s)…
[2026-07-01 09:45:14] [Task1] Found 0 file(s) total, 0 .mp3 file(s).
[2026-07-01 09:45:14] [Task1] No .mp3 files — nothing to publish.
[2026-07-01 09:45:14] [Task1] Next scan in 6 second(s)…
[2026-07-01 09:45:20] [Task1] Found 0 file(s) total, 0 .mp3 file(s).
[2026-07-01 09:45:20] [Task1] No .mp3 files — nothing to publish.
[2026-07-01 09:45:20] [Task1] Next scan in 6 second(s)…
[2026-07-01 09:45:26] [Task1] Found 0 file(s) total, 0 .mp3 file(s).
[2026-07-01 09:45:26] [Task1] No .mp3 files — nothing to publish.
[2026-07-01 09:45:26] [Task1] Next scan in 6 second(s)…
[2026-07-01 09:45:32] [Task1] Found 0 file(s) total, 0 .mp3 file(s).
[2026-07-01 09:45:32] [Task1] No .mp3 files — nothing to publish.
[2026-07-01 09:45:32] [Task1] Next scan in 6 second(s)…
[2026-07-01 09:45:38] [Task1] Found 0 file(s) total, 0 .mp3 file(s).
[2026-07-01 09:45:38] [Task1] No .mp3 files — nothing to publish.
[2026-07-01 09:45:38] [Task1] Next scan in 6 second(s)…
[2026-07-01 09:45:44] [Task1] Found 0 file(s) total, 0 .mp3 file(s).
[2026-07-01 09:45:44] [Task1] No .mp3 files — nothing to publish.
[2026-07-01 09:45:44] [Task1] Next scan in 6 second(s)…
[2026-07-01 09:45:50] [Task1] Found 0 file(s) total, 0 .mp3 file(s).
[2026-07-01 09:45:50] [Task1] No .mp3 files — nothing to publish.
[2026-07-01 09:45:50] [Task1] Next scan in 6 second(s)…
[2026-07-01 09:45:56] [Task1] Found 0 file(s) total, 0 .mp3 file(s).
[2026-07-01 09:45:56] [Task1] No .mp3 files — nothing to publish.
[2026-07-01 09:45:56] [Task1] Next scan in 6 second(s)…
[2026-07-01 09:46:02] [Task1] Found 0 file(s) total, 0 .mp3 file(s).
[2026-07-01 09:46:02] [Task1] No .mp3 files — nothing to publish.
[2026-07-01 09:46:02] [Task1] Next scan in 6 second(s)…
[2026-07-01 09:46:08] [Task1] Found 0 file(s) total, 0 .mp3 file(s).
[2026-07-01 09:46:08] [Task1] No .mp3 files — nothing to publish.
[2026-07-01 09:46:08] [Task1] Next scan in 6 second(s)…
[2026-07-01 09:46:14] [Task1] Found 0 file(s) total, 0 .mp3 file(s).
[2026-07-01 09:46:14] [Task1] No .mp3 files — nothing to publish.
[2026-07-01 09:46:14] [Task1] Next scan in 6 second(s)…
[2026-07-01 09:46:20] [Task1] Found 0 file(s) total, 0 .mp3 file(s).
[2026-07-01 09:46:20] [Task1] No .mp3 files — nothing to publish.
[2026-07-01 09:46:20] [Task1] Next scan in 6 second(s)…
[2026-07-01 09:46:26] [Task1] Found 0 file(s) total, 0 .mp3 file(s).
[2026-07-01 09:46:26] [Task1] No .mp3 files — nothing to publish.
[2026-07-01 09:46:26] [Task1] Next scan in 6 second(s)…
[2026-07-01 09:46:32] [Task1] Found 0 file(s) total, 0 .mp3 file(s).
[2026-07-01 09:46:32] [Task1] No .mp3 files — nothing to publish.
[2026-07-01 09:46:32] [Task1] Next scan in 6 second(s)…
[2026-07-01 09:46:38] [Task1] Found 0 file(s) total, 0 .mp3 file(s).
[2026-07-01 09:46:38] [Task1] No .mp3 files — nothing to publish.
[2026-07-01 09:46:38] [Task1] Next scan in 6 second(s)…
[2026-07-01 09:46:44] [Task1] Found 0 file(s) total, 0 .mp3 file(s).
[2026-07-01 09:46:44] [Task1] No .mp3 files — nothing to publish.
[2026-07-01 09:46:44] [Task1] Next scan in 6 second(s)…
[2026-07-01 09:46:45] [SYSTEM] Shutdown requested (Ctrl+C).
[2026-07-01 09:46:45] [SYSTEM] Shutdown requested (Ctrl+C).
