[2026-06-30 05:11:50] [SYSTEM] Logger initialized. Log file: D:\mahasoa\ITU\S6\INF315-WebService\Music-PlayList\logs\playlist-log-2026-06-30_05-11-50.log
[2026-06-30 05:11:50] [SYSTEM] Starting: desktop-server-app
[2026-06-30 05:11:50] [SYSTEM] Pipeline: Task1 → [scan-queue] → Task2 → [extract-queue] → Task3 → [upload-queue] → Task4
[2026-06-30 05:11:50] [Task1] Started — watching: D:\mahasoa\ITU\S6\INF315-WebService\Music-PlayList\mp3
[2026-06-30 05:11:50] [Task1] Scan interval: 6 second(s)
[2026-06-30 05:11:50] [Task1] Found 0 file(s) total, 0 .mp3 file(s).
[2026-06-30 05:11:50] [Task1] No .mp3 files — nothing to publish.
[2026-06-30 05:11:50] [Task1] Next scan in 6 second(s)…
[2026-06-30 05:11:50] [Task2] Started — consuming 'playlist-scan-queue'.
[2026-06-30 05:11:50] [Task3] Started — consuming 'playlist-extract-queue'.
[2026-06-30 05:11:50] [Task4] Started — consuming 'playlist-upload-queue'.
[2026-06-30 05:11:50] [Task4] Waiting for upload confirmations. Press Ctrl+C to stop.
[2026-06-30 05:11:50] [Task2] Waiting for scan batches. Press Ctrl+C to stop.
[2026-06-30 05:11:50] [Task3] Waiting for metadata batches. Press Ctrl+C to stop.
[2026-06-30 05:11:56] [Task1] Found 0 file(s) total, 0 .mp3 file(s).
[2026-06-30 05:11:56] [Task1] No .mp3 files — nothing to publish.
[2026-06-30 05:11:56] [Task1] Next scan in 6 second(s)…
[2026-06-30 05:12:02] [Task1] Found 0 file(s) total, 0 .mp3 file(s).
[2026-06-30 05:12:02] [Task1] No .mp3 files — nothing to publish.
[2026-06-30 05:12:02] [Task1] Next scan in 6 second(s)…
[2026-06-30 05:12:08] [Task1] Found 0 file(s) total, 0 .mp3 file(s).
[2026-06-30 05:12:08] [Task1] No .mp3 files — nothing to publish.
[2026-06-30 05:12:08] [Task1] Next scan in 6 second(s)…
[2026-06-30 05:12:14] [Task1] Found 0 file(s) total, 0 .mp3 file(s).
[2026-06-30 05:12:14] [Task1] No .mp3 files — nothing to publish.
[2026-06-30 05:12:14] [Task1] Next scan in 6 second(s)…
[2026-06-30 05:12:20] [Task1] Found 0 file(s) total, 0 .mp3 file(s).
[2026-06-30 05:12:20] [Task1] No .mp3 files — nothing to publish.
[2026-06-30 05:12:20] [Task1] Next scan in 6 second(s)…
[2026-06-30 05:12:26] [Task1] Found 0 file(s) total, 0 .mp3 file(s).
[2026-06-30 05:12:26] [Task1] No .mp3 files — nothing to publish.
[2026-06-30 05:12:26] [Task1] Next scan in 6 second(s)…
[2026-06-30 05:12:32] [Task1] Found 0 file(s) total, 0 .mp3 file(s).
[2026-06-30 05:12:32] [Task1] No .mp3 files — nothing to publish.
[2026-06-30 05:12:32] [Task1] Next scan in 6 second(s)…
[2026-06-30 05:12:38] [Task1] Found 0 file(s) total, 0 .mp3 file(s).
[2026-06-30 05:12:38] [Task1] No .mp3 files — nothing to publish.
[2026-06-30 05:12:38] [Task1] Next scan in 6 second(s)…
[2026-06-30 05:12:44] [Task1] Found 0 file(s) total, 0 .mp3 file(s).
[2026-06-30 05:12:44] [Task1] No .mp3 files — nothing to publish.
[2026-06-30 05:12:44] [Task1] Next scan in 6 second(s)…
[2026-06-30 05:12:50] [Task1] Found 0 file(s) total, 0 .mp3 file(s).
[2026-06-30 05:12:50] [Task1] No .mp3 files — nothing to publish.
[2026-06-30 05:12:50] [Task1] Next scan in 6 second(s)…
[2026-06-30 05:12:56] [Task1] Found 0 file(s) total, 0 .mp3 file(s).
[2026-06-30 05:12:56] [Task1] No .mp3 files — nothing to publish.
[2026-06-30 05:12:56] [Task1] Next scan in 6 second(s)…
[2026-06-30 05:13:02] [Task1] Found 0 file(s) total, 0 .mp3 file(s).
[2026-06-30 05:13:02] [Task1] No .mp3 files — nothing to publish.
[2026-06-30 05:13:02] [Task1] Next scan in 6 second(s)…
[2026-06-30 05:13:08] [Task1] Found 8 file(s) total, 8 .mp3 file(s).
[2026-06-30 05:13:08] [Task1] Published scan batch → 'playlist-scan-queue' (8 file(s)).
[2026-06-30 05:13:08] [Task2] Received scan batch — 8 file(s) from 'D:\mahasoa\ITU\S6\INF315-WebService\Music-PlayList\mp3' scanned at 2026-06-30 02:13:08Z.
[2026-06-30 05:13:08] [Task2] Tags — '04-Regarde-moi.mp3': Title='04-Regarde-moi', Artists='Lomepal - Www.33rapmp3.com et 33rapfr.com', Album='Amina - 33rap-telechargement.com', Year=2019, Duration=00:02:56.9580000
[2026-06-30 05:13:08] [Task1] Next scan in 6 second(s)…
[2026-06-30 05:13:08] [Task2] Tags — '07-Interlude.mp3': Title='Interlude', Artists='Lefa', Album='Famous', Year=2020, Duration=00:02:07.3941000
[2026-06-30 05:13:08] [Task2] Tags — '07-Maladie-moderne.mp3': Title='Maladie moderne', Artists='Lomepal', Album='Mauvais Ordre', Year=2022, Duration=00:03:57.2208750
[2026-06-30 05:13:08] [Task2] Tags — '09-Mômes.mp3': Title='09-Mômes', Artists='Lomepal - Www.33rapmp3.com et 33rapfr.com', Album='Amina - 33rap-telechargement.com', Year=2019, Duration=00:02:56.8797000
[2026-06-30 05:13:08] [Task2] Tags — '8 - Ne me ramène pas.mp3': Title='Ne me ramène pas', Artists='Lomepal', Album='Amina', Year=2019, Duration=00:02:16.5935625
[2026-06-30 05:13:08] [Task2] Tags — 'Ankino.mp3': Title='Bodo', Artists='', Album='Album Bodo', Year=2000, Duration=00:03:50.4706875
[2026-06-30 05:13:08] [Task2] Tags — 'Antanambao.MP3': Title='Antanambao', Artists='Bekoto Augustin', Album='Album Bekoto', Year=1980, Duration=00:02:54.5666249
[2026-06-30 05:13:08] [Task2] Tags — 'IAO.MP3': Title='IAO', Artists='ROSSY', Album='IAO', Year=1990, Duration=00:03:48.5160000
[2026-06-30 05:13:08] [Task2] Extraction complete — 8 record(s) ready.
[2026-06-30 05:13:08] [Task2] Published metadata batch → 'playlist-extract-queue'.
[2026-06-30 05:13:08] [Task3] Received metadata batch — 8 track(s) from 'D:\mahasoa\ITU\S6\INF315-WebService\Music-PlayList\mp3'.
[2026-06-30 05:13:08] [Task3] Uploading '04-Regarde-moi.mp3' → http://localhost:5000/api/tracks/upload
[2026-06-30 05:13:08] [Task3] Uploaded '04-Regarde-moi.mp3' → server path: D:\mahasoa\ITU\S6\INF315-WebService\Music-PlayList\backend-cs\upload_dir\04-Regarde-moi.mp3
[2026-06-30 05:13:08] [Task3] Uploading '07-Interlude.mp3' → http://localhost:5000/api/tracks/upload
[2026-06-30 05:13:09] [Task3] Uploaded '07-Interlude.mp3' → server path: D:\mahasoa\ITU\S6\INF315-WebService\Music-PlayList\backend-cs\upload_dir\07-Interlude.mp3
[2026-06-30 05:13:09] [Task3] Uploading '07-Maladie-moderne.mp3' → http://localhost:5000/api/tracks/upload
[2026-06-30 05:13:09] [Task3] Uploaded '07-Maladie-moderne.mp3' → server path: D:\mahasoa\ITU\S6\INF315-WebService\Music-PlayList\backend-cs\upload_dir\07-Maladie-moderne.mp3
[2026-06-30 05:13:09] [Task3] Uploading '09-Mômes.mp3' → http://localhost:5000/api/tracks/upload
[2026-06-30 05:13:09] [Task3] Uploaded '09-Mômes.mp3' → server path: D:\mahasoa\ITU\S6\INF315-WebService\Music-PlayList\backend-cs\upload_dir\09-Mômes.mp3
[2026-06-30 05:13:09] [Task3] Uploading '8 - Ne me ramène pas.mp3' → http://localhost:5000/api/tracks/upload
[2026-06-30 05:13:09] [Task3] Uploaded '8 - Ne me ramène pas.mp3' → server path: D:\mahasoa\ITU\S6\INF315-WebService\Music-PlayList\backend-cs\upload_dir\8 - Ne me ramène pas.mp3
[2026-06-30 05:13:09] [Task3] Uploading 'Ankino.mp3' → http://localhost:5000/api/tracks/upload
[2026-06-30 05:13:09] [Task3] Uploaded 'Ankino.mp3' → server path: D:\mahasoa\ITU\S6\INF315-WebService\Music-PlayList\backend-cs\upload_dir\Ankino.mp3
[2026-06-30 05:13:09] [Task3] Uploading 'Antanambao.MP3' → http://localhost:5000/api/tracks/upload
[2026-06-30 05:13:09] [Task3] Uploaded 'Antanambao.MP3' → server path: D:\mahasoa\ITU\S6\INF315-WebService\Music-PlayList\backend-cs\upload_dir\Antanambao.MP3
[2026-06-30 05:13:09] [Task3] Uploading 'IAO.MP3' → http://localhost:5000/api/tracks/upload
[2026-06-30 05:13:09] [Task3] Uploaded 'IAO.MP3' → server path: D:\mahasoa\ITU\S6\INF315-WebService\Music-PlayList\backend-cs\upload_dir\IAO.MP3
[2026-06-30 05:13:09] [Task3] POST metadata batch (8 track(s)) → http://localhost:5000/api/tracks/metadata
[2026-06-30 05:13:10] [Task3] Metadata batch accepted.
[2026-06-30 05:13:10] [Task3] Success message published → 'playlist-upload-queue'.
[2026-06-30 05:13:10] [Task4] Upload success confirmed — 8 track(s) from 'D:\mahasoa\ITU\S6\INF315-WebService\Music-PlayList\mp3' uploaded at 2026-06-30 02:13:10Z. Starting cleanup.
[2026-06-30 05:13:10] [Task4] Deleted: 04-Regarde-moi.mp3
[2026-06-30 05:13:11] [Task4] Deleted: 07-Interlude.mp3
[2026-06-30 05:13:11] [Task4] Deleted: 07-Maladie-moderne.mp3
[2026-06-30 05:13:11] [Task4] Deleted: 09-Mômes.mp3
[2026-06-30 05:13:11] [Task4] Deleted: 8 - Ne me ramène pas.mp3
[2026-06-30 05:13:11] [Task4] Deleted: Ankino.mp3
[2026-06-30 05:13:11] [Task4] Deleted: Antanambao.MP3
[2026-06-30 05:13:11] [Task4] Deleted: IAO.MP3
[2026-06-30 05:13:11] [Task4] Cleanup done — 8 file(s) deleted from 'D:\mahasoa\ITU\S6\INF315-WebService\Music-PlayList\mp3'.
[2026-06-30 05:13:14] [Task1] Found 0 file(s) total, 0 .mp3 file(s).
[2026-06-30 05:13:14] [Task1] No .mp3 files — nothing to publish.
[2026-06-30 05:13:14] [Task1] Next scan in 6 second(s)…
[2026-06-30 05:13:20] [Task1] Found 0 file(s) total, 0 .mp3 file(s).
[2026-06-30 05:13:20] [Task1] No .mp3 files — nothing to publish.
[2026-06-30 05:13:20] [Task1] Next scan in 6 second(s)…
[2026-06-30 05:13:26] [Task1] Found 0 file(s) total, 0 .mp3 file(s).
[2026-06-30 05:13:26] [Task1] No .mp3 files — nothing to publish.
[2026-06-30 05:13:26] [Task1] Next scan in 6 second(s)…
[2026-06-30 05:13:32] [Task1] Found 0 file(s) total, 0 .mp3 file(s).
[2026-06-30 05:13:32] [Task1] No .mp3 files — nothing to publish.
[2026-06-30 05:13:32] [Task1] Next scan in 6 second(s)…
[2026-06-30 05:13:38] [Task1] Found 0 file(s) total, 0 .mp3 file(s).
[2026-06-30 05:13:38] [Task1] No .mp3 files — nothing to publish.
[2026-06-30 05:13:38] [Task1] Next scan in 6 second(s)…
[2026-06-30 05:13:44] [Task1] Found 0 file(s) total, 0 .mp3 file(s).
[2026-06-30 05:13:44] [Task1] No .mp3 files — nothing to publish.
[2026-06-30 05:13:44] [Task1] Next scan in 6 second(s)…
[2026-06-30 05:13:50] [Task1] Found 0 file(s) total, 0 .mp3 file(s).
[2026-06-30 05:13:50] [Task1] No .mp3 files — nothing to publish.
[2026-06-30 05:13:50] [Task1] Next scan in 6 second(s)…
[2026-06-30 05:13:56] [Task1] Found 0 file(s) total, 0 .mp3 file(s).
[2026-06-30 05:13:56] [Task1] No .mp3 files — nothing to publish.
[2026-06-30 05:13:56] [Task1] Next scan in 6 second(s)…
[2026-06-30 05:14:02] [Task1] Found 0 file(s) total, 0 .mp3 file(s).
[2026-06-30 05:14:02] [Task1] No .mp3 files — nothing to publish.
[2026-06-30 05:14:02] [Task1] Next scan in 6 second(s)…
[2026-06-30 05:14:08] [Task1] Found 0 file(s) total, 0 .mp3 file(s).
[2026-06-30 05:14:08] [Task1] No .mp3 files — nothing to publish.
[2026-06-30 05:14:08] [Task1] Next scan in 6 second(s)…
[2026-06-30 05:14:14] [Task1] Found 0 file(s) total, 0 .mp3 file(s).
[2026-06-30 05:14:14] [Task1] No .mp3 files — nothing to publish.
[2026-06-30 05:14:14] [Task1] Next scan in 6 second(s)…
[2026-06-30 05:14:20] [Task1] Found 0 file(s) total, 0 .mp3 file(s).
[2026-06-30 05:14:20] [Task1] No .mp3 files — nothing to publish.
[2026-06-30 05:14:20] [Task1] Next scan in 6 second(s)…
[2026-06-30 05:14:26] [Task1] Found 0 file(s) total, 0 .mp3 file(s).
[2026-06-30 05:14:26] [Task1] No .mp3 files — nothing to publish.
[2026-06-30 05:14:26] [Task1] Next scan in 6 second(s)…
[2026-06-30 05:14:32] [Task1] Found 0 file(s) total, 0 .mp3 file(s).
[2026-06-30 05:14:32] [Task1] No .mp3 files — nothing to publish.
[2026-06-30 05:14:32] [Task1] Next scan in 6 second(s)…
[2026-06-30 05:14:38] [Task1] Found 0 file(s) total, 0 .mp3 file(s).
[2026-06-30 05:14:38] [Task1] No .mp3 files — nothing to publish.
[2026-06-30 05:14:38] [Task1] Next scan in 6 second(s)…
[2026-06-30 05:14:44] [Task1] Found 0 file(s) total, 0 .mp3 file(s).
[2026-06-30 05:14:44] [Task1] No .mp3 files — nothing to publish.
[2026-06-30 05:14:44] [Task1] Next scan in 6 second(s)…
[2026-06-30 05:14:50] [Task1] Found 0 file(s) total, 0 .mp3 file(s).
[2026-06-30 05:14:50] [Task1] No .mp3 files — nothing to publish.
[2026-06-30 05:14:50] [Task1] Next scan in 6 second(s)…
[2026-06-30 05:14:56] [Task1] Found 0 file(s) total, 0 .mp3 file(s).
[2026-06-30 05:14:56] [Task1] No .mp3 files — nothing to publish.
[2026-06-30 05:14:56] [Task1] Next scan in 6 second(s)…
[2026-06-30 05:15:02] [Task1] Found 0 file(s) total, 0 .mp3 file(s).
[2026-06-30 05:15:02] [Task1] No .mp3 files — nothing to publish.
[2026-06-30 05:15:02] [Task1] Next scan in 6 second(s)…
[2026-06-30 05:15:08] [Task1] Found 0 file(s) total, 0 .mp3 file(s).
[2026-06-30 05:15:08] [Task1] No .mp3 files — nothing to publish.
[2026-06-30 05:15:08] [Task1] Next scan in 6 second(s)…
[2026-06-30 05:15:14] [Task1] Found 0 file(s) total, 0 .mp3 file(s).
[2026-06-30 05:15:14] [Task1] No .mp3 files — nothing to publish.
[2026-06-30 05:15:14] [Task1] Next scan in 6 second(s)…
[2026-06-30 05:15:20] [Task1] Found 0 file(s) total, 0 .mp3 file(s).
[2026-06-30 05:15:20] [Task1] No .mp3 files — nothing to publish.
[2026-06-30 05:15:20] [Task1] Next scan in 6 second(s)…
[2026-06-30 05:15:26] [Task1] Found 0 file(s) total, 0 .mp3 file(s).
[2026-06-30 05:15:26] [Task1] No .mp3 files — nothing to publish.
[2026-06-30 05:15:26] [Task1] Next scan in 6 second(s)…
[2026-06-30 05:15:32] [Task1] Found 0 file(s) total, 0 .mp3 file(s).
[2026-06-30 05:15:32] [Task1] No .mp3 files — nothing to publish.
[2026-06-30 05:15:32] [Task1] Next scan in 6 second(s)…
[2026-06-30 05:15:38] [Task1] Found 0 file(s) total, 0 .mp3 file(s).
[2026-06-30 05:15:38] [Task1] No .mp3 files — nothing to publish.
[2026-06-30 05:15:38] [Task1] Next scan in 6 second(s)…
[2026-06-30 05:15:44] [Task1] Found 0 file(s) total, 0 .mp3 file(s).
[2026-06-30 05:15:44] [Task1] No .mp3 files — nothing to publish.
[2026-06-30 05:15:44] [Task1] Next scan in 6 second(s)…
[2026-06-30 05:15:50] [Task1] Found 0 file(s) total, 0 .mp3 file(s).
[2026-06-30 05:15:50] [Task1] No .mp3 files — nothing to publish.
[2026-06-30 05:15:50] [Task1] Next scan in 6 second(s)…
[2026-06-30 05:15:56] [Task1] Found 0 file(s) total, 0 .mp3 file(s).
[2026-06-30 05:15:56] [Task1] No .mp3 files — nothing to publish.
[2026-06-30 05:15:56] [Task1] Next scan in 6 second(s)…
[2026-06-30 05:16:02] [Task1] Found 0 file(s) total, 0 .mp3 file(s).
[2026-06-30 05:16:02] [Task1] No .mp3 files — nothing to publish.
[2026-06-30 05:16:02] [Task1] Next scan in 6 second(s)…
[2026-06-30 05:16:08] [Task1] Found 0 file(s) total, 0 .mp3 file(s).
[2026-06-30 05:16:08] [Task1] No .mp3 files — nothing to publish.
[2026-06-30 05:16:08] [Task1] Next scan in 6 second(s)…
[2026-06-30 05:16:14] [Task1] Found 0 file(s) total, 0 .mp3 file(s).
[2026-06-30 05:16:14] [Task1] No .mp3 files — nothing to publish.
[2026-06-30 05:16:14] [Task1] Next scan in 6 second(s)…
[2026-06-30 05:16:20] [Task1] Found 0 file(s) total, 0 .mp3 file(s).
[2026-06-30 05:16:20] [Task1] No .mp3 files — nothing to publish.
[2026-06-30 05:16:20] [Task1] Next scan in 6 second(s)…
[2026-06-30 05:16:26] [Task1] Found 0 file(s) total, 0 .mp3 file(s).
[2026-06-30 05:16:26] [Task1] No .mp3 files — nothing to publish.
[2026-06-30 05:16:26] [Task1] Next scan in 6 second(s)…
[2026-06-30 05:16:32] [Task1] Found 0 file(s) total, 0 .mp3 file(s).
[2026-06-30 05:16:32] [Task1] No .mp3 files — nothing to publish.
[2026-06-30 05:16:32] [Task1] Next scan in 6 second(s)…
[2026-06-30 05:16:38] [Task1] Found 0 file(s) total, 0 .mp3 file(s).
[2026-06-30 05:16:38] [Task1] No .mp3 files — nothing to publish.
[2026-06-30 05:16:38] [Task1] Next scan in 6 second(s)…
[2026-06-30 05:16:44] [Task1] Found 0 file(s) total, 0 .mp3 file(s).
[2026-06-30 05:16:44] [Task1] No .mp3 files — nothing to publish.
[2026-06-30 05:16:44] [Task1] Next scan in 6 second(s)…
[2026-06-30 05:16:50] [Task1] Found 0 file(s) total, 0 .mp3 file(s).
[2026-06-30 05:16:50] [Task1] No .mp3 files — nothing to publish.
[2026-06-30 05:16:50] [Task1] Next scan in 6 second(s)…
[2026-06-30 05:16:56] [Task1] Found 0 file(s) total, 0 .mp3 file(s).
[2026-06-30 05:16:56] [Task1] No .mp3 files — nothing to publish.
[2026-06-30 05:16:56] [Task1] Next scan in 6 second(s)…
[2026-06-30 05:17:02] [Task1] Found 0 file(s) total, 0 .mp3 file(s).
[2026-06-30 05:17:02] [Task1] No .mp3 files — nothing to publish.
[2026-06-30 05:17:02] [Task1] Next scan in 6 second(s)…
[2026-06-30 05:17:08] [Task1] Found 0 file(s) total, 0 .mp3 file(s).
[2026-06-30 05:17:08] [Task1] No .mp3 files — nothing to publish.
[2026-06-30 05:17:08] [Task1] Next scan in 6 second(s)…
[2026-06-30 05:17:14] [Task1] Found 0 file(s) total, 0 .mp3 file(s).
[2026-06-30 05:17:14] [Task1] No .mp3 files — nothing to publish.
[2026-06-30 05:17:14] [Task1] Next scan in 6 second(s)…
[2026-06-30 05:17:20] [Task1] Found 0 file(s) total, 0 .mp3 file(s).
[2026-06-30 05:17:20] [Task1] No .mp3 files — nothing to publish.
[2026-06-30 05:17:20] [Task1] Next scan in 6 second(s)…
[2026-06-30 05:17:26] [Task1] Found 0 file(s) total, 0 .mp3 file(s).
[2026-06-30 05:17:26] [Task1] No .mp3 files — nothing to publish.
[2026-06-30 05:17:26] [Task1] Next scan in 6 second(s)…
[2026-06-30 05:17:32] [Task1] Found 0 file(s) total, 0 .mp3 file(s).
[2026-06-30 05:17:32] [Task1] No .mp3 files — nothing to publish.
[2026-06-30 05:17:32] [Task1] Next scan in 6 second(s)…
[2026-06-30 05:17:38] [Task1] Found 0 file(s) total, 0 .mp3 file(s).
[2026-06-30 05:17:38] [Task1] No .mp3 files — nothing to publish.
[2026-06-30 05:17:38] [Task1] Next scan in 6 second(s)…
[2026-06-30 05:17:44] [Task1] Found 0 file(s) total, 0 .mp3 file(s).
[2026-06-30 05:17:44] [Task1] No .mp3 files — nothing to publish.
[2026-06-30 05:17:44] [Task1] Next scan in 6 second(s)…
[2026-06-30 05:17:50] [Task1] Found 0 file(s) total, 0 .mp3 file(s).
[2026-06-30 05:17:50] [Task1] No .mp3 files — nothing to publish.
[2026-06-30 05:17:50] [Task1] Next scan in 6 second(s)…
[2026-06-30 05:17:56] [Task1] Found 0 file(s) total, 0 .mp3 file(s).
[2026-06-30 05:17:56] [Task1] No .mp3 files — nothing to publish.
[2026-06-30 05:17:56] [Task1] Next scan in 6 second(s)…
[2026-06-30 05:18:02] [Task1] Found 0 file(s) total, 0 .mp3 file(s).
[2026-06-30 05:18:02] [Task1] No .mp3 files — nothing to publish.
[2026-06-30 05:18:02] [Task1] Next scan in 6 second(s)…
[2026-06-30 05:18:08] [Task1] Found 0 file(s) total, 0 .mp3 file(s).
[2026-06-30 05:18:08] [Task1] No .mp3 files — nothing to publish.
[2026-06-30 05:18:08] [Task1] Next scan in 6 second(s)…
[2026-06-30 05:18:15] [Task1] Found 0 file(s) total, 0 .mp3 file(s).
[2026-06-30 05:18:15] [Task1] No .mp3 files — nothing to publish.
[2026-06-30 05:18:15] [Task1] Next scan in 6 second(s)…
[2026-06-30 05:18:21] [Task1] Found 0 file(s) total, 0 .mp3 file(s).
[2026-06-30 05:18:21] [Task1] No .mp3 files — nothing to publish.
[2026-06-30 05:18:21] [Task1] Next scan in 6 second(s)…
[2026-06-30 05:18:27] [Task1] Found 0 file(s) total, 0 .mp3 file(s).
[2026-06-30 05:18:27] [Task1] No .mp3 files — nothing to publish.
[2026-06-30 05:18:27] [Task1] Next scan in 6 second(s)…
[2026-06-30 05:18:33] [Task1] Found 0 file(s) total, 0 .mp3 file(s).
[2026-06-30 05:18:33] [Task1] No .mp3 files — nothing to publish.
[2026-06-30 05:18:33] [Task1] Next scan in 6 second(s)…
[2026-06-30 05:18:39] [Task1] Found 0 file(s) total, 0 .mp3 file(s).
[2026-06-30 05:18:39] [Task1] No .mp3 files — nothing to publish.
[2026-06-30 05:18:39] [Task1] Next scan in 6 second(s)…
[2026-06-30 05:18:45] [Task1] Found 0 file(s) total, 0 .mp3 file(s).
[2026-06-30 05:18:45] [Task1] No .mp3 files — nothing to publish.
[2026-06-30 05:18:45] [Task1] Next scan in 6 second(s)…
[2026-06-30 05:18:51] [Task1] Found 0 file(s) total, 0 .mp3 file(s).
[2026-06-30 05:18:51] [Task1] No .mp3 files — nothing to publish.
[2026-06-30 05:18:51] [Task1] Next scan in 6 second(s)…
[2026-06-30 05:18:57] [Task1] Found 0 file(s) total, 0 .mp3 file(s).
[2026-06-30 05:18:57] [Task1] No .mp3 files — nothing to publish.
[2026-06-30 05:18:57] [Task1] Next scan in 6 second(s)…
[2026-06-30 05:19:03] [Task1] Found 0 file(s) total, 0 .mp3 file(s).
[2026-06-30 05:19:03] [Task1] No .mp3 files — nothing to publish.
[2026-06-30 05:19:03] [Task1] Next scan in 6 second(s)…
[2026-06-30 05:19:09] [Task1] Found 0 file(s) total, 0 .mp3 file(s).
[2026-06-30 05:19:09] [Task1] No .mp3 files — nothing to publish.
[2026-06-30 05:19:09] [Task1] Next scan in 6 second(s)…
[2026-06-30 05:19:15] [Task1] Found 0 file(s) total, 0 .mp3 file(s).
[2026-06-30 05:19:15] [Task1] No .mp3 files — nothing to publish.
[2026-06-30 05:19:15] [Task1] Next scan in 6 second(s)…
[2026-06-30 05:19:21] [Task1] Found 0 file(s) total, 0 .mp3 file(s).
[2026-06-30 05:19:21] [Task1] No .mp3 files — nothing to publish.
[2026-06-30 05:19:21] [Task1] Next scan in 6 second(s)…
[2026-06-30 05:19:27] [Task1] Found 0 file(s) total, 0 .mp3 file(s).
[2026-06-30 05:19:27] [Task1] No .mp3 files — nothing to publish.
[2026-06-30 05:19:27] [Task1] Next scan in 6 second(s)…
[2026-06-30 05:19:33] [Task1] Found 0 file(s) total, 0 .mp3 file(s).
[2026-06-30 05:19:33] [Task1] No .mp3 files — nothing to publish.
[2026-06-30 05:19:33] [Task1] Next scan in 6 second(s)…
[2026-06-30 05:19:39] [Task1] Found 0 file(s) total, 0 .mp3 file(s).
[2026-06-30 05:19:39] [Task1] No .mp3 files — nothing to publish.
[2026-06-30 05:19:39] [Task1] Next scan in 6 second(s)…
[2026-06-30 05:19:45] [Task1] Found 0 file(s) total, 0 .mp3 file(s).
[2026-06-30 05:19:45] [Task1] No .mp3 files — nothing to publish.
[2026-06-30 05:19:45] [Task1] Next scan in 6 second(s)…
[2026-06-30 05:19:51] [Task1] Found 0 file(s) total, 0 .mp3 file(s).
[2026-06-30 05:19:51] [Task1] No .mp3 files — nothing to publish.
[2026-06-30 05:19:51] [Task1] Next scan in 6 second(s)…
[2026-06-30 05:19:57] [Task1] Found 0 file(s) total, 0 .mp3 file(s).
[2026-06-30 05:19:57] [Task1] No .mp3 files — nothing to publish.
[2026-06-30 05:19:57] [Task1] Next scan in 6 second(s)…
[2026-06-30 05:20:03] [Task1] Found 0 file(s) total, 0 .mp3 file(s).
[2026-06-30 05:20:03] [Task1] No .mp3 files — nothing to publish.
[2026-06-30 05:20:03] [Task1] Next scan in 6 second(s)…
[2026-06-30 05:20:09] [Task1] Found 0 file(s) total, 0 .mp3 file(s).
[2026-06-30 05:20:09] [Task1] No .mp3 files — nothing to publish.
[2026-06-30 05:20:09] [Task1] Next scan in 6 second(s)…
[2026-06-30 05:20:15] [Task1] Found 0 file(s) total, 0 .mp3 file(s).
[2026-06-30 05:20:15] [Task1] No .mp3 files — nothing to publish.
[2026-06-30 05:20:15] [Task1] Next scan in 6 second(s)…
[2026-06-30 05:20:21] [Task1] Found 0 file(s) total, 0 .mp3 file(s).
[2026-06-30 05:20:21] [Task1] No .mp3 files — nothing to publish.
[2026-06-30 05:20:21] [Task1] Next scan in 6 second(s)…
[2026-06-30 05:20:27] [Task1] Found 0 file(s) total, 0 .mp3 file(s).
[2026-06-30 05:20:27] [Task1] No .mp3 files — nothing to publish.
[2026-06-30 05:20:27] [Task1] Next scan in 6 second(s)…
[2026-06-30 05:20:33] [Task1] Found 0 file(s) total, 0 .mp3 file(s).
[2026-06-30 05:20:33] [Task1] No .mp3 files — nothing to publish.
[2026-06-30 05:20:33] [Task1] Next scan in 6 second(s)…
[2026-06-30 05:20:39] [Task1] Found 0 file(s) total, 0 .mp3 file(s).
[2026-06-30 05:20:39] [Task1] No .mp3 files — nothing to publish.
[2026-06-30 05:20:39] [Task1] Next scan in 6 second(s)…
[2026-06-30 05:20:45] [Task1] Found 0 file(s) total, 0 .mp3 file(s).
[2026-06-30 05:20:45] [Task1] No .mp3 files — nothing to publish.
[2026-06-30 05:20:45] [Task1] Next scan in 6 second(s)…
[2026-06-30 05:20:51] [Task1] Found 0 file(s) total, 0 .mp3 file(s).
[2026-06-30 05:20:51] [Task1] No .mp3 files — nothing to publish.
[2026-06-30 05:20:51] [Task1] Next scan in 6 second(s)…
[2026-06-30 05:20:57] [Task1] Found 0 file(s) total, 0 .mp3 file(s).
[2026-06-30 05:20:57] [Task1] No .mp3 files — nothing to publish.
[2026-06-30 05:20:57] [Task1] Next scan in 6 second(s)…
[2026-06-30 05:21:03] [Task1] Found 0 file(s) total, 0 .mp3 file(s).
[2026-06-30 05:21:03] [Task1] No .mp3 files — nothing to publish.
[2026-06-30 05:21:03] [Task1] Next scan in 6 second(s)…
[2026-06-30 05:21:09] [Task1] Found 0 file(s) total, 0 .mp3 file(s).
[2026-06-30 05:21:09] [Task1] No .mp3 files — nothing to publish.
[2026-06-30 05:21:09] [Task1] Next scan in 6 second(s)…
[2026-06-30 05:21:15] [Task1] Found 0 file(s) total, 0 .mp3 file(s).
[2026-06-30 05:21:15] [Task1] No .mp3 files — nothing to publish.
[2026-06-30 05:21:15] [Task1] Next scan in 6 second(s)…
[2026-06-30 05:21:21] [Task1] Found 0 file(s) total, 0 .mp3 file(s).
[2026-06-30 05:21:21] [Task1] No .mp3 files — nothing to publish.
[2026-06-30 05:21:21] [Task1] Next scan in 6 second(s)…
[2026-06-30 05:21:27] [Task1] Found 0 file(s) total, 0 .mp3 file(s).
[2026-06-30 05:21:27] [Task1] No .mp3 files — nothing to publish.
[2026-06-30 05:21:27] [Task1] Next scan in 6 second(s)…
[2026-06-30 05:21:33] [Task1] Found 0 file(s) total, 0 .mp3 file(s).
[2026-06-30 05:21:33] [Task1] No .mp3 files — nothing to publish.
[2026-06-30 05:21:33] [Task1] Next scan in 6 second(s)…
[2026-06-30 05:21:39] [Task1] Found 0 file(s) total, 0 .mp3 file(s).
[2026-06-30 05:21:39] [Task1] No .mp3 files — nothing to publish.
[2026-06-30 05:21:39] [Task1] Next scan in 6 second(s)…
[2026-06-30 05:21:45] [Task1] Found 0 file(s) total, 0 .mp3 file(s).
[2026-06-30 05:21:45] [Task1] No .mp3 files — nothing to publish.
[2026-06-30 05:21:45] [Task1] Next scan in 6 second(s)…
[2026-06-30 05:21:51] [Task1] Found 0 file(s) total, 0 .mp3 file(s).
[2026-06-30 05:21:51] [Task1] No .mp3 files — nothing to publish.
[2026-06-30 05:21:51] [Task1] Next scan in 6 second(s)…
[2026-06-30 05:21:57] [Task1] Found 0 file(s) total, 0 .mp3 file(s).
[2026-06-30 05:21:57] [Task1] No .mp3 files — nothing to publish.
[2026-06-30 05:21:57] [Task1] Next scan in 6 second(s)…
[2026-06-30 05:22:03] [Task1] Found 0 file(s) total, 0 .mp3 file(s).
[2026-06-30 05:22:03] [Task1] No .mp3 files — nothing to publish.
[2026-06-30 05:22:03] [Task1] Next scan in 6 second(s)…
[2026-06-30 05:22:09] [Task1] Found 0 file(s) total, 0 .mp3 file(s).
[2026-06-30 05:22:09] [Task1] No .mp3 files — nothing to publish.
[2026-06-30 05:22:09] [Task1] Next scan in 6 second(s)…
[2026-06-30 05:22:15] [Task1] Found 0 file(s) total, 0 .mp3 file(s).
[2026-06-30 05:22:15] [Task1] No .mp3 files — nothing to publish.
[2026-06-30 05:22:15] [Task1] Next scan in 6 second(s)…
[2026-06-30 05:22:21] [Task1] Found 0 file(s) total, 0 .mp3 file(s).
[2026-06-30 05:22:21] [Task1] No .mp3 files — nothing to publish.
[2026-06-30 05:22:21] [Task1] Next scan in 6 second(s)…
[2026-06-30 05:22:27] [Task1] Found 0 file(s) total, 0 .mp3 file(s).
[2026-06-30 05:22:27] [Task1] No .mp3 files — nothing to publish.
[2026-06-30 05:22:27] [Task1] Next scan in 6 second(s)…
[2026-06-30 05:22:33] [Task1] Found 0 file(s) total, 0 .mp3 file(s).
[2026-06-30 05:22:33] [Task1] No .mp3 files — nothing to publish.
[2026-06-30 05:22:33] [Task1] Next scan in 6 second(s)…
[2026-06-30 05:22:39] [Task1] Found 0 file(s) total, 0 .mp3 file(s).
[2026-06-30 05:22:39] [Task1] No .mp3 files — nothing to publish.
[2026-06-30 05:22:39] [Task1] Next scan in 6 second(s)…
[2026-06-30 05:22:45] [Task1] Found 0 file(s) total, 0 .mp3 file(s).
[2026-06-30 05:22:45] [Task1] No .mp3 files — nothing to publish.
[2026-06-30 05:22:45] [Task1] Next scan in 6 second(s)…
[2026-06-30 05:22:51] [Task1] Found 0 file(s) total, 0 .mp3 file(s).
[2026-06-30 05:22:51] [Task1] No .mp3 files — nothing to publish.
[2026-06-30 05:22:51] [Task1] Next scan in 6 second(s)…
[2026-06-30 05:22:57] [Task1] Found 0 file(s) total, 0 .mp3 file(s).
[2026-06-30 05:22:57] [Task1] No .mp3 files — nothing to publish.
[2026-06-30 05:22:57] [Task1] Next scan in 6 second(s)…
[2026-06-30 05:23:03] [Task1] Found 0 file(s) total, 0 .mp3 file(s).
[2026-06-30 05:23:03] [Task1] No .mp3 files — nothing to publish.
[2026-06-30 05:23:03] [Task1] Next scan in 6 second(s)…
[2026-06-30 05:23:09] [Task1] Found 0 file(s) total, 0 .mp3 file(s).
[2026-06-30 05:23:09] [Task1] No .mp3 files — nothing to publish.
[2026-06-30 05:23:09] [Task1] Next scan in 6 second(s)…
[2026-06-30 05:23:15] [Task1] Found 0 file(s) total, 0 .mp3 file(s).
[2026-06-30 05:23:15] [Task1] No .mp3 files — nothing to publish.
[2026-06-30 05:23:15] [Task1] Next scan in 6 second(s)…
[2026-06-30 05:23:21] [Task1] Found 0 file(s) total, 0 .mp3 file(s).
[2026-06-30 05:23:21] [Task1] No .mp3 files — nothing to publish.
[2026-06-30 05:23:21] [Task1] Next scan in 6 second(s)…
[2026-06-30 05:23:27] [Task1] Found 0 file(s) total, 0 .mp3 file(s).
[2026-06-30 05:23:27] [Task1] No .mp3 files — nothing to publish.
[2026-06-30 05:23:27] [Task1] Next scan in 6 second(s)…
[2026-06-30 05:23:33] [Task1] Found 0 file(s) total, 0 .mp3 file(s).
[2026-06-30 05:23:33] [Task1] No .mp3 files — nothing to publish.
[2026-06-30 05:23:33] [Task1] Next scan in 6 second(s)…
[2026-06-30 05:23:39] [Task1] Found 0 file(s) total, 0 .mp3 file(s).
[2026-06-30 05:23:39] [Task1] No .mp3 files — nothing to publish.
[2026-06-30 05:23:39] [Task1] Next scan in 6 second(s)…
[2026-06-30 05:23:45] [Task1] Found 0 file(s) total, 0 .mp3 file(s).
[2026-06-30 05:23:45] [Task1] No .mp3 files — nothing to publish.
[2026-06-30 05:23:45] [Task1] Next scan in 6 second(s)…
[2026-06-30 05:23:51] [Task1] Found 0 file(s) total, 0 .mp3 file(s).
[2026-06-30 05:23:51] [Task1] No .mp3 files — nothing to publish.
[2026-06-30 05:23:51] [Task1] Next scan in 6 second(s)…
[2026-06-30 05:23:57] [Task1] Found 0 file(s) total, 0 .mp3 file(s).
[2026-06-30 05:23:57] [Task1] No .mp3 files — nothing to publish.
[2026-06-30 05:23:57] [Task1] Next scan in 6 second(s)…
[2026-06-30 05:24:03] [Task1] Found 0 file(s) total, 0 .mp3 file(s).
[2026-06-30 05:24:03] [Task1] No .mp3 files — nothing to publish.
[2026-06-30 05:24:03] [Task1] Next scan in 6 second(s)…
[2026-06-30 05:24:09] [Task1] Found 0 file(s) total, 0 .mp3 file(s).
[2026-06-30 05:24:09] [Task1] No .mp3 files — nothing to publish.
[2026-06-30 05:24:09] [Task1] Next scan in 6 second(s)…
[2026-06-30 05:24:15] [Task1] Found 0 file(s) total, 0 .mp3 file(s).
[2026-06-30 05:24:15] [Task1] No .mp3 files — nothing to publish.
[2026-06-30 05:24:15] [Task1] Next scan in 6 second(s)…
[2026-06-30 05:24:21] [Task1] Found 0 file(s) total, 0 .mp3 file(s).
[2026-06-30 05:24:21] [Task1] No .mp3 files — nothing to publish.
[2026-06-30 05:24:21] [Task1] Next scan in 6 second(s)…
[2026-06-30 05:24:27] [Task1] Found 0 file(s) total, 0 .mp3 file(s).
[2026-06-30 05:24:27] [Task1] No .mp3 files — nothing to publish.
[2026-06-30 05:24:27] [Task1] Next scan in 6 second(s)…
[2026-06-30 05:24:33] [Task1] Found 0 file(s) total, 0 .mp3 file(s).
[2026-06-30 05:24:33] [Task1] No .mp3 files — nothing to publish.
[2026-06-30 05:24:33] [Task1] Next scan in 6 second(s)…
[2026-06-30 05:24:39] [Task1] Found 0 file(s) total, 0 .mp3 file(s).
[2026-06-30 05:24:39] [Task1] No .mp3 files — nothing to publish.
[2026-06-30 05:24:39] [Task1] Next scan in 6 second(s)…
[2026-06-30 05:24:45] [Task1] Found 0 file(s) total, 0 .mp3 file(s).
[2026-06-30 05:24:45] [Task1] No .mp3 files — nothing to publish.
[2026-06-30 05:24:45] [Task1] Next scan in 6 second(s)…
[2026-06-30 05:24:51] [Task1] Found 0 file(s) total, 0 .mp3 file(s).
[2026-06-30 05:24:51] [Task1] No .mp3 files — nothing to publish.
[2026-06-30 05:24:51] [Task1] Next scan in 6 second(s)…
[2026-06-30 05:24:57] [Task1] Found 0 file(s) total, 0 .mp3 file(s).
[2026-06-30 05:24:57] [Task1] No .mp3 files — nothing to publish.
[2026-06-30 05:24:57] [Task1] Next scan in 6 second(s)…
[2026-06-30 05:25:03] [Task1] Found 0 file(s) total, 0 .mp3 file(s).
[2026-06-30 05:25:03] [Task1] No .mp3 files — nothing to publish.
[2026-06-30 05:25:03] [Task1] Next scan in 6 second(s)…
[2026-06-30 05:25:09] [Task1] Found 0 file(s) total, 0 .mp3 file(s).
[2026-06-30 05:25:09] [Task1] No .mp3 files — nothing to publish.
[2026-06-30 05:25:09] [Task1] Next scan in 6 second(s)…
[2026-06-30 05:25:15] [Task1] Found 0 file(s) total, 0 .mp3 file(s).
[2026-06-30 05:25:15] [Task1] No .mp3 files — nothing to publish.
[2026-06-30 05:25:15] [Task1] Next scan in 6 second(s)…
[2026-06-30 05:25:21] [Task1] Found 0 file(s) total, 0 .mp3 file(s).
[2026-06-30 05:25:21] [Task1] No .mp3 files — nothing to publish.
[2026-06-30 05:25:21] [Task1] Next scan in 6 second(s)…
[2026-06-30 05:25:24] [SYSTEM] Shutdown requested (Ctrl+C).
[2026-06-30 05:25:24] [SYSTEM] Shutdown requested (Ctrl+C).
