[2026-07-01 08:18:16] [SYSTEM] Logger initialized. Log file: D:\mahasoa\ITU\S6\INF315-WebService\Music-PlayList\logs\playlist-log-2026-07-01_08-18-16.log
[2026-07-01 08:18:16] [SYSTEM] Starting: desktop-server-app
[2026-07-01 08:18:16] [SYSTEM] Pipeline: Task1 → [scan-queue] → Task2 → [extract-queue] → Task3 → [upload-queue] → Task4
[2026-07-01 08:18:16] [Task1] Started — watching: D:\mahasoa\ITU\S6\INF315-WebService\Music-PlayList\mp3
[2026-07-01 08:18:16] [Task1] Scan interval: 6 second(s)
[2026-07-01 08:18:16] [Task1] Found 0 file(s) total, 0 .mp3 file(s).
[2026-07-01 08:18:16] [Task1] No .mp3 files — nothing to publish.
[2026-07-01 08:18:16] [Task1] Next scan in 6 second(s)…
[2026-07-01 08:18:16] [Task2] Started — consuming 'playlist-scan-queue'.
[2026-07-01 08:18:16] [Task3] Started — consuming 'playlist-extract-queue'.
[2026-07-01 08:18:16] [Task4] Started — consuming 'playlist-upload-queue'.
[2026-07-01 08:18:16] [Task2] Waiting for scan batches. Press Ctrl+C to stop.
[2026-07-01 08:18:16] [Task3] Waiting for metadata batches. Press Ctrl+C to stop.
[2026-07-01 08:18:16] [Task4] Waiting for upload confirmations. Press Ctrl+C to stop.
[2026-07-01 08:18:22] [Task1] Found 0 file(s) total, 0 .mp3 file(s).
[2026-07-01 08:18:22] [Task1] No .mp3 files — nothing to publish.
[2026-07-01 08:18:22] [Task1] Next scan in 6 second(s)…
[2026-07-01 08:18:28] [Task1] Found 0 file(s) total, 0 .mp3 file(s).
[2026-07-01 08:18:28] [Task1] No .mp3 files — nothing to publish.
[2026-07-01 08:18:28] [Task1] Next scan in 6 second(s)…
[2026-07-01 08:18:34] [Task1] Found 0 file(s) total, 0 .mp3 file(s).
[2026-07-01 08:18:34] [Task1] No .mp3 files — nothing to publish.
[2026-07-01 08:18:34] [Task1] Next scan in 6 second(s)…
[2026-07-01 08:18:40] [Task1] Found 0 file(s) total, 0 .mp3 file(s).
[2026-07-01 08:18:40] [Task1] No .mp3 files — nothing to publish.
[2026-07-01 08:18:40] [Task1] Next scan in 6 second(s)…
[2026-07-01 08:18:46] [Task1] Found 0 file(s) total, 0 .mp3 file(s).
[2026-07-01 08:18:46] [Task1] No .mp3 files — nothing to publish.
[2026-07-01 08:18:46] [Task1] Next scan in 6 second(s)…
[2026-07-01 08:18:52] [Task1] Found 0 file(s) total, 0 .mp3 file(s).
[2026-07-01 08:18:52] [Task1] No .mp3 files — nothing to publish.
[2026-07-01 08:18:52] [Task1] Next scan in 6 second(s)…
[2026-07-01 08:18:58] [Task1] Found 0 file(s) total, 0 .mp3 file(s).
[2026-07-01 08:18:58] [Task1] No .mp3 files — nothing to publish.
[2026-07-01 08:18:58] [Task1] Next scan in 6 second(s)…
[2026-07-01 08:19:04] [Task1] Found 0 file(s) total, 0 .mp3 file(s).
[2026-07-01 08:19:04] [Task1] No .mp3 files — nothing to publish.
[2026-07-01 08:19:04] [Task1] Next scan in 6 second(s)…
[2026-07-01 08:19:10] [Task1] Found 0 file(s) total, 0 .mp3 file(s).
[2026-07-01 08:19:10] [Task1] No .mp3 files — nothing to publish.
[2026-07-01 08:19:10] [Task1] Next scan in 6 second(s)…
[2026-07-01 08:19:16] [Task1] Found 0 file(s) total, 0 .mp3 file(s).
[2026-07-01 08:19:16] [Task1] No .mp3 files — nothing to publish.
[2026-07-01 08:19:16] [Task1] Next scan in 6 second(s)…
[2026-07-01 08:19:22] [Task1] Found 0 file(s) total, 0 .mp3 file(s).
[2026-07-01 08:19:22] [Task1] No .mp3 files — nothing to publish.
[2026-07-01 08:19:22] [Task1] Next scan in 6 second(s)…
[2026-07-01 08:19:28] [Task1] Found 0 file(s) total, 0 .mp3 file(s).
[2026-07-01 08:19:28] [Task1] No .mp3 files — nothing to publish.
[2026-07-01 08:19:28] [Task1] Next scan in 6 second(s)…
[2026-07-01 08:19:34] [Task1] Found 0 file(s) total, 0 .mp3 file(s).
[2026-07-01 08:19:34] [Task1] No .mp3 files — nothing to publish.
[2026-07-01 08:19:34] [Task1] Next scan in 6 second(s)…
[2026-07-01 08:19:40] [Task1] Found 0 file(s) total, 0 .mp3 file(s).
[2026-07-01 08:19:40] [Task1] No .mp3 files — nothing to publish.
[2026-07-01 08:19:40] [Task1] Next scan in 6 second(s)…
[2026-07-01 08:19:46] [Task1] Found 5 file(s) total, 5 .mp3 file(s).
[2026-07-01 08:19:46] [Task1] Published scan batch → 'playlist-scan-queue' (5 file(s)).
[2026-07-01 08:19:46] [Task2] Received scan batch — 5 file(s) from 'D:\mahasoa\ITU\S6\INF315-WebService\Music-PlayList\mp3' scanned at 2026-07-01 05:19:46Z.
[2026-07-01 08:19:46] [Task1] Next scan in 6 second(s)…
[2026-07-01 08:19:46] [Task2] Tags — '04-Regarde-moi.mp3': Title='04-Regarde-moi', Artists='Lomepal - Www.33rapmp3.com et 33rapfr.com', Album='Amina - 33rap-telechargement.com', Year=2019, Duration=00:02:56.9580000
[2026-07-01 08:19:46] [Task2] Tags — '07-Interlude.mp3': Title='Interlude', Artists='Lefa', Album='Famous', Year=2020, Duration=00:02:07.3941000
[2026-07-01 08:19:46] [Task2] Tags — '07-Maladie-moderne.mp3': Title='Maladie moderne', Artists='Lomepal', Album='Mauvais Ordre', Year=2022, Duration=00:03:57.2208750
[2026-07-01 08:19:46] [Task2] Tags — '09-Mômes.mp3': Title='09-Mômes', Artists='Lomepal - Www.33rapmp3.com et 33rapfr.com', Album='Amina - 33rap-telechargement.com', Year=2019, Duration=00:02:56.8797000
[2026-07-01 08:19:46] [Task2] Tags — '8 - Ne me ramène pas.mp3': Title='Ne me ramène pas', Artists='Lomepal', Album='Amina', Year=2019, Duration=00:02:16.5935625
[2026-07-01 08:19:46] [Task2] Extraction complete — 5 record(s) ready.
[2026-07-01 08:19:46] [Task2] Published metadata batch → 'playlist-extract-queue'.
[2026-07-01 08:19:46] [Task3] Received metadata batch — 5 track(s) from 'D:\mahasoa\ITU\S6\INF315-WebService\Music-PlayList\mp3'.
[2026-07-01 08:19:46] [Task3] Uploading '04-Regarde-moi.mp3' → http://localhost:5000/api/tracks/upload
[2026-07-01 08:19:47] [Task3] Uploaded '04-Regarde-moi.mp3' → server path: D:\mahasoa\ITU\S6\INF315-WebService\Music-PlayList\backend-cs\upload_dir\04-Regarde-moi.mp3
[2026-07-01 08:19:47] [Task3] Uploading '07-Interlude.mp3' → http://localhost:5000/api/tracks/upload
[2026-07-01 08:19:47] [Task3] Uploaded '07-Interlude.mp3' → server path: D:\mahasoa\ITU\S6\INF315-WebService\Music-PlayList\backend-cs\upload_dir\07-Interlude.mp3
[2026-07-01 08:19:47] [Task3] Uploading '07-Maladie-moderne.mp3' → http://localhost:5000/api/tracks/upload
[2026-07-01 08:19:47] [Task3] Uploaded '07-Maladie-moderne.mp3' → server path: D:\mahasoa\ITU\S6\INF315-WebService\Music-PlayList\backend-cs\upload_dir\07-Maladie-moderne.mp3
[2026-07-01 08:19:47] [Task3] Uploading '09-Mômes.mp3' → http://localhost:5000/api/tracks/upload
[2026-07-01 08:19:47] [Task3] Uploaded '09-Mômes.mp3' → server path: D:\mahasoa\ITU\S6\INF315-WebService\Music-PlayList\backend-cs\upload_dir\09-Mômes.mp3
[2026-07-01 08:19:47] [Task3] Uploading '8 - Ne me ramène pas.mp3' → http://localhost:5000/api/tracks/upload
[2026-07-01 08:19:47] [Task3] Uploaded '8 - Ne me ramène pas.mp3' → server path: D:\mahasoa\ITU\S6\INF315-WebService\Music-PlayList\backend-cs\upload_dir\8 - Ne me ramène pas.mp3
[2026-07-01 08:19:47] [Task3] POST metadata batch (5 track(s)) → http://localhost:5000/api/tracks/metadata
[2026-07-01 08:19:48] [Task3] Metadata batch accepted.
[2026-07-01 08:19:48] [Task3] Success message published → 'playlist-upload-queue'.
[2026-07-01 08:19:48] [Task4] Upload success confirmed — 5 track(s) from 'D:\mahasoa\ITU\S6\INF315-WebService\Music-PlayList\mp3' uploaded at 2026-07-01 05:19:48Z. Starting cleanup.
[2026-07-01 08:19:48] [Task4] Deleted: 04-Regarde-moi.mp3
[2026-07-01 08:19:48] [Task4] Deleted: 07-Interlude.mp3
[2026-07-01 08:19:48] [Task4] Deleted: 07-Maladie-moderne.mp3
[2026-07-01 08:19:48] [Task4] Deleted: 09-Mômes.mp3
[2026-07-01 08:19:48] [Task4] Deleted: 8 - Ne me ramène pas.mp3
[2026-07-01 08:19:48] [Task4] Cleanup done — 5 file(s) deleted from 'D:\mahasoa\ITU\S6\INF315-WebService\Music-PlayList\mp3'.
[2026-07-01 08:19:52] [Task1] Found 0 file(s) total, 0 .mp3 file(s).
[2026-07-01 08:19:52] [Task1] No .mp3 files — nothing to publish.
[2026-07-01 08:19:52] [Task1] Next scan in 6 second(s)…
[2026-07-01 08:19:58] [Task1] Found 0 file(s) total, 0 .mp3 file(s).
[2026-07-01 08:19:58] [Task1] No .mp3 files — nothing to publish.
[2026-07-01 08:19:58] [Task1] Next scan in 6 second(s)…
[2026-07-01 08:20:04] [Task1] Found 0 file(s) total, 0 .mp3 file(s).
[2026-07-01 08:20:04] [Task1] No .mp3 files — nothing to publish.
[2026-07-01 08:20:04] [Task1] Next scan in 6 second(s)…
[2026-07-01 08:20:10] [Task1] Found 0 file(s) total, 0 .mp3 file(s).
[2026-07-01 08:20:10] [Task1] No .mp3 files — nothing to publish.
[2026-07-01 08:20:10] [Task1] Next scan in 6 second(s)…
[2026-07-01 08:20:16] [Task1] Found 0 file(s) total, 0 .mp3 file(s).
[2026-07-01 08:20:16] [Task1] No .mp3 files — nothing to publish.
[2026-07-01 08:20:16] [Task1] Next scan in 6 second(s)…
[2026-07-01 08:20:22] [Task1] Found 0 file(s) total, 0 .mp3 file(s).
[2026-07-01 08:20:22] [Task1] No .mp3 files — nothing to publish.
[2026-07-01 08:20:22] [Task1] Next scan in 6 second(s)…
[2026-07-01 08:20:28] [Task1] Found 0 file(s) total, 0 .mp3 file(s).
[2026-07-01 08:20:28] [Task1] No .mp3 files — nothing to publish.
[2026-07-01 08:20:28] [Task1] Next scan in 6 second(s)…
[2026-07-01 08:20:34] [Task1] Found 0 file(s) total, 0 .mp3 file(s).
[2026-07-01 08:20:34] [Task1] No .mp3 files — nothing to publish.
[2026-07-01 08:20:34] [Task1] Next scan in 6 second(s)…
[2026-07-01 08:20:40] [Task1] Found 0 file(s) total, 0 .mp3 file(s).
[2026-07-01 08:20:40] [Task1] No .mp3 files — nothing to publish.
[2026-07-01 08:20:40] [Task1] Next scan in 6 second(s)…
[2026-07-01 08:20:46] [Task1] Found 0 file(s) total, 0 .mp3 file(s).
[2026-07-01 08:20:46] [Task1] No .mp3 files — nothing to publish.
[2026-07-01 08:20:46] [Task1] Next scan in 6 second(s)…
[2026-07-01 08:20:52] [Task1] Found 0 file(s) total, 0 .mp3 file(s).
[2026-07-01 08:20:52] [Task1] No .mp3 files — nothing to publish.
[2026-07-01 08:20:52] [Task1] Next scan in 6 second(s)…
[2026-07-01 08:20:58] [Task1] Found 0 file(s) total, 0 .mp3 file(s).
[2026-07-01 08:20:58] [Task1] No .mp3 files — nothing to publish.
[2026-07-01 08:20:58] [Task1] Next scan in 6 second(s)…
[2026-07-01 08:21:04] [Task1] Found 0 file(s) total, 0 .mp3 file(s).
[2026-07-01 08:21:04] [Task1] No .mp3 files — nothing to publish.
[2026-07-01 08:21:04] [Task1] Next scan in 6 second(s)…
[2026-07-01 08:21:10] [Task1] Found 0 file(s) total, 0 .mp3 file(s).
[2026-07-01 08:21:10] [Task1] No .mp3 files — nothing to publish.
[2026-07-01 08:21:10] [Task1] Next scan in 6 second(s)…
[2026-07-01 08:21:16] [Task1] Found 0 file(s) total, 0 .mp3 file(s).
[2026-07-01 08:21:16] [Task1] No .mp3 files — nothing to publish.
[2026-07-01 08:21:16] [Task1] Next scan in 6 second(s)…
[2026-07-01 08:21:22] [Task1] Found 0 file(s) total, 0 .mp3 file(s).
[2026-07-01 08:21:22] [Task1] No .mp3 files — nothing to publish.
[2026-07-01 08:21:22] [Task1] Next scan in 6 second(s)…
[2026-07-01 08:21:28] [Task1] Found 0 file(s) total, 0 .mp3 file(s).
[2026-07-01 08:21:28] [Task1] No .mp3 files — nothing to publish.
[2026-07-01 08:21:28] [Task1] Next scan in 6 second(s)…
[2026-07-01 08:21:34] [Task1] Found 0 file(s) total, 0 .mp3 file(s).
[2026-07-01 08:21:34] [Task1] No .mp3 files — nothing to publish.
[2026-07-01 08:21:34] [Task1] Next scan in 6 second(s)…
[2026-07-01 08:21:40] [Task1] Found 0 file(s) total, 0 .mp3 file(s).
[2026-07-01 08:21:40] [Task1] No .mp3 files — nothing to publish.
[2026-07-01 08:21:40] [Task1] Next scan in 6 second(s)…
[2026-07-01 08:21:46] [Task1] Found 0 file(s) total, 0 .mp3 file(s).
[2026-07-01 08:21:46] [Task1] No .mp3 files — nothing to publish.
[2026-07-01 08:21:46] [Task1] Next scan in 6 second(s)…
[2026-07-01 08:21:52] [Task1] Found 0 file(s) total, 0 .mp3 file(s).
[2026-07-01 08:21:52] [Task1] No .mp3 files — nothing to publish.
[2026-07-01 08:21:52] [Task1] Next scan in 6 second(s)…
[2026-07-01 08:21:58] [Task1] Found 0 file(s) total, 0 .mp3 file(s).
[2026-07-01 08:21:58] [Task1] No .mp3 files — nothing to publish.
[2026-07-01 08:21:58] [Task1] Next scan in 6 second(s)…
[2026-07-01 08:22:04] [Task1] Found 0 file(s) total, 0 .mp3 file(s).
[2026-07-01 08:22:04] [Task1] No .mp3 files — nothing to publish.
[2026-07-01 08:22:04] [Task1] Next scan in 6 second(s)…
[2026-07-01 08:22:10] [Task1] Found 0 file(s) total, 0 .mp3 file(s).
[2026-07-01 08:22:10] [Task1] No .mp3 files — nothing to publish.
[2026-07-01 08:22:10] [Task1] Next scan in 6 second(s)…
[2026-07-01 08:22:16] [Task1] Found 0 file(s) total, 0 .mp3 file(s).
[2026-07-01 08:22:16] [Task1] No .mp3 files — nothing to publish.
[2026-07-01 08:22:16] [Task1] Next scan in 6 second(s)…
[2026-07-01 08:22:22] [Task1] Found 0 file(s) total, 0 .mp3 file(s).
[2026-07-01 08:22:22] [Task1] No .mp3 files — nothing to publish.
[2026-07-01 08:22:22] [Task1] Next scan in 6 second(s)…
[2026-07-01 08:22:28] [Task1] Found 0 file(s) total, 0 .mp3 file(s).
[2026-07-01 08:22:28] [Task1] No .mp3 files — nothing to publish.
[2026-07-01 08:22:28] [Task1] Next scan in 6 second(s)…
[2026-07-01 08:22:34] [Task1] Found 0 file(s) total, 0 .mp3 file(s).
[2026-07-01 08:22:34] [Task1] No .mp3 files — nothing to publish.
[2026-07-01 08:22:34] [Task1] Next scan in 6 second(s)…
[2026-07-01 08:22:40] [Task1] Found 0 file(s) total, 0 .mp3 file(s).
[2026-07-01 08:22:40] [Task1] No .mp3 files — nothing to publish.
[2026-07-01 08:22:40] [Task1] Next scan in 6 second(s)…
[2026-07-01 08:22:46] [Task1] Found 0 file(s) total, 0 .mp3 file(s).
[2026-07-01 08:22:46] [Task1] No .mp3 files — nothing to publish.
[2026-07-01 08:22:46] [Task1] Next scan in 6 second(s)…
[2026-07-01 08:22:52] [Task1] Found 0 file(s) total, 0 .mp3 file(s).
[2026-07-01 08:22:52] [Task1] No .mp3 files — nothing to publish.
[2026-07-01 08:22:52] [Task1] Next scan in 6 second(s)…
[2026-07-01 08:22:58] [Task1] Found 0 file(s) total, 0 .mp3 file(s).
[2026-07-01 08:22:58] [Task1] No .mp3 files — nothing to publish.
[2026-07-01 08:22:58] [Task1] Next scan in 6 second(s)…
[2026-07-01 08:23:04] [Task1] Found 0 file(s) total, 0 .mp3 file(s).
[2026-07-01 08:23:04] [Task1] No .mp3 files — nothing to publish.
[2026-07-01 08:23:04] [Task1] Next scan in 6 second(s)…
[2026-07-01 08:23:10] [Task1] Found 0 file(s) total, 0 .mp3 file(s).
[2026-07-01 08:23:10] [Task1] No .mp3 files — nothing to publish.
[2026-07-01 08:23:10] [Task1] Next scan in 6 second(s)…
[2026-07-01 08:23:16] [Task1] Found 0 file(s) total, 0 .mp3 file(s).
[2026-07-01 08:23:16] [Task1] No .mp3 files — nothing to publish.
[2026-07-01 08:23:16] [Task1] Next scan in 6 second(s)…
[2026-07-01 08:23:22] [Task1] Found 0 file(s) total, 0 .mp3 file(s).
[2026-07-01 08:23:22] [Task1] No .mp3 files — nothing to publish.
[2026-07-01 08:23:22] [Task1] Next scan in 6 second(s)…
[2026-07-01 08:23:28] [Task1] Found 0 file(s) total, 0 .mp3 file(s).
[2026-07-01 08:23:28] [Task1] No .mp3 files — nothing to publish.
[2026-07-01 08:23:28] [Task1] Next scan in 6 second(s)…
[2026-07-01 08:23:34] [Task1] Found 0 file(s) total, 0 .mp3 file(s).
[2026-07-01 08:23:34] [Task1] No .mp3 files — nothing to publish.
[2026-07-01 08:23:34] [Task1] Next scan in 6 second(s)…
[2026-07-01 08:23:40] [Task1] Found 0 file(s) total, 0 .mp3 file(s).
[2026-07-01 08:23:40] [Task1] No .mp3 files — nothing to publish.
[2026-07-01 08:23:40] [Task1] Next scan in 6 second(s)…
[2026-07-01 08:23:46] [Task1] Found 0 file(s) total, 0 .mp3 file(s).
[2026-07-01 08:23:46] [Task1] No .mp3 files — nothing to publish.
[2026-07-01 08:23:46] [Task1] Next scan in 6 second(s)…
[2026-07-01 08:23:52] [Task1] Found 0 file(s) total, 0 .mp3 file(s).
[2026-07-01 08:23:52] [Task1] No .mp3 files — nothing to publish.
[2026-07-01 08:23:52] [Task1] Next scan in 6 second(s)…
[2026-07-01 08:23:58] [Task1] Found 0 file(s) total, 0 .mp3 file(s).
[2026-07-01 08:23:58] [Task1] No .mp3 files — nothing to publish.
[2026-07-01 08:23:58] [Task1] Next scan in 6 second(s)…
[2026-07-01 08:24:04] [Task1] Found 0 file(s) total, 0 .mp3 file(s).
[2026-07-01 08:24:04] [Task1] No .mp3 files — nothing to publish.
[2026-07-01 08:24:04] [Task1] Next scan in 6 second(s)…
[2026-07-01 08:24:10] [Task1] Found 0 file(s) total, 0 .mp3 file(s).
[2026-07-01 08:24:10] [Task1] No .mp3 files — nothing to publish.
[2026-07-01 08:24:10] [Task1] Next scan in 6 second(s)…
[2026-07-01 08:24:16] [Task1] Found 0 file(s) total, 0 .mp3 file(s).
[2026-07-01 08:24:16] [Task1] No .mp3 files — nothing to publish.
[2026-07-01 08:24:16] [Task1] Next scan in 6 second(s)…
[2026-07-01 08:24:22] [Task1] Found 0 file(s) total, 0 .mp3 file(s).
[2026-07-01 08:24:22] [Task1] No .mp3 files — nothing to publish.
[2026-07-01 08:24:22] [Task1] Next scan in 6 second(s)…
[2026-07-01 08:24:28] [Task1] Found 0 file(s) total, 0 .mp3 file(s).
[2026-07-01 08:24:28] [Task1] No .mp3 files — nothing to publish.
[2026-07-01 08:24:28] [Task1] Next scan in 6 second(s)…
[2026-07-01 08:24:34] [Task1] Found 0 file(s) total, 0 .mp3 file(s).
[2026-07-01 08:24:34] [Task1] No .mp3 files — nothing to publish.
[2026-07-01 08:24:34] [Task1] Next scan in 6 second(s)…
[2026-07-01 08:24:40] [Task1] Found 0 file(s) total, 0 .mp3 file(s).
[2026-07-01 08:24:40] [Task1] No .mp3 files — nothing to publish.
[2026-07-01 08:24:40] [Task1] Next scan in 6 second(s)…
[2026-07-01 08:24:46] [Task1] Found 0 file(s) total, 0 .mp3 file(s).
[2026-07-01 08:24:46] [Task1] No .mp3 files — nothing to publish.
[2026-07-01 08:24:46] [Task1] Next scan in 6 second(s)…
[2026-07-01 08:24:52] [Task1] Found 0 file(s) total, 0 .mp3 file(s).
[2026-07-01 08:24:52] [Task1] No .mp3 files — nothing to publish.
[2026-07-01 08:24:52] [Task1] Next scan in 6 second(s)…
[2026-07-01 08:24:58] [Task1] Found 0 file(s) total, 0 .mp3 file(s).
[2026-07-01 08:24:58] [Task1] No .mp3 files — nothing to publish.
[2026-07-01 08:24:58] [Task1] Next scan in 6 second(s)…
[2026-07-01 08:25:04] [Task1] Found 0 file(s) total, 0 .mp3 file(s).
[2026-07-01 08:25:04] [Task1] No .mp3 files — nothing to publish.
[2026-07-01 08:25:04] [Task1] Next scan in 6 second(s)…
[2026-07-01 08:25:10] [Task1] Found 0 file(s) total, 0 .mp3 file(s).
[2026-07-01 08:25:10] [Task1] No .mp3 files — nothing to publish.
[2026-07-01 08:25:10] [Task1] Next scan in 6 second(s)…
[2026-07-01 08:25:16] [Task1] Found 0 file(s) total, 0 .mp3 file(s).
[2026-07-01 08:25:16] [Task1] No .mp3 files — nothing to publish.
[2026-07-01 08:25:16] [Task1] Next scan in 6 second(s)…
[2026-07-01 08:25:22] [Task1] Found 0 file(s) total, 0 .mp3 file(s).
[2026-07-01 08:25:22] [Task1] No .mp3 files — nothing to publish.
[2026-07-01 08:25:22] [Task1] Next scan in 6 second(s)…
[2026-07-01 08:25:28] [Task1] Found 0 file(s) total, 0 .mp3 file(s).
[2026-07-01 08:25:28] [Task1] No .mp3 files — nothing to publish.
[2026-07-01 08:25:28] [Task1] Next scan in 6 second(s)…
[2026-07-01 08:25:35] [Task1] Found 0 file(s) total, 0 .mp3 file(s).
[2026-07-01 08:25:35] [Task1] No .mp3 files — nothing to publish.
[2026-07-01 08:25:35] [Task1] Next scan in 6 second(s)…
[2026-07-01 08:25:41] [Task1] Found 0 file(s) total, 0 .mp3 file(s).
[2026-07-01 08:25:41] [Task1] No .mp3 files — nothing to publish.
[2026-07-01 08:25:41] [Task1] Next scan in 6 second(s)…
[2026-07-01 08:25:47] [Task1] Found 0 file(s) total, 0 .mp3 file(s).
[2026-07-01 08:25:47] [Task1] No .mp3 files — nothing to publish.
[2026-07-01 08:25:47] [Task1] Next scan in 6 second(s)…
[2026-07-01 08:25:53] [Task1] Found 0 file(s) total, 0 .mp3 file(s).
[2026-07-01 08:25:53] [Task1] No .mp3 files — nothing to publish.
[2026-07-01 08:25:53] [Task1] Next scan in 6 second(s)…
[2026-07-01 08:25:59] [Task1] Found 0 file(s) total, 0 .mp3 file(s).
[2026-07-01 08:25:59] [Task1] No .mp3 files — nothing to publish.
[2026-07-01 08:25:59] [Task1] Next scan in 6 second(s)…
[2026-07-01 08:26:05] [Task1] Found 0 file(s) total, 0 .mp3 file(s).
[2026-07-01 08:26:05] [Task1] No .mp3 files — nothing to publish.
[2026-07-01 08:26:05] [Task1] Next scan in 6 second(s)…
[2026-07-01 08:26:11] [Task1] Found 0 file(s) total, 0 .mp3 file(s).
[2026-07-01 08:26:11] [Task1] No .mp3 files — nothing to publish.
[2026-07-01 08:26:11] [Task1] Next scan in 6 second(s)…
[2026-07-01 08:26:17] [Task1] Found 0 file(s) total, 0 .mp3 file(s).
[2026-07-01 08:26:17] [Task1] No .mp3 files — nothing to publish.
[2026-07-01 08:26:17] [Task1] Next scan in 6 second(s)…
[2026-07-01 08:26:23] [Task1] Found 0 file(s) total, 0 .mp3 file(s).
[2026-07-01 08:26:23] [Task1] No .mp3 files — nothing to publish.
[2026-07-01 08:26:23] [Task1] Next scan in 6 second(s)…
[2026-07-01 08:26:29] [Task1] Found 0 file(s) total, 0 .mp3 file(s).
[2026-07-01 08:26:29] [Task1] No .mp3 files — nothing to publish.
[2026-07-01 08:26:29] [Task1] Next scan in 6 second(s)…
[2026-07-01 08:26:35] [Task1] Found 0 file(s) total, 0 .mp3 file(s).
[2026-07-01 08:26:35] [Task1] No .mp3 files — nothing to publish.
[2026-07-01 08:26:35] [Task1] Next scan in 6 second(s)…
[2026-07-01 08:26:41] [Task1] Found 0 file(s) total, 0 .mp3 file(s).
[2026-07-01 08:26:41] [Task1] No .mp3 files — nothing to publish.
[2026-07-01 08:26:41] [Task1] Next scan in 6 second(s)…
[2026-07-01 08:26:47] [Task1] Found 0 file(s) total, 0 .mp3 file(s).
[2026-07-01 08:26:47] [Task1] No .mp3 files — nothing to publish.
[2026-07-01 08:26:47] [Task1] Next scan in 6 second(s)…
[2026-07-01 08:26:53] [Task1] Found 0 file(s) total, 0 .mp3 file(s).
[2026-07-01 08:26:53] [Task1] No .mp3 files — nothing to publish.
[2026-07-01 08:26:53] [Task1] Next scan in 6 second(s)…
[2026-07-01 08:26:59] [Task1] Found 0 file(s) total, 0 .mp3 file(s).
[2026-07-01 08:26:59] [Task1] No .mp3 files — nothing to publish.
[2026-07-01 08:26:59] [Task1] Next scan in 6 second(s)…
[2026-07-01 08:27:05] [Task1] Found 0 file(s) total, 0 .mp3 file(s).
[2026-07-01 08:27:05] [Task1] No .mp3 files — nothing to publish.
[2026-07-01 08:27:05] [Task1] Next scan in 6 second(s)…
[2026-07-01 08:27:11] [Task1] Found 0 file(s) total, 0 .mp3 file(s).
[2026-07-01 08:27:11] [Task1] No .mp3 files — nothing to publish.
[2026-07-01 08:27:11] [Task1] Next scan in 6 second(s)…
[2026-07-01 08:27:17] [Task1] Found 0 file(s) total, 0 .mp3 file(s).
[2026-07-01 08:27:17] [Task1] No .mp3 files — nothing to publish.
[2026-07-01 08:27:17] [Task1] Next scan in 6 second(s)…
[2026-07-01 08:27:23] [Task1] Found 0 file(s) total, 0 .mp3 file(s).
[2026-07-01 08:27:23] [Task1] No .mp3 files — nothing to publish.
[2026-07-01 08:27:23] [Task1] Next scan in 6 second(s)…
[2026-07-01 08:27:29] [Task1] Found 0 file(s) total, 0 .mp3 file(s).
[2026-07-01 08:27:29] [Task1] No .mp3 files — nothing to publish.
[2026-07-01 08:27:29] [Task1] Next scan in 6 second(s)…
[2026-07-01 08:27:35] [Task1] Found 0 file(s) total, 0 .mp3 file(s).
[2026-07-01 08:27:35] [Task1] No .mp3 files — nothing to publish.
[2026-07-01 08:27:35] [Task1] Next scan in 6 second(s)…
[2026-07-01 08:27:41] [Task1] Found 0 file(s) total, 0 .mp3 file(s).
[2026-07-01 08:27:41] [Task1] No .mp3 files — nothing to publish.
[2026-07-01 08:27:41] [Task1] Next scan in 6 second(s)…
[2026-07-01 08:27:47] [Task1] Found 0 file(s) total, 0 .mp3 file(s).
[2026-07-01 08:27:47] [Task1] No .mp3 files — nothing to publish.
[2026-07-01 08:27:47] [Task1] Next scan in 6 second(s)…
[2026-07-01 08:27:53] [Task1] Found 0 file(s) total, 0 .mp3 file(s).
[2026-07-01 08:27:53] [Task1] No .mp3 files — nothing to publish.
[2026-07-01 08:27:53] [Task1] Next scan in 6 second(s)…
[2026-07-01 08:27:59] [Task1] Found 0 file(s) total, 0 .mp3 file(s).
[2026-07-01 08:27:59] [Task1] No .mp3 files — nothing to publish.
[2026-07-01 08:27:59] [Task1] Next scan in 6 second(s)…
[2026-07-01 08:28:05] [Task1] Found 0 file(s) total, 0 .mp3 file(s).
[2026-07-01 08:28:05] [Task1] No .mp3 files — nothing to publish.
[2026-07-01 08:28:05] [Task1] Next scan in 6 second(s)…
[2026-07-01 08:28:11] [Task1] Found 0 file(s) total, 0 .mp3 file(s).
[2026-07-01 08:28:11] [Task1] No .mp3 files — nothing to publish.
[2026-07-01 08:28:11] [Task1] Next scan in 6 second(s)…
[2026-07-01 08:28:17] [Task1] Found 0 file(s) total, 0 .mp3 file(s).
[2026-07-01 08:28:17] [Task1] No .mp3 files — nothing to publish.
[2026-07-01 08:28:17] [Task1] Next scan in 6 second(s)…
[2026-07-01 08:28:23] [Task1] Found 0 file(s) total, 0 .mp3 file(s).
[2026-07-01 08:28:23] [Task1] No .mp3 files — nothing to publish.
[2026-07-01 08:28:23] [Task1] Next scan in 6 second(s)…
[2026-07-01 08:28:29] [Task1] Found 0 file(s) total, 0 .mp3 file(s).
[2026-07-01 08:28:29] [Task1] No .mp3 files — nothing to publish.
[2026-07-01 08:28:29] [Task1] Next scan in 6 second(s)…
[2026-07-01 08:28:35] [Task1] Found 0 file(s) total, 0 .mp3 file(s).
[2026-07-01 08:28:35] [Task1] No .mp3 files — nothing to publish.
[2026-07-01 08:28:35] [Task1] Next scan in 6 second(s)…
[2026-07-01 08:28:41] [Task1] Found 0 file(s) total, 0 .mp3 file(s).
[2026-07-01 08:28:41] [Task1] No .mp3 files — nothing to publish.
[2026-07-01 08:28:41] [Task1] Next scan in 6 second(s)…
[2026-07-01 08:28:47] [Task1] Found 0 file(s) total, 0 .mp3 file(s).
[2026-07-01 08:28:47] [Task1] No .mp3 files — nothing to publish.
[2026-07-01 08:28:47] [Task1] Next scan in 6 second(s)…
[2026-07-01 08:28:53] [Task1] Found 0 file(s) total, 0 .mp3 file(s).
[2026-07-01 08:28:53] [Task1] No .mp3 files — nothing to publish.
[2026-07-01 08:28:53] [Task1] Next scan in 6 second(s)…
[2026-07-01 08:28:59] [Task1] Found 0 file(s) total, 0 .mp3 file(s).
[2026-07-01 08:28:59] [Task1] No .mp3 files — nothing to publish.
[2026-07-01 08:28:59] [Task1] Next scan in 6 second(s)…
[2026-07-01 08:29:05] [Task1] Found 0 file(s) total, 0 .mp3 file(s).
[2026-07-01 08:29:05] [Task1] No .mp3 files — nothing to publish.
[2026-07-01 08:29:05] [Task1] Next scan in 6 second(s)…
[2026-07-01 08:29:11] [Task1] Found 0 file(s) total, 0 .mp3 file(s).
[2026-07-01 08:29:11] [Task1] No .mp3 files — nothing to publish.
[2026-07-01 08:29:11] [Task1] Next scan in 6 second(s)…
[2026-07-01 08:29:17] [Task1] Found 0 file(s) total, 0 .mp3 file(s).
[2026-07-01 08:29:17] [Task1] No .mp3 files — nothing to publish.
[2026-07-01 08:29:17] [Task1] Next scan in 6 second(s)…
[2026-07-01 08:29:23] [Task1] Found 0 file(s) total, 0 .mp3 file(s).
[2026-07-01 08:29:23] [Task1] No .mp3 files — nothing to publish.
[2026-07-01 08:29:23] [Task1] Next scan in 6 second(s)…
[2026-07-01 08:29:29] [Task1] Found 0 file(s) total, 0 .mp3 file(s).
[2026-07-01 08:29:29] [Task1] No .mp3 files — nothing to publish.
[2026-07-01 08:29:29] [Task1] Next scan in 6 second(s)…
[2026-07-01 08:29:35] [Task1] Found 0 file(s) total, 0 .mp3 file(s).
[2026-07-01 08:29:35] [Task1] No .mp3 files — nothing to publish.
[2026-07-01 08:29:35] [Task1] Next scan in 6 second(s)…
[2026-07-01 08:29:41] [Task1] Found 0 file(s) total, 0 .mp3 file(s).
[2026-07-01 08:29:41] [Task1] No .mp3 files — nothing to publish.
[2026-07-01 08:29:41] [Task1] Next scan in 6 second(s)…
[2026-07-01 08:29:47] [Task1] Found 0 file(s) total, 0 .mp3 file(s).
[2026-07-01 08:29:47] [Task1] No .mp3 files — nothing to publish.
[2026-07-01 08:29:47] [Task1] Next scan in 6 second(s)…
[2026-07-01 08:29:53] [Task1] Found 0 file(s) total, 0 .mp3 file(s).
[2026-07-01 08:29:53] [Task1] No .mp3 files — nothing to publish.
[2026-07-01 08:29:53] [Task1] Next scan in 6 second(s)…
[2026-07-01 08:29:59] [Task1] Found 0 file(s) total, 0 .mp3 file(s).
[2026-07-01 08:29:59] [Task1] No .mp3 files — nothing to publish.
[2026-07-01 08:29:59] [Task1] Next scan in 6 second(s)…
[2026-07-01 08:30:05] [Task1] Found 0 file(s) total, 0 .mp3 file(s).
[2026-07-01 08:30:05] [Task1] No .mp3 files — nothing to publish.
[2026-07-01 08:30:05] [Task1] Next scan in 6 second(s)…
[2026-07-01 08:30:11] [Task1] Found 0 file(s) total, 0 .mp3 file(s).
[2026-07-01 08:30:11] [Task1] No .mp3 files — nothing to publish.
[2026-07-01 08:30:11] [Task1] Next scan in 6 second(s)…
[2026-07-01 08:30:17] [Task1] Found 0 file(s) total, 0 .mp3 file(s).
[2026-07-01 08:30:17] [Task1] No .mp3 files — nothing to publish.
[2026-07-01 08:30:17] [Task1] Next scan in 6 second(s)…
[2026-07-01 08:30:23] [Task1] Found 0 file(s) total, 0 .mp3 file(s).
[2026-07-01 08:30:23] [Task1] No .mp3 files — nothing to publish.
[2026-07-01 08:30:23] [Task1] Next scan in 6 second(s)…
[2026-07-01 08:30:29] [Task1] Found 0 file(s) total, 0 .mp3 file(s).
[2026-07-01 08:30:29] [Task1] No .mp3 files — nothing to publish.
[2026-07-01 08:30:29] [Task1] Next scan in 6 second(s)…
[2026-07-01 08:30:35] [Task1] Found 0 file(s) total, 0 .mp3 file(s).
[2026-07-01 08:30:35] [Task1] No .mp3 files — nothing to publish.
[2026-07-01 08:30:35] [Task1] Next scan in 6 second(s)…
[2026-07-01 08:30:41] [Task1] Found 0 file(s) total, 0 .mp3 file(s).
[2026-07-01 08:30:41] [Task1] No .mp3 files — nothing to publish.
[2026-07-01 08:30:41] [Task1] Next scan in 6 second(s)…
[2026-07-01 08:30:47] [Task1] Found 0 file(s) total, 0 .mp3 file(s).
[2026-07-01 08:30:47] [Task1] No .mp3 files — nothing to publish.
[2026-07-01 08:30:47] [Task1] Next scan in 6 second(s)…
[2026-07-01 08:30:53] [Task1] Found 0 file(s) total, 0 .mp3 file(s).
[2026-07-01 08:30:53] [Task1] No .mp3 files — nothing to publish.
[2026-07-01 08:30:53] [Task1] Next scan in 6 second(s)…
[2026-07-01 08:30:59] [Task1] Found 0 file(s) total, 0 .mp3 file(s).
[2026-07-01 08:30:59] [Task1] No .mp3 files — nothing to publish.
[2026-07-01 08:30:59] [Task1] Next scan in 6 second(s)…
[2026-07-01 08:31:05] [Task1] Found 0 file(s) total, 0 .mp3 file(s).
[2026-07-01 08:31:05] [Task1] No .mp3 files — nothing to publish.
[2026-07-01 08:31:05] [Task1] Next scan in 6 second(s)…
[2026-07-01 08:31:11] [Task1] Found 0 file(s) total, 0 .mp3 file(s).
[2026-07-01 08:31:11] [Task1] No .mp3 files — nothing to publish.
[2026-07-01 08:31:11] [Task1] Next scan in 6 second(s)…
[2026-07-01 08:31:17] [Task1] Found 0 file(s) total, 0 .mp3 file(s).
[2026-07-01 08:31:17] [Task1] No .mp3 files — nothing to publish.
[2026-07-01 08:31:17] [Task1] Next scan in 6 second(s)…
[2026-07-01 08:31:23] [Task1] Found 0 file(s) total, 0 .mp3 file(s).
[2026-07-01 08:31:23] [Task1] No .mp3 files — nothing to publish.
[2026-07-01 08:31:23] [Task1] Next scan in 6 second(s)…
[2026-07-01 08:31:29] [Task1] Found 0 file(s) total, 0 .mp3 file(s).
[2026-07-01 08:31:29] [Task1] No .mp3 files — nothing to publish.
[2026-07-01 08:31:29] [Task1] Next scan in 6 second(s)…
[2026-07-01 08:31:35] [Task1] Found 0 file(s) total, 0 .mp3 file(s).
[2026-07-01 08:31:35] [Task1] No .mp3 files — nothing to publish.
[2026-07-01 08:31:35] [Task1] Next scan in 6 second(s)…
[2026-07-01 08:31:41] [Task1] Found 0 file(s) total, 0 .mp3 file(s).
[2026-07-01 08:31:41] [Task1] No .mp3 files — nothing to publish.
[2026-07-01 08:31:41] [Task1] Next scan in 6 second(s)…
[2026-07-01 08:31:47] [Task1] Found 0 file(s) total, 0 .mp3 file(s).
[2026-07-01 08:31:47] [Task1] No .mp3 files — nothing to publish.
[2026-07-01 08:31:47] [Task1] Next scan in 6 second(s)…
[2026-07-01 08:31:53] [Task1] Found 0 file(s) total, 0 .mp3 file(s).
[2026-07-01 08:31:53] [Task1] No .mp3 files — nothing to publish.
[2026-07-01 08:31:53] [Task1] Next scan in 6 second(s)…
[2026-07-01 08:31:59] [Task1] Found 0 file(s) total, 0 .mp3 file(s).
[2026-07-01 08:31:59] [Task1] No .mp3 files — nothing to publish.
[2026-07-01 08:31:59] [Task1] Next scan in 6 second(s)…
[2026-07-01 08:32:05] [Task1] Found 0 file(s) total, 0 .mp3 file(s).
[2026-07-01 08:32:05] [Task1] No .mp3 files — nothing to publish.
[2026-07-01 08:32:05] [Task1] Next scan in 6 second(s)…
[2026-07-01 08:32:11] [Task1] Found 0 file(s) total, 0 .mp3 file(s).
[2026-07-01 08:32:11] [Task1] No .mp3 files — nothing to publish.
[2026-07-01 08:32:11] [Task1] Next scan in 6 second(s)…
[2026-07-01 08:32:17] [Task1] Found 0 file(s) total, 0 .mp3 file(s).
[2026-07-01 08:32:17] [Task1] No .mp3 files — nothing to publish.
[2026-07-01 08:32:17] [Task1] Next scan in 6 second(s)…
[2026-07-01 08:32:23] [Task1] Found 0 file(s) total, 0 .mp3 file(s).
[2026-07-01 08:32:23] [Task1] No .mp3 files — nothing to publish.
[2026-07-01 08:32:23] [Task1] Next scan in 6 second(s)…
[2026-07-01 08:32:29] [Task1] Found 0 file(s) total, 0 .mp3 file(s).
[2026-07-01 08:32:29] [Task1] No .mp3 files — nothing to publish.
[2026-07-01 08:32:29] [Task1] Next scan in 6 second(s)…
[2026-07-01 08:32:35] [Task1] Found 0 file(s) total, 0 .mp3 file(s).
[2026-07-01 08:32:35] [Task1] No .mp3 files — nothing to publish.
[2026-07-01 08:32:35] [Task1] Next scan in 6 second(s)…
[2026-07-01 08:32:41] [Task1] Found 0 file(s) total, 0 .mp3 file(s).
[2026-07-01 08:32:41] [Task1] No .mp3 files — nothing to publish.
[2026-07-01 08:32:41] [Task1] Next scan in 6 second(s)…
[2026-07-01 08:32:47] [Task1] Found 0 file(s) total, 0 .mp3 file(s).
[2026-07-01 08:32:47] [Task1] No .mp3 files — nothing to publish.
[2026-07-01 08:32:47] [Task1] Next scan in 6 second(s)…
[2026-07-01 08:32:53] [Task1] Found 0 file(s) total, 0 .mp3 file(s).
[2026-07-01 08:32:53] [Task1] No .mp3 files — nothing to publish.
[2026-07-01 08:32:53] [Task1] Next scan in 6 second(s)…
[2026-07-01 08:32:59] [Task1] Found 0 file(s) total, 0 .mp3 file(s).
[2026-07-01 08:32:59] [Task1] No .mp3 files — nothing to publish.
[2026-07-01 08:32:59] [Task1] Next scan in 6 second(s)…
[2026-07-01 08:33:05] [Task1] Found 0 file(s) total, 0 .mp3 file(s).
[2026-07-01 08:33:05] [Task1] No .mp3 files — nothing to publish.
[2026-07-01 08:33:05] [Task1] Next scan in 6 second(s)…
[2026-07-01 08:33:11] [Task1] Found 0 file(s) total, 0 .mp3 file(s).
[2026-07-01 08:33:11] [Task1] No .mp3 files — nothing to publish.
[2026-07-01 08:33:11] [Task1] Next scan in 6 second(s)…
[2026-07-01 08:33:17] [Task1] Found 0 file(s) total, 0 .mp3 file(s).
[2026-07-01 08:33:17] [Task1] No .mp3 files — nothing to publish.
[2026-07-01 08:33:17] [Task1] Next scan in 6 second(s)…
[2026-07-01 08:33:23] [Task1] Found 0 file(s) total, 0 .mp3 file(s).
[2026-07-01 08:33:23] [Task1] No .mp3 files — nothing to publish.
[2026-07-01 08:33:23] [Task1] Next scan in 6 second(s)…
[2026-07-01 08:33:29] [Task1] Found 0 file(s) total, 0 .mp3 file(s).
[2026-07-01 08:33:29] [Task1] No .mp3 files — nothing to publish.
[2026-07-01 08:33:29] [Task1] Next scan in 6 second(s)…
[2026-07-01 08:33:35] [Task1] Found 0 file(s) total, 0 .mp3 file(s).
[2026-07-01 08:33:35] [Task1] No .mp3 files — nothing to publish.
[2026-07-01 08:33:35] [Task1] Next scan in 6 second(s)…
[2026-07-01 08:33:41] [Task1] Found 0 file(s) total, 0 .mp3 file(s).
[2026-07-01 08:33:41] [Task1] No .mp3 files — nothing to publish.
[2026-07-01 08:33:41] [Task1] Next scan in 6 second(s)…
[2026-07-01 08:33:47] [Task1] Found 0 file(s) total, 0 .mp3 file(s).
[2026-07-01 08:33:47] [Task1] No .mp3 files — nothing to publish.
[2026-07-01 08:33:47] [Task1] Next scan in 6 second(s)…
[2026-07-01 08:33:53] [Task1] Found 0 file(s) total, 0 .mp3 file(s).
[2026-07-01 08:33:53] [Task1] No .mp3 files — nothing to publish.
[2026-07-01 08:33:53] [Task1] Next scan in 6 second(s)…
[2026-07-01 08:33:59] [Task1] Found 0 file(s) total, 0 .mp3 file(s).
[2026-07-01 08:33:59] [Task1] No .mp3 files — nothing to publish.
[2026-07-01 08:33:59] [Task1] Next scan in 6 second(s)…
[2026-07-01 08:34:05] [Task1] Found 0 file(s) total, 0 .mp3 file(s).
[2026-07-01 08:34:05] [Task1] No .mp3 files — nothing to publish.
[2026-07-01 08:34:05] [Task1] Next scan in 6 second(s)…
[2026-07-01 08:34:11] [Task1] Found 0 file(s) total, 0 .mp3 file(s).
[2026-07-01 08:34:11] [Task1] No .mp3 files — nothing to publish.
[2026-07-01 08:34:11] [Task1] Next scan in 6 second(s)…
[2026-07-01 08:34:17] [Task1] Found 0 file(s) total, 0 .mp3 file(s).
[2026-07-01 08:34:17] [Task1] No .mp3 files — nothing to publish.
[2026-07-01 08:34:17] [Task1] Next scan in 6 second(s)…
[2026-07-01 08:34:23] [Task1] Found 0 file(s) total, 0 .mp3 file(s).
[2026-07-01 08:34:23] [Task1] No .mp3 files — nothing to publish.
[2026-07-01 08:34:23] [Task1] Next scan in 6 second(s)…
[2026-07-01 08:34:29] [Task1] Found 0 file(s) total, 0 .mp3 file(s).
[2026-07-01 08:34:29] [Task1] No .mp3 files — nothing to publish.
[2026-07-01 08:34:29] [Task1] Next scan in 6 second(s)…
[2026-07-01 08:34:35] [Task1] Found 0 file(s) total, 0 .mp3 file(s).
[2026-07-01 08:34:35] [Task1] No .mp3 files — nothing to publish.
[2026-07-01 08:34:35] [Task1] Next scan in 6 second(s)…
[2026-07-01 08:34:41] [Task1] Found 0 file(s) total, 0 .mp3 file(s).
[2026-07-01 08:34:41] [Task1] No .mp3 files — nothing to publish.
[2026-07-01 08:34:41] [Task1] Next scan in 6 second(s)…
[2026-07-01 08:34:47] [Task1] Found 0 file(s) total, 0 .mp3 file(s).
[2026-07-01 08:34:47] [Task1] No .mp3 files — nothing to publish.
[2026-07-01 08:34:47] [Task1] Next scan in 6 second(s)…
[2026-07-01 08:34:53] [Task1] Found 0 file(s) total, 0 .mp3 file(s).
[2026-07-01 08:34:53] [Task1] No .mp3 files — nothing to publish.
[2026-07-01 08:34:53] [Task1] Next scan in 6 second(s)…
[2026-07-01 08:34:59] [Task1] Found 0 file(s) total, 0 .mp3 file(s).
[2026-07-01 08:34:59] [Task1] No .mp3 files — nothing to publish.
[2026-07-01 08:34:59] [Task1] Next scan in 6 second(s)…
[2026-07-01 08:35:05] [Task1] Found 0 file(s) total, 0 .mp3 file(s).
[2026-07-01 08:35:05] [Task1] No .mp3 files — nothing to publish.
[2026-07-01 08:35:05] [Task1] Next scan in 6 second(s)…
[2026-07-01 08:35:11] [Task1] Found 0 file(s) total, 0 .mp3 file(s).
[2026-07-01 08:35:11] [Task1] No .mp3 files — nothing to publish.
[2026-07-01 08:35:11] [Task1] Next scan in 6 second(s)…
[2026-07-01 08:35:17] [Task1] Found 0 file(s) total, 0 .mp3 file(s).
[2026-07-01 08:35:17] [Task1] No .mp3 files — nothing to publish.
[2026-07-01 08:35:17] [Task1] Next scan in 6 second(s)…
[2026-07-01 08:35:23] [Task1] Found 0 file(s) total, 0 .mp3 file(s).
[2026-07-01 08:35:23] [Task1] No .mp3 files — nothing to publish.
[2026-07-01 08:35:23] [Task1] Next scan in 6 second(s)…
[2026-07-01 08:35:29] [Task1] Found 0 file(s) total, 0 .mp3 file(s).
[2026-07-01 08:35:29] [Task1] No .mp3 files — nothing to publish.
[2026-07-01 08:35:29] [Task1] Next scan in 6 second(s)…
[2026-07-01 08:35:35] [Task1] Found 0 file(s) total, 0 .mp3 file(s).
[2026-07-01 08:35:35] [Task1] No .mp3 files — nothing to publish.
[2026-07-01 08:35:35] [Task1] Next scan in 6 second(s)…
[2026-07-01 08:35:41] [Task1] Found 0 file(s) total, 0 .mp3 file(s).
[2026-07-01 08:35:41] [Task1] No .mp3 files — nothing to publish.
[2026-07-01 08:35:41] [Task1] Next scan in 6 second(s)…
[2026-07-01 08:35:47] [Task1] Found 0 file(s) total, 0 .mp3 file(s).
[2026-07-01 08:35:47] [Task1] No .mp3 files — nothing to publish.
[2026-07-01 08:35:47] [Task1] Next scan in 6 second(s)…
[2026-07-01 08:35:53] [Task1] Found 0 file(s) total, 0 .mp3 file(s).
[2026-07-01 08:35:53] [Task1] No .mp3 files — nothing to publish.
[2026-07-01 08:35:53] [Task1] Next scan in 6 second(s)…
[2026-07-01 08:35:59] [Task1] Found 0 file(s) total, 0 .mp3 file(s).
[2026-07-01 08:35:59] [Task1] No .mp3 files — nothing to publish.
[2026-07-01 08:35:59] [Task1] Next scan in 6 second(s)…
[2026-07-01 08:36:05] [Task1] Found 0 file(s) total, 0 .mp3 file(s).
[2026-07-01 08:36:05] [Task1] No .mp3 files — nothing to publish.
[2026-07-01 08:36:05] [Task1] Next scan in 6 second(s)…
[2026-07-01 08:36:11] [Task1] Found 0 file(s) total, 0 .mp3 file(s).
[2026-07-01 08:36:11] [Task1] No .mp3 files — nothing to publish.
[2026-07-01 08:36:11] [Task1] Next scan in 6 second(s)…
[2026-07-01 08:36:17] [Task1] Found 0 file(s) total, 0 .mp3 file(s).
[2026-07-01 08:36:17] [Task1] No .mp3 files — nothing to publish.
[2026-07-01 08:36:17] [Task1] Next scan in 6 second(s)…
[2026-07-01 08:36:23] [Task1] Found 0 file(s) total, 0 .mp3 file(s).
[2026-07-01 08:36:23] [Task1] No .mp3 files — nothing to publish.
[2026-07-01 08:36:23] [Task1] Next scan in 6 second(s)…
[2026-07-01 08:36:29] [Task1] Found 0 file(s) total, 0 .mp3 file(s).
[2026-07-01 08:36:29] [Task1] No .mp3 files — nothing to publish.
[2026-07-01 08:36:29] [Task1] Next scan in 6 second(s)…
[2026-07-01 08:36:35] [Task1] Found 0 file(s) total, 0 .mp3 file(s).
[2026-07-01 08:36:35] [Task1] No .mp3 files — nothing to publish.
[2026-07-01 08:36:35] [Task1] Next scan in 6 second(s)…
[2026-07-01 08:36:41] [Task1] Found 0 file(s) total, 0 .mp3 file(s).
[2026-07-01 08:36:41] [Task1] No .mp3 files — nothing to publish.
[2026-07-01 08:36:41] [Task1] Next scan in 6 second(s)…
[2026-07-01 08:36:48] [Task1] Found 0 file(s) total, 0 .mp3 file(s).
[2026-07-01 08:36:48] [Task1] No .mp3 files — nothing to publish.
[2026-07-01 08:36:48] [Task1] Next scan in 6 second(s)…
[2026-07-01 08:36:54] [Task1] Found 0 file(s) total, 0 .mp3 file(s).
[2026-07-01 08:36:54] [Task1] No .mp3 files — nothing to publish.
[2026-07-01 08:36:54] [Task1] Next scan in 6 second(s)…
[2026-07-01 08:37:00] [Task1] Found 0 file(s) total, 0 .mp3 file(s).
[2026-07-01 08:37:00] [Task1] No .mp3 files — nothing to publish.
[2026-07-01 08:37:00] [Task1] Next scan in 6 second(s)…
[2026-07-01 08:37:06] [Task1] Found 0 file(s) total, 0 .mp3 file(s).
[2026-07-01 08:37:06] [Task1] No .mp3 files — nothing to publish.
[2026-07-01 08:37:06] [Task1] Next scan in 6 second(s)…
[2026-07-01 08:37:12] [Task1] Found 0 file(s) total, 0 .mp3 file(s).
[2026-07-01 08:37:12] [Task1] No .mp3 files — nothing to publish.
[2026-07-01 08:37:12] [Task1] Next scan in 6 second(s)…
[2026-07-01 08:37:18] [Task1] Found 0 file(s) total, 0 .mp3 file(s).
[2026-07-01 08:37:18] [Task1] No .mp3 files — nothing to publish.
[2026-07-01 08:37:18] [Task1] Next scan in 6 second(s)…
[2026-07-01 08:37:24] [Task1] Found 0 file(s) total, 0 .mp3 file(s).
[2026-07-01 08:37:24] [Task1] No .mp3 files — nothing to publish.
[2026-07-01 08:37:24] [Task1] Next scan in 6 second(s)…
[2026-07-01 08:37:30] [Task1] Found 0 file(s) total, 0 .mp3 file(s).
[2026-07-01 08:37:30] [Task1] No .mp3 files — nothing to publish.
[2026-07-01 08:37:30] [Task1] Next scan in 6 second(s)…
[2026-07-01 08:37:36] [Task1] Found 0 file(s) total, 0 .mp3 file(s).
[2026-07-01 08:37:36] [Task1] No .mp3 files — nothing to publish.
[2026-07-01 08:37:36] [Task1] Next scan in 6 second(s)…
[2026-07-01 08:37:42] [Task1] Found 0 file(s) total, 0 .mp3 file(s).
[2026-07-01 08:37:42] [Task1] No .mp3 files — nothing to publish.
[2026-07-01 08:37:42] [Task1] Next scan in 6 second(s)…
[2026-07-01 08:37:48] [Task1] Found 0 file(s) total, 0 .mp3 file(s).
[2026-07-01 08:37:48] [Task1] No .mp3 files — nothing to publish.
[2026-07-01 08:37:48] [Task1] Next scan in 6 second(s)…
[2026-07-01 08:37:54] [Task1] Found 0 file(s) total, 0 .mp3 file(s).
[2026-07-01 08:37:54] [Task1] No .mp3 files — nothing to publish.
[2026-07-01 08:37:54] [Task1] Next scan in 6 second(s)…
[2026-07-01 08:38:00] [Task1] Found 0 file(s) total, 0 .mp3 file(s).
[2026-07-01 08:38:00] [Task1] No .mp3 files — nothing to publish.
[2026-07-01 08:38:00] [Task1] Next scan in 6 second(s)…
[2026-07-01 08:38:06] [Task1] Found 0 file(s) total, 0 .mp3 file(s).
[2026-07-01 08:38:06] [Task1] No .mp3 files — nothing to publish.
[2026-07-01 08:38:06] [Task1] Next scan in 6 second(s)…
[2026-07-01 08:38:12] [Task1] Found 0 file(s) total, 0 .mp3 file(s).
[2026-07-01 08:38:12] [Task1] No .mp3 files — nothing to publish.
[2026-07-01 08:38:12] [Task1] Next scan in 6 second(s)…
[2026-07-01 08:38:18] [Task1] Found 0 file(s) total, 0 .mp3 file(s).
[2026-07-01 08:38:18] [Task1] No .mp3 files — nothing to publish.
[2026-07-01 08:38:18] [Task1] Next scan in 6 second(s)…
[2026-07-01 08:38:24] [Task1] Found 0 file(s) total, 0 .mp3 file(s).
[2026-07-01 08:38:24] [Task1] No .mp3 files — nothing to publish.
[2026-07-01 08:38:24] [Task1] Next scan in 6 second(s)…
[2026-07-01 08:38:30] [Task1] Found 0 file(s) total, 0 .mp3 file(s).
[2026-07-01 08:38:30] [Task1] No .mp3 files — nothing to publish.
[2026-07-01 08:38:30] [Task1] Next scan in 6 second(s)…
[2026-07-01 08:38:36] [Task1] Found 0 file(s) total, 0 .mp3 file(s).
[2026-07-01 08:38:36] [Task1] No .mp3 files — nothing to publish.
[2026-07-01 08:38:36] [Task1] Next scan in 6 second(s)…
[2026-07-01 08:38:42] [Task1] Found 0 file(s) total, 0 .mp3 file(s).
[2026-07-01 08:38:42] [Task1] No .mp3 files — nothing to publish.
[2026-07-01 08:38:42] [Task1] Next scan in 6 second(s)…
[2026-07-01 08:38:48] [Task1] Found 0 file(s) total, 0 .mp3 file(s).
[2026-07-01 08:38:48] [Task1] No .mp3 files — nothing to publish.
[2026-07-01 08:38:48] [Task1] Next scan in 6 second(s)…
[2026-07-01 08:38:54] [Task1] Found 0 file(s) total, 0 .mp3 file(s).
[2026-07-01 08:38:54] [Task1] No .mp3 files — nothing to publish.
[2026-07-01 08:38:54] [Task1] Next scan in 6 second(s)…
[2026-07-01 08:39:00] [Task1] Found 0 file(s) total, 0 .mp3 file(s).
[2026-07-01 08:39:00] [Task1] No .mp3 files — nothing to publish.
[2026-07-01 08:39:00] [Task1] Next scan in 6 second(s)…
[2026-07-01 08:39:06] [Task1] Found 0 file(s) total, 0 .mp3 file(s).
[2026-07-01 08:39:06] [Task1] No .mp3 files — nothing to publish.
[2026-07-01 08:39:06] [Task1] Next scan in 6 second(s)…
[2026-07-01 08:39:12] [Task1] Found 0 file(s) total, 0 .mp3 file(s).
[2026-07-01 08:39:12] [Task1] No .mp3 files — nothing to publish.
[2026-07-01 08:39:12] [Task1] Next scan in 6 second(s)…
[2026-07-01 08:39:18] [Task1] Found 0 file(s) total, 0 .mp3 file(s).
[2026-07-01 08:39:18] [Task1] No .mp3 files — nothing to publish.
[2026-07-01 08:39:18] [Task1] Next scan in 6 second(s)…
[2026-07-01 08:39:24] [Task1] Found 0 file(s) total, 0 .mp3 file(s).
[2026-07-01 08:39:24] [Task1] No .mp3 files — nothing to publish.
[2026-07-01 08:39:24] [Task1] Next scan in 6 second(s)…
[2026-07-01 08:39:30] [Task1] Found 0 file(s) total, 0 .mp3 file(s).
[2026-07-01 08:39:30] [Task1] No .mp3 files — nothing to publish.
[2026-07-01 08:39:30] [Task1] Next scan in 6 second(s)…
[2026-07-01 08:39:36] [Task1] Found 0 file(s) total, 0 .mp3 file(s).
[2026-07-01 08:39:36] [Task1] No .mp3 files — nothing to publish.
[2026-07-01 08:39:36] [Task1] Next scan in 6 second(s)…
[2026-07-01 08:39:42] [Task1] Found 0 file(s) total, 0 .mp3 file(s).
[2026-07-01 08:39:42] [Task1] No .mp3 files — nothing to publish.
[2026-07-01 08:39:42] [Task1] Next scan in 6 second(s)…
[2026-07-01 08:39:48] [Task1] Found 0 file(s) total, 0 .mp3 file(s).
[2026-07-01 08:39:48] [Task1] No .mp3 files — nothing to publish.
[2026-07-01 08:39:48] [Task1] Next scan in 6 second(s)…
[2026-07-01 08:39:54] [Task1] Found 0 file(s) total, 0 .mp3 file(s).
[2026-07-01 08:39:54] [Task1] No .mp3 files — nothing to publish.
[2026-07-01 08:39:54] [Task1] Next scan in 6 second(s)…
[2026-07-01 08:40:00] [Task1] Found 0 file(s) total, 0 .mp3 file(s).
[2026-07-01 08:40:00] [Task1] No .mp3 files — nothing to publish.
[2026-07-01 08:40:00] [Task1] Next scan in 6 second(s)…
[2026-07-01 08:40:06] [Task1] Found 0 file(s) total, 0 .mp3 file(s).
[2026-07-01 08:40:06] [Task1] No .mp3 files — nothing to publish.
[2026-07-01 08:40:06] [Task1] Next scan in 6 second(s)…
[2026-07-01 08:40:12] [Task1] Found 0 file(s) total, 0 .mp3 file(s).
[2026-07-01 08:40:12] [Task1] No .mp3 files — nothing to publish.
[2026-07-01 08:40:12] [Task1] Next scan in 6 second(s)…
[2026-07-01 08:40:18] [Task1] Found 0 file(s) total, 0 .mp3 file(s).
[2026-07-01 08:40:18] [Task1] No .mp3 files — nothing to publish.
[2026-07-01 08:40:18] [Task1] Next scan in 6 second(s)…
[2026-07-01 08:40:24] [Task1] Found 0 file(s) total, 0 .mp3 file(s).
[2026-07-01 08:40:24] [Task1] No .mp3 files — nothing to publish.
[2026-07-01 08:40:24] [Task1] Next scan in 6 second(s)…
[2026-07-01 08:40:30] [Task1] Found 0 file(s) total, 0 .mp3 file(s).
[2026-07-01 08:40:30] [Task1] No .mp3 files — nothing to publish.
[2026-07-01 08:40:30] [Task1] Next scan in 6 second(s)…
[2026-07-01 08:40:36] [Task1] Found 0 file(s) total, 0 .mp3 file(s).
[2026-07-01 08:40:36] [Task1] No .mp3 files — nothing to publish.
[2026-07-01 08:40:36] [Task1] Next scan in 6 second(s)…
[2026-07-01 08:40:42] [Task1] Found 0 file(s) total, 0 .mp3 file(s).
[2026-07-01 08:40:42] [Task1] No .mp3 files — nothing to publish.
[2026-07-01 08:40:42] [Task1] Next scan in 6 second(s)…
[2026-07-01 08:40:48] [Task1] Found 0 file(s) total, 0 .mp3 file(s).
[2026-07-01 08:40:48] [Task1] No .mp3 files — nothing to publish.
[2026-07-01 08:40:48] [Task1] Next scan in 6 second(s)…
[2026-07-01 08:40:54] [Task1] Found 0 file(s) total, 0 .mp3 file(s).
[2026-07-01 08:40:54] [Task1] No .mp3 files — nothing to publish.
[2026-07-01 08:40:54] [Task1] Next scan in 6 second(s)…
[2026-07-01 08:41:00] [Task1] Found 0 file(s) total, 0 .mp3 file(s).
[2026-07-01 08:41:00] [Task1] No .mp3 files — nothing to publish.
[2026-07-01 08:41:00] [Task1] Next scan in 6 second(s)…
[2026-07-01 08:41:06] [Task1] Found 0 file(s) total, 0 .mp3 file(s).
[2026-07-01 08:41:06] [Task1] No .mp3 files — nothing to publish.
[2026-07-01 08:41:06] [Task1] Next scan in 6 second(s)…
[2026-07-01 08:41:12] [Task1] Found 0 file(s) total, 0 .mp3 file(s).
[2026-07-01 08:41:12] [Task1] No .mp3 files — nothing to publish.
[2026-07-01 08:41:12] [Task1] Next scan in 6 second(s)…
[2026-07-01 08:41:18] [Task1] Found 0 file(s) total, 0 .mp3 file(s).
[2026-07-01 08:41:18] [Task1] No .mp3 files — nothing to publish.
[2026-07-01 08:41:18] [Task1] Next scan in 6 second(s)…
[2026-07-01 08:41:24] [Task1] Found 0 file(s) total, 0 .mp3 file(s).
[2026-07-01 08:41:24] [Task1] No .mp3 files — nothing to publish.
[2026-07-01 08:41:24] [Task1] Next scan in 6 second(s)…
[2026-07-01 08:41:30] [Task1] Found 0 file(s) total, 0 .mp3 file(s).
[2026-07-01 08:41:30] [Task1] No .mp3 files — nothing to publish.
[2026-07-01 08:41:30] [Task1] Next scan in 6 second(s)…
[2026-07-01 08:41:36] [Task1] Found 0 file(s) total, 0 .mp3 file(s).
[2026-07-01 08:41:36] [Task1] No .mp3 files — nothing to publish.
[2026-07-01 08:41:36] [Task1] Next scan in 6 second(s)…
[2026-07-01 08:41:42] [Task1] Found 0 file(s) total, 0 .mp3 file(s).
[2026-07-01 08:41:42] [Task1] No .mp3 files — nothing to publish.
[2026-07-01 08:41:42] [Task1] Next scan in 6 second(s)…
[2026-07-01 08:41:48] [Task1] Found 0 file(s) total, 0 .mp3 file(s).
[2026-07-01 08:41:48] [Task1] No .mp3 files — nothing to publish.
[2026-07-01 08:41:48] [Task1] Next scan in 6 second(s)…
[2026-07-01 08:41:54] [Task1] Found 0 file(s) total, 0 .mp3 file(s).
[2026-07-01 08:41:54] [Task1] No .mp3 files — nothing to publish.
[2026-07-01 08:41:54] [Task1] Next scan in 6 second(s)…
[2026-07-01 08:42:00] [Task1] Found 0 file(s) total, 0 .mp3 file(s).
[2026-07-01 08:42:00] [Task1] No .mp3 files — nothing to publish.
[2026-07-01 08:42:00] [Task1] Next scan in 6 second(s)…
[2026-07-01 08:42:06] [Task1] Found 0 file(s) total, 0 .mp3 file(s).
[2026-07-01 08:42:06] [Task1] No .mp3 files — nothing to publish.
[2026-07-01 08:42:06] [Task1] Next scan in 6 second(s)…
[2026-07-01 08:42:12] [Task1] Found 0 file(s) total, 0 .mp3 file(s).
[2026-07-01 08:42:12] [Task1] No .mp3 files — nothing to publish.
[2026-07-01 08:42:12] [Task1] Next scan in 6 second(s)…
[2026-07-01 08:42:18] [Task1] Found 0 file(s) total, 0 .mp3 file(s).
[2026-07-01 08:42:18] [Task1] No .mp3 files — nothing to publish.
[2026-07-01 08:42:18] [Task1] Next scan in 6 second(s)…
[2026-07-01 08:42:24] [Task1] Found 0 file(s) total, 0 .mp3 file(s).
[2026-07-01 08:42:24] [Task1] No .mp3 files — nothing to publish.
[2026-07-01 08:42:24] [Task1] Next scan in 6 second(s)…
[2026-07-01 08:42:30] [Task1] Found 0 file(s) total, 0 .mp3 file(s).
[2026-07-01 08:42:30] [Task1] No .mp3 files — nothing to publish.
[2026-07-01 08:42:30] [Task1] Next scan in 6 second(s)…
[2026-07-01 08:42:36] [Task1] Found 0 file(s) total, 0 .mp3 file(s).
[2026-07-01 08:42:36] [Task1] No .mp3 files — nothing to publish.
[2026-07-01 08:42:36] [Task1] Next scan in 6 second(s)…
[2026-07-01 08:42:42] [Task1] Found 0 file(s) total, 0 .mp3 file(s).
[2026-07-01 08:42:42] [Task1] No .mp3 files — nothing to publish.
[2026-07-01 08:42:42] [Task1] Next scan in 6 second(s)…
[2026-07-01 08:42:48] [Task1] Found 0 file(s) total, 0 .mp3 file(s).
[2026-07-01 08:42:48] [Task1] No .mp3 files — nothing to publish.
[2026-07-01 08:42:48] [Task1] Next scan in 6 second(s)…
[2026-07-01 08:42:54] [Task1] Found 0 file(s) total, 0 .mp3 file(s).
[2026-07-01 08:42:54] [Task1] No .mp3 files — nothing to publish.
[2026-07-01 08:42:54] [Task1] Next scan in 6 second(s)…
[2026-07-01 08:43:00] [Task1] Found 0 file(s) total, 0 .mp3 file(s).
[2026-07-01 08:43:00] [Task1] No .mp3 files — nothing to publish.
[2026-07-01 08:43:00] [Task1] Next scan in 6 second(s)…
[2026-07-01 08:43:06] [Task1] Found 0 file(s) total, 0 .mp3 file(s).
[2026-07-01 08:43:06] [Task1] No .mp3 files — nothing to publish.
[2026-07-01 08:43:06] [Task1] Next scan in 6 second(s)…
[2026-07-01 08:43:12] [Task1] Found 0 file(s) total, 0 .mp3 file(s).
[2026-07-01 08:43:12] [Task1] No .mp3 files — nothing to publish.
[2026-07-01 08:43:12] [Task1] Next scan in 6 second(s)…
[2026-07-01 08:43:18] [Task1] Found 0 file(s) total, 0 .mp3 file(s).
[2026-07-01 08:43:18] [Task1] No .mp3 files — nothing to publish.
[2026-07-01 08:43:18] [Task1] Next scan in 6 second(s)…
[2026-07-01 08:43:24] [Task1] Found 0 file(s) total, 0 .mp3 file(s).
[2026-07-01 08:43:24] [Task1] No .mp3 files — nothing to publish.
[2026-07-01 08:43:24] [Task1] Next scan in 6 second(s)…
[2026-07-01 08:43:30] [Task1] Found 0 file(s) total, 0 .mp3 file(s).
[2026-07-01 08:43:30] [Task1] No .mp3 files — nothing to publish.
[2026-07-01 08:43:30] [Task1] Next scan in 6 second(s)…
[2026-07-01 08:43:36] [Task1] Found 0 file(s) total, 0 .mp3 file(s).
[2026-07-01 08:43:36] [Task1] No .mp3 files — nothing to publish.
[2026-07-01 08:43:36] [Task1] Next scan in 6 second(s)…
[2026-07-01 08:43:42] [Task1] Found 0 file(s) total, 0 .mp3 file(s).
[2026-07-01 08:43:42] [Task1] No .mp3 files — nothing to publish.
[2026-07-01 08:43:42] [Task1] Next scan in 6 second(s)…
[2026-07-01 08:43:48] [Task1] Found 0 file(s) total, 0 .mp3 file(s).
[2026-07-01 08:43:48] [Task1] No .mp3 files — nothing to publish.
[2026-07-01 08:43:48] [Task1] Next scan in 6 second(s)…
[2026-07-01 08:43:54] [Task1] Found 0 file(s) total, 0 .mp3 file(s).
[2026-07-01 08:43:54] [Task1] No .mp3 files — nothing to publish.
[2026-07-01 08:43:54] [Task1] Next scan in 6 second(s)…
[2026-07-01 08:44:00] [Task1] Found 0 file(s) total, 0 .mp3 file(s).
[2026-07-01 08:44:00] [Task1] No .mp3 files — nothing to publish.
[2026-07-01 08:44:00] [Task1] Next scan in 6 second(s)…
[2026-07-01 08:44:06] [Task1] Found 0 file(s) total, 0 .mp3 file(s).
[2026-07-01 08:44:06] [Task1] No .mp3 files — nothing to publish.
[2026-07-01 08:44:06] [Task1] Next scan in 6 second(s)…
[2026-07-01 08:44:12] [Task1] Found 0 file(s) total, 0 .mp3 file(s).
[2026-07-01 08:44:12] [Task1] No .mp3 files — nothing to publish.
[2026-07-01 08:44:12] [Task1] Next scan in 6 second(s)…
[2026-07-01 08:44:18] [Task1] Found 0 file(s) total, 0 .mp3 file(s).
[2026-07-01 08:44:18] [Task1] No .mp3 files — nothing to publish.
[2026-07-01 08:44:18] [Task1] Next scan in 6 second(s)…
[2026-07-01 08:44:24] [Task1] Found 0 file(s) total, 0 .mp3 file(s).
[2026-07-01 08:44:24] [Task1] No .mp3 files — nothing to publish.
[2026-07-01 08:44:24] [Task1] Next scan in 6 second(s)…
[2026-07-01 08:44:30] [Task1] Found 0 file(s) total, 0 .mp3 file(s).
[2026-07-01 08:44:30] [Task1] No .mp3 files — nothing to publish.
[2026-07-01 08:44:30] [Task1] Next scan in 6 second(s)…
[2026-07-01 08:44:36] [Task1] Found 0 file(s) total, 0 .mp3 file(s).
[2026-07-01 08:44:36] [Task1] No .mp3 files — nothing to publish.
[2026-07-01 08:44:36] [Task1] Next scan in 6 second(s)…
[2026-07-01 08:44:42] [Task1] Found 0 file(s) total, 0 .mp3 file(s).
[2026-07-01 08:44:42] [Task1] No .mp3 files — nothing to publish.
[2026-07-01 08:44:42] [Task1] Next scan in 6 second(s)…
[2026-07-01 08:44:48] [Task1] Found 0 file(s) total, 0 .mp3 file(s).
[2026-07-01 08:44:48] [Task1] No .mp3 files — nothing to publish.
[2026-07-01 08:44:48] [Task1] Next scan in 6 second(s)…
[2026-07-01 08:44:54] [Task1] Found 0 file(s) total, 0 .mp3 file(s).
[2026-07-01 08:44:54] [Task1] No .mp3 files — nothing to publish.
[2026-07-01 08:44:54] [Task1] Next scan in 6 second(s)…
[2026-07-01 08:45:00] [Task1] Found 0 file(s) total, 0 .mp3 file(s).
[2026-07-01 08:45:00] [Task1] No .mp3 files — nothing to publish.
[2026-07-01 08:45:00] [Task1] Next scan in 6 second(s)…
[2026-07-01 08:45:06] [Task1] Found 0 file(s) total, 0 .mp3 file(s).
[2026-07-01 08:45:06] [Task1] No .mp3 files — nothing to publish.
[2026-07-01 08:45:06] [Task1] Next scan in 6 second(s)…
[2026-07-01 08:45:12] [Task1] Found 0 file(s) total, 0 .mp3 file(s).
[2026-07-01 08:45:12] [Task1] No .mp3 files — nothing to publish.
[2026-07-01 08:45:12] [Task1] Next scan in 6 second(s)…
[2026-07-01 08:45:18] [Task1] Found 0 file(s) total, 0 .mp3 file(s).
[2026-07-01 08:45:18] [Task1] No .mp3 files — nothing to publish.
[2026-07-01 08:45:18] [Task1] Next scan in 6 second(s)…
[2026-07-01 08:45:24] [Task1] Found 0 file(s) total, 0 .mp3 file(s).
[2026-07-01 08:45:24] [Task1] No .mp3 files — nothing to publish.
[2026-07-01 08:45:24] [Task1] Next scan in 6 second(s)…
[2026-07-01 08:45:30] [Task1] Found 0 file(s) total, 0 .mp3 file(s).
[2026-07-01 08:45:30] [Task1] No .mp3 files — nothing to publish.
[2026-07-01 08:45:30] [Task1] Next scan in 6 second(s)…
[2026-07-01 08:45:36] [Task1] Found 0 file(s) total, 0 .mp3 file(s).
[2026-07-01 08:45:36] [Task1] No .mp3 files — nothing to publish.
[2026-07-01 08:45:36] [Task1] Next scan in 6 second(s)…
[2026-07-01 08:45:42] [Task1] Found 0 file(s) total, 0 .mp3 file(s).
[2026-07-01 08:45:42] [Task1] No .mp3 files — nothing to publish.
[2026-07-01 08:45:42] [Task1] Next scan in 6 second(s)…
[2026-07-01 08:45:48] [Task1] Found 0 file(s) total, 0 .mp3 file(s).
[2026-07-01 08:45:48] [Task1] No .mp3 files — nothing to publish.
[2026-07-01 08:45:48] [Task1] Next scan in 6 second(s)…
[2026-07-01 08:45:54] [Task1] Found 0 file(s) total, 0 .mp3 file(s).
[2026-07-01 08:45:54] [Task1] No .mp3 files — nothing to publish.
[2026-07-01 08:45:54] [Task1] Next scan in 6 second(s)…
[2026-07-01 08:46:00] [Task1] Found 0 file(s) total, 0 .mp3 file(s).
[2026-07-01 08:46:00] [Task1] No .mp3 files — nothing to publish.
[2026-07-01 08:46:00] [Task1] Next scan in 6 second(s)…
[2026-07-01 08:46:06] [Task1] Found 0 file(s) total, 0 .mp3 file(s).
[2026-07-01 08:46:06] [Task1] No .mp3 files — nothing to publish.
[2026-07-01 08:46:06] [Task1] Next scan in 6 second(s)…
[2026-07-01 08:46:12] [Task1] Found 0 file(s) total, 0 .mp3 file(s).
[2026-07-01 08:46:12] [Task1] No .mp3 files — nothing to publish.
[2026-07-01 08:46:12] [Task1] Next scan in 6 second(s)…
[2026-07-01 08:46:18] [Task1] Found 0 file(s) total, 0 .mp3 file(s).
[2026-07-01 08:46:18] [Task1] No .mp3 files — nothing to publish.
[2026-07-01 08:46:18] [Task1] Next scan in 6 second(s)…
[2026-07-01 08:46:24] [Task1] Found 0 file(s) total, 0 .mp3 file(s).
[2026-07-01 08:46:24] [Task1] No .mp3 files — nothing to publish.
[2026-07-01 08:46:24] [Task1] Next scan in 6 second(s)…
[2026-07-01 08:46:30] [Task1] Found 0 file(s) total, 0 .mp3 file(s).
[2026-07-01 08:46:30] [Task1] No .mp3 files — nothing to publish.
[2026-07-01 08:46:30] [Task1] Next scan in 6 second(s)…
[2026-07-01 08:46:36] [Task1] Found 0 file(s) total, 0 .mp3 file(s).
[2026-07-01 08:46:36] [Task1] No .mp3 files — nothing to publish.
[2026-07-01 08:46:36] [Task1] Next scan in 6 second(s)…
[2026-07-01 08:46:42] [Task1] Found 0 file(s) total, 0 .mp3 file(s).
[2026-07-01 08:46:42] [Task1] No .mp3 files — nothing to publish.
[2026-07-01 08:46:42] [Task1] Next scan in 6 second(s)…
[2026-07-01 08:46:48] [Task1] Found 0 file(s) total, 0 .mp3 file(s).
[2026-07-01 08:46:48] [Task1] No .mp3 files — nothing to publish.
[2026-07-01 08:46:48] [Task1] Next scan in 6 second(s)…
[2026-07-01 08:46:54] [Task1] Found 0 file(s) total, 0 .mp3 file(s).
[2026-07-01 08:46:54] [Task1] No .mp3 files — nothing to publish.
[2026-07-01 08:46:54] [Task1] Next scan in 6 second(s)…
[2026-07-01 08:47:00] [Task1] Found 0 file(s) total, 0 .mp3 file(s).
[2026-07-01 08:47:00] [Task1] No .mp3 files — nothing to publish.
[2026-07-01 08:47:00] [Task1] Next scan in 6 second(s)…
[2026-07-01 08:47:06] [Task1] Found 0 file(s) total, 0 .mp3 file(s).
[2026-07-01 08:47:06] [Task1] No .mp3 files — nothing to publish.
[2026-07-01 08:47:06] [Task1] Next scan in 6 second(s)…
[2026-07-01 08:47:12] [Task1] Found 0 file(s) total, 0 .mp3 file(s).
[2026-07-01 08:47:12] [Task1] No .mp3 files — nothing to publish.
[2026-07-01 08:47:12] [Task1] Next scan in 6 second(s)…
[2026-07-01 08:47:18] [Task1] Found 0 file(s) total, 0 .mp3 file(s).
[2026-07-01 08:47:18] [Task1] No .mp3 files — nothing to publish.
[2026-07-01 08:47:18] [Task1] Next scan in 6 second(s)…
[2026-07-01 08:47:24] [Task1] Found 0 file(s) total, 0 .mp3 file(s).
[2026-07-01 08:47:24] [Task1] No .mp3 files — nothing to publish.
[2026-07-01 08:47:24] [Task1] Next scan in 6 second(s)…
[2026-07-01 08:47:30] [Task1] Found 0 file(s) total, 0 .mp3 file(s).
[2026-07-01 08:47:30] [Task1] No .mp3 files — nothing to publish.
[2026-07-01 08:47:30] [Task1] Next scan in 6 second(s)…
[2026-07-01 08:47:36] [Task1] Found 0 file(s) total, 0 .mp3 file(s).
[2026-07-01 08:47:36] [Task1] No .mp3 files — nothing to publish.
[2026-07-01 08:47:36] [Task1] Next scan in 6 second(s)…
[2026-07-01 08:47:42] [Task1] Found 0 file(s) total, 0 .mp3 file(s).
[2026-07-01 08:47:42] [Task1] No .mp3 files — nothing to publish.
[2026-07-01 08:47:42] [Task1] Next scan in 6 second(s)…
[2026-07-01 08:47:48] [Task1] Found 0 file(s) total, 0 .mp3 file(s).
[2026-07-01 08:47:48] [Task1] No .mp3 files — nothing to publish.
[2026-07-01 08:47:48] [Task1] Next scan in 6 second(s)…
[2026-07-01 08:47:54] [Task1] Found 0 file(s) total, 0 .mp3 file(s).
[2026-07-01 08:47:54] [Task1] No .mp3 files — nothing to publish.
[2026-07-01 08:47:54] [Task1] Next scan in 6 second(s)…
[2026-07-01 08:48:00] [Task1] Found 0 file(s) total, 0 .mp3 file(s).
[2026-07-01 08:48:00] [Task1] No .mp3 files — nothing to publish.
[2026-07-01 08:48:00] [Task1] Next scan in 6 second(s)…
[2026-07-01 08:48:06] [Task1] Found 0 file(s) total, 0 .mp3 file(s).
[2026-07-01 08:48:06] [Task1] No .mp3 files — nothing to publish.
[2026-07-01 08:48:06] [Task1] Next scan in 6 second(s)…
[2026-07-01 08:48:12] [Task1] Found 0 file(s) total, 0 .mp3 file(s).
[2026-07-01 08:48:12] [Task1] No .mp3 files — nothing to publish.
[2026-07-01 08:48:12] [Task1] Next scan in 6 second(s)…
[2026-07-01 08:48:18] [Task1] Found 0 file(s) total, 0 .mp3 file(s).
[2026-07-01 08:48:18] [Task1] No .mp3 files — nothing to publish.
[2026-07-01 08:48:18] [Task1] Next scan in 6 second(s)…
[2026-07-01 08:48:25] [Task1] Found 0 file(s) total, 0 .mp3 file(s).
[2026-07-01 08:48:25] [Task1] No .mp3 files — nothing to publish.
[2026-07-01 08:48:25] [Task1] Next scan in 6 second(s)…
[2026-07-01 08:48:31] [Task1] Found 0 file(s) total, 0 .mp3 file(s).
[2026-07-01 08:48:31] [Task1] No .mp3 files — nothing to publish.
[2026-07-01 08:48:31] [Task1] Next scan in 6 second(s)…
[2026-07-01 08:48:37] [Task1] Found 0 file(s) total, 0 .mp3 file(s).
[2026-07-01 08:48:37] [Task1] No .mp3 files — nothing to publish.
[2026-07-01 08:48:37] [Task1] Next scan in 6 second(s)…
[2026-07-01 08:48:43] [Task1] Found 0 file(s) total, 0 .mp3 file(s).
[2026-07-01 08:48:43] [Task1] No .mp3 files — nothing to publish.
[2026-07-01 08:48:43] [Task1] Next scan in 6 second(s)…
[2026-07-01 08:48:49] [Task1] Found 0 file(s) total, 0 .mp3 file(s).
[2026-07-01 08:48:49] [Task1] No .mp3 files — nothing to publish.
[2026-07-01 08:48:49] [Task1] Next scan in 6 second(s)…
[2026-07-01 08:48:55] [Task1] Found 0 file(s) total, 0 .mp3 file(s).
[2026-07-01 08:48:55] [Task1] No .mp3 files — nothing to publish.
[2026-07-01 08:48:55] [Task1] Next scan in 6 second(s)…
[2026-07-01 08:49:01] [Task1] Found 0 file(s) total, 0 .mp3 file(s).
[2026-07-01 08:49:01] [Task1] No .mp3 files — nothing to publish.
[2026-07-01 08:49:01] [Task1] Next scan in 6 second(s)…
[2026-07-01 08:49:07] [Task1] Found 0 file(s) total, 0 .mp3 file(s).
[2026-07-01 08:49:07] [Task1] No .mp3 files — nothing to publish.
[2026-07-01 08:49:07] [Task1] Next scan in 6 second(s)…
[2026-07-01 08:49:13] [Task1] Found 0 file(s) total, 0 .mp3 file(s).
[2026-07-01 08:49:13] [Task1] No .mp3 files — nothing to publish.
[2026-07-01 08:49:13] [Task1] Next scan in 6 second(s)…
[2026-07-01 08:49:19] [Task1] Found 0 file(s) total, 0 .mp3 file(s).
[2026-07-01 08:49:19] [Task1] No .mp3 files — nothing to publish.
[2026-07-01 08:49:19] [Task1] Next scan in 6 second(s)…
[2026-07-01 08:49:25] [Task1] Found 0 file(s) total, 0 .mp3 file(s).
[2026-07-01 08:49:25] [Task1] No .mp3 files — nothing to publish.
[2026-07-01 08:49:25] [Task1] Next scan in 6 second(s)…
[2026-07-01 08:49:31] [Task1] Found 0 file(s) total, 0 .mp3 file(s).
[2026-07-01 08:49:31] [Task1] No .mp3 files — nothing to publish.
[2026-07-01 08:49:31] [Task1] Next scan in 6 second(s)…
[2026-07-01 08:49:37] [Task1] Found 0 file(s) total, 0 .mp3 file(s).
[2026-07-01 08:49:37] [Task1] No .mp3 files — nothing to publish.
[2026-07-01 08:49:37] [Task1] Next scan in 6 second(s)…
[2026-07-01 08:49:43] [Task1] Found 0 file(s) total, 0 .mp3 file(s).
[2026-07-01 08:49:43] [Task1] No .mp3 files — nothing to publish.
[2026-07-01 08:49:43] [Task1] Next scan in 6 second(s)…
[2026-07-01 08:49:49] [Task1] Found 0 file(s) total, 0 .mp3 file(s).
[2026-07-01 08:49:49] [Task1] No .mp3 files — nothing to publish.
[2026-07-01 08:49:49] [Task1] Next scan in 6 second(s)…
[2026-07-01 08:49:55] [Task1] Found 0 file(s) total, 0 .mp3 file(s).
[2026-07-01 08:49:55] [Task1] No .mp3 files — nothing to publish.
[2026-07-01 08:49:55] [Task1] Next scan in 6 second(s)…
[2026-07-01 08:50:01] [Task1] Found 0 file(s) total, 0 .mp3 file(s).
[2026-07-01 08:50:01] [Task1] No .mp3 files — nothing to publish.
[2026-07-01 08:50:01] [Task1] Next scan in 6 second(s)…
[2026-07-01 08:50:07] [Task1] Found 0 file(s) total, 0 .mp3 file(s).
[2026-07-01 08:50:07] [Task1] No .mp3 files — nothing to publish.
[2026-07-01 08:50:07] [Task1] Next scan in 6 second(s)…
[2026-07-01 08:50:13] [Task1] Found 0 file(s) total, 0 .mp3 file(s).
[2026-07-01 08:50:13] [Task1] No .mp3 files — nothing to publish.
[2026-07-01 08:50:13] [Task1] Next scan in 6 second(s)…
[2026-07-01 08:50:19] [Task1] Found 0 file(s) total, 0 .mp3 file(s).
[2026-07-01 08:50:19] [Task1] No .mp3 files — nothing to publish.
[2026-07-01 08:50:19] [Task1] Next scan in 6 second(s)…
[2026-07-01 08:50:25] [Task1] Found 0 file(s) total, 0 .mp3 file(s).
[2026-07-01 08:50:25] [Task1] No .mp3 files — nothing to publish.
[2026-07-01 08:50:25] [Task1] Next scan in 6 second(s)…
[2026-07-01 08:50:31] [Task1] Found 0 file(s) total, 0 .mp3 file(s).
[2026-07-01 08:50:31] [Task1] No .mp3 files — nothing to publish.
[2026-07-01 08:50:31] [Task1] Next scan in 6 second(s)…
[2026-07-01 08:50:37] [Task1] Found 0 file(s) total, 0 .mp3 file(s).
[2026-07-01 08:50:37] [Task1] No .mp3 files — nothing to publish.
[2026-07-01 08:50:37] [Task1] Next scan in 6 second(s)…
[2026-07-01 08:50:43] [Task1] Found 0 file(s) total, 0 .mp3 file(s).
[2026-07-01 08:50:43] [Task1] No .mp3 files — nothing to publish.
[2026-07-01 08:50:43] [Task1] Next scan in 6 second(s)…
[2026-07-01 08:50:49] [Task1] Found 0 file(s) total, 0 .mp3 file(s).
[2026-07-01 08:50:49] [Task1] No .mp3 files — nothing to publish.
[2026-07-01 08:50:49] [Task1] Next scan in 6 second(s)…
[2026-07-01 08:50:55] [Task1] Found 0 file(s) total, 0 .mp3 file(s).
[2026-07-01 08:50:55] [Task1] No .mp3 files — nothing to publish.
[2026-07-01 08:50:55] [Task1] Next scan in 6 second(s)…
[2026-07-01 08:51:01] [Task1] Found 0 file(s) total, 0 .mp3 file(s).
[2026-07-01 08:51:01] [Task1] No .mp3 files — nothing to publish.
[2026-07-01 08:51:01] [Task1] Next scan in 6 second(s)…
[2026-07-01 08:51:07] [Task1] Found 0 file(s) total, 0 .mp3 file(s).
[2026-07-01 08:51:07] [Task1] No .mp3 files — nothing to publish.
[2026-07-01 08:51:07] [Task1] Next scan in 6 second(s)…
[2026-07-01 08:51:13] [Task1] Found 0 file(s) total, 0 .mp3 file(s).
[2026-07-01 08:51:13] [Task1] No .mp3 files — nothing to publish.
[2026-07-01 08:51:13] [Task1] Next scan in 6 second(s)…
[2026-07-01 08:51:19] [Task1] Found 0 file(s) total, 0 .mp3 file(s).
[2026-07-01 08:51:19] [Task1] No .mp3 files — nothing to publish.
[2026-07-01 08:51:19] [Task1] Next scan in 6 second(s)…
[2026-07-01 08:51:25] [Task1] Found 0 file(s) total, 0 .mp3 file(s).
[2026-07-01 08:51:25] [Task1] No .mp3 files — nothing to publish.
[2026-07-01 08:51:25] [Task1] Next scan in 6 second(s)…
[2026-07-01 08:51:31] [Task1] Found 0 file(s) total, 0 .mp3 file(s).
[2026-07-01 08:51:31] [Task1] No .mp3 files — nothing to publish.
[2026-07-01 08:51:31] [Task1] Next scan in 6 second(s)…
[2026-07-01 08:51:37] [Task1] Found 0 file(s) total, 0 .mp3 file(s).
[2026-07-01 08:51:37] [Task1] No .mp3 files — nothing to publish.
[2026-07-01 08:51:37] [Task1] Next scan in 6 second(s)…
[2026-07-01 08:51:43] [Task1] Found 0 file(s) total, 0 .mp3 file(s).
[2026-07-01 08:51:43] [Task1] No .mp3 files — nothing to publish.
[2026-07-01 08:51:43] [Task1] Next scan in 6 second(s)…
[2026-07-01 08:51:49] [Task1] Found 0 file(s) total, 0 .mp3 file(s).
[2026-07-01 08:51:49] [Task1] No .mp3 files — nothing to publish.
[2026-07-01 08:51:49] [Task1] Next scan in 6 second(s)…
[2026-07-01 08:51:55] [Task1] Found 0 file(s) total, 0 .mp3 file(s).
[2026-07-01 08:51:55] [Task1] No .mp3 files — nothing to publish.
[2026-07-01 08:51:55] [Task1] Next scan in 6 second(s)…
[2026-07-01 08:52:01] [Task1] Found 0 file(s) total, 0 .mp3 file(s).
[2026-07-01 08:52:01] [Task1] No .mp3 files — nothing to publish.
[2026-07-01 08:52:01] [Task1] Next scan in 6 second(s)…
[2026-07-01 08:52:07] [Task1] Found 0 file(s) total, 0 .mp3 file(s).
[2026-07-01 08:52:07] [Task1] No .mp3 files — nothing to publish.
[2026-07-01 08:52:07] [Task1] Next scan in 6 second(s)…
[2026-07-01 08:52:13] [Task1] Found 0 file(s) total, 0 .mp3 file(s).
[2026-07-01 08:52:13] [Task1] No .mp3 files — nothing to publish.
[2026-07-01 08:52:13] [Task1] Next scan in 6 second(s)…
[2026-07-01 08:52:19] [Task1] Found 0 file(s) total, 0 .mp3 file(s).
[2026-07-01 08:52:19] [Task1] No .mp3 files — nothing to publish.
[2026-07-01 08:52:19] [Task1] Next scan in 6 second(s)…
[2026-07-01 08:52:25] [Task1] Found 0 file(s) total, 0 .mp3 file(s).
[2026-07-01 08:52:25] [Task1] No .mp3 files — nothing to publish.
[2026-07-01 08:52:25] [Task1] Next scan in 6 second(s)…
[2026-07-01 08:52:31] [Task1] Found 0 file(s) total, 0 .mp3 file(s).
[2026-07-01 08:52:31] [Task1] No .mp3 files — nothing to publish.
[2026-07-01 08:52:31] [Task1] Next scan in 6 second(s)…
[2026-07-01 08:52:37] [Task1] Found 0 file(s) total, 0 .mp3 file(s).
[2026-07-01 08:52:37] [Task1] No .mp3 files — nothing to publish.
[2026-07-01 08:52:37] [Task1] Next scan in 6 second(s)…
[2026-07-01 08:52:43] [Task1] Found 0 file(s) total, 0 .mp3 file(s).
[2026-07-01 08:52:43] [Task1] No .mp3 files — nothing to publish.
[2026-07-01 08:52:43] [Task1] Next scan in 6 second(s)…
[2026-07-01 08:52:49] [Task1] Found 0 file(s) total, 0 .mp3 file(s).
[2026-07-01 08:52:49] [Task1] No .mp3 files — nothing to publish.
[2026-07-01 08:52:49] [Task1] Next scan in 6 second(s)…
[2026-07-01 08:52:55] [Task1] Found 0 file(s) total, 0 .mp3 file(s).
[2026-07-01 08:52:55] [Task1] No .mp3 files — nothing to publish.
[2026-07-01 08:52:55] [Task1] Next scan in 6 second(s)…
[2026-07-01 08:53:01] [Task1] Found 0 file(s) total, 0 .mp3 file(s).
[2026-07-01 08:53:01] [Task1] No .mp3 files — nothing to publish.
[2026-07-01 08:53:01] [Task1] Next scan in 6 second(s)…
[2026-07-01 08:53:07] [Task1] Found 0 file(s) total, 0 .mp3 file(s).
[2026-07-01 08:53:07] [Task1] No .mp3 files — nothing to publish.
[2026-07-01 08:53:07] [Task1] Next scan in 6 second(s)…
[2026-07-01 08:53:13] [Task1] Found 0 file(s) total, 0 .mp3 file(s).
[2026-07-01 08:53:13] [Task1] No .mp3 files — nothing to publish.
[2026-07-01 08:53:13] [Task1] Next scan in 6 second(s)…
[2026-07-01 08:53:19] [Task1] Found 0 file(s) total, 0 .mp3 file(s).
[2026-07-01 08:53:19] [Task1] No .mp3 files — nothing to publish.
[2026-07-01 08:53:19] [Task1] Next scan in 6 second(s)…
[2026-07-01 08:53:25] [Task1] Found 0 file(s) total, 0 .mp3 file(s).
[2026-07-01 08:53:25] [Task1] No .mp3 files — nothing to publish.
[2026-07-01 08:53:25] [Task1] Next scan in 6 second(s)…
[2026-07-01 08:53:31] [Task1] Found 0 file(s) total, 0 .mp3 file(s).
[2026-07-01 08:53:31] [Task1] No .mp3 files — nothing to publish.
[2026-07-01 08:53:31] [Task1] Next scan in 6 second(s)…
[2026-07-01 08:53:37] [Task1] Found 0 file(s) total, 0 .mp3 file(s).
[2026-07-01 08:53:37] [Task1] No .mp3 files — nothing to publish.
[2026-07-01 08:53:37] [Task1] Next scan in 6 second(s)…
[2026-07-01 08:53:43] [Task1] Found 0 file(s) total, 0 .mp3 file(s).
[2026-07-01 08:53:43] [Task1] No .mp3 files — nothing to publish.
[2026-07-01 08:53:43] [Task1] Next scan in 6 second(s)…
[2026-07-01 08:53:49] [Task1] Found 0 file(s) total, 0 .mp3 file(s).
[2026-07-01 08:53:49] [Task1] No .mp3 files — nothing to publish.
[2026-07-01 08:53:49] [Task1] Next scan in 6 second(s)…
[2026-07-01 08:53:55] [Task1] Found 0 file(s) total, 0 .mp3 file(s).
[2026-07-01 08:53:55] [Task1] No .mp3 files — nothing to publish.
[2026-07-01 08:53:55] [Task1] Next scan in 6 second(s)…
[2026-07-01 08:54:01] [Task1] Found 0 file(s) total, 0 .mp3 file(s).
[2026-07-01 08:54:01] [Task1] No .mp3 files — nothing to publish.
[2026-07-01 08:54:01] [Task1] Next scan in 6 second(s)…
[2026-07-01 08:54:07] [Task1] Found 0 file(s) total, 0 .mp3 file(s).
[2026-07-01 08:54:07] [Task1] No .mp3 files — nothing to publish.
[2026-07-01 08:54:07] [Task1] Next scan in 6 second(s)…
[2026-07-01 08:54:13] [Task1] Found 0 file(s) total, 0 .mp3 file(s).
[2026-07-01 08:54:13] [Task1] No .mp3 files — nothing to publish.
[2026-07-01 08:54:13] [Task1] Next scan in 6 second(s)…
[2026-07-01 08:54:19] [Task1] Found 0 file(s) total, 0 .mp3 file(s).
[2026-07-01 08:54:19] [Task1] No .mp3 files — nothing to publish.
[2026-07-01 08:54:19] [Task1] Next scan in 6 second(s)…
[2026-07-01 08:54:25] [Task1] Found 0 file(s) total, 0 .mp3 file(s).
[2026-07-01 08:54:25] [Task1] No .mp3 files — nothing to publish.
[2026-07-01 08:54:25] [Task1] Next scan in 6 second(s)…
[2026-07-01 08:54:31] [Task1] Found 0 file(s) total, 0 .mp3 file(s).
[2026-07-01 08:54:31] [Task1] No .mp3 files — nothing to publish.
[2026-07-01 08:54:31] [Task1] Next scan in 6 second(s)…
[2026-07-01 08:54:37] [Task1] Found 0 file(s) total, 0 .mp3 file(s).
[2026-07-01 08:54:37] [Task1] No .mp3 files — nothing to publish.
[2026-07-01 08:54:37] [Task1] Next scan in 6 second(s)…
[2026-07-01 08:54:43] [Task1] Found 0 file(s) total, 0 .mp3 file(s).
[2026-07-01 08:54:43] [Task1] No .mp3 files — nothing to publish.
[2026-07-01 08:54:43] [Task1] Next scan in 6 second(s)…
[2026-07-01 08:54:49] [Task1] Found 0 file(s) total, 0 .mp3 file(s).
[2026-07-01 08:54:49] [Task1] No .mp3 files — nothing to publish.
[2026-07-01 08:54:49] [Task1] Next scan in 6 second(s)…
[2026-07-01 08:54:55] [Task1] Found 0 file(s) total, 0 .mp3 file(s).
[2026-07-01 08:54:55] [Task1] No .mp3 files — nothing to publish.
[2026-07-01 08:54:55] [Task1] Next scan in 6 second(s)…
[2026-07-01 08:55:01] [Task1] Found 0 file(s) total, 0 .mp3 file(s).
[2026-07-01 08:55:01] [Task1] No .mp3 files — nothing to publish.
[2026-07-01 08:55:01] [Task1] Next scan in 6 second(s)…
[2026-07-01 08:55:07] [Task1] Found 0 file(s) total, 0 .mp3 file(s).
[2026-07-01 08:55:07] [Task1] No .mp3 files — nothing to publish.
[2026-07-01 08:55:07] [Task1] Next scan in 6 second(s)…
[2026-07-01 08:55:13] [Task1] Found 0 file(s) total, 0 .mp3 file(s).
[2026-07-01 08:55:13] [Task1] No .mp3 files — nothing to publish.
[2026-07-01 08:55:13] [Task1] Next scan in 6 second(s)…
[2026-07-01 08:55:19] [Task1] Found 0 file(s) total, 0 .mp3 file(s).
[2026-07-01 08:55:19] [Task1] No .mp3 files — nothing to publish.
[2026-07-01 08:55:19] [Task1] Next scan in 6 second(s)…
[2026-07-01 08:55:25] [Task1] Found 0 file(s) total, 0 .mp3 file(s).
[2026-07-01 08:55:25] [Task1] No .mp3 files — nothing to publish.
[2026-07-01 08:55:25] [Task1] Next scan in 6 second(s)…
[2026-07-01 08:55:31] [Task1] Found 0 file(s) total, 0 .mp3 file(s).
[2026-07-01 08:55:31] [Task1] No .mp3 files — nothing to publish.
[2026-07-01 08:55:31] [Task1] Next scan in 6 second(s)…
[2026-07-01 08:55:37] [Task1] Found 0 file(s) total, 0 .mp3 file(s).
[2026-07-01 08:55:37] [Task1] No .mp3 files — nothing to publish.
[2026-07-01 08:55:37] [Task1] Next scan in 6 second(s)…
[2026-07-01 08:55:43] [Task1] Found 0 file(s) total, 0 .mp3 file(s).
[2026-07-01 08:55:43] [Task1] No .mp3 files — nothing to publish.
[2026-07-01 08:55:43] [Task1] Next scan in 6 second(s)…
[2026-07-01 08:55:49] [Task1] Found 0 file(s) total, 0 .mp3 file(s).
[2026-07-01 08:55:49] [Task1] No .mp3 files — nothing to publish.
[2026-07-01 08:55:49] [Task1] Next scan in 6 second(s)…
[2026-07-01 08:55:55] [Task1] Found 0 file(s) total, 0 .mp3 file(s).
[2026-07-01 08:55:55] [Task1] No .mp3 files — nothing to publish.
[2026-07-01 08:55:55] [Task1] Next scan in 6 second(s)…
[2026-07-01 08:56:01] [Task1] Found 0 file(s) total, 0 .mp3 file(s).
[2026-07-01 08:56:01] [Task1] No .mp3 files — nothing to publish.
[2026-07-01 08:56:01] [Task1] Next scan in 6 second(s)…
[2026-07-01 08:56:07] [Task1] Found 0 file(s) total, 0 .mp3 file(s).
[2026-07-01 08:56:07] [Task1] No .mp3 files — nothing to publish.
[2026-07-01 08:56:07] [Task1] Next scan in 6 second(s)…
[2026-07-01 08:56:13] [Task1] Found 0 file(s) total, 0 .mp3 file(s).
[2026-07-01 08:56:13] [Task1] No .mp3 files — nothing to publish.
[2026-07-01 08:56:13] [Task1] Next scan in 6 second(s)…
[2026-07-01 08:56:19] [Task1] Found 0 file(s) total, 0 .mp3 file(s).
[2026-07-01 08:56:19] [Task1] No .mp3 files — nothing to publish.
[2026-07-01 08:56:19] [Task1] Next scan in 6 second(s)…
[2026-07-01 08:56:25] [Task1] Found 0 file(s) total, 0 .mp3 file(s).
[2026-07-01 08:56:25] [Task1] No .mp3 files — nothing to publish.
[2026-07-01 08:56:25] [Task1] Next scan in 6 second(s)…
[2026-07-01 08:56:31] [Task1] Found 0 file(s) total, 0 .mp3 file(s).
[2026-07-01 08:56:31] [Task1] No .mp3 files — nothing to publish.
[2026-07-01 08:56:31] [Task1] Next scan in 6 second(s)…
[2026-07-01 08:56:37] [Task1] Found 0 file(s) total, 0 .mp3 file(s).
[2026-07-01 08:56:37] [Task1] No .mp3 files — nothing to publish.
[2026-07-01 08:56:37] [Task1] Next scan in 6 second(s)…
[2026-07-01 08:56:43] [Task1] Found 0 file(s) total, 0 .mp3 file(s).
[2026-07-01 08:56:43] [Task1] No .mp3 files — nothing to publish.
[2026-07-01 08:56:43] [Task1] Next scan in 6 second(s)…
[2026-07-01 08:56:49] [Task1] Found 0 file(s) total, 0 .mp3 file(s).
[2026-07-01 08:56:49] [Task1] No .mp3 files — nothing to publish.
[2026-07-01 08:56:49] [Task1] Next scan in 6 second(s)…
[2026-07-01 08:56:55] [Task1] Found 0 file(s) total, 0 .mp3 file(s).
[2026-07-01 08:56:55] [Task1] No .mp3 files — nothing to publish.
[2026-07-01 08:56:55] [Task1] Next scan in 6 second(s)…
[2026-07-01 08:57:01] [Task1] Found 0 file(s) total, 0 .mp3 file(s).
[2026-07-01 08:57:01] [Task1] No .mp3 files — nothing to publish.
[2026-07-01 08:57:01] [Task1] Next scan in 6 second(s)…
[2026-07-01 08:57:07] [Task1] Found 0 file(s) total, 0 .mp3 file(s).
[2026-07-01 08:57:07] [Task1] No .mp3 files — nothing to publish.
[2026-07-01 08:57:07] [Task1] Next scan in 6 second(s)…
[2026-07-01 08:57:13] [Task1] Found 0 file(s) total, 0 .mp3 file(s).
[2026-07-01 08:57:13] [Task1] No .mp3 files — nothing to publish.
[2026-07-01 08:57:13] [Task1] Next scan in 6 second(s)…
[2026-07-01 08:57:19] [Task1] Found 0 file(s) total, 0 .mp3 file(s).
[2026-07-01 08:57:19] [Task1] No .mp3 files — nothing to publish.
[2026-07-01 08:57:19] [Task1] Next scan in 6 second(s)…
[2026-07-01 08:57:25] [Task1] Found 0 file(s) total, 0 .mp3 file(s).
[2026-07-01 08:57:25] [Task1] No .mp3 files — nothing to publish.
[2026-07-01 08:57:25] [Task1] Next scan in 6 second(s)…
[2026-07-01 08:57:31] [Task1] Found 0 file(s) total, 0 .mp3 file(s).
[2026-07-01 08:57:31] [Task1] No .mp3 files — nothing to publish.
[2026-07-01 08:57:31] [Task1] Next scan in 6 second(s)…
[2026-07-01 08:57:37] [Task1] Found 0 file(s) total, 0 .mp3 file(s).
[2026-07-01 08:57:37] [Task1] No .mp3 files — nothing to publish.
[2026-07-01 08:57:37] [Task1] Next scan in 6 second(s)…
[2026-07-01 08:57:43] [Task1] Found 0 file(s) total, 0 .mp3 file(s).
[2026-07-01 08:57:43] [Task1] No .mp3 files — nothing to publish.
[2026-07-01 08:57:43] [Task1] Next scan in 6 second(s)…
[2026-07-01 08:57:49] [Task1] Found 0 file(s) total, 0 .mp3 file(s).
[2026-07-01 08:57:49] [Task1] No .mp3 files — nothing to publish.
[2026-07-01 08:57:49] [Task1] Next scan in 6 second(s)…
[2026-07-01 08:57:55] [Task1] Found 0 file(s) total, 0 .mp3 file(s).
[2026-07-01 08:57:55] [Task1] No .mp3 files — nothing to publish.
[2026-07-01 08:57:55] [Task1] Next scan in 6 second(s)…
[2026-07-01 08:58:01] [Task1] Found 0 file(s) total, 0 .mp3 file(s).
[2026-07-01 08:58:01] [Task1] No .mp3 files — nothing to publish.
[2026-07-01 08:58:01] [Task1] Next scan in 6 second(s)…
[2026-07-01 08:58:07] [Task1] Found 0 file(s) total, 0 .mp3 file(s).
[2026-07-01 08:58:07] [Task1] No .mp3 files — nothing to publish.
[2026-07-01 08:58:07] [Task1] Next scan in 6 second(s)…
[2026-07-01 08:58:13] [Task1] Found 0 file(s) total, 0 .mp3 file(s).
[2026-07-01 08:58:13] [Task1] No .mp3 files — nothing to publish.
[2026-07-01 08:58:13] [Task1] Next scan in 6 second(s)…
[2026-07-01 08:58:19] [Task1] Found 0 file(s) total, 0 .mp3 file(s).
[2026-07-01 08:58:19] [Task1] No .mp3 files — nothing to publish.
[2026-07-01 08:58:19] [Task1] Next scan in 6 second(s)…
[2026-07-01 08:58:25] [Task1] Found 0 file(s) total, 0 .mp3 file(s).
[2026-07-01 08:58:25] [Task1] No .mp3 files — nothing to publish.
[2026-07-01 08:58:25] [Task1] Next scan in 6 second(s)…
[2026-07-01 08:58:31] [Task1] Found 0 file(s) total, 0 .mp3 file(s).
[2026-07-01 08:58:31] [Task1] No .mp3 files — nothing to publish.
[2026-07-01 08:58:31] [Task1] Next scan in 6 second(s)…
[2026-07-01 08:58:37] [Task1] Found 0 file(s) total, 0 .mp3 file(s).
[2026-07-01 08:58:37] [Task1] No .mp3 files — nothing to publish.
[2026-07-01 08:58:37] [Task1] Next scan in 6 second(s)…
[2026-07-01 08:58:43] [Task1] Found 0 file(s) total, 0 .mp3 file(s).
[2026-07-01 08:58:43] [Task1] No .mp3 files — nothing to publish.
[2026-07-01 08:58:43] [Task1] Next scan in 6 second(s)…
[2026-07-01 08:58:50] [Task1] Found 0 file(s) total, 0 .mp3 file(s).
[2026-07-01 08:58:50] [Task1] No .mp3 files — nothing to publish.
[2026-07-01 08:58:50] [Task1] Next scan in 6 second(s)…
[2026-07-01 08:58:56] [Task1] Found 0 file(s) total, 0 .mp3 file(s).
[2026-07-01 08:58:56] [Task1] No .mp3 files — nothing to publish.
[2026-07-01 08:58:56] [Task1] Next scan in 6 second(s)…
[2026-07-01 08:59:02] [Task1] Found 0 file(s) total, 0 .mp3 file(s).
[2026-07-01 08:59:02] [Task1] No .mp3 files — nothing to publish.
[2026-07-01 08:59:02] [Task1] Next scan in 6 second(s)…
[2026-07-01 08:59:08] [Task1] Found 0 file(s) total, 0 .mp3 file(s).
[2026-07-01 08:59:08] [Task1] No .mp3 files — nothing to publish.
[2026-07-01 08:59:08] [Task1] Next scan in 6 second(s)…
[2026-07-01 08:59:14] [Task1] Found 0 file(s) total, 0 .mp3 file(s).
[2026-07-01 08:59:14] [Task1] No .mp3 files — nothing to publish.
[2026-07-01 08:59:14] [Task1] Next scan in 6 second(s)…
[2026-07-01 08:59:18] [SYSTEM] Shutdown requested (Ctrl+C).
[2026-07-01 08:59:18] [SYSTEM] Shutdown requested (Ctrl+C).
