[2026-07-01 10:13:33] [SYSTEM] Logger initialized. Log file: D:\mahasoa\ITU\S6\INF315-WebService\Music-PlayList\logs\playlist-log-2026-07-01_10-13-33.log
[2026-07-01 10:13:33] [SYSTEM] Starting: desktop-server-app
[2026-07-01 10:13:33] [SYSTEM] Pipeline: Task1 → [scan-queue] → Task2 → [extract-queue] → Task3 → [upload-queue] → Task4
[2026-07-01 10:13:33] [SYSTEM] Local API Server started on http://localhost:5001
[2026-07-01 10:13:33] [Task1] Started — watching: D:\mahasoa\ITU\S6\INF315-WebService\Music-PlayList\mp3
[2026-07-01 10:13:33] [Task1] Scan interval: 6 second(s)
[2026-07-01 10:13:33] [Task1] Found 0 file(s) total, 0 .mp3 file(s).
[2026-07-01 10:13:33] [Task1] No .mp3 files — nothing to publish.
[2026-07-01 10:13:33] [Task1] Next scan in 6 second(s)…
[2026-07-01 10:13:33] [Task2] Started — consuming 'playlist-scan-queue'.
[2026-07-01 10:13:33] [Task3] Started — consuming 'playlist-extract-queue'.
[2026-07-01 10:13:33] [Task4] Started — consuming 'playlist-upload-queue'.
[2026-07-01 10:13:33] [Task4] Waiting for upload confirmations. Press Ctrl+C to stop.
[2026-07-01 10:13:33] [Task2] Waiting for scan batches. Press Ctrl+C to stop.
[2026-07-01 10:13:33] [Task3] Waiting for metadata batches. Press Ctrl+C to stop.
[2026-07-01 10:13:39] [Task1] Found 0 file(s) total, 0 .mp3 file(s).
[2026-07-01 10:13:39] [Task1] No .mp3 files — nothing to publish.
[2026-07-01 10:13:39] [Task1] Next scan in 6 second(s)…
[2026-07-01 10:13:45] [Task1] Found 0 file(s) total, 0 .mp3 file(s).
[2026-07-01 10:13:45] [Task1] No .mp3 files — nothing to publish.
[2026-07-01 10:13:45] [Task1] Next scan in 6 second(s)…
[2026-07-01 10:13:51] [Task1] Found 0 file(s) total, 0 .mp3 file(s).
[2026-07-01 10:13:51] [Task1] No .mp3 files — nothing to publish.
[2026-07-01 10:13:51] [Task1] Next scan in 6 second(s)…
[2026-07-01 10:13:57] [Task1] Found 0 file(s) total, 0 .mp3 file(s).
[2026-07-01 10:13:57] [Task1] No .mp3 files — nothing to publish.
[2026-07-01 10:13:57] [Task1] Next scan in 6 second(s)…
[2026-07-01 10:14:03] [Task1] Found 0 file(s) total, 0 .mp3 file(s).
[2026-07-01 10:14:03] [Task1] No .mp3 files — nothing to publish.
[2026-07-01 10:14:03] [Task1] Next scan in 6 second(s)…
[2026-07-01 10:14:09] [Task1] Found 0 file(s) total, 0 .mp3 file(s).
[2026-07-01 10:14:09] [Task1] No .mp3 files — nothing to publish.
[2026-07-01 10:14:09] [Task1] Next scan in 6 second(s)…
[2026-07-01 10:14:15] [Task1] Found 0 file(s) total, 0 .mp3 file(s).
[2026-07-01 10:14:15] [Task1] No .mp3 files — nothing to publish.
[2026-07-01 10:14:15] [Task1] Next scan in 6 second(s)…
[2026-07-01 10:14:21] [Task1] Found 0 file(s) total, 0 .mp3 file(s).
[2026-07-01 10:14:21] [Task1] No .mp3 files — nothing to publish.
[2026-07-01 10:14:21] [Task1] Next scan in 6 second(s)…
[2026-07-01 10:14:27] [Task1] Found 0 file(s) total, 0 .mp3 file(s).
[2026-07-01 10:14:27] [Task1] No .mp3 files — nothing to publish.
[2026-07-01 10:14:27] [Task1] Next scan in 6 second(s)…
[2026-07-01 10:14:33] [Task1] Found 0 file(s) total, 0 .mp3 file(s).
[2026-07-01 10:14:33] [Task1] No .mp3 files — nothing to publish.
[2026-07-01 10:14:33] [Task1] Next scan in 6 second(s)…
[2026-07-01 10:14:39] [Task1] Found 0 file(s) total, 0 .mp3 file(s).
[2026-07-01 10:14:39] [Task1] No .mp3 files — nothing to publish.
[2026-07-01 10:14:39] [Task1] Next scan in 6 second(s)…
[2026-07-01 10:14:45] [Task1] Found 0 file(s) total, 0 .mp3 file(s).
[2026-07-01 10:14:45] [Task1] No .mp3 files — nothing to publish.
[2026-07-01 10:14:45] [Task1] Next scan in 6 second(s)…
[2026-07-01 10:14:51] [Task1] Found 0 file(s) total, 0 .mp3 file(s).
[2026-07-01 10:14:51] [Task1] No .mp3 files — nothing to publish.
[2026-07-01 10:14:51] [Task1] Next scan in 6 second(s)…
[2026-07-01 10:14:57] [Task1] Found 0 file(s) total, 0 .mp3 file(s).
[2026-07-01 10:14:57] [Task1] No .mp3 files — nothing to publish.
[2026-07-01 10:14:57] [Task1] Next scan in 6 second(s)…
[2026-07-01 10:15:03] [Task1] Found 0 file(s) total, 0 .mp3 file(s).
[2026-07-01 10:15:03] [Task1] No .mp3 files — nothing to publish.
[2026-07-01 10:15:03] [Task1] Next scan in 6 second(s)…
[2026-07-01 10:15:09] [Task1] Found 0 file(s) total, 0 .mp3 file(s).
[2026-07-01 10:15:09] [Task1] No .mp3 files — nothing to publish.
[2026-07-01 10:15:09] [Task1] Next scan in 6 second(s)…
[2026-07-01 10:15:15] [Task1] Found 0 file(s) total, 0 .mp3 file(s).
[2026-07-01 10:15:15] [Task1] No .mp3 files — nothing to publish.
[2026-07-01 10:15:15] [Task1] Next scan in 6 second(s)…
[2026-07-01 10:15:21] [Task1] Found 0 file(s) total, 0 .mp3 file(s).
[2026-07-01 10:15:21] [Task1] No .mp3 files — nothing to publish.
[2026-07-01 10:15:21] [Task1] Next scan in 6 second(s)…
[2026-07-01 10:15:27] [Task1] Found 0 file(s) total, 0 .mp3 file(s).
[2026-07-01 10:15:27] [Task1] No .mp3 files — nothing to publish.
[2026-07-01 10:15:27] [Task1] Next scan in 6 second(s)…
[2026-07-01 10:15:33] [Task1] Found 0 file(s) total, 0 .mp3 file(s).
[2026-07-01 10:15:33] [Task1] No .mp3 files — nothing to publish.
[2026-07-01 10:15:33] [Task1] Next scan in 6 second(s)…
[2026-07-01 10:15:39] [Task1] Found 0 file(s) total, 0 .mp3 file(s).
[2026-07-01 10:15:39] [Task1] No .mp3 files — nothing to publish.
[2026-07-01 10:15:39] [Task1] Next scan in 6 second(s)…
[2026-07-01 10:15:45] [Task1] Found 0 file(s) total, 0 .mp3 file(s).
[2026-07-01 10:15:45] [Task1] No .mp3 files — nothing to publish.
[2026-07-01 10:15:45] [Task1] Next scan in 6 second(s)…
[2026-07-01 10:15:51] [Task1] Found 0 file(s) total, 0 .mp3 file(s).
[2026-07-01 10:15:51] [Task1] No .mp3 files — nothing to publish.
[2026-07-01 10:15:51] [Task1] Next scan in 6 second(s)…
[2026-07-01 10:15:57] [Task1] Found 0 file(s) total, 0 .mp3 file(s).
[2026-07-01 10:15:57] [Task1] No .mp3 files — nothing to publish.
[2026-07-01 10:15:57] [Task1] Next scan in 6 second(s)…
[2026-07-01 10:16:03] [Task1] Found 0 file(s) total, 0 .mp3 file(s).
[2026-07-01 10:16:03] [Task1] No .mp3 files — nothing to publish.
[2026-07-01 10:16:03] [Task1] Next scan in 6 second(s)…
[2026-07-01 10:16:09] [Task1] Found 0 file(s) total, 0 .mp3 file(s).
[2026-07-01 10:16:09] [Task1] No .mp3 files — nothing to publish.
[2026-07-01 10:16:09] [Task1] Next scan in 6 second(s)…
[2026-07-01 10:16:15] [Task1] Found 0 file(s) total, 0 .mp3 file(s).
[2026-07-01 10:16:15] [Task1] No .mp3 files — nothing to publish.
[2026-07-01 10:16:15] [Task1] Next scan in 6 second(s)…
[2026-07-01 10:16:21] [Task1] Found 0 file(s) total, 0 .mp3 file(s).
[2026-07-01 10:16:21] [Task1] No .mp3 files — nothing to publish.
[2026-07-01 10:16:21] [Task1] Next scan in 6 second(s)…
[2026-07-01 10:16:27] [Task1] Found 0 file(s) total, 0 .mp3 file(s).
[2026-07-01 10:16:27] [Task1] No .mp3 files — nothing to publish.
[2026-07-01 10:16:27] [Task1] Next scan in 6 second(s)…
[2026-07-01 10:16:33] [Task1] Found 0 file(s) total, 0 .mp3 file(s).
[2026-07-01 10:16:33] [Task1] No .mp3 files — nothing to publish.
[2026-07-01 10:16:33] [Task1] Next scan in 6 second(s)…
[2026-07-01 10:16:39] [Task1] Found 0 file(s) total, 0 .mp3 file(s).
[2026-07-01 10:16:39] [Task1] No .mp3 files — nothing to publish.
[2026-07-01 10:16:39] [Task1] Next scan in 6 second(s)…
[2026-07-01 10:16:45] [Task1] Found 0 file(s) total, 0 .mp3 file(s).
[2026-07-01 10:16:45] [Task1] No .mp3 files — nothing to publish.
[2026-07-01 10:16:45] [Task1] Next scan in 6 second(s)…
[2026-07-01 10:16:51] [Task1] Found 0 file(s) total, 0 .mp3 file(s).
[2026-07-01 10:16:51] [Task1] No .mp3 files — nothing to publish.
[2026-07-01 10:16:51] [Task1] Next scan in 6 second(s)…
[2026-07-01 10:16:57] [Task1] Found 0 file(s) total, 0 .mp3 file(s).
[2026-07-01 10:16:57] [Task1] No .mp3 files — nothing to publish.
[2026-07-01 10:16:57] [Task1] Next scan in 6 second(s)…
[2026-07-01 10:17:03] [Task1] Found 0 file(s) total, 0 .mp3 file(s).
[2026-07-01 10:17:03] [Task1] No .mp3 files — nothing to publish.
[2026-07-01 10:17:03] [Task1] Next scan in 6 second(s)…
[2026-07-01 10:17:09] [Task1] Found 0 file(s) total, 0 .mp3 file(s).
[2026-07-01 10:17:09] [Task1] No .mp3 files — nothing to publish.
[2026-07-01 10:17:09] [Task1] Next scan in 6 second(s)…
[2026-07-01 10:17:15] [Task1] Found 0 file(s) total, 0 .mp3 file(s).
[2026-07-01 10:17:15] [Task1] No .mp3 files — nothing to publish.
[2026-07-01 10:17:15] [Task1] Next scan in 6 second(s)…
[2026-07-01 10:17:21] [Task1] Found 0 file(s) total, 0 .mp3 file(s).
[2026-07-01 10:17:21] [Task1] No .mp3 files — nothing to publish.
[2026-07-01 10:17:21] [Task1] Next scan in 6 second(s)…
[2026-07-01 10:17:27] [Task1] Found 0 file(s) total, 0 .mp3 file(s).
[2026-07-01 10:17:27] [Task1] No .mp3 files — nothing to publish.
[2026-07-01 10:17:27] [Task1] Next scan in 6 second(s)…
[2026-07-01 10:17:33] [Task1] Found 0 file(s) total, 0 .mp3 file(s).
[2026-07-01 10:17:33] [Task1] No .mp3 files — nothing to publish.
[2026-07-01 10:17:33] [Task1] Next scan in 6 second(s)…
[2026-07-01 10:17:39] [Task1] Found 8 file(s) total, 8 .mp3 file(s).
[2026-07-01 10:17:40] [Task1] Published scan batch → 'playlist-scan-queue' (8 file(s)).
[2026-07-01 10:17:40] [Task2] Received scan batch — 8 file(s) from 'D:\mahasoa\ITU\S6\INF315-WebService\Music-PlayList\mp3' scanned at 2026-07-01 07:17:39Z.
[2026-07-01 10:17:40] [Task1] Next scan in 6 second(s)…
[2026-07-01 10:17:40] [Task2] Tags — '04-Regarde-moi.mp3': Title='04-Regarde-moi', Artists='Lomepal - Www.33rapmp3.com et 33rapfr.com', Album='Amina - 33rap-telechargement.com', Year=2019, Duration=00:02:56.9580000
[2026-07-01 10:17:40] [Task2] Tags — '07-Interlude.mp3': Title='Interlude', Artists='Lefa', Album='Famous', Year=2020, Duration=00:02:07.3941000
[2026-07-01 10:17:40] [Task2] Tags — '07-Maladie-moderne.mp3': Title='Maladie moderne', Artists='Lomepal', Album='Mauvais Ordre', Year=2022, Duration=00:03:57.2208750
[2026-07-01 10:17:40] [Task2] Tags — '09-Mômes.mp3': Title='09-Mômes', Artists='Lomepal - Www.33rapmp3.com et 33rapfr.com', Album='Amina - 33rap-telechargement.com', Year=2019, Duration=00:02:56.8797000
[2026-07-01 10:17:40] [Task2] Tags — '8 - Ne me ramène pas.mp3': Title='Ne me ramène pas', Artists='Lomepal', Album='Amina', Year=2019, Duration=00:02:16.5935625
[2026-07-01 10:17:40] [Task2] Tags — 'Ankino.mp3': Title='Bodo', Artists='', Album='Album Bodo', Year=2000, Duration=00:03:50.4706875
[2026-07-01 10:17:40] [Task2] Tags — 'Antanambao.MP3': Title='Antanambao', Artists='Bekoto Augustin', Album='Album Bekoto', Year=1980, Duration=00:02:54.5666249
[2026-07-01 10:17:40] [Task2] Tags — 'IAO.MP3': Title='IAO', Artists='ROSSY', Album='IAO', Year=1990, Duration=00:03:48.5160000
[2026-07-01 10:17:40] [Task2] Extraction complete — 8 record(s) ready.
[2026-07-01 10:17:40] [Task2] Published metadata batch → 'playlist-extract-queue'.
[2026-07-01 10:17:40] [Task3] Received metadata batch — 8 track(s) from 'D:\mahasoa\ITU\S6\INF315-WebService\Music-PlayList\mp3'.
[2026-07-01 10:17:40] [Task3] Uploading '04-Regarde-moi.mp3' → http://localhost:5000/api/tracks/upload
[2026-07-01 10:17:40] [Task3] Uploaded '04-Regarde-moi.mp3' → server path: D:\mahasoa\ITU\S6\INF315-WebService\Music-PlayList\backend-cs\upload_dir\04-Regarde-moi.mp3
[2026-07-01 10:17:40] [Task3] Uploading '07-Interlude.mp3' → http://localhost:5000/api/tracks/upload
[2026-07-01 10:17:40] [Task3] Uploaded '07-Interlude.mp3' → server path: D:\mahasoa\ITU\S6\INF315-WebService\Music-PlayList\backend-cs\upload_dir\07-Interlude.mp3
[2026-07-01 10:17:40] [Task3] Uploading '07-Maladie-moderne.mp3' → http://localhost:5000/api/tracks/upload
[2026-07-01 10:17:40] [Task3] Uploaded '07-Maladie-moderne.mp3' → server path: D:\mahasoa\ITU\S6\INF315-WebService\Music-PlayList\backend-cs\upload_dir\07-Maladie-moderne.mp3
[2026-07-01 10:17:40] [Task3] Uploading '09-Mômes.mp3' → http://localhost:5000/api/tracks/upload
[2026-07-01 10:17:40] [Task3] Uploaded '09-Mômes.mp3' → server path: D:\mahasoa\ITU\S6\INF315-WebService\Music-PlayList\backend-cs\upload_dir\09-Mômes.mp3
[2026-07-01 10:17:40] [Task3] Uploading '8 - Ne me ramène pas.mp3' → http://localhost:5000/api/tracks/upload
[2026-07-01 10:17:41] [Task3] Uploaded '8 - Ne me ramène pas.mp3' → server path: D:\mahasoa\ITU\S6\INF315-WebService\Music-PlayList\backend-cs\upload_dir\8 - Ne me ramène pas.mp3
[2026-07-01 10:17:41] [Task3] Uploading 'Ankino.mp3' → http://localhost:5000/api/tracks/upload
[2026-07-01 10:17:41] [Task3] Uploaded 'Ankino.mp3' → server path: D:\mahasoa\ITU\S6\INF315-WebService\Music-PlayList\backend-cs\upload_dir\Ankino.mp3
[2026-07-01 10:17:41] [Task3] Uploading 'Antanambao.MP3' → http://localhost:5000/api/tracks/upload
[2026-07-01 10:17:41] [Task3] Uploaded 'Antanambao.MP3' → server path: D:\mahasoa\ITU\S6\INF315-WebService\Music-PlayList\backend-cs\upload_dir\Antanambao.MP3
[2026-07-01 10:17:41] [Task3] Track 'IAO.MP3' is blacklisted. Rejecting.
[2026-07-01 10:17:41] [Task3] POST metadata batch (7 track(s)) → http://localhost:5000/api/tracks/metadata
[2026-07-01 10:17:41] [Task3] Metadata batch accepted.
[2026-07-01 10:17:41] [Task3] Success message published → 'playlist-upload-queue'.
[2026-07-01 10:17:41] [Task4] Upload success confirmed — 8 track(s) from 'D:\mahasoa\ITU\S6\INF315-WebService\Music-PlayList\mp3' uploaded at 2026-07-01 07:17:41Z. Starting cleanup.
[2026-07-01 10:17:41] [Task4] Deleted: 04-Regarde-moi.mp3
[2026-07-01 10:17:41] [Task4] Deleted: 07-Interlude.mp3
[2026-07-01 10:17:41] [Task4] Deleted: 07-Maladie-moderne.mp3
[2026-07-01 10:17:41] [Task4] Deleted: 09-Mômes.mp3
[2026-07-01 10:17:41] [Task4] Deleted: 8 - Ne me ramène pas.mp3
[2026-07-01 10:17:41] [Task4] Deleted: Ankino.mp3
[2026-07-01 10:17:41] [Task4] Deleted: Antanambao.MP3
[2026-07-01 10:17:41] [Task4] Deleted: IAO.MP3
[2026-07-01 10:17:41] [Task4] Cleanup done — 8 file(s) deleted from 'D:\mahasoa\ITU\S6\INF315-WebService\Music-PlayList\mp3'.
[2026-07-01 10:17:46] [Task1] Found 0 file(s) total, 0 .mp3 file(s).
[2026-07-01 10:17:46] [Task1] No .mp3 files — nothing to publish.
[2026-07-01 10:17:46] [Task1] Next scan in 6 second(s)…
[2026-07-01 10:17:52] [Task1] Found 0 file(s) total, 0 .mp3 file(s).
[2026-07-01 10:17:52] [Task1] No .mp3 files — nothing to publish.
[2026-07-01 10:17:52] [Task1] Next scan in 6 second(s)…
[2026-07-01 10:17:58] [Task1] Found 0 file(s) total, 0 .mp3 file(s).
[2026-07-01 10:17:58] [Task1] No .mp3 files — nothing to publish.
[2026-07-01 10:17:58] [Task1] Next scan in 6 second(s)…
[2026-07-01 10:18:04] [Task1] Found 0 file(s) total, 0 .mp3 file(s).
[2026-07-01 10:18:04] [Task1] No .mp3 files — nothing to publish.
[2026-07-01 10:18:04] [Task1] Next scan in 6 second(s)…
[2026-07-01 10:18:10] [Task1] Found 0 file(s) total, 0 .mp3 file(s).
[2026-07-01 10:18:10] [Task1] No .mp3 files — nothing to publish.
[2026-07-01 10:18:10] [Task1] Next scan in 6 second(s)…
[2026-07-01 10:18:16] [Task1] Found 0 file(s) total, 0 .mp3 file(s).
[2026-07-01 10:18:16] [Task1] No .mp3 files — nothing to publish.
[2026-07-01 10:18:16] [Task1] Next scan in 6 second(s)…
[2026-07-01 10:18:22] [Task1] Found 0 file(s) total, 0 .mp3 file(s).
[2026-07-01 10:18:22] [Task1] No .mp3 files — nothing to publish.
[2026-07-01 10:18:22] [Task1] Next scan in 6 second(s)…
[2026-07-01 10:18:28] [Task1] Found 0 file(s) total, 0 .mp3 file(s).
[2026-07-01 10:18:28] [Task1] No .mp3 files — nothing to publish.
[2026-07-01 10:18:28] [Task1] Next scan in 6 second(s)…
[2026-07-01 10:18:34] [Task1] Found 0 file(s) total, 0 .mp3 file(s).
[2026-07-01 10:18:34] [Task1] No .mp3 files — nothing to publish.
[2026-07-01 10:18:34] [Task1] Next scan in 6 second(s)…
[2026-07-01 10:18:40] [Task1] Found 0 file(s) total, 0 .mp3 file(s).
[2026-07-01 10:18:40] [Task1] No .mp3 files — nothing to publish.
[2026-07-01 10:18:40] [Task1] Next scan in 6 second(s)…
[2026-07-01 10:18:46] [Task1] Found 0 file(s) total, 0 .mp3 file(s).
[2026-07-01 10:18:46] [Task1] No .mp3 files — nothing to publish.
[2026-07-01 10:18:46] [Task1] Next scan in 6 second(s)…
[2026-07-01 10:18:52] [Task1] Found 0 file(s) total, 0 .mp3 file(s).
[2026-07-01 10:18:52] [Task1] No .mp3 files — nothing to publish.
[2026-07-01 10:18:52] [Task1] Next scan in 6 second(s)…
[2026-07-01 10:18:58] [Task1] Found 0 file(s) total, 0 .mp3 file(s).
[2026-07-01 10:18:58] [Task1] No .mp3 files — nothing to publish.
[2026-07-01 10:18:58] [Task1] Next scan in 6 second(s)…
[2026-07-01 10:19:04] [Task1] Found 0 file(s) total, 0 .mp3 file(s).
[2026-07-01 10:19:04] [Task1] No .mp3 files — nothing to publish.
[2026-07-01 10:19:04] [Task1] Next scan in 6 second(s)…
[2026-07-01 10:19:10] [Task1] Found 0 file(s) total, 0 .mp3 file(s).
[2026-07-01 10:19:10] [Task1] No .mp3 files — nothing to publish.
[2026-07-01 10:19:10] [Task1] Next scan in 6 second(s)…
[2026-07-01 10:19:16] [Task1] Found 0 file(s) total, 0 .mp3 file(s).
[2026-07-01 10:19:16] [Task1] No .mp3 files — nothing to publish.
[2026-07-01 10:19:16] [Task1] Next scan in 6 second(s)…
[2026-07-01 10:19:22] [Task1] Found 0 file(s) total, 0 .mp3 file(s).
[2026-07-01 10:19:22] [Task1] No .mp3 files — nothing to publish.
[2026-07-01 10:19:22] [Task1] Next scan in 6 second(s)…
[2026-07-01 10:19:28] [Task1] Found 0 file(s) total, 0 .mp3 file(s).
[2026-07-01 10:19:28] [Task1] No .mp3 files — nothing to publish.
[2026-07-01 10:19:28] [Task1] Next scan in 6 second(s)…
[2026-07-01 10:19:34] [Task1] Found 0 file(s) total, 0 .mp3 file(s).
[2026-07-01 10:19:34] [Task1] No .mp3 files — nothing to publish.
[2026-07-01 10:19:34] [Task1] Next scan in 6 second(s)…
[2026-07-01 10:19:40] [Task1] Found 0 file(s) total, 0 .mp3 file(s).
[2026-07-01 10:19:40] [Task1] No .mp3 files — nothing to publish.
[2026-07-01 10:19:40] [Task1] Next scan in 6 second(s)…
[2026-07-01 10:19:46] [Task1] Found 0 file(s) total, 0 .mp3 file(s).
[2026-07-01 10:19:46] [Task1] No .mp3 files — nothing to publish.
[2026-07-01 10:19:46] [Task1] Next scan in 6 second(s)…
[2026-07-01 10:19:52] [Task1] Found 0 file(s) total, 0 .mp3 file(s).
[2026-07-01 10:19:52] [Task1] No .mp3 files — nothing to publish.
[2026-07-01 10:19:52] [Task1] Next scan in 6 second(s)…
[2026-07-01 10:19:58] [Task1] Found 0 file(s) total, 0 .mp3 file(s).
[2026-07-01 10:19:58] [Task1] No .mp3 files — nothing to publish.
[2026-07-01 10:19:58] [Task1] Next scan in 6 second(s)…
[2026-07-01 10:20:04] [Task1] Found 0 file(s) total, 0 .mp3 file(s).
[2026-07-01 10:20:04] [Task1] No .mp3 files — nothing to publish.
[2026-07-01 10:20:04] [Task1] Next scan in 6 second(s)…
[2026-07-01 10:20:10] [Task1] Found 0 file(s) total, 0 .mp3 file(s).
[2026-07-01 10:20:10] [Task1] No .mp3 files — nothing to publish.
[2026-07-01 10:20:10] [Task1] Next scan in 6 second(s)…
[2026-07-01 10:20:16] [Task1] Found 0 file(s) total, 0 .mp3 file(s).
[2026-07-01 10:20:16] [Task1] No .mp3 files — nothing to publish.
[2026-07-01 10:20:16] [Task1] Next scan in 6 second(s)…
[2026-07-01 10:20:22] [Task1] Found 0 file(s) total, 0 .mp3 file(s).
[2026-07-01 10:20:22] [Task1] No .mp3 files — nothing to publish.
[2026-07-01 10:20:22] [Task1] Next scan in 6 second(s)…
[2026-07-01 10:20:28] [Task1] Found 0 file(s) total, 0 .mp3 file(s).
[2026-07-01 10:20:28] [Task1] No .mp3 files — nothing to publish.
[2026-07-01 10:20:28] [Task1] Next scan in 6 second(s)…
[2026-07-01 10:20:34] [Task1] Found 0 file(s) total, 0 .mp3 file(s).
[2026-07-01 10:20:34] [Task1] No .mp3 files — nothing to publish.
[2026-07-01 10:20:34] [Task1] Next scan in 6 second(s)…
[2026-07-01 10:20:40] [Task1] Found 0 file(s) total, 0 .mp3 file(s).
[2026-07-01 10:20:40] [Task1] No .mp3 files — nothing to publish.
[2026-07-01 10:20:40] [Task1] Next scan in 6 second(s)…
[2026-07-01 10:20:46] [Task1] Found 0 file(s) total, 0 .mp3 file(s).
[2026-07-01 10:20:46] [Task1] No .mp3 files — nothing to publish.
[2026-07-01 10:20:46] [Task1] Next scan in 6 second(s)…
[2026-07-01 10:20:52] [Task1] Found 0 file(s) total, 0 .mp3 file(s).
[2026-07-01 10:20:52] [Task1] No .mp3 files — nothing to publish.
[2026-07-01 10:20:52] [Task1] Next scan in 6 second(s)…
[2026-07-01 10:20:58] [Task1] Found 0 file(s) total, 0 .mp3 file(s).
[2026-07-01 10:20:58] [Task1] No .mp3 files — nothing to publish.
[2026-07-01 10:20:58] [Task1] Next scan in 6 second(s)…
[2026-07-01 10:21:04] [Task1] Found 0 file(s) total, 0 .mp3 file(s).
[2026-07-01 10:21:04] [Task1] No .mp3 files — nothing to publish.
[2026-07-01 10:21:04] [Task1] Next scan in 6 second(s)…
[2026-07-01 10:21:10] [Task1] Found 0 file(s) total, 0 .mp3 file(s).
[2026-07-01 10:21:10] [Task1] No .mp3 files — nothing to publish.
[2026-07-01 10:21:10] [Task1] Next scan in 6 second(s)…
[2026-07-01 10:21:16] [Task1] Found 0 file(s) total, 0 .mp3 file(s).
[2026-07-01 10:21:16] [Task1] No .mp3 files — nothing to publish.
[2026-07-01 10:21:16] [Task1] Next scan in 6 second(s)…
[2026-07-01 10:21:22] [Task1] Found 0 file(s) total, 0 .mp3 file(s).
[2026-07-01 10:21:22] [Task1] No .mp3 files — nothing to publish.
[2026-07-01 10:21:22] [Task1] Next scan in 6 second(s)…
[2026-07-01 10:21:28] [Task1] Found 0 file(s) total, 0 .mp3 file(s).
[2026-07-01 10:21:28] [Task1] No .mp3 files — nothing to publish.
[2026-07-01 10:21:28] [Task1] Next scan in 6 second(s)…
[2026-07-01 10:21:34] [Task1] Found 0 file(s) total, 0 .mp3 file(s).
[2026-07-01 10:21:34] [Task1] No .mp3 files — nothing to publish.
[2026-07-01 10:21:34] [Task1] Next scan in 6 second(s)…
[2026-07-01 10:21:40] [Task1] Found 0 file(s) total, 0 .mp3 file(s).
[2026-07-01 10:21:40] [Task1] No .mp3 files — nothing to publish.
[2026-07-01 10:21:40] [Task1] Next scan in 6 second(s)…
[2026-07-01 10:21:46] [Task1] Found 0 file(s) total, 0 .mp3 file(s).
[2026-07-01 10:21:46] [Task1] No .mp3 files — nothing to publish.
[2026-07-01 10:21:46] [Task1] Next scan in 6 second(s)…
[2026-07-01 10:21:52] [Task1] Found 0 file(s) total, 0 .mp3 file(s).
[2026-07-01 10:21:52] [Task1] No .mp3 files — nothing to publish.
[2026-07-01 10:21:52] [Task1] Next scan in 6 second(s)…
[2026-07-01 10:21:58] [Task1] Found 0 file(s) total, 0 .mp3 file(s).
[2026-07-01 10:21:58] [Task1] No .mp3 files — nothing to publish.
[2026-07-01 10:21:58] [Task1] Next scan in 6 second(s)…
[2026-07-01 10:22:04] [Task1] Found 0 file(s) total, 0 .mp3 file(s).
[2026-07-01 10:22:04] [Task1] No .mp3 files — nothing to publish.
[2026-07-01 10:22:04] [Task1] Next scan in 6 second(s)…
[2026-07-01 10:22:10] [Task1] Found 0 file(s) total, 0 .mp3 file(s).
[2026-07-01 10:22:10] [Task1] No .mp3 files — nothing to publish.
[2026-07-01 10:22:10] [Task1] Next scan in 6 second(s)…
[2026-07-01 10:22:16] [Task1] Found 0 file(s) total, 0 .mp3 file(s).
[2026-07-01 10:22:16] [Task1] No .mp3 files — nothing to publish.
[2026-07-01 10:22:16] [Task1] Next scan in 6 second(s)…
[2026-07-01 10:22:22] [Task1] Found 0 file(s) total, 0 .mp3 file(s).
[2026-07-01 10:22:22] [Task1] No .mp3 files — nothing to publish.
[2026-07-01 10:22:22] [Task1] Next scan in 6 second(s)…
[2026-07-01 10:22:28] [Task1] Found 0 file(s) total, 0 .mp3 file(s).
[2026-07-01 10:22:28] [Task1] No .mp3 files — nothing to publish.
[2026-07-01 10:22:28] [Task1] Next scan in 6 second(s)…
[2026-07-01 10:22:34] [Task1] Found 0 file(s) total, 0 .mp3 file(s).
[2026-07-01 10:22:34] [Task1] No .mp3 files — nothing to publish.
[2026-07-01 10:22:34] [Task1] Next scan in 6 second(s)…
[2026-07-01 10:22:40] [Task1] Found 0 file(s) total, 0 .mp3 file(s).
[2026-07-01 10:22:40] [Task1] No .mp3 files — nothing to publish.
[2026-07-01 10:22:40] [Task1] Next scan in 6 second(s)…
[2026-07-01 10:22:46] [Task1] Found 0 file(s) total, 0 .mp3 file(s).
[2026-07-01 10:22:46] [Task1] No .mp3 files — nothing to publish.
[2026-07-01 10:22:46] [Task1] Next scan in 6 second(s)…
[2026-07-01 10:22:52] [Task1] Found 0 file(s) total, 0 .mp3 file(s).
[2026-07-01 10:22:52] [Task1] No .mp3 files — nothing to publish.
[2026-07-01 10:22:52] [Task1] Next scan in 6 second(s)…
[2026-07-01 10:22:58] [Task1] Found 0 file(s) total, 0 .mp3 file(s).
[2026-07-01 10:22:58] [Task1] No .mp3 files — nothing to publish.
[2026-07-01 10:22:58] [Task1] Next scan in 6 second(s)…
[2026-07-01 10:23:04] [Task1] Found 0 file(s) total, 0 .mp3 file(s).
[2026-07-01 10:23:04] [Task1] No .mp3 files — nothing to publish.
[2026-07-01 10:23:04] [Task1] Next scan in 6 second(s)…
[2026-07-01 10:23:10] [Task1] Found 0 file(s) total, 0 .mp3 file(s).
[2026-07-01 10:23:10] [Task1] No .mp3 files — nothing to publish.
[2026-07-01 10:23:10] [Task1] Next scan in 6 second(s)…
[2026-07-01 10:23:16] [Task1] Found 0 file(s) total, 0 .mp3 file(s).
[2026-07-01 10:23:16] [Task1] No .mp3 files — nothing to publish.
[2026-07-01 10:23:16] [Task1] Next scan in 6 second(s)…
[2026-07-01 10:23:22] [Task1] Found 0 file(s) total, 0 .mp3 file(s).
[2026-07-01 10:23:22] [Task1] No .mp3 files — nothing to publish.
[2026-07-01 10:23:22] [Task1] Next scan in 6 second(s)…
[2026-07-01 10:23:28] [Task1] Found 0 file(s) total, 0 .mp3 file(s).
[2026-07-01 10:23:28] [Task1] No .mp3 files — nothing to publish.
[2026-07-01 10:23:28] [Task1] Next scan in 6 second(s)…
[2026-07-01 10:23:34] [Task1] Found 0 file(s) total, 0 .mp3 file(s).
[2026-07-01 10:23:34] [Task1] No .mp3 files — nothing to publish.
[2026-07-01 10:23:34] [Task1] Next scan in 6 second(s)…
[2026-07-01 10:23:40] [Task1] Found 0 file(s) total, 0 .mp3 file(s).
[2026-07-01 10:23:40] [Task1] No .mp3 files — nothing to publish.
[2026-07-01 10:23:40] [Task1] Next scan in 6 second(s)…
[2026-07-01 10:23:46] [Task1] Found 0 file(s) total, 0 .mp3 file(s).
[2026-07-01 10:23:46] [Task1] No .mp3 files — nothing to publish.
[2026-07-01 10:23:46] [Task1] Next scan in 6 second(s)…
[2026-07-01 10:23:52] [Task1] Found 0 file(s) total, 0 .mp3 file(s).
[2026-07-01 10:23:52] [Task1] No .mp3 files — nothing to publish.
[2026-07-01 10:23:52] [Task1] Next scan in 6 second(s)…
[2026-07-01 10:23:58] [Task1] Found 0 file(s) total, 0 .mp3 file(s).
[2026-07-01 10:23:58] [Task1] No .mp3 files — nothing to publish.
[2026-07-01 10:23:58] [Task1] Next scan in 6 second(s)…
[2026-07-01 10:24:04] [Task1] Found 0 file(s) total, 0 .mp3 file(s).
[2026-07-01 10:24:04] [Task1] No .mp3 files — nothing to publish.
[2026-07-01 10:24:04] [Task1] Next scan in 6 second(s)…
[2026-07-01 10:24:10] [Task1] Found 0 file(s) total, 0 .mp3 file(s).
[2026-07-01 10:24:10] [Task1] No .mp3 files — nothing to publish.
[2026-07-01 10:24:10] [Task1] Next scan in 6 second(s)…
[2026-07-01 10:24:16] [Task1] Found 0 file(s) total, 0 .mp3 file(s).
[2026-07-01 10:24:16] [Task1] No .mp3 files — nothing to publish.
[2026-07-01 10:24:16] [Task1] Next scan in 6 second(s)…
[2026-07-01 10:24:22] [Task1] Found 0 file(s) total, 0 .mp3 file(s).
[2026-07-01 10:24:22] [Task1] No .mp3 files — nothing to publish.
[2026-07-01 10:24:22] [Task1] Next scan in 6 second(s)…
[2026-07-01 10:24:28] [Task1] Found 0 file(s) total, 0 .mp3 file(s).
[2026-07-01 10:24:28] [Task1] No .mp3 files — nothing to publish.
[2026-07-01 10:24:28] [Task1] Next scan in 6 second(s)…
[2026-07-01 10:24:34] [Task1] Found 0 file(s) total, 0 .mp3 file(s).
[2026-07-01 10:24:34] [Task1] No .mp3 files — nothing to publish.
[2026-07-01 10:24:34] [Task1] Next scan in 6 second(s)…
[2026-07-01 10:24:40] [Task1] Found 0 file(s) total, 0 .mp3 file(s).
[2026-07-01 10:24:40] [Task1] No .mp3 files — nothing to publish.
[2026-07-01 10:24:40] [Task1] Next scan in 6 second(s)…
[2026-07-01 10:24:46] [Task1] Found 0 file(s) total, 0 .mp3 file(s).
[2026-07-01 10:24:46] [Task1] No .mp3 files — nothing to publish.
[2026-07-01 10:24:46] [Task1] Next scan in 6 second(s)…
[2026-07-01 10:24:52] [Task1] Found 0 file(s) total, 0 .mp3 file(s).
[2026-07-01 10:24:52] [Task1] No .mp3 files — nothing to publish.
[2026-07-01 10:24:52] [Task1] Next scan in 6 second(s)…
[2026-07-01 10:24:58] [Task1] Found 0 file(s) total, 0 .mp3 file(s).
[2026-07-01 10:24:58] [Task1] No .mp3 files — nothing to publish.
[2026-07-01 10:24:58] [Task1] Next scan in 6 second(s)…
[2026-07-01 10:25:04] [Task1] Found 0 file(s) total, 0 .mp3 file(s).
[2026-07-01 10:25:04] [Task1] No .mp3 files — nothing to publish.
[2026-07-01 10:25:04] [Task1] Next scan in 6 second(s)…
[2026-07-01 10:25:10] [Task1] Found 0 file(s) total, 0 .mp3 file(s).
[2026-07-01 10:25:10] [Task1] No .mp3 files — nothing to publish.
[2026-07-01 10:25:10] [Task1] Next scan in 6 second(s)…
[2026-07-01 10:25:16] [Task1] Found 0 file(s) total, 0 .mp3 file(s).
[2026-07-01 10:25:16] [Task1] No .mp3 files — nothing to publish.
[2026-07-01 10:25:16] [Task1] Next scan in 6 second(s)…
[2026-07-01 10:25:22] [Task1] Found 0 file(s) total, 0 .mp3 file(s).
[2026-07-01 10:25:22] [Task1] No .mp3 files — nothing to publish.
[2026-07-01 10:25:22] [Task1] Next scan in 6 second(s)…
[2026-07-01 10:25:28] [Task1] Found 0 file(s) total, 0 .mp3 file(s).
[2026-07-01 10:25:28] [Task1] No .mp3 files — nothing to publish.
[2026-07-01 10:25:28] [Task1] Next scan in 6 second(s)…
[2026-07-01 10:25:34] [Task1] Found 0 file(s) total, 0 .mp3 file(s).
[2026-07-01 10:25:34] [Task1] No .mp3 files — nothing to publish.
[2026-07-01 10:25:34] [Task1] Next scan in 6 second(s)…
[2026-07-01 10:25:40] [Task1] Found 0 file(s) total, 0 .mp3 file(s).
[2026-07-01 10:25:40] [Task1] No .mp3 files — nothing to publish.
[2026-07-01 10:25:40] [Task1] Next scan in 6 second(s)…
[2026-07-01 10:25:46] [Task1] Found 0 file(s) total, 0 .mp3 file(s).
[2026-07-01 10:25:46] [Task1] No .mp3 files — nothing to publish.
[2026-07-01 10:25:46] [Task1] Next scan in 6 second(s)…
[2026-07-01 10:25:52] [Task1] Found 0 file(s) total, 0 .mp3 file(s).
[2026-07-01 10:25:52] [Task1] No .mp3 files — nothing to publish.
[2026-07-01 10:25:52] [Task1] Next scan in 6 second(s)…
[2026-07-01 10:25:58] [Task1] Found 0 file(s) total, 0 .mp3 file(s).
[2026-07-01 10:25:58] [Task1] No .mp3 files — nothing to publish.
[2026-07-01 10:25:58] [Task1] Next scan in 6 second(s)…
[2026-07-01 10:26:04] [Task1] Found 0 file(s) total, 0 .mp3 file(s).
[2026-07-01 10:26:04] [Task1] No .mp3 files — nothing to publish.
[2026-07-01 10:26:04] [Task1] Next scan in 6 second(s)…
[2026-07-01 10:26:10] [Task1] Found 0 file(s) total, 0 .mp3 file(s).
[2026-07-01 10:26:10] [Task1] No .mp3 files — nothing to publish.
[2026-07-01 10:26:10] [Task1] Next scan in 6 second(s)…
[2026-07-01 10:26:16] [Task1] Found 0 file(s) total, 0 .mp3 file(s).
[2026-07-01 10:26:16] [Task1] No .mp3 files — nothing to publish.
[2026-07-01 10:26:16] [Task1] Next scan in 6 second(s)…
[2026-07-01 10:26:23] [Task1] Found 0 file(s) total, 0 .mp3 file(s).
[2026-07-01 10:26:23] [Task1] No .mp3 files — nothing to publish.
[2026-07-01 10:26:23] [Task1] Next scan in 6 second(s)…
[2026-07-01 10:26:29] [Task1] Found 0 file(s) total, 0 .mp3 file(s).
[2026-07-01 10:26:29] [Task1] No .mp3 files — nothing to publish.
[2026-07-01 10:26:29] [Task1] Next scan in 6 second(s)…
[2026-07-01 10:26:35] [Task1] Found 0 file(s) total, 0 .mp3 file(s).
[2026-07-01 10:26:35] [Task1] No .mp3 files — nothing to publish.
[2026-07-01 10:26:35] [Task1] Next scan in 6 second(s)…
[2026-07-01 10:26:41] [Task1] Found 0 file(s) total, 0 .mp3 file(s).
[2026-07-01 10:26:41] [Task1] No .mp3 files — nothing to publish.
[2026-07-01 10:26:41] [Task1] Next scan in 6 second(s)…
[2026-07-01 10:26:47] [Task1] Found 0 file(s) total, 0 .mp3 file(s).
[2026-07-01 10:26:47] [Task1] No .mp3 files — nothing to publish.
[2026-07-01 10:26:47] [Task1] Next scan in 6 second(s)…
[2026-07-01 10:26:53] [Task1] Found 0 file(s) total, 0 .mp3 file(s).
[2026-07-01 10:26:53] [Task1] No .mp3 files — nothing to publish.
[2026-07-01 10:26:53] [Task1] Next scan in 6 second(s)…
[2026-07-01 10:26:59] [Task1] Found 0 file(s) total, 0 .mp3 file(s).
[2026-07-01 10:26:59] [Task1] No .mp3 files — nothing to publish.
[2026-07-01 10:26:59] [Task1] Next scan in 6 second(s)…
[2026-07-01 10:27:05] [Task1] Found 0 file(s) total, 0 .mp3 file(s).
[2026-07-01 10:27:05] [Task1] No .mp3 files — nothing to publish.
[2026-07-01 10:27:05] [Task1] Next scan in 6 second(s)…
[2026-07-01 10:27:11] [Task1] Found 0 file(s) total, 0 .mp3 file(s).
[2026-07-01 10:27:11] [Task1] No .mp3 files — nothing to publish.
[2026-07-01 10:27:11] [Task1] Next scan in 6 second(s)…
[2026-07-01 10:27:17] [Task1] Found 0 file(s) total, 0 .mp3 file(s).
[2026-07-01 10:27:17] [Task1] No .mp3 files — nothing to publish.
[2026-07-01 10:27:17] [Task1] Next scan in 6 second(s)…
[2026-07-01 10:27:23] [Task1] Found 0 file(s) total, 0 .mp3 file(s).
[2026-07-01 10:27:23] [Task1] No .mp3 files — nothing to publish.
[2026-07-01 10:27:23] [Task1] Next scan in 6 second(s)…
[2026-07-01 10:27:29] [Task1] Found 0 file(s) total, 0 .mp3 file(s).
[2026-07-01 10:27:29] [Task1] No .mp3 files — nothing to publish.
[2026-07-01 10:27:29] [Task1] Next scan in 6 second(s)…
[2026-07-01 10:27:35] [Task1] Found 0 file(s) total, 0 .mp3 file(s).
[2026-07-01 10:27:35] [Task1] No .mp3 files — nothing to publish.
[2026-07-01 10:27:35] [Task1] Next scan in 6 second(s)…
[2026-07-01 10:27:41] [Task1] Found 0 file(s) total, 0 .mp3 file(s).
[2026-07-01 10:27:41] [Task1] No .mp3 files — nothing to publish.
[2026-07-01 10:27:41] [Task1] Next scan in 6 second(s)…
[2026-07-01 10:27:47] [Task1] Found 0 file(s) total, 0 .mp3 file(s).
[2026-07-01 10:27:47] [Task1] No .mp3 files — nothing to publish.
[2026-07-01 10:27:47] [Task1] Next scan in 6 second(s)…
[2026-07-01 10:27:53] [Task1] Found 0 file(s) total, 0 .mp3 file(s).
[2026-07-01 10:27:53] [Task1] No .mp3 files — nothing to publish.
[2026-07-01 10:27:53] [Task1] Next scan in 6 second(s)…
[2026-07-01 10:27:59] [Task1] Found 0 file(s) total, 0 .mp3 file(s).
[2026-07-01 10:27:59] [Task1] No .mp3 files — nothing to publish.
[2026-07-01 10:27:59] [Task1] Next scan in 6 second(s)…
[2026-07-01 10:28:05] [Task1] Found 0 file(s) total, 0 .mp3 file(s).
[2026-07-01 10:28:05] [Task1] No .mp3 files — nothing to publish.
[2026-07-01 10:28:05] [Task1] Next scan in 6 second(s)…
[2026-07-01 10:28:11] [Task1] Found 0 file(s) total, 0 .mp3 file(s).
[2026-07-01 10:28:11] [Task1] No .mp3 files — nothing to publish.
[2026-07-01 10:28:11] [Task1] Next scan in 6 second(s)…
[2026-07-01 10:28:17] [Task1] Found 0 file(s) total, 0 .mp3 file(s).
[2026-07-01 10:28:17] [Task1] No .mp3 files — nothing to publish.
[2026-07-01 10:28:17] [Task1] Next scan in 6 second(s)…
[2026-07-01 10:28:23] [Task1] Found 0 file(s) total, 0 .mp3 file(s).
[2026-07-01 10:28:23] [Task1] No .mp3 files — nothing to publish.
[2026-07-01 10:28:23] [Task1] Next scan in 6 second(s)…
[2026-07-01 10:28:29] [Task1] Found 0 file(s) total, 0 .mp3 file(s).
[2026-07-01 10:28:29] [Task1] No .mp3 files — nothing to publish.
[2026-07-01 10:28:29] [Task1] Next scan in 6 second(s)…
[2026-07-01 10:28:35] [Task1] Found 0 file(s) total, 0 .mp3 file(s).
[2026-07-01 10:28:35] [Task1] No .mp3 files — nothing to publish.
[2026-07-01 10:28:35] [Task1] Next scan in 6 second(s)…
[2026-07-01 10:28:41] [Task1] Found 0 file(s) total, 0 .mp3 file(s).
[2026-07-01 10:28:41] [Task1] No .mp3 files — nothing to publish.
[2026-07-01 10:28:41] [Task1] Next scan in 6 second(s)…
[2026-07-01 10:28:47] [Task1] Found 0 file(s) total, 0 .mp3 file(s).
[2026-07-01 10:28:47] [Task1] No .mp3 files — nothing to publish.
[2026-07-01 10:28:47] [Task1] Next scan in 6 second(s)…
[2026-07-01 10:28:53] [Task1] Found 0 file(s) total, 0 .mp3 file(s).
[2026-07-01 10:28:53] [Task1] No .mp3 files — nothing to publish.
[2026-07-01 10:28:53] [Task1] Next scan in 6 second(s)…
[2026-07-01 10:28:59] [Task1] Found 0 file(s) total, 0 .mp3 file(s).
[2026-07-01 10:28:59] [Task1] No .mp3 files — nothing to publish.
[2026-07-01 10:28:59] [Task1] Next scan in 6 second(s)…
[2026-07-01 10:29:05] [Task1] Found 0 file(s) total, 0 .mp3 file(s).
[2026-07-01 10:29:05] [Task1] No .mp3 files — nothing to publish.
[2026-07-01 10:29:05] [Task1] Next scan in 6 second(s)…
[2026-07-01 10:29:11] [Task1] Found 0 file(s) total, 0 .mp3 file(s).
[2026-07-01 10:29:11] [Task1] No .mp3 files — nothing to publish.
[2026-07-01 10:29:11] [Task1] Next scan in 6 second(s)…
[2026-07-01 10:29:17] [Task1] Found 0 file(s) total, 0 .mp3 file(s).
[2026-07-01 10:29:17] [Task1] No .mp3 files — nothing to publish.
[2026-07-01 10:29:17] [Task1] Next scan in 6 second(s)…
[2026-07-01 10:29:23] [Task1] Found 0 file(s) total, 0 .mp3 file(s).
[2026-07-01 10:29:23] [Task1] No .mp3 files — nothing to publish.
[2026-07-01 10:29:23] [Task1] Next scan in 6 second(s)…
[2026-07-01 10:29:29] [Task1] Found 0 file(s) total, 0 .mp3 file(s).
[2026-07-01 10:29:29] [Task1] No .mp3 files — nothing to publish.
[2026-07-01 10:29:29] [Task1] Next scan in 6 second(s)…
[2026-07-01 10:29:35] [Task1] Found 0 file(s) total, 0 .mp3 file(s).
[2026-07-01 10:29:35] [Task1] No .mp3 files — nothing to publish.
[2026-07-01 10:29:35] [Task1] Next scan in 6 second(s)…
[2026-07-01 10:29:41] [Task1] Found 0 file(s) total, 0 .mp3 file(s).
[2026-07-01 10:29:41] [Task1] No .mp3 files — nothing to publish.
[2026-07-01 10:29:41] [Task1] Next scan in 6 second(s)…
[2026-07-01 10:29:47] [Task1] Found 0 file(s) total, 0 .mp3 file(s).
[2026-07-01 10:29:47] [Task1] No .mp3 files — nothing to publish.
[2026-07-01 10:29:47] [Task1] Next scan in 6 second(s)…
[2026-07-01 10:29:53] [Task1] Found 0 file(s) total, 0 .mp3 file(s).
[2026-07-01 10:29:53] [Task1] No .mp3 files — nothing to publish.
[2026-07-01 10:29:53] [Task1] Next scan in 6 second(s)…
[2026-07-01 10:29:59] [Task1] Found 0 file(s) total, 0 .mp3 file(s).
[2026-07-01 10:29:59] [Task1] No .mp3 files — nothing to publish.
[2026-07-01 10:29:59] [Task1] Next scan in 6 second(s)…
[2026-07-01 10:30:05] [Task1] Found 0 file(s) total, 0 .mp3 file(s).
[2026-07-01 10:30:05] [Task1] No .mp3 files — nothing to publish.
[2026-07-01 10:30:05] [Task1] Next scan in 6 second(s)…
[2026-07-01 10:30:11] [Task1] Found 0 file(s) total, 0 .mp3 file(s).
[2026-07-01 10:30:11] [Task1] No .mp3 files — nothing to publish.
[2026-07-01 10:30:11] [Task1] Next scan in 6 second(s)…
[2026-07-01 10:30:17] [Task1] Found 0 file(s) total, 0 .mp3 file(s).
[2026-07-01 10:30:17] [Task1] No .mp3 files — nothing to publish.
[2026-07-01 10:30:17] [Task1] Next scan in 6 second(s)…
[2026-07-01 10:30:23] [Task1] Found 0 file(s) total, 0 .mp3 file(s).
[2026-07-01 10:30:23] [Task1] No .mp3 files — nothing to publish.
[2026-07-01 10:30:23] [Task1] Next scan in 6 second(s)…
[2026-07-01 10:30:29] [Task1] Found 0 file(s) total, 0 .mp3 file(s).
[2026-07-01 10:30:29] [Task1] No .mp3 files — nothing to publish.
[2026-07-01 10:30:29] [Task1] Next scan in 6 second(s)…
[2026-07-01 10:30:35] [Task1] Found 0 file(s) total, 0 .mp3 file(s).
[2026-07-01 10:30:35] [Task1] No .mp3 files — nothing to publish.
[2026-07-01 10:30:35] [Task1] Next scan in 6 second(s)…
[2026-07-01 10:30:41] [Task1] Found 0 file(s) total, 0 .mp3 file(s).
[2026-07-01 10:30:41] [Task1] No .mp3 files — nothing to publish.
[2026-07-01 10:30:41] [Task1] Next scan in 6 second(s)…
[2026-07-01 10:30:47] [Task1] Found 0 file(s) total, 0 .mp3 file(s).
[2026-07-01 10:30:47] [Task1] No .mp3 files — nothing to publish.
[2026-07-01 10:30:47] [Task1] Next scan in 6 second(s)…
[2026-07-01 10:30:53] [Task1] Found 0 file(s) total, 0 .mp3 file(s).
[2026-07-01 10:30:53] [Task1] No .mp3 files — nothing to publish.
[2026-07-01 10:30:53] [Task1] Next scan in 6 second(s)…
[2026-07-01 10:30:59] [Task1] Found 0 file(s) total, 0 .mp3 file(s).
[2026-07-01 10:30:59] [Task1] No .mp3 files — nothing to publish.
[2026-07-01 10:30:59] [Task1] Next scan in 6 second(s)…
[2026-07-01 10:31:05] [Task1] Found 0 file(s) total, 0 .mp3 file(s).
[2026-07-01 10:31:05] [Task1] No .mp3 files — nothing to publish.
[2026-07-01 10:31:05] [Task1] Next scan in 6 second(s)…
[2026-07-01 10:31:11] [Task1] Found 0 file(s) total, 0 .mp3 file(s).
[2026-07-01 10:31:11] [Task1] No .mp3 files — nothing to publish.
[2026-07-01 10:31:11] [Task1] Next scan in 6 second(s)…
[2026-07-01 10:31:17] [Task1] Found 0 file(s) total, 0 .mp3 file(s).
[2026-07-01 10:31:17] [Task1] No .mp3 files — nothing to publish.
[2026-07-01 10:31:17] [Task1] Next scan in 6 second(s)…
[2026-07-01 10:31:23] [Task1] Found 0 file(s) total, 0 .mp3 file(s).
[2026-07-01 10:31:23] [Task1] No .mp3 files — nothing to publish.
[2026-07-01 10:31:23] [Task1] Next scan in 6 second(s)…
[2026-07-01 10:31:29] [Task1] Found 0 file(s) total, 0 .mp3 file(s).
[2026-07-01 10:31:29] [Task1] No .mp3 files — nothing to publish.
[2026-07-01 10:31:29] [Task1] Next scan in 6 second(s)…
[2026-07-01 10:31:33] [SYSTEM] Shutdown requested (Ctrl+C).
[2026-07-01 10:31:33] [SYSTEM] Shutdown requested (Ctrl+C).
