[2026-06-30 04:18:00] [SYSTEM] Logger initialized. Log file: D:\mahasoa\ITU\S6\INF315-WebService\Music-PlayList\logs\playlist-log-2026-06-30_04-18-00.log
[2026-06-30 04:18:00] [SYSTEM] Starting: desktop-server-app
[2026-06-30 04:18:00] [SYSTEM] Pipeline: Task1 → [scan-queue] → Task2 → [extract-queue] → Task3 → [upload-queue] → Task4
[2026-06-30 04:18:00] [Task1] Started — watching: D:\mahasoa\ITU\S6\INF315-WebService\Music-PlayList\mp3
[2026-06-30 04:18:00] [Task1] Scan interval: 6 second(s)
[2026-06-30 04:18:00] [Task1] Found 1 file(s) total, 0 .mp3 file(s).
[2026-06-30 04:18:00] [Task1] No .mp3 files — nothing to publish.
[2026-06-30 04:18:00] [Task1] Next scan in 6 second(s)…
[2026-06-30 04:18:00] [Task2] Started — consuming 'playlist-scan-queue'.
[2026-06-30 04:18:00] [Task3] Started — consuming 'playlist-extract-queue'.
[2026-06-30 04:18:00] [Task4] Started — consuming 'playlist-upload-queue'.
[2026-06-30 04:18:00] [Task4] Waiting for upload confirmations. Press Ctrl+C to stop.
[2026-06-30 04:18:00] [Task2] Waiting for scan batches. Press Ctrl+C to stop.
[2026-06-30 04:18:00] [Task3] Waiting for metadata batches. Press Ctrl+C to stop.
[2026-06-30 04:18:06] [Task1] Found 1 file(s) total, 0 .mp3 file(s).
[2026-06-30 04:18:06] [Task1] No .mp3 files — nothing to publish.
[2026-06-30 04:18:06] [Task1] Next scan in 6 second(s)…
[2026-06-30 04:18:12] [Task1] Found 1 file(s) total, 0 .mp3 file(s).
[2026-06-30 04:18:12] [Task1] No .mp3 files — nothing to publish.
[2026-06-30 04:18:12] [Task1] Next scan in 6 second(s)…
[2026-06-30 04:18:18] [Task1] Found 1 file(s) total, 0 .mp3 file(s).
[2026-06-30 04:18:18] [Task1] No .mp3 files — nothing to publish.
[2026-06-30 04:18:18] [Task1] Next scan in 6 second(s)…
[2026-06-30 04:18:24] [Task1] Found 1 file(s) total, 0 .mp3 file(s).
[2026-06-30 04:18:24] [Task1] No .mp3 files — nothing to publish.
[2026-06-30 04:18:24] [Task1] Next scan in 6 second(s)…
[2026-06-30 04:18:30] [Task1] Found 1 file(s) total, 0 .mp3 file(s).
[2026-06-30 04:18:30] [Task1] No .mp3 files — nothing to publish.
[2026-06-30 04:18:30] [Task1] Next scan in 6 second(s)…
[2026-06-30 04:18:36] [Task1] Found 1 file(s) total, 0 .mp3 file(s).
[2026-06-30 04:18:36] [Task1] No .mp3 files — nothing to publish.
[2026-06-30 04:18:36] [Task1] Next scan in 6 second(s)…
[2026-06-30 04:18:42] [Task1] Found 1 file(s) total, 0 .mp3 file(s).
[2026-06-30 04:18:42] [Task1] No .mp3 files — nothing to publish.
[2026-06-30 04:18:42] [Task1] Next scan in 6 second(s)…
[2026-06-30 04:18:48] [Task1] Found 1 file(s) total, 0 .mp3 file(s).
[2026-06-30 04:18:48] [Task1] No .mp3 files — nothing to publish.
[2026-06-30 04:18:48] [Task1] Next scan in 6 second(s)…
[2026-06-30 04:18:54] [Task1] Found 1 file(s) total, 0 .mp3 file(s).
[2026-06-30 04:18:54] [Task1] No .mp3 files — nothing to publish.
[2026-06-30 04:18:54] [Task1] Next scan in 6 second(s)…
[2026-06-30 04:19:00] [Task1] Found 1 file(s) total, 0 .mp3 file(s).
[2026-06-30 04:19:00] [Task1] No .mp3 files — nothing to publish.
[2026-06-30 04:19:00] [Task1] Next scan in 6 second(s)…
[2026-06-30 04:19:06] [Task1] Found 1 file(s) total, 0 .mp3 file(s).
[2026-06-30 04:19:06] [Task1] No .mp3 files — nothing to publish.
[2026-06-30 04:19:06] [Task1] Next scan in 6 second(s)…
[2026-06-30 04:19:12] [Task1] Found 1 file(s) total, 0 .mp3 file(s).
[2026-06-30 04:19:12] [Task1] No .mp3 files — nothing to publish.
[2026-06-30 04:19:12] [Task1] Next scan in 6 second(s)…
[2026-06-30 04:19:18] [Task1] Found 1 file(s) total, 0 .mp3 file(s).
[2026-06-30 04:19:18] [Task1] No .mp3 files — nothing to publish.
[2026-06-30 04:19:18] [Task1] Next scan in 6 second(s)…
[2026-06-30 04:19:24] [Task1] Found 1 file(s) total, 0 .mp3 file(s).
[2026-06-30 04:19:24] [Task1] No .mp3 files — nothing to publish.
[2026-06-30 04:19:24] [Task1] Next scan in 6 second(s)…
[2026-06-30 04:19:30] [Task1] Found 1 file(s) total, 0 .mp3 file(s).
[2026-06-30 04:19:30] [Task1] No .mp3 files — nothing to publish.
[2026-06-30 04:19:30] [Task1] Next scan in 6 second(s)…
[2026-06-30 04:19:36] [Task1] Found 1 file(s) total, 0 .mp3 file(s).
[2026-06-30 04:19:36] [Task1] No .mp3 files — nothing to publish.
[2026-06-30 04:19:36] [Task1] Next scan in 6 second(s)…
[2026-06-30 04:19:42] [Task1] Found 1 file(s) total, 0 .mp3 file(s).
[2026-06-30 04:19:42] [Task1] No .mp3 files — nothing to publish.
[2026-06-30 04:19:42] [Task1] Next scan in 6 second(s)…
[2026-06-30 04:19:48] [Task1] Found 1 file(s) total, 0 .mp3 file(s).
[2026-06-30 04:19:48] [Task1] No .mp3 files — nothing to publish.
[2026-06-30 04:19:48] [Task1] Next scan in 6 second(s)…
[2026-06-30 04:19:54] [Task1] Found 1 file(s) total, 0 .mp3 file(s).
[2026-06-30 04:19:54] [Task1] No .mp3 files — nothing to publish.
[2026-06-30 04:19:54] [Task1] Next scan in 6 second(s)…
[2026-06-30 04:20:00] [Task1] Found 1 file(s) total, 0 .mp3 file(s).
[2026-06-30 04:20:00] [Task1] No .mp3 files — nothing to publish.
[2026-06-30 04:20:00] [Task1] Next scan in 6 second(s)…
[2026-06-30 04:20:06] [Task1] Found 1 file(s) total, 0 .mp3 file(s).
[2026-06-30 04:20:06] [Task1] No .mp3 files — nothing to publish.
[2026-06-30 04:20:06] [Task1] Next scan in 6 second(s)…
[2026-06-30 04:20:12] [Task1] Found 1 file(s) total, 0 .mp3 file(s).
[2026-06-30 04:20:12] [Task1] No .mp3 files — nothing to publish.
[2026-06-30 04:20:12] [Task1] Next scan in 6 second(s)…
[2026-06-30 04:20:18] [Task1] Found 1 file(s) total, 0 .mp3 file(s).
[2026-06-30 04:20:18] [Task1] No .mp3 files — nothing to publish.
[2026-06-30 04:20:18] [Task1] Next scan in 6 second(s)…
[2026-06-30 04:20:24] [Task1] Found 0 file(s) total, 0 .mp3 file(s).
[2026-06-30 04:20:24] [Task1] No .mp3 files — nothing to publish.
[2026-06-30 04:20:24] [Task1] Next scan in 6 second(s)…
[2026-06-30 04:20:30] [Task1] Found 3 file(s) total, 3 .mp3 file(s).
[2026-06-30 04:20:30] [Task1] Published scan batch → 'playlist-scan-queue' (3 file(s)).
[2026-06-30 04:20:30] [Task2] Received scan batch — 3 file(s) from 'D:\mahasoa\ITU\S6\INF315-WebService\Music-PlayList\mp3' scanned at 2026-06-30 01:20:30Z.
[2026-06-30 04:20:30] [Task1] Next scan in 6 second(s)…
[2026-06-30 04:20:30] [Task2] Tags — 'Ankino.mp3': Title='Bodo', Artist='', Album='Album Bodo', Year=2000, Duration=00:03:50.4706875
[2026-06-30 04:20:30] [Task2] Tags — 'Antanambao.MP3': Title='Antanambao', Artist='Bekoto Augustin', Album='Album Bekoto', Year=1980, Duration=00:02:54.5666249
[2026-06-30 04:20:30] [Task2] Tags — 'IAO.MP3': Title='IAO', Artist='ROSSY', Album='IAO', Year=1990, Duration=00:03:48.5160000
[2026-06-30 04:20:30] [Task2] Extraction complete — 3 record(s) ready.
[2026-06-30 04:20:30] [Task2] Published metadata batch → 'playlist-extract-queue'.
[2026-06-30 04:20:31] [Task3] Received metadata batch — 3 track(s) from 'D:\mahasoa\ITU\S6\INF315-WebService\Music-PlayList\mp3'.
[2026-06-30 04:20:31] [Task3] Uploading 'Ankino.mp3' → http://localhost:5000/api/tracks/upload
[2026-06-30 04:20:31] [Task3] Uploaded 'Ankino.mp3' → server path: D:\mahasoa\ITU\S6\INF315-WebService\Music-PlayList\backend-cs\upload_dir\Ankino.mp3
[2026-06-30 04:20:31] [Task3] Uploading 'Antanambao.MP3' → http://localhost:5000/api/tracks/upload
[2026-06-30 04:20:31] [Task3] Uploaded 'Antanambao.MP3' → server path: D:\mahasoa\ITU\S6\INF315-WebService\Music-PlayList\backend-cs\upload_dir\Antanambao.MP3
[2026-06-30 04:20:31] [Task3] Uploading 'IAO.MP3' → http://localhost:5000/api/tracks/upload
[2026-06-30 04:20:31] [Task3] Uploaded 'IAO.MP3' → server path: D:\mahasoa\ITU\S6\INF315-WebService\Music-PlayList\backend-cs\upload_dir\IAO.MP3
[2026-06-30 04:20:31] [Task3] POST metadata batch (3 track(s)) → http://localhost:5000/api/tracks/metadata
[2026-06-30 04:20:32] [Task3] Metadata batch accepted.
[2026-06-30 04:20:32] [Task3] Success message published → 'playlist-upload-queue'.
[2026-06-30 04:20:32] [Task4] Upload success confirmed — 3 track(s) from 'D:\mahasoa\ITU\S6\INF315-WebService\Music-PlayList\mp3' uploaded at 2026-06-30 01:20:32Z. Starting cleanup.
[2026-06-30 04:20:32] [Task4] Deleted: Ankino.mp3
[2026-06-30 04:20:32] [Task4] Deleted: Antanambao.MP3
[2026-06-30 04:20:32] [Task4] Deleted: IAO.MP3
[2026-06-30 04:20:32] [Task4] Cleanup done — 3 file(s) deleted from 'D:\mahasoa\ITU\S6\INF315-WebService\Music-PlayList\mp3'.
[2026-06-30 04:20:36] [Task1] Found 0 file(s) total, 0 .mp3 file(s).
[2026-06-30 04:20:36] [Task1] No .mp3 files — nothing to publish.
[2026-06-30 04:20:36] [Task1] Next scan in 6 second(s)…
[2026-06-30 04:20:42] [Task1] Found 0 file(s) total, 0 .mp3 file(s).
[2026-06-30 04:20:42] [Task1] No .mp3 files — nothing to publish.
[2026-06-30 04:20:42] [Task1] Next scan in 6 second(s)…
[2026-06-30 04:20:48] [Task1] Found 0 file(s) total, 0 .mp3 file(s).
[2026-06-30 04:20:48] [Task1] No .mp3 files — nothing to publish.
[2026-06-30 04:20:48] [Task1] Next scan in 6 second(s)…
[2026-06-30 04:20:54] [Task1] Found 0 file(s) total, 0 .mp3 file(s).
[2026-06-30 04:20:54] [Task1] No .mp3 files — nothing to publish.
[2026-06-30 04:20:54] [Task1] Next scan in 6 second(s)…
[2026-06-30 04:21:00] [Task1] Found 0 file(s) total, 0 .mp3 file(s).
[2026-06-30 04:21:00] [Task1] No .mp3 files — nothing to publish.
[2026-06-30 04:21:00] [Task1] Next scan in 6 second(s)…
[2026-06-30 04:21:06] [Task1] Found 0 file(s) total, 0 .mp3 file(s).
[2026-06-30 04:21:06] [Task1] No .mp3 files — nothing to publish.
[2026-06-30 04:21:06] [Task1] Next scan in 6 second(s)…
[2026-06-30 04:21:12] [Task1] Found 0 file(s) total, 0 .mp3 file(s).
[2026-06-30 04:21:12] [Task1] No .mp3 files — nothing to publish.
[2026-06-30 04:21:12] [Task1] Next scan in 6 second(s)…
[2026-06-30 04:21:18] [Task1] Found 0 file(s) total, 0 .mp3 file(s).
[2026-06-30 04:21:18] [Task1] No .mp3 files — nothing to publish.
[2026-06-30 04:21:18] [Task1] Next scan in 6 second(s)…
[2026-06-30 04:21:24] [Task1] Found 0 file(s) total, 0 .mp3 file(s).
[2026-06-30 04:21:24] [Task1] No .mp3 files — nothing to publish.
[2026-06-30 04:21:24] [Task1] Next scan in 6 second(s)…
[2026-06-30 04:21:30] [Task1] Found 0 file(s) total, 0 .mp3 file(s).
[2026-06-30 04:21:30] [Task1] No .mp3 files — nothing to publish.
[2026-06-30 04:21:30] [Task1] Next scan in 6 second(s)…
[2026-06-30 04:21:37] [Task1] Found 0 file(s) total, 0 .mp3 file(s).
[2026-06-30 04:21:37] [Task1] No .mp3 files — nothing to publish.
[2026-06-30 04:21:37] [Task1] Next scan in 6 second(s)…
[2026-06-30 04:21:43] [Task1] Found 0 file(s) total, 0 .mp3 file(s).
[2026-06-30 04:21:43] [Task1] No .mp3 files — nothing to publish.
[2026-06-30 04:21:43] [Task1] Next scan in 6 second(s)…
[2026-06-30 04:21:49] [Task1] Found 0 file(s) total, 0 .mp3 file(s).
[2026-06-30 04:21:49] [Task1] No .mp3 files — nothing to publish.
[2026-06-30 04:21:49] [Task1] Next scan in 6 second(s)…
[2026-06-30 04:21:55] [Task1] Found 0 file(s) total, 0 .mp3 file(s).
[2026-06-30 04:21:55] [Task1] No .mp3 files — nothing to publish.
[2026-06-30 04:21:55] [Task1] Next scan in 6 second(s)…
[2026-06-30 04:22:01] [Task1] Found 0 file(s) total, 0 .mp3 file(s).
[2026-06-30 04:22:01] [Task1] No .mp3 files — nothing to publish.
[2026-06-30 04:22:01] [Task1] Next scan in 6 second(s)…
[2026-06-30 04:22:07] [Task1] Found 0 file(s) total, 0 .mp3 file(s).
[2026-06-30 04:22:07] [Task1] No .mp3 files — nothing to publish.
[2026-06-30 04:22:07] [Task1] Next scan in 6 second(s)…
[2026-06-30 04:22:13] [Task1] Found 0 file(s) total, 0 .mp3 file(s).
[2026-06-30 04:22:13] [Task1] No .mp3 files — nothing to publish.
[2026-06-30 04:22:13] [Task1] Next scan in 6 second(s)…
[2026-06-30 04:22:19] [Task1] Found 0 file(s) total, 0 .mp3 file(s).
[2026-06-30 04:22:19] [Task1] No .mp3 files — nothing to publish.
[2026-06-30 04:22:19] [Task1] Next scan in 6 second(s)…
[2026-06-30 04:22:25] [Task1] Found 0 file(s) total, 0 .mp3 file(s).
[2026-06-30 04:22:25] [Task1] No .mp3 files — nothing to publish.
[2026-06-30 04:22:25] [Task1] Next scan in 6 second(s)…
[2026-06-30 04:22:31] [Task1] Found 0 file(s) total, 0 .mp3 file(s).
[2026-06-30 04:22:31] [Task1] No .mp3 files — nothing to publish.
[2026-06-30 04:22:31] [Task1] Next scan in 6 second(s)…
[2026-06-30 04:22:37] [Task1] Found 0 file(s) total, 0 .mp3 file(s).
[2026-06-30 04:22:37] [Task1] No .mp3 files — nothing to publish.
[2026-06-30 04:22:37] [Task1] Next scan in 6 second(s)…
[2026-06-30 04:22:43] [Task1] Found 0 file(s) total, 0 .mp3 file(s).
[2026-06-30 04:22:43] [Task1] No .mp3 files — nothing to publish.
[2026-06-30 04:22:43] [Task1] Next scan in 6 second(s)…
[2026-06-30 04:22:49] [Task1] Found 0 file(s) total, 0 .mp3 file(s).
[2026-06-30 04:22:49] [Task1] No .mp3 files — nothing to publish.
[2026-06-30 04:22:49] [Task1] Next scan in 6 second(s)…
[2026-06-30 04:22:55] [Task1] Found 0 file(s) total, 0 .mp3 file(s).
[2026-06-30 04:22:55] [Task1] No .mp3 files — nothing to publish.
[2026-06-30 04:22:55] [Task1] Next scan in 6 second(s)…
[2026-06-30 04:23:01] [Task1] Found 0 file(s) total, 0 .mp3 file(s).
[2026-06-30 04:23:01] [Task1] No .mp3 files — nothing to publish.
[2026-06-30 04:23:01] [Task1] Next scan in 6 second(s)…
[2026-06-30 04:23:07] [Task1] Found 0 file(s) total, 0 .mp3 file(s).
[2026-06-30 04:23:07] [Task1] No .mp3 files — nothing to publish.
[2026-06-30 04:23:07] [Task1] Next scan in 6 second(s)…
[2026-06-30 04:23:13] [Task1] Found 0 file(s) total, 0 .mp3 file(s).
[2026-06-30 04:23:13] [Task1] No .mp3 files — nothing to publish.
[2026-06-30 04:23:13] [Task1] Next scan in 6 second(s)…
[2026-06-30 04:23:19] [Task1] Found 0 file(s) total, 0 .mp3 file(s).
[2026-06-30 04:23:19] [Task1] No .mp3 files — nothing to publish.
[2026-06-30 04:23:19] [Task1] Next scan in 6 second(s)…
[2026-06-30 04:23:25] [Task1] Found 0 file(s) total, 0 .mp3 file(s).
[2026-06-30 04:23:25] [Task1] No .mp3 files — nothing to publish.
[2026-06-30 04:23:25] [Task1] Next scan in 6 second(s)…
[2026-06-30 04:23:31] [Task1] Found 0 file(s) total, 0 .mp3 file(s).
[2026-06-30 04:23:31] [Task1] No .mp3 files — nothing to publish.
[2026-06-30 04:23:31] [Task1] Next scan in 6 second(s)…
[2026-06-30 04:23:37] [Task1] Found 0 file(s) total, 0 .mp3 file(s).
[2026-06-30 04:23:37] [Task1] No .mp3 files — nothing to publish.
[2026-06-30 04:23:37] [Task1] Next scan in 6 second(s)…
[2026-06-30 04:23:43] [Task1] Found 0 file(s) total, 0 .mp3 file(s).
[2026-06-30 04:23:43] [Task1] No .mp3 files — nothing to publish.
[2026-06-30 04:23:43] [Task1] Next scan in 6 second(s)…
[2026-06-30 04:23:49] [Task1] Found 0 file(s) total, 0 .mp3 file(s).
[2026-06-30 04:23:49] [Task1] No .mp3 files — nothing to publish.
[2026-06-30 04:23:49] [Task1] Next scan in 6 second(s)…
[2026-06-30 04:23:55] [Task1] Found 0 file(s) total, 0 .mp3 file(s).
[2026-06-30 04:23:55] [Task1] No .mp3 files — nothing to publish.
[2026-06-30 04:23:55] [Task1] Next scan in 6 second(s)…
[2026-06-30 04:24:01] [Task1] Found 0 file(s) total, 0 .mp3 file(s).
[2026-06-30 04:24:01] [Task1] No .mp3 files — nothing to publish.
[2026-06-30 04:24:01] [Task1] Next scan in 6 second(s)…
[2026-06-30 04:24:07] [Task1] Found 0 file(s) total, 0 .mp3 file(s).
[2026-06-30 04:24:07] [Task1] No .mp3 files — nothing to publish.
[2026-06-30 04:24:07] [Task1] Next scan in 6 second(s)…
[2026-06-30 04:24:13] [Task1] Found 0 file(s) total, 0 .mp3 file(s).
[2026-06-30 04:24:13] [Task1] No .mp3 files — nothing to publish.
[2026-06-30 04:24:13] [Task1] Next scan in 6 second(s)…
[2026-06-30 04:24:19] [Task1] Found 0 file(s) total, 0 .mp3 file(s).
[2026-06-30 04:24:19] [Task1] No .mp3 files — nothing to publish.
[2026-06-30 04:24:19] [Task1] Next scan in 6 second(s)…
[2026-06-30 04:24:25] [Task1] Found 0 file(s) total, 0 .mp3 file(s).
[2026-06-30 04:24:25] [Task1] No .mp3 files — nothing to publish.
[2026-06-30 04:24:25] [Task1] Next scan in 6 second(s)…
[2026-06-30 04:24:31] [Task1] Found 0 file(s) total, 0 .mp3 file(s).
[2026-06-30 04:24:31] [Task1] No .mp3 files — nothing to publish.
[2026-06-30 04:24:31] [Task1] Next scan in 6 second(s)…
[2026-06-30 04:24:37] [Task1] Found 0 file(s) total, 0 .mp3 file(s).
[2026-06-30 04:24:37] [Task1] No .mp3 files — nothing to publish.
[2026-06-30 04:24:37] [Task1] Next scan in 6 second(s)…
[2026-06-30 04:24:43] [Task1] Found 0 file(s) total, 0 .mp3 file(s).
[2026-06-30 04:24:43] [Task1] No .mp3 files — nothing to publish.
[2026-06-30 04:24:43] [Task1] Next scan in 6 second(s)…
[2026-06-30 04:24:49] [Task1] Found 0 file(s) total, 0 .mp3 file(s).
[2026-06-30 04:24:49] [Task1] No .mp3 files — nothing to publish.
[2026-06-30 04:24:49] [Task1] Next scan in 6 second(s)…
[2026-06-30 04:24:55] [Task1] Found 0 file(s) total, 0 .mp3 file(s).
[2026-06-30 04:24:55] [Task1] No .mp3 files — nothing to publish.
[2026-06-30 04:24:55] [Task1] Next scan in 6 second(s)…
[2026-06-30 04:25:01] [Task1] Found 0 file(s) total, 0 .mp3 file(s).
[2026-06-30 04:25:01] [Task1] No .mp3 files — nothing to publish.
[2026-06-30 04:25:01] [Task1] Next scan in 6 second(s)…
[2026-06-30 04:25:07] [Task1] Found 0 file(s) total, 0 .mp3 file(s).
[2026-06-30 04:25:07] [Task1] No .mp3 files — nothing to publish.
[2026-06-30 04:25:07] [Task1] Next scan in 6 second(s)…
[2026-06-30 04:25:13] [Task1] Found 0 file(s) total, 0 .mp3 file(s).
[2026-06-30 04:25:13] [Task1] No .mp3 files — nothing to publish.
[2026-06-30 04:25:13] [Task1] Next scan in 6 second(s)…
[2026-06-30 04:25:19] [Task1] Found 0 file(s) total, 0 .mp3 file(s).
[2026-06-30 04:25:19] [Task1] No .mp3 files — nothing to publish.
[2026-06-30 04:25:19] [Task1] Next scan in 6 second(s)…
[2026-06-30 04:25:25] [Task1] Found 0 file(s) total, 0 .mp3 file(s).
[2026-06-30 04:25:25] [Task1] No .mp3 files — nothing to publish.
[2026-06-30 04:25:25] [Task1] Next scan in 6 second(s)…
[2026-06-30 04:25:31] [Task1] Found 0 file(s) total, 0 .mp3 file(s).
[2026-06-30 04:25:31] [Task1] No .mp3 files — nothing to publish.
[2026-06-30 04:25:31] [Task1] Next scan in 6 second(s)…
[2026-06-30 04:25:37] [Task1] Found 0 file(s) total, 0 .mp3 file(s).
[2026-06-30 04:25:37] [Task1] No .mp3 files — nothing to publish.
[2026-06-30 04:25:37] [Task1] Next scan in 6 second(s)…
[2026-06-30 04:25:43] [Task1] Found 0 file(s) total, 0 .mp3 file(s).
[2026-06-30 04:25:43] [Task1] No .mp3 files — nothing to publish.
[2026-06-30 04:25:43] [Task1] Next scan in 6 second(s)…
[2026-06-30 04:25:49] [Task1] Found 0 file(s) total, 0 .mp3 file(s).
[2026-06-30 04:25:49] [Task1] No .mp3 files — nothing to publish.
[2026-06-30 04:25:49] [Task1] Next scan in 6 second(s)…
[2026-06-30 04:25:55] [Task1] Found 0 file(s) total, 0 .mp3 file(s).
[2026-06-30 04:25:55] [Task1] No .mp3 files — nothing to publish.
[2026-06-30 04:25:55] [Task1] Next scan in 6 second(s)…
[2026-06-30 04:26:01] [Task1] Found 0 file(s) total, 0 .mp3 file(s).
[2026-06-30 04:26:01] [Task1] No .mp3 files — nothing to publish.
[2026-06-30 04:26:01] [Task1] Next scan in 6 second(s)…
[2026-06-30 04:26:07] [Task1] Found 0 file(s) total, 0 .mp3 file(s).
[2026-06-30 04:26:07] [Task1] No .mp3 files — nothing to publish.
[2026-06-30 04:26:07] [Task1] Next scan in 6 second(s)…
[2026-06-30 04:26:13] [Task1] Found 0 file(s) total, 0 .mp3 file(s).
[2026-06-30 04:26:13] [Task1] No .mp3 files — nothing to publish.
[2026-06-30 04:26:13] [Task1] Next scan in 6 second(s)…
[2026-06-30 04:26:19] [Task1] Found 0 file(s) total, 0 .mp3 file(s).
[2026-06-30 04:26:19] [Task1] No .mp3 files — nothing to publish.
[2026-06-30 04:26:19] [Task1] Next scan in 6 second(s)…
[2026-06-30 04:26:25] [Task1] Found 0 file(s) total, 0 .mp3 file(s).
[2026-06-30 04:26:25] [Task1] No .mp3 files — nothing to publish.
[2026-06-30 04:26:25] [Task1] Next scan in 6 second(s)…
[2026-06-30 04:26:31] [Task1] Found 0 file(s) total, 0 .mp3 file(s).
[2026-06-30 04:26:31] [Task1] No .mp3 files — nothing to publish.
[2026-06-30 04:26:31] [Task1] Next scan in 6 second(s)…
[2026-06-30 04:26:37] [Task1] Found 0 file(s) total, 0 .mp3 file(s).
[2026-06-30 04:26:37] [Task1] No .mp3 files — nothing to publish.
[2026-06-30 04:26:37] [Task1] Next scan in 6 second(s)…
[2026-06-30 04:26:43] [Task1] Found 0 file(s) total, 0 .mp3 file(s).
[2026-06-30 04:26:43] [Task1] No .mp3 files — nothing to publish.
[2026-06-30 04:26:43] [Task1] Next scan in 6 second(s)…
[2026-06-30 04:26:49] [Task1] Found 0 file(s) total, 0 .mp3 file(s).
[2026-06-30 04:26:49] [Task1] No .mp3 files — nothing to publish.
[2026-06-30 04:26:49] [Task1] Next scan in 6 second(s)…
[2026-06-30 04:26:55] [Task1] Found 0 file(s) total, 0 .mp3 file(s).
[2026-06-30 04:26:55] [Task1] No .mp3 files — nothing to publish.
[2026-06-30 04:26:55] [Task1] Next scan in 6 second(s)…
[2026-06-30 04:27:01] [Task1] Found 0 file(s) total, 0 .mp3 file(s).
[2026-06-30 04:27:01] [Task1] No .mp3 files — nothing to publish.
[2026-06-30 04:27:01] [Task1] Next scan in 6 second(s)…
[2026-06-30 04:27:07] [Task1] Found 0 file(s) total, 0 .mp3 file(s).
[2026-06-30 04:27:07] [Task1] No .mp3 files — nothing to publish.
[2026-06-30 04:27:07] [Task1] Next scan in 6 second(s)…
[2026-06-30 04:27:13] [Task1] Found 0 file(s) total, 0 .mp3 file(s).
[2026-06-30 04:27:13] [Task1] No .mp3 files — nothing to publish.
[2026-06-30 04:27:13] [Task1] Next scan in 6 second(s)…
[2026-06-30 04:27:19] [Task1] Found 0 file(s) total, 0 .mp3 file(s).
[2026-06-30 04:27:19] [Task1] No .mp3 files — nothing to publish.
[2026-06-30 04:27:19] [Task1] Next scan in 6 second(s)…
[2026-06-30 04:27:25] [Task1] Found 0 file(s) total, 0 .mp3 file(s).
[2026-06-30 04:27:25] [Task1] No .mp3 files — nothing to publish.
[2026-06-30 04:27:25] [Task1] Next scan in 6 second(s)…
[2026-06-30 04:27:31] [Task1] Found 0 file(s) total, 0 .mp3 file(s).
[2026-06-30 04:27:31] [Task1] No .mp3 files — nothing to publish.
[2026-06-30 04:27:31] [Task1] Next scan in 6 second(s)…
[2026-06-30 04:27:37] [Task1] Found 0 file(s) total, 0 .mp3 file(s).
[2026-06-30 04:27:37] [Task1] No .mp3 files — nothing to publish.
[2026-06-30 04:27:37] [Task1] Next scan in 6 second(s)…
[2026-06-30 04:27:43] [Task1] Found 0 file(s) total, 0 .mp3 file(s).
[2026-06-30 04:27:43] [Task1] No .mp3 files — nothing to publish.
[2026-06-30 04:27:43] [Task1] Next scan in 6 second(s)…
[2026-06-30 04:27:49] [Task1] Found 0 file(s) total, 0 .mp3 file(s).
[2026-06-30 04:27:49] [Task1] No .mp3 files — nothing to publish.
[2026-06-30 04:27:49] [Task1] Next scan in 6 second(s)…
[2026-06-30 04:27:55] [Task1] Found 0 file(s) total, 0 .mp3 file(s).
[2026-06-30 04:27:55] [Task1] No .mp3 files — nothing to publish.
[2026-06-30 04:27:55] [Task1] Next scan in 6 second(s)…
[2026-06-30 04:28:01] [Task1] Found 0 file(s) total, 0 .mp3 file(s).
[2026-06-30 04:28:01] [Task1] No .mp3 files — nothing to publish.
[2026-06-30 04:28:01] [Task1] Next scan in 6 second(s)…
[2026-06-30 04:28:07] [Task1] Found 0 file(s) total, 0 .mp3 file(s).
[2026-06-30 04:28:07] [Task1] No .mp3 files — nothing to publish.
[2026-06-30 04:28:07] [Task1] Next scan in 6 second(s)…
[2026-06-30 04:28:13] [Task1] Found 0 file(s) total, 0 .mp3 file(s).
[2026-06-30 04:28:13] [Task1] No .mp3 files — nothing to publish.
[2026-06-30 04:28:13] [Task1] Next scan in 6 second(s)…
[2026-06-30 04:28:19] [Task1] Found 0 file(s) total, 0 .mp3 file(s).
[2026-06-30 04:28:19] [Task1] No .mp3 files — nothing to publish.
[2026-06-30 04:28:19] [Task1] Next scan in 6 second(s)…
[2026-06-30 04:28:25] [Task1] Found 0 file(s) total, 0 .mp3 file(s).
[2026-06-30 04:28:25] [Task1] No .mp3 files — nothing to publish.
[2026-06-30 04:28:25] [Task1] Next scan in 6 second(s)…
[2026-06-30 04:28:31] [Task1] Found 0 file(s) total, 0 .mp3 file(s).
[2026-06-30 04:28:31] [Task1] No .mp3 files — nothing to publish.
[2026-06-30 04:28:31] [Task1] Next scan in 6 second(s)…
[2026-06-30 04:28:37] [Task1] Found 0 file(s) total, 0 .mp3 file(s).
[2026-06-30 04:28:37] [Task1] No .mp3 files — nothing to publish.
[2026-06-30 04:28:37] [Task1] Next scan in 6 second(s)…
[2026-06-30 04:28:43] [Task1] Found 0 file(s) total, 0 .mp3 file(s).
[2026-06-30 04:28:43] [Task1] No .mp3 files — nothing to publish.
[2026-06-30 04:28:43] [Task1] Next scan in 6 second(s)…
[2026-06-30 04:28:49] [Task1] Found 0 file(s) total, 0 .mp3 file(s).
[2026-06-30 04:28:49] [Task1] No .mp3 files — nothing to publish.
[2026-06-30 04:28:49] [Task1] Next scan in 6 second(s)…
[2026-06-30 04:28:55] [Task1] Found 0 file(s) total, 0 .mp3 file(s).
[2026-06-30 04:28:55] [Task1] No .mp3 files — nothing to publish.
[2026-06-30 04:28:55] [Task1] Next scan in 6 second(s)…
[2026-06-30 04:29:01] [Task1] Found 0 file(s) total, 0 .mp3 file(s).
[2026-06-30 04:29:01] [Task1] No .mp3 files — nothing to publish.
[2026-06-30 04:29:01] [Task1] Next scan in 6 second(s)…
[2026-06-30 04:29:07] [Task1] Found 0 file(s) total, 0 .mp3 file(s).
[2026-06-30 04:29:07] [Task1] No .mp3 files — nothing to publish.
[2026-06-30 04:29:07] [Task1] Next scan in 6 second(s)…
[2026-06-30 04:29:13] [Task1] Found 0 file(s) total, 0 .mp3 file(s).
[2026-06-30 04:29:13] [Task1] No .mp3 files — nothing to publish.
[2026-06-30 04:29:13] [Task1] Next scan in 6 second(s)…
[2026-06-30 04:29:19] [Task1] Found 0 file(s) total, 0 .mp3 file(s).
[2026-06-30 04:29:19] [Task1] No .mp3 files — nothing to publish.
[2026-06-30 04:29:19] [Task1] Next scan in 6 second(s)…
[2026-06-30 04:29:25] [Task1] Found 0 file(s) total, 0 .mp3 file(s).
[2026-06-30 04:29:25] [Task1] No .mp3 files — nothing to publish.
[2026-06-30 04:29:25] [Task1] Next scan in 6 second(s)…
[2026-06-30 04:29:31] [Task1] Found 0 file(s) total, 0 .mp3 file(s).
[2026-06-30 04:29:31] [Task1] No .mp3 files — nothing to publish.
[2026-06-30 04:29:31] [Task1] Next scan in 6 second(s)…
[2026-06-30 04:29:37] [Task1] Found 0 file(s) total, 0 .mp3 file(s).
[2026-06-30 04:29:37] [Task1] No .mp3 files — nothing to publish.
[2026-06-30 04:29:37] [Task1] Next scan in 6 second(s)…
[2026-06-30 04:29:43] [Task1] Found 0 file(s) total, 0 .mp3 file(s).
[2026-06-30 04:29:43] [Task1] No .mp3 files — nothing to publish.
[2026-06-30 04:29:43] [Task1] Next scan in 6 second(s)…
[2026-06-30 04:29:49] [Task1] Found 0 file(s) total, 0 .mp3 file(s).
[2026-06-30 04:29:49] [Task1] No .mp3 files — nothing to publish.
[2026-06-30 04:29:49] [Task1] Next scan in 6 second(s)…
[2026-06-30 04:29:55] [Task1] Found 0 file(s) total, 0 .mp3 file(s).
[2026-06-30 04:29:55] [Task1] No .mp3 files — nothing to publish.
[2026-06-30 04:29:55] [Task1] Next scan in 6 second(s)…
[2026-06-30 04:30:01] [Task1] Found 0 file(s) total, 0 .mp3 file(s).
[2026-06-30 04:30:01] [Task1] No .mp3 files — nothing to publish.
[2026-06-30 04:30:01] [Task1] Next scan in 6 second(s)…
[2026-06-30 04:30:07] [Task1] Found 0 file(s) total, 0 .mp3 file(s).
[2026-06-30 04:30:07] [Task1] No .mp3 files — nothing to publish.
[2026-06-30 04:30:07] [Task1] Next scan in 6 second(s)…
[2026-06-30 04:30:13] [Task1] Found 0 file(s) total, 0 .mp3 file(s).
[2026-06-30 04:30:13] [Task1] No .mp3 files — nothing to publish.
[2026-06-30 04:30:13] [Task1] Next scan in 6 second(s)…
[2026-06-30 04:30:19] [Task1] Found 0 file(s) total, 0 .mp3 file(s).
[2026-06-30 04:30:19] [Task1] No .mp3 files — nothing to publish.
[2026-06-30 04:30:19] [Task1] Next scan in 6 second(s)…
[2026-06-30 04:30:25] [Task1] Found 0 file(s) total, 0 .mp3 file(s).
[2026-06-30 04:30:25] [Task1] No .mp3 files — nothing to publish.
[2026-06-30 04:30:25] [Task1] Next scan in 6 second(s)…
[2026-06-30 04:30:31] [Task1] Found 0 file(s) total, 0 .mp3 file(s).
[2026-06-30 04:30:31] [Task1] No .mp3 files — nothing to publish.
[2026-06-30 04:30:31] [Task1] Next scan in 6 second(s)…
[2026-06-30 04:30:37] [Task1] Found 0 file(s) total, 0 .mp3 file(s).
[2026-06-30 04:30:37] [Task1] No .mp3 files — nothing to publish.
[2026-06-30 04:30:37] [Task1] Next scan in 6 second(s)…
[2026-06-30 04:30:43] [Task1] Found 0 file(s) total, 0 .mp3 file(s).
[2026-06-30 04:30:43] [Task1] No .mp3 files — nothing to publish.
[2026-06-30 04:30:43] [Task1] Next scan in 6 second(s)…
[2026-06-30 04:30:49] [Task1] Found 0 file(s) total, 0 .mp3 file(s).
[2026-06-30 04:30:49] [Task1] No .mp3 files — nothing to publish.
[2026-06-30 04:30:49] [Task1] Next scan in 6 second(s)…
[2026-06-30 04:30:55] [Task1] Found 0 file(s) total, 0 .mp3 file(s).
[2026-06-30 04:30:55] [Task1] No .mp3 files — nothing to publish.
[2026-06-30 04:30:55] [Task1] Next scan in 6 second(s)…
[2026-06-30 04:31:01] [Task1] Found 0 file(s) total, 0 .mp3 file(s).
[2026-06-30 04:31:01] [Task1] No .mp3 files — nothing to publish.
[2026-06-30 04:31:01] [Task1] Next scan in 6 second(s)…
[2026-06-30 04:31:07] [Task1] Found 0 file(s) total, 0 .mp3 file(s).
[2026-06-30 04:31:07] [Task1] No .mp3 files — nothing to publish.
[2026-06-30 04:31:07] [Task1] Next scan in 6 second(s)…
[2026-06-30 04:31:13] [Task1] Found 0 file(s) total, 0 .mp3 file(s).
[2026-06-30 04:31:13] [Task1] No .mp3 files — nothing to publish.
[2026-06-30 04:31:13] [Task1] Next scan in 6 second(s)…
[2026-06-30 04:31:19] [Task1] Found 0 file(s) total, 0 .mp3 file(s).
[2026-06-30 04:31:19] [Task1] No .mp3 files — nothing to publish.
[2026-06-30 04:31:19] [Task1] Next scan in 6 second(s)…
[2026-06-30 04:31:25] [Task1] Found 0 file(s) total, 0 .mp3 file(s).
[2026-06-30 04:31:25] [Task1] No .mp3 files — nothing to publish.
[2026-06-30 04:31:25] [Task1] Next scan in 6 second(s)…
[2026-06-30 04:31:31] [Task1] Found 0 file(s) total, 0 .mp3 file(s).
[2026-06-30 04:31:31] [Task1] No .mp3 files — nothing to publish.
[2026-06-30 04:31:31] [Task1] Next scan in 6 second(s)…
[2026-06-30 04:31:37] [Task1] Found 0 file(s) total, 0 .mp3 file(s).
[2026-06-30 04:31:37] [Task1] No .mp3 files — nothing to publish.
[2026-06-30 04:31:37] [Task1] Next scan in 6 second(s)…
[2026-06-30 04:31:43] [Task1] Found 0 file(s) total, 0 .mp3 file(s).
[2026-06-30 04:31:43] [Task1] No .mp3 files — nothing to publish.
[2026-06-30 04:31:43] [Task1] Next scan in 6 second(s)…
[2026-06-30 04:31:49] [Task1] Found 0 file(s) total, 0 .mp3 file(s).
[2026-06-30 04:31:49] [Task1] No .mp3 files — nothing to publish.
[2026-06-30 04:31:49] [Task1] Next scan in 6 second(s)…
[2026-06-30 04:31:55] [Task1] Found 0 file(s) total, 0 .mp3 file(s).
[2026-06-30 04:31:55] [Task1] No .mp3 files — nothing to publish.
[2026-06-30 04:31:55] [Task1] Next scan in 6 second(s)…
[2026-06-30 04:32:01] [Task1] Found 0 file(s) total, 0 .mp3 file(s).
[2026-06-30 04:32:01] [Task1] No .mp3 files — nothing to publish.
[2026-06-30 04:32:01] [Task1] Next scan in 6 second(s)…
[2026-06-30 04:32:07] [Task1] Found 0 file(s) total, 0 .mp3 file(s).
[2026-06-30 04:32:07] [Task1] No .mp3 files — nothing to publish.
[2026-06-30 04:32:07] [Task1] Next scan in 6 second(s)…
[2026-06-30 04:32:13] [Task1] Found 0 file(s) total, 0 .mp3 file(s).
[2026-06-30 04:32:13] [Task1] No .mp3 files — nothing to publish.
[2026-06-30 04:32:13] [Task1] Next scan in 6 second(s)…
[2026-06-30 04:32:19] [Task1] Found 0 file(s) total, 0 .mp3 file(s).
[2026-06-30 04:32:19] [Task1] No .mp3 files — nothing to publish.
[2026-06-30 04:32:19] [Task1] Next scan in 6 second(s)…
[2026-06-30 04:32:25] [Task1] Found 0 file(s) total, 0 .mp3 file(s).
[2026-06-30 04:32:25] [Task1] No .mp3 files — nothing to publish.
[2026-06-30 04:32:25] [Task1] Next scan in 6 second(s)…
[2026-06-30 04:32:31] [Task1] Found 0 file(s) total, 0 .mp3 file(s).
[2026-06-30 04:32:31] [Task1] No .mp3 files — nothing to publish.
[2026-06-30 04:32:31] [Task1] Next scan in 6 second(s)…
[2026-06-30 04:32:37] [Task1] Found 0 file(s) total, 0 .mp3 file(s).
[2026-06-30 04:32:37] [Task1] No .mp3 files — nothing to publish.
[2026-06-30 04:32:37] [Task1] Next scan in 6 second(s)…
[2026-06-30 04:32:43] [Task1] Found 0 file(s) total, 0 .mp3 file(s).
[2026-06-30 04:32:43] [Task1] No .mp3 files — nothing to publish.
[2026-06-30 04:32:43] [Task1] Next scan in 6 second(s)…
[2026-06-30 04:32:49] [Task1] Found 0 file(s) total, 0 .mp3 file(s).
[2026-06-30 04:32:49] [Task1] No .mp3 files — nothing to publish.
[2026-06-30 04:32:49] [Task1] Next scan in 6 second(s)…
[2026-06-30 04:32:55] [Task1] Found 0 file(s) total, 0 .mp3 file(s).
[2026-06-30 04:32:55] [Task1] No .mp3 files — nothing to publish.
[2026-06-30 04:32:55] [Task1] Next scan in 6 second(s)…
[2026-06-30 04:33:02] [Task1] Found 0 file(s) total, 0 .mp3 file(s).
[2026-06-30 04:33:02] [Task1] No .mp3 files — nothing to publish.
[2026-06-30 04:33:02] [Task1] Next scan in 6 second(s)…
[2026-06-30 04:33:08] [Task1] Found 0 file(s) total, 0 .mp3 file(s).
[2026-06-30 04:33:08] [Task1] No .mp3 files — nothing to publish.
[2026-06-30 04:33:08] [Task1] Next scan in 6 second(s)…
[2026-06-30 04:33:14] [Task1] Found 0 file(s) total, 0 .mp3 file(s).
[2026-06-30 04:33:14] [Task1] No .mp3 files — nothing to publish.
[2026-06-30 04:33:14] [Task1] Next scan in 6 second(s)…
[2026-06-30 04:33:20] [Task1] Found 0 file(s) total, 0 .mp3 file(s).
[2026-06-30 04:33:20] [Task1] No .mp3 files — nothing to publish.
[2026-06-30 04:33:20] [Task1] Next scan in 6 second(s)…
[2026-06-30 04:33:26] [Task1] Found 0 file(s) total, 0 .mp3 file(s).
[2026-06-30 04:33:26] [Task1] No .mp3 files — nothing to publish.
[2026-06-30 04:33:26] [Task1] Next scan in 6 second(s)…
[2026-06-30 04:33:32] [Task1] Found 0 file(s) total, 0 .mp3 file(s).
[2026-06-30 04:33:32] [Task1] No .mp3 files — nothing to publish.
[2026-06-30 04:33:32] [Task1] Next scan in 6 second(s)…
[2026-06-30 04:33:38] [Task1] Found 0 file(s) total, 0 .mp3 file(s).
[2026-06-30 04:33:38] [Task1] No .mp3 files — nothing to publish.
[2026-06-30 04:33:38] [Task1] Next scan in 6 second(s)…
[2026-06-30 04:33:44] [Task1] Found 0 file(s) total, 0 .mp3 file(s).
[2026-06-30 04:33:44] [Task1] No .mp3 files — nothing to publish.
[2026-06-30 04:33:44] [Task1] Next scan in 6 second(s)…
[2026-06-30 04:33:50] [Task1] Found 0 file(s) total, 0 .mp3 file(s).
[2026-06-30 04:33:50] [Task1] No .mp3 files — nothing to publish.
[2026-06-30 04:33:50] [Task1] Next scan in 6 second(s)…
[2026-06-30 04:33:56] [Task1] Found 0 file(s) total, 0 .mp3 file(s).
[2026-06-30 04:33:56] [Task1] No .mp3 files — nothing to publish.
[2026-06-30 04:33:56] [Task1] Next scan in 6 second(s)…
[2026-06-30 04:34:02] [Task1] Found 0 file(s) total, 0 .mp3 file(s).
[2026-06-30 04:34:02] [Task1] No .mp3 files — nothing to publish.
[2026-06-30 04:34:02] [Task1] Next scan in 6 second(s)…
[2026-06-30 04:34:08] [Task1] Found 0 file(s) total, 0 .mp3 file(s).
[2026-06-30 04:34:08] [Task1] No .mp3 files — nothing to publish.
[2026-06-30 04:34:08] [Task1] Next scan in 6 second(s)…
[2026-06-30 04:34:14] [Task1] Found 0 file(s) total, 0 .mp3 file(s).
[2026-06-30 04:34:14] [Task1] No .mp3 files — nothing to publish.
[2026-06-30 04:34:14] [Task1] Next scan in 6 second(s)…
[2026-06-30 04:34:20] [Task1] Found 0 file(s) total, 0 .mp3 file(s).
[2026-06-30 04:34:20] [Task1] No .mp3 files — nothing to publish.
[2026-06-30 04:34:20] [Task1] Next scan in 6 second(s)…
[2026-06-30 04:34:26] [Task1] Found 0 file(s) total, 0 .mp3 file(s).
[2026-06-30 04:34:26] [Task1] No .mp3 files — nothing to publish.
[2026-06-30 04:34:26] [Task1] Next scan in 6 second(s)…
[2026-06-30 04:34:32] [Task1] Found 0 file(s) total, 0 .mp3 file(s).
[2026-06-30 04:34:32] [Task1] No .mp3 files — nothing to publish.
[2026-06-30 04:34:32] [Task1] Next scan in 6 second(s)…
[2026-06-30 04:34:38] [Task1] Found 0 file(s) total, 0 .mp3 file(s).
[2026-06-30 04:34:38] [Task1] No .mp3 files — nothing to publish.
[2026-06-30 04:34:38] [Task1] Next scan in 6 second(s)…
[2026-06-30 04:34:44] [Task1] Found 0 file(s) total, 0 .mp3 file(s).
[2026-06-30 04:34:44] [Task1] No .mp3 files — nothing to publish.
[2026-06-30 04:34:44] [Task1] Next scan in 6 second(s)…
[2026-06-30 04:34:50] [Task1] Found 0 file(s) total, 0 .mp3 file(s).
[2026-06-30 04:34:50] [Task1] No .mp3 files — nothing to publish.
[2026-06-30 04:34:50] [Task1] Next scan in 6 second(s)…
[2026-06-30 04:34:56] [Task1] Found 0 file(s) total, 0 .mp3 file(s).
[2026-06-30 04:34:56] [Task1] No .mp3 files — nothing to publish.
[2026-06-30 04:34:56] [Task1] Next scan in 6 second(s)…
[2026-06-30 04:35:02] [Task1] Found 0 file(s) total, 0 .mp3 file(s).
[2026-06-30 04:35:02] [Task1] No .mp3 files — nothing to publish.
[2026-06-30 04:35:02] [Task1] Next scan in 6 second(s)…
[2026-06-30 04:35:08] [Task1] Found 0 file(s) total, 0 .mp3 file(s).
[2026-06-30 04:35:08] [Task1] No .mp3 files — nothing to publish.
[2026-06-30 04:35:08] [Task1] Next scan in 6 second(s)…
[2026-06-30 04:35:14] [Task1] Found 0 file(s) total, 0 .mp3 file(s).
[2026-06-30 04:35:14] [Task1] No .mp3 files — nothing to publish.
[2026-06-30 04:35:14] [Task1] Next scan in 6 second(s)…
[2026-06-30 04:35:20] [Task1] Found 0 file(s) total, 0 .mp3 file(s).
[2026-06-30 04:35:20] [Task1] No .mp3 files — nothing to publish.
[2026-06-30 04:35:20] [Task1] Next scan in 6 second(s)…
[2026-06-30 04:35:26] [Task1] Found 0 file(s) total, 0 .mp3 file(s).
[2026-06-30 04:35:26] [Task1] No .mp3 files — nothing to publish.
[2026-06-30 04:35:26] [Task1] Next scan in 6 second(s)…
[2026-06-30 04:35:32] [Task1] Found 0 file(s) total, 0 .mp3 file(s).
[2026-06-30 04:35:32] [Task1] No .mp3 files — nothing to publish.
[2026-06-30 04:35:32] [Task1] Next scan in 6 second(s)…
[2026-06-30 04:35:38] [Task1] Found 0 file(s) total, 0 .mp3 file(s).
[2026-06-30 04:35:38] [Task1] No .mp3 files — nothing to publish.
[2026-06-30 04:35:38] [Task1] Next scan in 6 second(s)…
[2026-06-30 04:35:44] [Task1] Found 0 file(s) total, 0 .mp3 file(s).
[2026-06-30 04:35:44] [Task1] No .mp3 files — nothing to publish.
[2026-06-30 04:35:44] [Task1] Next scan in 6 second(s)…
[2026-06-30 04:35:50] [Task1] Found 0 file(s) total, 0 .mp3 file(s).
[2026-06-30 04:35:50] [Task1] No .mp3 files — nothing to publish.
[2026-06-30 04:35:50] [Task1] Next scan in 6 second(s)…
[2026-06-30 04:35:56] [Task1] Found 0 file(s) total, 0 .mp3 file(s).
[2026-06-30 04:35:56] [Task1] No .mp3 files — nothing to publish.
[2026-06-30 04:35:56] [Task1] Next scan in 6 second(s)…
[2026-06-30 04:36:02] [Task1] Found 0 file(s) total, 0 .mp3 file(s).
[2026-06-30 04:36:02] [Task1] No .mp3 files — nothing to publish.
[2026-06-30 04:36:02] [Task1] Next scan in 6 second(s)…
[2026-06-30 04:36:08] [Task1] Found 0 file(s) total, 0 .mp3 file(s).
[2026-06-30 04:36:08] [Task1] No .mp3 files — nothing to publish.
[2026-06-30 04:36:08] [Task1] Next scan in 6 second(s)…
[2026-06-30 04:36:14] [Task1] Found 0 file(s) total, 0 .mp3 file(s).
[2026-06-30 04:36:14] [Task1] No .mp3 files — nothing to publish.
[2026-06-30 04:36:14] [Task1] Next scan in 6 second(s)…
[2026-06-30 04:36:20] [Task1] Found 0 file(s) total, 0 .mp3 file(s).
[2026-06-30 04:36:20] [Task1] No .mp3 files — nothing to publish.
[2026-06-30 04:36:20] [Task1] Next scan in 6 second(s)…
[2026-06-30 04:36:26] [Task1] Found 0 file(s) total, 0 .mp3 file(s).
[2026-06-30 04:36:26] [Task1] No .mp3 files — nothing to publish.
[2026-06-30 04:36:26] [Task1] Next scan in 6 second(s)…
[2026-06-30 04:36:32] [Task1] Found 0 file(s) total, 0 .mp3 file(s).
[2026-06-30 04:36:32] [Task1] No .mp3 files — nothing to publish.
[2026-06-30 04:36:32] [Task1] Next scan in 6 second(s)…
[2026-06-30 04:36:38] [Task1] Found 0 file(s) total, 0 .mp3 file(s).
[2026-06-30 04:36:38] [Task1] No .mp3 files — nothing to publish.
[2026-06-30 04:36:38] [Task1] Next scan in 6 second(s)…
[2026-06-30 04:36:44] [Task1] Found 0 file(s) total, 0 .mp3 file(s).
[2026-06-30 04:36:44] [Task1] No .mp3 files — nothing to publish.
[2026-06-30 04:36:44] [Task1] Next scan in 6 second(s)…
[2026-06-30 04:36:50] [Task1] Found 0 file(s) total, 0 .mp3 file(s).
[2026-06-30 04:36:50] [Task1] No .mp3 files — nothing to publish.
[2026-06-30 04:36:50] [Task1] Next scan in 6 second(s)…
[2026-06-30 04:36:56] [Task1] Found 0 file(s) total, 0 .mp3 file(s).
[2026-06-30 04:36:56] [Task1] No .mp3 files — nothing to publish.
[2026-06-30 04:36:56] [Task1] Next scan in 6 second(s)…
[2026-06-30 04:37:02] [Task1] Found 0 file(s) total, 0 .mp3 file(s).
[2026-06-30 04:37:02] [Task1] No .mp3 files — nothing to publish.
[2026-06-30 04:37:02] [Task1] Next scan in 6 second(s)…
[2026-06-30 04:37:08] [Task1] Found 0 file(s) total, 0 .mp3 file(s).
[2026-06-30 04:37:08] [Task1] No .mp3 files — nothing to publish.
[2026-06-30 04:37:08] [Task1] Next scan in 6 second(s)…
[2026-06-30 04:37:14] [Task1] Found 0 file(s) total, 0 .mp3 file(s).
[2026-06-30 04:37:14] [Task1] No .mp3 files — nothing to publish.
[2026-06-30 04:37:14] [Task1] Next scan in 6 second(s)…
[2026-06-30 04:37:20] [Task1] Found 0 file(s) total, 0 .mp3 file(s).
[2026-06-30 04:37:20] [Task1] No .mp3 files — nothing to publish.
[2026-06-30 04:37:20] [Task1] Next scan in 6 second(s)…
[2026-06-30 04:37:26] [Task1] Found 0 file(s) total, 0 .mp3 file(s).
[2026-06-30 04:37:26] [Task1] No .mp3 files — nothing to publish.
[2026-06-30 04:37:26] [Task1] Next scan in 6 second(s)…
[2026-06-30 04:37:32] [Task1] Found 0 file(s) total, 0 .mp3 file(s).
[2026-06-30 04:37:32] [Task1] No .mp3 files — nothing to publish.
[2026-06-30 04:37:32] [Task1] Next scan in 6 second(s)…
[2026-06-30 04:37:38] [Task1] Found 0 file(s) total, 0 .mp3 file(s).
[2026-06-30 04:37:38] [Task1] No .mp3 files — nothing to publish.
[2026-06-30 04:37:38] [Task1] Next scan in 6 second(s)…
[2026-06-30 04:37:44] [Task1] Found 0 file(s) total, 0 .mp3 file(s).
[2026-06-30 04:37:44] [Task1] No .mp3 files — nothing to publish.
[2026-06-30 04:37:44] [Task1] Next scan in 6 second(s)…
[2026-06-30 04:37:50] [Task1] Found 0 file(s) total, 0 .mp3 file(s).
[2026-06-30 04:37:50] [Task1] No .mp3 files — nothing to publish.
[2026-06-30 04:37:50] [Task1] Next scan in 6 second(s)…
[2026-06-30 04:37:56] [Task1] Found 0 file(s) total, 0 .mp3 file(s).
[2026-06-30 04:37:56] [Task1] No .mp3 files — nothing to publish.
[2026-06-30 04:37:56] [Task1] Next scan in 6 second(s)…
[2026-06-30 04:38:02] [Task1] Found 0 file(s) total, 0 .mp3 file(s).
[2026-06-30 04:38:02] [Task1] No .mp3 files — nothing to publish.
[2026-06-30 04:38:02] [Task1] Next scan in 6 second(s)…
[2026-06-30 04:38:08] [Task1] Found 0 file(s) total, 0 .mp3 file(s).
[2026-06-30 04:38:08] [Task1] No .mp3 files — nothing to publish.
[2026-06-30 04:38:08] [Task1] Next scan in 6 second(s)…
[2026-06-30 04:38:14] [Task1] Found 0 file(s) total, 0 .mp3 file(s).
[2026-06-30 04:38:14] [Task1] No .mp3 files — nothing to publish.
[2026-06-30 04:38:14] [Task1] Next scan in 6 second(s)…
[2026-06-30 04:38:20] [Task1] Found 0 file(s) total, 0 .mp3 file(s).
[2026-06-30 04:38:20] [Task1] No .mp3 files — nothing to publish.
[2026-06-30 04:38:20] [Task1] Next scan in 6 second(s)…
[2026-06-30 04:38:26] [Task1] Found 0 file(s) total, 0 .mp3 file(s).
[2026-06-30 04:38:26] [Task1] No .mp3 files — nothing to publish.
[2026-06-30 04:38:26] [Task1] Next scan in 6 second(s)…
[2026-06-30 04:38:32] [Task1] Found 0 file(s) total, 0 .mp3 file(s).
[2026-06-30 04:38:32] [Task1] No .mp3 files — nothing to publish.
[2026-06-30 04:38:32] [Task1] Next scan in 6 second(s)…
[2026-06-30 04:38:38] [Task1] Found 0 file(s) total, 0 .mp3 file(s).
[2026-06-30 04:38:38] [Task1] No .mp3 files — nothing to publish.
[2026-06-30 04:38:38] [Task1] Next scan in 6 second(s)…
[2026-06-30 04:38:44] [Task1] Found 0 file(s) total, 0 .mp3 file(s).
[2026-06-30 04:38:44] [Task1] No .mp3 files — nothing to publish.
[2026-06-30 04:38:44] [Task1] Next scan in 6 second(s)…
[2026-06-30 04:38:50] [Task1] Found 0 file(s) total, 0 .mp3 file(s).
[2026-06-30 04:38:50] [Task1] No .mp3 files — nothing to publish.
[2026-06-30 04:38:50] [Task1] Next scan in 6 second(s)…
[2026-06-30 04:38:56] [Task1] Found 0 file(s) total, 0 .mp3 file(s).
[2026-06-30 04:38:56] [Task1] No .mp3 files — nothing to publish.
[2026-06-30 04:38:56] [Task1] Next scan in 6 second(s)…
[2026-06-30 04:39:02] [Task1] Found 0 file(s) total, 0 .mp3 file(s).
[2026-06-30 04:39:02] [Task1] No .mp3 files — nothing to publish.
[2026-06-30 04:39:02] [Task1] Next scan in 6 second(s)…
[2026-06-30 04:39:08] [Task1] Found 0 file(s) total, 0 .mp3 file(s).
[2026-06-30 04:39:08] [Task1] No .mp3 files — nothing to publish.
[2026-06-30 04:39:08] [Task1] Next scan in 6 second(s)…
[2026-06-30 04:39:14] [Task1] Found 0 file(s) total, 0 .mp3 file(s).
[2026-06-30 04:39:14] [Task1] No .mp3 files — nothing to publish.
[2026-06-30 04:39:14] [Task1] Next scan in 6 second(s)…
[2026-06-30 04:39:20] [Task1] Found 0 file(s) total, 0 .mp3 file(s).
[2026-06-30 04:39:20] [Task1] No .mp3 files — nothing to publish.
[2026-06-30 04:39:20] [Task1] Next scan in 6 second(s)…
[2026-06-30 04:39:26] [Task1] Found 0 file(s) total, 0 .mp3 file(s).
[2026-06-30 04:39:26] [Task1] No .mp3 files — nothing to publish.
[2026-06-30 04:39:26] [Task1] Next scan in 6 second(s)…
[2026-06-30 04:39:32] [Task1] Found 0 file(s) total, 0 .mp3 file(s).
[2026-06-30 04:39:32] [Task1] No .mp3 files — nothing to publish.
[2026-06-30 04:39:32] [Task1] Next scan in 6 second(s)…
[2026-06-30 04:39:38] [Task1] Found 0 file(s) total, 0 .mp3 file(s).
[2026-06-30 04:39:38] [Task1] No .mp3 files — nothing to publish.
[2026-06-30 04:39:38] [Task1] Next scan in 6 second(s)…
[2026-06-30 04:39:44] [Task1] Found 0 file(s) total, 0 .mp3 file(s).
[2026-06-30 04:39:44] [Task1] No .mp3 files — nothing to publish.
[2026-06-30 04:39:44] [Task1] Next scan in 6 second(s)…
[2026-06-30 04:39:50] [Task1] Found 0 file(s) total, 0 .mp3 file(s).
[2026-06-30 04:39:50] [Task1] No .mp3 files — nothing to publish.
[2026-06-30 04:39:50] [Task1] Next scan in 6 second(s)…
[2026-06-30 04:39:56] [Task1] Found 0 file(s) total, 0 .mp3 file(s).
[2026-06-30 04:39:56] [Task1] No .mp3 files — nothing to publish.
[2026-06-30 04:39:56] [Task1] Next scan in 6 second(s)…
[2026-06-30 04:40:02] [Task1] Found 0 file(s) total, 0 .mp3 file(s).
[2026-06-30 04:40:02] [Task1] No .mp3 files — nothing to publish.
[2026-06-30 04:40:02] [Task1] Next scan in 6 second(s)…
[2026-06-30 04:40:08] [Task1] Found 0 file(s) total, 0 .mp3 file(s).
[2026-06-30 04:40:08] [Task1] No .mp3 files — nothing to publish.
[2026-06-30 04:40:08] [Task1] Next scan in 6 second(s)…
[2026-06-30 04:40:14] [Task1] Found 0 file(s) total, 0 .mp3 file(s).
[2026-06-30 04:40:14] [Task1] No .mp3 files — nothing to publish.
[2026-06-30 04:40:14] [Task1] Next scan in 6 second(s)…
[2026-06-30 04:40:20] [Task1] Found 0 file(s) total, 0 .mp3 file(s).
[2026-06-30 04:40:20] [Task1] No .mp3 files — nothing to publish.
[2026-06-30 04:40:20] [Task1] Next scan in 6 second(s)…
[2026-06-30 04:40:26] [Task1] Found 0 file(s) total, 0 .mp3 file(s).
[2026-06-30 04:40:26] [Task1] No .mp3 files — nothing to publish.
[2026-06-30 04:40:26] [Task1] Next scan in 6 second(s)…
[2026-06-30 04:40:32] [Task1] Found 0 file(s) total, 0 .mp3 file(s).
[2026-06-30 04:40:32] [Task1] No .mp3 files — nothing to publish.
[2026-06-30 04:40:32] [Task1] Next scan in 6 second(s)…
[2026-06-30 04:40:38] [Task1] Found 0 file(s) total, 0 .mp3 file(s).
[2026-06-30 04:40:38] [Task1] No .mp3 files — nothing to publish.
[2026-06-30 04:40:38] [Task1] Next scan in 6 second(s)…
[2026-06-30 04:40:44] [Task1] Found 0 file(s) total, 0 .mp3 file(s).
[2026-06-30 04:40:44] [Task1] No .mp3 files — nothing to publish.
[2026-06-30 04:40:44] [Task1] Next scan in 6 second(s)…
[2026-06-30 04:40:50] [Task1] Found 0 file(s) total, 0 .mp3 file(s).
[2026-06-30 04:40:50] [Task1] No .mp3 files — nothing to publish.
[2026-06-30 04:40:50] [Task1] Next scan in 6 second(s)…
[2026-06-30 04:40:56] [Task1] Found 0 file(s) total, 0 .mp3 file(s).
[2026-06-30 04:40:56] [Task1] No .mp3 files — nothing to publish.
[2026-06-30 04:40:56] [Task1] Next scan in 6 second(s)…
[2026-06-30 04:41:02] [Task1] Found 0 file(s) total, 0 .mp3 file(s).
[2026-06-30 04:41:02] [Task1] No .mp3 files — nothing to publish.
[2026-06-30 04:41:02] [Task1] Next scan in 6 second(s)…
[2026-06-30 04:41:08] [Task1] Found 0 file(s) total, 0 .mp3 file(s).
[2026-06-30 04:41:08] [Task1] No .mp3 files — nothing to publish.
[2026-06-30 04:41:08] [Task1] Next scan in 6 second(s)…
[2026-06-30 04:41:14] [Task1] Found 0 file(s) total, 0 .mp3 file(s).
[2026-06-30 04:41:14] [Task1] No .mp3 files — nothing to publish.
[2026-06-30 04:41:14] [Task1] Next scan in 6 second(s)…
[2026-06-30 04:41:20] [Task1] Found 0 file(s) total, 0 .mp3 file(s).
[2026-06-30 04:41:20] [Task1] No .mp3 files — nothing to publish.
[2026-06-30 04:41:20] [Task1] Next scan in 6 second(s)…
[2026-06-30 04:41:26] [Task1] Found 0 file(s) total, 0 .mp3 file(s).
[2026-06-30 04:41:26] [Task1] No .mp3 files — nothing to publish.
[2026-06-30 04:41:26] [Task1] Next scan in 6 second(s)…
[2026-06-30 04:41:32] [Task1] Found 0 file(s) total, 0 .mp3 file(s).
[2026-06-30 04:41:32] [Task1] No .mp3 files — nothing to publish.
[2026-06-30 04:41:32] [Task1] Next scan in 6 second(s)…
[2026-06-30 04:41:38] [Task1] Found 0 file(s) total, 0 .mp3 file(s).
[2026-06-30 04:41:38] [Task1] No .mp3 files — nothing to publish.
[2026-06-30 04:41:38] [Task1] Next scan in 6 second(s)…
[2026-06-30 04:41:44] [Task1] Found 0 file(s) total, 0 .mp3 file(s).
[2026-06-30 04:41:44] [Task1] No .mp3 files — nothing to publish.
[2026-06-30 04:41:44] [Task1] Next scan in 6 second(s)…
[2026-06-30 04:41:50] [Task1] Found 0 file(s) total, 0 .mp3 file(s).
[2026-06-30 04:41:50] [Task1] No .mp3 files — nothing to publish.
[2026-06-30 04:41:50] [Task1] Next scan in 6 second(s)…
[2026-06-30 04:41:56] [Task1] Found 0 file(s) total, 0 .mp3 file(s).
[2026-06-30 04:41:56] [Task1] No .mp3 files — nothing to publish.
[2026-06-30 04:41:56] [Task1] Next scan in 6 second(s)…
[2026-06-30 04:42:02] [Task1] Found 0 file(s) total, 0 .mp3 file(s).
[2026-06-30 04:42:02] [Task1] No .mp3 files — nothing to publish.
[2026-06-30 04:42:02] [Task1] Next scan in 6 second(s)…
[2026-06-30 04:42:08] [Task1] Found 0 file(s) total, 0 .mp3 file(s).
[2026-06-30 04:42:08] [Task1] No .mp3 files — nothing to publish.
[2026-06-30 04:42:08] [Task1] Next scan in 6 second(s)…
[2026-06-30 04:42:14] [Task1] Found 0 file(s) total, 0 .mp3 file(s).
[2026-06-30 04:42:14] [Task1] No .mp3 files — nothing to publish.
[2026-06-30 04:42:14] [Task1] Next scan in 6 second(s)…
[2026-06-30 04:42:20] [Task1] Found 0 file(s) total, 0 .mp3 file(s).
[2026-06-30 04:42:20] [Task1] No .mp3 files — nothing to publish.
[2026-06-30 04:42:20] [Task1] Next scan in 6 second(s)…
[2026-06-30 04:42:26] [Task1] Found 0 file(s) total, 0 .mp3 file(s).
[2026-06-30 04:42:26] [Task1] No .mp3 files — nothing to publish.
[2026-06-30 04:42:26] [Task1] Next scan in 6 second(s)…
[2026-06-30 04:42:32] [Task1] Found 0 file(s) total, 0 .mp3 file(s).
[2026-06-30 04:42:32] [Task1] No .mp3 files — nothing to publish.
[2026-06-30 04:42:32] [Task1] Next scan in 6 second(s)…
[2026-06-30 04:42:38] [Task1] Found 0 file(s) total, 0 .mp3 file(s).
[2026-06-30 04:42:38] [Task1] No .mp3 files — nothing to publish.
[2026-06-30 04:42:38] [Task1] Next scan in 6 second(s)…
[2026-06-30 04:42:44] [Task1] Found 0 file(s) total, 0 .mp3 file(s).
[2026-06-30 04:42:44] [Task1] No .mp3 files — nothing to publish.
[2026-06-30 04:42:44] [Task1] Next scan in 6 second(s)…
[2026-06-30 04:42:50] [Task1] Found 0 file(s) total, 0 .mp3 file(s).
[2026-06-30 04:42:50] [Task1] No .mp3 files — nothing to publish.
[2026-06-30 04:42:50] [Task1] Next scan in 6 second(s)…
[2026-06-30 04:42:56] [Task1] Found 0 file(s) total, 0 .mp3 file(s).
[2026-06-30 04:42:56] [Task1] No .mp3 files — nothing to publish.
[2026-06-30 04:42:56] [Task1] Next scan in 6 second(s)…
[2026-06-30 04:43:02] [Task1] Found 0 file(s) total, 0 .mp3 file(s).
[2026-06-30 04:43:02] [Task1] No .mp3 files — nothing to publish.
[2026-06-30 04:43:02] [Task1] Next scan in 6 second(s)…
[2026-06-30 04:43:08] [Task1] Found 0 file(s) total, 0 .mp3 file(s).
[2026-06-30 04:43:08] [Task1] No .mp3 files — nothing to publish.
[2026-06-30 04:43:08] [Task1] Next scan in 6 second(s)…
[2026-06-30 04:43:14] [Task1] Found 0 file(s) total, 0 .mp3 file(s).
[2026-06-30 04:43:14] [Task1] No .mp3 files — nothing to publish.
[2026-06-30 04:43:14] [Task1] Next scan in 6 second(s)…
[2026-06-30 04:43:20] [Task1] Found 0 file(s) total, 0 .mp3 file(s).
[2026-06-30 04:43:20] [Task1] No .mp3 files — nothing to publish.
[2026-06-30 04:43:20] [Task1] Next scan in 6 second(s)…
[2026-06-30 04:43:26] [Task1] Found 0 file(s) total, 0 .mp3 file(s).
[2026-06-30 04:43:26] [Task1] No .mp3 files — nothing to publish.
[2026-06-30 04:43:26] [Task1] Next scan in 6 second(s)…
[2026-06-30 04:43:32] [Task1] Found 0 file(s) total, 0 .mp3 file(s).
[2026-06-30 04:43:32] [Task1] No .mp3 files — nothing to publish.
[2026-06-30 04:43:32] [Task1] Next scan in 6 second(s)…
[2026-06-30 04:43:38] [Task1] Found 0 file(s) total, 0 .mp3 file(s).
[2026-06-30 04:43:38] [Task1] No .mp3 files — nothing to publish.
[2026-06-30 04:43:38] [Task1] Next scan in 6 second(s)…
[2026-06-30 04:43:44] [Task1] Found 0 file(s) total, 0 .mp3 file(s).
[2026-06-30 04:43:44] [Task1] No .mp3 files — nothing to publish.
[2026-06-30 04:43:44] [Task1] Next scan in 6 second(s)…
[2026-06-30 04:43:50] [Task1] Found 0 file(s) total, 0 .mp3 file(s).
[2026-06-30 04:43:50] [Task1] No .mp3 files — nothing to publish.
[2026-06-30 04:43:50] [Task1] Next scan in 6 second(s)…
[2026-06-30 04:43:56] [Task1] Found 0 file(s) total, 0 .mp3 file(s).
[2026-06-30 04:43:56] [Task1] No .mp3 files — nothing to publish.
[2026-06-30 04:43:56] [Task1] Next scan in 6 second(s)…
[2026-06-30 04:44:02] [Task1] Found 0 file(s) total, 0 .mp3 file(s).
[2026-06-30 04:44:02] [Task1] No .mp3 files — nothing to publish.
[2026-06-30 04:44:02] [Task1] Next scan in 6 second(s)…
[2026-06-30 04:44:09] [Task1] Found 0 file(s) total, 0 .mp3 file(s).
[2026-06-30 04:44:09] [Task1] No .mp3 files — nothing to publish.
[2026-06-30 04:44:09] [Task1] Next scan in 6 second(s)…
[2026-06-30 04:44:15] [Task1] Found 0 file(s) total, 0 .mp3 file(s).
[2026-06-30 04:44:15] [Task1] No .mp3 files — nothing to publish.
[2026-06-30 04:44:15] [Task1] Next scan in 6 second(s)…
[2026-06-30 04:44:21] [Task1] Found 0 file(s) total, 0 .mp3 file(s).
[2026-06-30 04:44:21] [Task1] No .mp3 files — nothing to publish.
[2026-06-30 04:44:21] [Task1] Next scan in 6 second(s)…
[2026-06-30 04:44:27] [Task1] Found 0 file(s) total, 0 .mp3 file(s).
[2026-06-30 04:44:27] [Task1] No .mp3 files — nothing to publish.
[2026-06-30 04:44:27] [Task1] Next scan in 6 second(s)…
[2026-06-30 04:44:33] [Task1] Found 0 file(s) total, 0 .mp3 file(s).
[2026-06-30 04:44:33] [Task1] No .mp3 files — nothing to publish.
[2026-06-30 04:44:33] [Task1] Next scan in 6 second(s)…
[2026-06-30 04:44:39] [Task1] Found 0 file(s) total, 0 .mp3 file(s).
[2026-06-30 04:44:39] [Task1] No .mp3 files — nothing to publish.
[2026-06-30 04:44:39] [Task1] Next scan in 6 second(s)…
[2026-06-30 04:44:45] [Task1] Found 0 file(s) total, 0 .mp3 file(s).
[2026-06-30 04:44:45] [Task1] No .mp3 files — nothing to publish.
[2026-06-30 04:44:45] [Task1] Next scan in 6 second(s)…
[2026-06-30 04:44:51] [Task1] Found 0 file(s) total, 0 .mp3 file(s).
[2026-06-30 04:44:51] [Task1] No .mp3 files — nothing to publish.
[2026-06-30 04:44:51] [Task1] Next scan in 6 second(s)…
[2026-06-30 04:44:57] [Task1] Found 0 file(s) total, 0 .mp3 file(s).
[2026-06-30 04:44:57] [Task1] No .mp3 files — nothing to publish.
[2026-06-30 04:44:57] [Task1] Next scan in 6 second(s)…
[2026-06-30 04:45:03] [Task1] Found 0 file(s) total, 0 .mp3 file(s).
[2026-06-30 04:45:03] [Task1] No .mp3 files — nothing to publish.
[2026-06-30 04:45:03] [Task1] Next scan in 6 second(s)…
[2026-06-30 04:45:09] [Task1] Found 0 file(s) total, 0 .mp3 file(s).
[2026-06-30 04:45:09] [Task1] No .mp3 files — nothing to publish.
[2026-06-30 04:45:09] [Task1] Next scan in 6 second(s)…
[2026-06-30 04:45:15] [Task1] Found 0 file(s) total, 0 .mp3 file(s).
[2026-06-30 04:45:15] [Task1] No .mp3 files — nothing to publish.
[2026-06-30 04:45:15] [Task1] Next scan in 6 second(s)…
[2026-06-30 04:45:21] [Task1] Found 0 file(s) total, 0 .mp3 file(s).
[2026-06-30 04:45:21] [Task1] No .mp3 files — nothing to publish.
[2026-06-30 04:45:21] [Task1] Next scan in 6 second(s)…
[2026-06-30 04:45:27] [Task1] Found 0 file(s) total, 0 .mp3 file(s).
[2026-06-30 04:45:27] [Task1] No .mp3 files — nothing to publish.
[2026-06-30 04:45:27] [Task1] Next scan in 6 second(s)…
[2026-06-30 04:45:33] [Task1] Found 0 file(s) total, 0 .mp3 file(s).
[2026-06-30 04:45:33] [Task1] No .mp3 files — nothing to publish.
[2026-06-30 04:45:33] [Task1] Next scan in 6 second(s)…
[2026-06-30 04:45:39] [Task1] Found 0 file(s) total, 0 .mp3 file(s).
[2026-06-30 04:45:39] [Task1] No .mp3 files — nothing to publish.
[2026-06-30 04:45:39] [Task1] Next scan in 6 second(s)…
[2026-06-30 04:45:45] [Task1] Found 0 file(s) total, 0 .mp3 file(s).
[2026-06-30 04:45:45] [Task1] No .mp3 files — nothing to publish.
[2026-06-30 04:45:45] [Task1] Next scan in 6 second(s)…
[2026-06-30 04:45:51] [Task1] Found 0 file(s) total, 0 .mp3 file(s).
[2026-06-30 04:45:51] [Task1] No .mp3 files — nothing to publish.
[2026-06-30 04:45:51] [Task1] Next scan in 6 second(s)…
[2026-06-30 04:45:57] [Task1] Found 0 file(s) total, 0 .mp3 file(s).
[2026-06-30 04:45:57] [Task1] No .mp3 files — nothing to publish.
[2026-06-30 04:45:57] [Task1] Next scan in 6 second(s)…
[2026-06-30 04:46:03] [Task1] Found 0 file(s) total, 0 .mp3 file(s).
[2026-06-30 04:46:03] [Task1] No .mp3 files — nothing to publish.
[2026-06-30 04:46:03] [Task1] Next scan in 6 second(s)…
[2026-06-30 04:46:09] [Task1] Found 0 file(s) total, 0 .mp3 file(s).
[2026-06-30 04:46:09] [Task1] No .mp3 files — nothing to publish.
[2026-06-30 04:46:09] [Task1] Next scan in 6 second(s)…
[2026-06-30 04:46:15] [Task1] Found 0 file(s) total, 0 .mp3 file(s).
[2026-06-30 04:46:15] [Task1] No .mp3 files — nothing to publish.
[2026-06-30 04:46:15] [Task1] Next scan in 6 second(s)…
[2026-06-30 04:46:21] [Task1] Found 0 file(s) total, 0 .mp3 file(s).
[2026-06-30 04:46:21] [Task1] No .mp3 files — nothing to publish.
[2026-06-30 04:46:21] [Task1] Next scan in 6 second(s)…
[2026-06-30 04:46:27] [Task1] Found 0 file(s) total, 0 .mp3 file(s).
[2026-06-30 04:46:27] [Task1] No .mp3 files — nothing to publish.
[2026-06-30 04:46:27] [Task1] Next scan in 6 second(s)…
[2026-06-30 04:46:33] [Task1] Found 0 file(s) total, 0 .mp3 file(s).
[2026-06-30 04:46:33] [Task1] No .mp3 files — nothing to publish.
[2026-06-30 04:46:33] [Task1] Next scan in 6 second(s)…
[2026-06-30 04:46:39] [Task1] Found 0 file(s) total, 0 .mp3 file(s).
[2026-06-30 04:46:39] [Task1] No .mp3 files — nothing to publish.
[2026-06-30 04:46:39] [Task1] Next scan in 6 second(s)…
[2026-06-30 04:46:45] [Task1] Found 0 file(s) total, 0 .mp3 file(s).
[2026-06-30 04:46:45] [Task1] No .mp3 files — nothing to publish.
[2026-06-30 04:46:45] [Task1] Next scan in 6 second(s)…
[2026-06-30 04:46:51] [Task1] Found 0 file(s) total, 0 .mp3 file(s).
[2026-06-30 04:46:51] [Task1] No .mp3 files — nothing to publish.
[2026-06-30 04:46:51] [Task1] Next scan in 6 second(s)…
[2026-06-30 04:46:57] [Task1] Found 0 file(s) total, 0 .mp3 file(s).
[2026-06-30 04:46:57] [Task1] No .mp3 files — nothing to publish.
[2026-06-30 04:46:57] [Task1] Next scan in 6 second(s)…
[2026-06-30 04:47:03] [Task1] Found 0 file(s) total, 0 .mp3 file(s).
[2026-06-30 04:47:03] [Task1] No .mp3 files — nothing to publish.
[2026-06-30 04:47:03] [Task1] Next scan in 6 second(s)…
[2026-06-30 04:47:09] [Task1] Found 0 file(s) total, 0 .mp3 file(s).
[2026-06-30 04:47:09] [Task1] No .mp3 files — nothing to publish.
[2026-06-30 04:47:09] [Task1] Next scan in 6 second(s)…
[2026-06-30 04:47:15] [Task1] Found 0 file(s) total, 0 .mp3 file(s).
[2026-06-30 04:47:15] [Task1] No .mp3 files — nothing to publish.
[2026-06-30 04:47:15] [Task1] Next scan in 6 second(s)…
[2026-06-30 04:47:21] [Task1] Found 0 file(s) total, 0 .mp3 file(s).
[2026-06-30 04:47:21] [Task1] No .mp3 files — nothing to publish.
[2026-06-30 04:47:21] [Task1] Next scan in 6 second(s)…
[2026-06-30 04:47:27] [Task1] Found 0 file(s) total, 0 .mp3 file(s).
[2026-06-30 04:47:27] [Task1] No .mp3 files — nothing to publish.
[2026-06-30 04:47:27] [Task1] Next scan in 6 second(s)…
[2026-06-30 04:47:33] [Task1] Found 0 file(s) total, 0 .mp3 file(s).
[2026-06-30 04:47:33] [Task1] No .mp3 files — nothing to publish.
[2026-06-30 04:47:33] [Task1] Next scan in 6 second(s)…
[2026-06-30 04:47:39] [Task1] Found 0 file(s) total, 0 .mp3 file(s).
[2026-06-30 04:47:39] [Task1] No .mp3 files — nothing to publish.
[2026-06-30 04:47:39] [Task1] Next scan in 6 second(s)…
[2026-06-30 04:47:45] [Task1] Found 0 file(s) total, 0 .mp3 file(s).
[2026-06-30 04:47:45] [Task1] No .mp3 files — nothing to publish.
[2026-06-30 04:47:45] [Task1] Next scan in 6 second(s)…
[2026-06-30 04:47:51] [Task1] Found 0 file(s) total, 0 .mp3 file(s).
[2026-06-30 04:47:51] [Task1] No .mp3 files — nothing to publish.
[2026-06-30 04:47:51] [Task1] Next scan in 6 second(s)…
[2026-06-30 04:47:57] [Task1] Found 0 file(s) total, 0 .mp3 file(s).
[2026-06-30 04:47:57] [Task1] No .mp3 files — nothing to publish.
[2026-06-30 04:47:57] [Task1] Next scan in 6 second(s)…
[2026-06-30 04:48:03] [Task1] Found 0 file(s) total, 0 .mp3 file(s).
[2026-06-30 04:48:03] [Task1] No .mp3 files — nothing to publish.
[2026-06-30 04:48:03] [Task1] Next scan in 6 second(s)…
[2026-06-30 04:48:09] [Task1] Found 0 file(s) total, 0 .mp3 file(s).
[2026-06-30 04:48:09] [Task1] No .mp3 files — nothing to publish.
[2026-06-30 04:48:09] [Task1] Next scan in 6 second(s)…
[2026-06-30 04:48:15] [Task1] Found 0 file(s) total, 0 .mp3 file(s).
[2026-06-30 04:48:15] [Task1] No .mp3 files — nothing to publish.
[2026-06-30 04:48:15] [Task1] Next scan in 6 second(s)…
[2026-06-30 04:48:21] [Task1] Found 0 file(s) total, 0 .mp3 file(s).
[2026-06-30 04:48:21] [Task1] No .mp3 files — nothing to publish.
[2026-06-30 04:48:21] [Task1] Next scan in 6 second(s)…
[2026-06-30 04:48:27] [Task1] Found 0 file(s) total, 0 .mp3 file(s).
[2026-06-30 04:48:27] [Task1] No .mp3 files — nothing to publish.
[2026-06-30 04:48:27] [Task1] Next scan in 6 second(s)…
[2026-06-30 04:48:33] [Task1] Found 0 file(s) total, 0 .mp3 file(s).
[2026-06-30 04:48:33] [Task1] No .mp3 files — nothing to publish.
[2026-06-30 04:48:33] [Task1] Next scan in 6 second(s)…
[2026-06-30 04:48:39] [Task1] Found 0 file(s) total, 0 .mp3 file(s).
[2026-06-30 04:48:39] [Task1] No .mp3 files — nothing to publish.
[2026-06-30 04:48:39] [Task1] Next scan in 6 second(s)…
[2026-06-30 04:48:45] [Task1] Found 0 file(s) total, 0 .mp3 file(s).
[2026-06-30 04:48:45] [Task1] No .mp3 files — nothing to publish.
[2026-06-30 04:48:45] [Task1] Next scan in 6 second(s)…
[2026-06-30 04:48:51] [Task1] Found 0 file(s) total, 0 .mp3 file(s).
[2026-06-30 04:48:51] [Task1] No .mp3 files — nothing to publish.
[2026-06-30 04:48:51] [Task1] Next scan in 6 second(s)…
[2026-06-30 04:48:57] [Task1] Found 0 file(s) total, 0 .mp3 file(s).
[2026-06-30 04:48:57] [Task1] No .mp3 files — nothing to publish.
[2026-06-30 04:48:57] [Task1] Next scan in 6 second(s)…
[2026-06-30 04:49:03] [Task1] Found 0 file(s) total, 0 .mp3 file(s).
[2026-06-30 04:49:03] [Task1] No .mp3 files — nothing to publish.
[2026-06-30 04:49:03] [Task1] Next scan in 6 second(s)…
[2026-06-30 04:49:09] [Task1] Found 0 file(s) total, 0 .mp3 file(s).
[2026-06-30 04:49:09] [Task1] No .mp3 files — nothing to publish.
[2026-06-30 04:49:09] [Task1] Next scan in 6 second(s)…
[2026-06-30 04:49:15] [Task1] Found 0 file(s) total, 0 .mp3 file(s).
[2026-06-30 04:49:15] [Task1] No .mp3 files — nothing to publish.
[2026-06-30 04:49:15] [Task1] Next scan in 6 second(s)…
[2026-06-30 04:49:21] [Task1] Found 0 file(s) total, 0 .mp3 file(s).
[2026-06-30 04:49:21] [Task1] No .mp3 files — nothing to publish.
[2026-06-30 04:49:21] [Task1] Next scan in 6 second(s)…
[2026-06-30 04:49:27] [Task1] Found 0 file(s) total, 0 .mp3 file(s).
[2026-06-30 04:49:27] [Task1] No .mp3 files — nothing to publish.
[2026-06-30 04:49:27] [Task1] Next scan in 6 second(s)…
[2026-06-30 04:49:33] [Task1] Found 0 file(s) total, 0 .mp3 file(s).
[2026-06-30 04:49:33] [Task1] No .mp3 files — nothing to publish.
[2026-06-30 04:49:33] [Task1] Next scan in 6 second(s)…
[2026-06-30 04:49:39] [Task1] Found 0 file(s) total, 0 .mp3 file(s).
[2026-06-30 04:49:39] [Task1] No .mp3 files — nothing to publish.
[2026-06-30 04:49:39] [Task1] Next scan in 6 second(s)…
[2026-06-30 04:49:45] [Task1] Found 0 file(s) total, 0 .mp3 file(s).
[2026-06-30 04:49:45] [Task1] No .mp3 files — nothing to publish.
[2026-06-30 04:49:45] [Task1] Next scan in 6 second(s)…
[2026-06-30 04:49:51] [Task1] Found 0 file(s) total, 0 .mp3 file(s).
[2026-06-30 04:49:51] [Task1] No .mp3 files — nothing to publish.
[2026-06-30 04:49:51] [Task1] Next scan in 6 second(s)…
[2026-06-30 04:49:57] [Task1] Found 0 file(s) total, 0 .mp3 file(s).
[2026-06-30 04:49:57] [Task1] No .mp3 files — nothing to publish.
[2026-06-30 04:49:57] [Task1] Next scan in 6 second(s)…
[2026-06-30 04:50:03] [Task1] Found 0 file(s) total, 0 .mp3 file(s).
[2026-06-30 04:50:03] [Task1] No .mp3 files — nothing to publish.
[2026-06-30 04:50:03] [Task1] Next scan in 6 second(s)…
[2026-06-30 04:50:09] [Task1] Found 0 file(s) total, 0 .mp3 file(s).
[2026-06-30 04:50:09] [Task1] No .mp3 files — nothing to publish.
[2026-06-30 04:50:09] [Task1] Next scan in 6 second(s)…
[2026-06-30 04:50:15] [Task1] Found 0 file(s) total, 0 .mp3 file(s).
[2026-06-30 04:50:15] [Task1] No .mp3 files — nothing to publish.
[2026-06-30 04:50:15] [Task1] Next scan in 6 second(s)…
[2026-06-30 04:50:21] [Task1] Found 0 file(s) total, 0 .mp3 file(s).
[2026-06-30 04:50:21] [Task1] No .mp3 files — nothing to publish.
[2026-06-30 04:50:21] [Task1] Next scan in 6 second(s)…
[2026-06-30 04:50:27] [Task1] Found 0 file(s) total, 0 .mp3 file(s).
[2026-06-30 04:50:27] [Task1] No .mp3 files — nothing to publish.
[2026-06-30 04:50:27] [Task1] Next scan in 6 second(s)…
[2026-06-30 04:50:33] [Task1] Found 0 file(s) total, 0 .mp3 file(s).
[2026-06-30 04:50:33] [Task1] No .mp3 files — nothing to publish.
[2026-06-30 04:50:33] [Task1] Next scan in 6 second(s)…
[2026-06-30 04:50:39] [Task1] Found 0 file(s) total, 0 .mp3 file(s).
[2026-06-30 04:50:39] [Task1] No .mp3 files — nothing to publish.
[2026-06-30 04:50:39] [Task1] Next scan in 6 second(s)…
[2026-06-30 04:50:45] [Task1] Found 0 file(s) total, 0 .mp3 file(s).
[2026-06-30 04:50:45] [Task1] No .mp3 files — nothing to publish.
[2026-06-30 04:50:45] [Task1] Next scan in 6 second(s)…
[2026-06-30 04:50:51] [Task1] Found 0 file(s) total, 0 .mp3 file(s).
[2026-06-30 04:50:51] [Task1] No .mp3 files — nothing to publish.
[2026-06-30 04:50:51] [Task1] Next scan in 6 second(s)…
[2026-06-30 04:50:57] [Task1] Found 0 file(s) total, 0 .mp3 file(s).
[2026-06-30 04:50:57] [Task1] No .mp3 files — nothing to publish.
[2026-06-30 04:50:57] [Task1] Next scan in 6 second(s)…
[2026-06-30 04:51:03] [Task1] Found 0 file(s) total, 0 .mp3 file(s).
[2026-06-30 04:51:03] [Task1] No .mp3 files — nothing to publish.
[2026-06-30 04:51:03] [Task1] Next scan in 6 second(s)…
[2026-06-30 04:51:09] [Task1] Found 0 file(s) total, 0 .mp3 file(s).
[2026-06-30 04:51:09] [Task1] No .mp3 files — nothing to publish.
[2026-06-30 04:51:09] [Task1] Next scan in 6 second(s)…
[2026-06-30 04:51:15] [Task1] Found 0 file(s) total, 0 .mp3 file(s).
[2026-06-30 04:51:15] [Task1] No .mp3 files — nothing to publish.
[2026-06-30 04:51:15] [Task1] Next scan in 6 second(s)…
[2026-06-30 04:51:21] [Task1] Found 0 file(s) total, 0 .mp3 file(s).
[2026-06-30 04:51:21] [Task1] No .mp3 files — nothing to publish.
[2026-06-30 04:51:21] [Task1] Next scan in 6 second(s)…
[2026-06-30 04:51:27] [Task1] Found 0 file(s) total, 0 .mp3 file(s).
[2026-06-30 04:51:27] [Task1] No .mp3 files — nothing to publish.
[2026-06-30 04:51:27] [Task1] Next scan in 6 second(s)…
[2026-06-30 04:51:33] [Task1] Found 0 file(s) total, 0 .mp3 file(s).
[2026-06-30 04:51:33] [Task1] No .mp3 files — nothing to publish.
[2026-06-30 04:51:33] [Task1] Next scan in 6 second(s)…
[2026-06-30 04:51:39] [Task1] Found 0 file(s) total, 0 .mp3 file(s).
[2026-06-30 04:51:39] [Task1] No .mp3 files — nothing to publish.
[2026-06-30 04:51:39] [Task1] Next scan in 6 second(s)…
[2026-06-30 04:51:45] [Task1] Found 0 file(s) total, 0 .mp3 file(s).
[2026-06-30 04:51:45] [Task1] No .mp3 files — nothing to publish.
[2026-06-30 04:51:45] [Task1] Next scan in 6 second(s)…
[2026-06-30 04:51:51] [Task1] Found 0 file(s) total, 0 .mp3 file(s).
[2026-06-30 04:51:51] [Task1] No .mp3 files — nothing to publish.
[2026-06-30 04:51:51] [Task1] Next scan in 6 second(s)…
[2026-06-30 04:51:57] [Task1] Found 0 file(s) total, 0 .mp3 file(s).
[2026-06-30 04:51:57] [Task1] No .mp3 files — nothing to publish.
[2026-06-30 04:51:57] [Task1] Next scan in 6 second(s)…
[2026-06-30 04:52:03] [Task1] Found 0 file(s) total, 0 .mp3 file(s).
[2026-06-30 04:52:03] [Task1] No .mp3 files — nothing to publish.
[2026-06-30 04:52:03] [Task1] Next scan in 6 second(s)…
[2026-06-30 04:52:09] [Task1] Found 0 file(s) total, 0 .mp3 file(s).
[2026-06-30 04:52:09] [Task1] No .mp3 files — nothing to publish.
[2026-06-30 04:52:09] [Task1] Next scan in 6 second(s)…
[2026-06-30 04:52:15] [Task1] Found 0 file(s) total, 0 .mp3 file(s).
[2026-06-30 04:52:15] [Task1] No .mp3 files — nothing to publish.
[2026-06-30 04:52:15] [Task1] Next scan in 6 second(s)…
[2026-06-30 04:52:21] [Task1] Found 0 file(s) total, 0 .mp3 file(s).
[2026-06-30 04:52:21] [Task1] No .mp3 files — nothing to publish.
[2026-06-30 04:52:21] [Task1] Next scan in 6 second(s)…
[2026-06-30 04:52:27] [Task1] Found 0 file(s) total, 0 .mp3 file(s).
[2026-06-30 04:52:27] [Task1] No .mp3 files — nothing to publish.
[2026-06-30 04:52:27] [Task1] Next scan in 6 second(s)…
[2026-06-30 04:52:33] [Task1] Found 0 file(s) total, 0 .mp3 file(s).
[2026-06-30 04:52:33] [Task1] No .mp3 files — nothing to publish.
[2026-06-30 04:52:33] [Task1] Next scan in 6 second(s)…
[2026-06-30 04:52:39] [Task1] Found 0 file(s) total, 0 .mp3 file(s).
[2026-06-30 04:52:39] [Task1] No .mp3 files — nothing to publish.
[2026-06-30 04:52:39] [Task1] Next scan in 6 second(s)…
[2026-06-30 04:52:45] [Task1] Found 0 file(s) total, 0 .mp3 file(s).
[2026-06-30 04:52:45] [Task1] No .mp3 files — nothing to publish.
[2026-06-30 04:52:45] [Task1] Next scan in 6 second(s)…
[2026-06-30 04:52:51] [Task1] Found 0 file(s) total, 0 .mp3 file(s).
[2026-06-30 04:52:51] [Task1] No .mp3 files — nothing to publish.
[2026-06-30 04:52:51] [Task1] Next scan in 6 second(s)…
[2026-06-30 04:52:57] [Task1] Found 0 file(s) total, 0 .mp3 file(s).
[2026-06-30 04:52:57] [Task1] No .mp3 files — nothing to publish.
[2026-06-30 04:52:57] [Task1] Next scan in 6 second(s)…
[2026-06-30 04:53:03] [Task1] Found 0 file(s) total, 0 .mp3 file(s).
[2026-06-30 04:53:03] [Task1] No .mp3 files — nothing to publish.
[2026-06-30 04:53:03] [Task1] Next scan in 6 second(s)…
[2026-06-30 04:53:09] [Task1] Found 0 file(s) total, 0 .mp3 file(s).
[2026-06-30 04:53:09] [Task1] No .mp3 files — nothing to publish.
[2026-06-30 04:53:09] [Task1] Next scan in 6 second(s)…
[2026-06-30 04:53:15] [Task1] Found 0 file(s) total, 0 .mp3 file(s).
[2026-06-30 04:53:15] [Task1] No .mp3 files — nothing to publish.
[2026-06-30 04:53:15] [Task1] Next scan in 6 second(s)…
[2026-06-30 04:53:21] [Task1] Found 0 file(s) total, 0 .mp3 file(s).
[2026-06-30 04:53:21] [Task1] No .mp3 files — nothing to publish.
[2026-06-30 04:53:21] [Task1] Next scan in 6 second(s)…
[2026-06-30 04:53:27] [Task1] Found 0 file(s) total, 0 .mp3 file(s).
[2026-06-30 04:53:27] [Task1] No .mp3 files — nothing to publish.
[2026-06-30 04:53:27] [Task1] Next scan in 6 second(s)…
[2026-06-30 04:53:33] [Task1] Found 0 file(s) total, 0 .mp3 file(s).
[2026-06-30 04:53:33] [Task1] No .mp3 files — nothing to publish.
[2026-06-30 04:53:33] [Task1] Next scan in 6 second(s)…
[2026-06-30 04:53:39] [Task1] Found 0 file(s) total, 0 .mp3 file(s).
[2026-06-30 04:53:39] [Task1] No .mp3 files — nothing to publish.
[2026-06-30 04:53:39] [Task1] Next scan in 6 second(s)…
[2026-06-30 04:53:45] [Task1] Found 0 file(s) total, 0 .mp3 file(s).
[2026-06-30 04:53:45] [Task1] No .mp3 files — nothing to publish.
[2026-06-30 04:53:45] [Task1] Next scan in 6 second(s)…
[2026-06-30 04:53:51] [Task1] Found 0 file(s) total, 0 .mp3 file(s).
[2026-06-30 04:53:51] [Task1] No .mp3 files — nothing to publish.
[2026-06-30 04:53:51] [Task1] Next scan in 6 second(s)…
[2026-06-30 04:53:57] [Task1] Found 0 file(s) total, 0 .mp3 file(s).
[2026-06-30 04:53:57] [Task1] No .mp3 files — nothing to publish.
[2026-06-30 04:53:57] [Task1] Next scan in 6 second(s)…
[2026-06-30 04:54:03] [Task1] Found 0 file(s) total, 0 .mp3 file(s).
[2026-06-30 04:54:03] [Task1] No .mp3 files — nothing to publish.
[2026-06-30 04:54:03] [Task1] Next scan in 6 second(s)…
[2026-06-30 04:54:09] [Task1] Found 0 file(s) total, 0 .mp3 file(s).
[2026-06-30 04:54:09] [Task1] No .mp3 files — nothing to publish.
[2026-06-30 04:54:09] [Task1] Next scan in 6 second(s)…
[2026-06-30 04:54:15] [Task1] Found 0 file(s) total, 0 .mp3 file(s).
[2026-06-30 04:54:15] [Task1] No .mp3 files — nothing to publish.
[2026-06-30 04:54:15] [Task1] Next scan in 6 second(s)…
[2026-06-30 04:54:21] [Task1] Found 0 file(s) total, 0 .mp3 file(s).
[2026-06-30 04:54:21] [Task1] No .mp3 files — nothing to publish.
[2026-06-30 04:54:21] [Task1] Next scan in 6 second(s)…
[2026-06-30 04:54:27] [Task1] Found 0 file(s) total, 0 .mp3 file(s).
[2026-06-30 04:54:27] [Task1] No .mp3 files — nothing to publish.
[2026-06-30 04:54:27] [Task1] Next scan in 6 second(s)…
[2026-06-30 04:54:33] [Task1] Found 0 file(s) total, 0 .mp3 file(s).
[2026-06-30 04:54:33] [Task1] No .mp3 files — nothing to publish.
[2026-06-30 04:54:33] [Task1] Next scan in 6 second(s)…
[2026-06-30 04:54:39] [Task1] Found 0 file(s) total, 0 .mp3 file(s).
[2026-06-30 04:54:39] [Task1] No .mp3 files — nothing to publish.
[2026-06-30 04:54:39] [Task1] Next scan in 6 second(s)…
[2026-06-30 04:54:45] [Task1] Found 0 file(s) total, 0 .mp3 file(s).
[2026-06-30 04:54:45] [Task1] No .mp3 files — nothing to publish.
[2026-06-30 04:54:45] [Task1] Next scan in 6 second(s)…
[2026-06-30 04:54:51] [Task1] Found 0 file(s) total, 0 .mp3 file(s).
[2026-06-30 04:54:51] [Task1] No .mp3 files — nothing to publish.
[2026-06-30 04:54:51] [Task1] Next scan in 6 second(s)…
[2026-06-30 04:54:57] [Task1] Found 0 file(s) total, 0 .mp3 file(s).
[2026-06-30 04:54:57] [Task1] No .mp3 files — nothing to publish.
[2026-06-30 04:54:57] [Task1] Next scan in 6 second(s)…
[2026-06-30 04:55:03] [Task1] Found 0 file(s) total, 0 .mp3 file(s).
[2026-06-30 04:55:03] [Task1] No .mp3 files — nothing to publish.
[2026-06-30 04:55:03] [Task1] Next scan in 6 second(s)…
[2026-06-30 04:55:09] [Task1] Found 0 file(s) total, 0 .mp3 file(s).
[2026-06-30 04:55:09] [Task1] No .mp3 files — nothing to publish.
[2026-06-30 04:55:09] [Task1] Next scan in 6 second(s)…
[2026-06-30 04:55:15] [Task1] Found 0 file(s) total, 0 .mp3 file(s).
[2026-06-30 04:55:15] [Task1] No .mp3 files — nothing to publish.
[2026-06-30 04:55:15] [Task1] Next scan in 6 second(s)…
[2026-06-30 04:55:21] [Task1] Found 0 file(s) total, 0 .mp3 file(s).
[2026-06-30 04:55:21] [Task1] No .mp3 files — nothing to publish.
[2026-06-30 04:55:21] [Task1] Next scan in 6 second(s)…
[2026-06-30 04:55:28] [Task1] Found 0 file(s) total, 0 .mp3 file(s).
[2026-06-30 04:55:28] [Task1] No .mp3 files — nothing to publish.
[2026-06-30 04:55:28] [Task1] Next scan in 6 second(s)…
[2026-06-30 04:55:34] [Task1] Found 0 file(s) total, 0 .mp3 file(s).
[2026-06-30 04:55:34] [Task1] No .mp3 files — nothing to publish.
[2026-06-30 04:55:34] [Task1] Next scan in 6 second(s)…
[2026-06-30 04:55:40] [Task1] Found 0 file(s) total, 0 .mp3 file(s).
[2026-06-30 04:55:40] [Task1] No .mp3 files — nothing to publish.
[2026-06-30 04:55:40] [Task1] Next scan in 6 second(s)…
[2026-06-30 04:55:46] [Task1] Found 0 file(s) total, 0 .mp3 file(s).
[2026-06-30 04:55:46] [Task1] No .mp3 files — nothing to publish.
[2026-06-30 04:55:46] [Task1] Next scan in 6 second(s)…
[2026-06-30 04:55:52] [Task1] Found 0 file(s) total, 0 .mp3 file(s).
[2026-06-30 04:55:52] [Task1] No .mp3 files — nothing to publish.
[2026-06-30 04:55:52] [Task1] Next scan in 6 second(s)…
[2026-06-30 04:55:58] [Task1] Found 0 file(s) total, 0 .mp3 file(s).
[2026-06-30 04:55:58] [Task1] No .mp3 files — nothing to publish.
[2026-06-30 04:55:58] [Task1] Next scan in 6 second(s)…
[2026-06-30 04:56:04] [Task1] Found 0 file(s) total, 0 .mp3 file(s).
[2026-06-30 04:56:04] [Task1] No .mp3 files — nothing to publish.
[2026-06-30 04:56:04] [Task1] Next scan in 6 second(s)…
[2026-06-30 04:56:10] [Task1] Found 0 file(s) total, 0 .mp3 file(s).
[2026-06-30 04:56:10] [Task1] No .mp3 files — nothing to publish.
[2026-06-30 04:56:10] [Task1] Next scan in 6 second(s)…
[2026-06-30 04:56:16] [Task1] Found 0 file(s) total, 0 .mp3 file(s).
[2026-06-30 04:56:16] [Task1] No .mp3 files — nothing to publish.
[2026-06-30 04:56:16] [Task1] Next scan in 6 second(s)…
[2026-06-30 04:56:22] [Task1] Found 0 file(s) total, 0 .mp3 file(s).
[2026-06-30 04:56:22] [Task1] No .mp3 files — nothing to publish.
[2026-06-30 04:56:22] [Task1] Next scan in 6 second(s)…
[2026-06-30 04:56:28] [Task1] Found 0 file(s) total, 0 .mp3 file(s).
[2026-06-30 04:56:28] [Task1] No .mp3 files — nothing to publish.
[2026-06-30 04:56:28] [Task1] Next scan in 6 second(s)…
[2026-06-30 04:56:34] [Task1] Found 0 file(s) total, 0 .mp3 file(s).
[2026-06-30 04:56:34] [Task1] No .mp3 files — nothing to publish.
[2026-06-30 04:56:34] [Task1] Next scan in 6 second(s)…
[2026-06-30 04:56:40] [Task1] Found 0 file(s) total, 0 .mp3 file(s).
[2026-06-30 04:56:40] [Task1] No .mp3 files — nothing to publish.
[2026-06-30 04:56:40] [Task1] Next scan in 6 second(s)…
[2026-06-30 04:56:46] [Task1] Found 0 file(s) total, 0 .mp3 file(s).
[2026-06-30 04:56:46] [Task1] No .mp3 files — nothing to publish.
[2026-06-30 04:56:46] [Task1] Next scan in 6 second(s)…
[2026-06-30 04:56:52] [Task1] Found 0 file(s) total, 0 .mp3 file(s).
[2026-06-30 04:56:52] [Task1] No .mp3 files — nothing to publish.
[2026-06-30 04:56:52] [Task1] Next scan in 6 second(s)…
[2026-06-30 04:56:58] [Task1] Found 0 file(s) total, 0 .mp3 file(s).
[2026-06-30 04:56:58] [Task1] No .mp3 files — nothing to publish.
[2026-06-30 04:56:58] [Task1] Next scan in 6 second(s)…
[2026-06-30 04:57:04] [Task1] Found 0 file(s) total, 0 .mp3 file(s).
[2026-06-30 04:57:04] [Task1] No .mp3 files — nothing to publish.
[2026-06-30 04:57:04] [Task1] Next scan in 6 second(s)…
[2026-06-30 04:57:10] [Task1] Found 0 file(s) total, 0 .mp3 file(s).
[2026-06-30 04:57:10] [Task1] No .mp3 files — nothing to publish.
[2026-06-30 04:57:10] [Task1] Next scan in 6 second(s)…
[2026-06-30 04:57:16] [Task1] Found 0 file(s) total, 0 .mp3 file(s).
[2026-06-30 04:57:16] [Task1] No .mp3 files — nothing to publish.
[2026-06-30 04:57:16] [Task1] Next scan in 6 second(s)…
[2026-06-30 04:57:22] [Task1] Found 0 file(s) total, 0 .mp3 file(s).
[2026-06-30 04:57:22] [Task1] No .mp3 files — nothing to publish.
[2026-06-30 04:57:22] [Task1] Next scan in 6 second(s)…
[2026-06-30 04:57:28] [Task1] Found 0 file(s) total, 0 .mp3 file(s).
[2026-06-30 04:57:28] [Task1] No .mp3 files — nothing to publish.
[2026-06-30 04:57:28] [Task1] Next scan in 6 second(s)…
[2026-06-30 04:57:34] [Task1] Found 0 file(s) total, 0 .mp3 file(s).
[2026-06-30 04:57:34] [Task1] No .mp3 files — nothing to publish.
[2026-06-30 04:57:34] [Task1] Next scan in 6 second(s)…
[2026-06-30 04:57:40] [Task1] Found 0 file(s) total, 0 .mp3 file(s).
[2026-06-30 04:57:40] [Task1] No .mp3 files — nothing to publish.
[2026-06-30 04:57:40] [Task1] Next scan in 6 second(s)…
[2026-06-30 04:57:46] [Task1] Found 0 file(s) total, 0 .mp3 file(s).
[2026-06-30 04:57:46] [Task1] No .mp3 files — nothing to publish.
[2026-06-30 04:57:46] [Task1] Next scan in 6 second(s)…
[2026-06-30 04:57:52] [Task1] Found 0 file(s) total, 0 .mp3 file(s).
[2026-06-30 04:57:52] [Task1] No .mp3 files — nothing to publish.
[2026-06-30 04:57:52] [Task1] Next scan in 6 second(s)…
[2026-06-30 04:57:58] [Task1] Found 0 file(s) total, 0 .mp3 file(s).
[2026-06-30 04:57:58] [Task1] No .mp3 files — nothing to publish.
[2026-06-30 04:57:58] [Task1] Next scan in 6 second(s)…
[2026-06-30 04:58:04] [Task1] Found 0 file(s) total, 0 .mp3 file(s).
[2026-06-30 04:58:04] [Task1] No .mp3 files — nothing to publish.
[2026-06-30 04:58:04] [Task1] Next scan in 6 second(s)…
[2026-06-30 04:58:10] [Task1] Found 0 file(s) total, 0 .mp3 file(s).
[2026-06-30 04:58:10] [Task1] No .mp3 files — nothing to publish.
[2026-06-30 04:58:10] [Task1] Next scan in 6 second(s)…
[2026-06-30 04:58:16] [Task1] Found 0 file(s) total, 0 .mp3 file(s).
[2026-06-30 04:58:16] [Task1] No .mp3 files — nothing to publish.
[2026-06-30 04:58:16] [Task1] Next scan in 6 second(s)…
[2026-06-30 04:58:22] [Task1] Found 0 file(s) total, 0 .mp3 file(s).
[2026-06-30 04:58:22] [Task1] No .mp3 files — nothing to publish.
[2026-06-30 04:58:22] [Task1] Next scan in 6 second(s)…
[2026-06-30 04:58:28] [Task1] Found 0 file(s) total, 0 .mp3 file(s).
[2026-06-30 04:58:28] [Task1] No .mp3 files — nothing to publish.
[2026-06-30 04:58:28] [Task1] Next scan in 6 second(s)…
[2026-06-30 04:58:34] [Task1] Found 0 file(s) total, 0 .mp3 file(s).
[2026-06-30 04:58:34] [Task1] No .mp3 files — nothing to publish.
[2026-06-30 04:58:34] [Task1] Next scan in 6 second(s)…
[2026-06-30 04:58:40] [Task1] Found 0 file(s) total, 0 .mp3 file(s).
[2026-06-30 04:58:40] [Task1] No .mp3 files — nothing to publish.
[2026-06-30 04:58:40] [Task1] Next scan in 6 second(s)…
[2026-06-30 04:58:46] [Task1] Found 0 file(s) total, 0 .mp3 file(s).
[2026-06-30 04:58:46] [Task1] No .mp3 files — nothing to publish.
[2026-06-30 04:58:46] [Task1] Next scan in 6 second(s)…
[2026-06-30 04:58:52] [Task1] Found 0 file(s) total, 0 .mp3 file(s).
[2026-06-30 04:58:52] [Task1] No .mp3 files — nothing to publish.
[2026-06-30 04:58:52] [Task1] Next scan in 6 second(s)…
[2026-06-30 04:58:58] [Task1] Found 0 file(s) total, 0 .mp3 file(s).
[2026-06-30 04:58:58] [Task1] No .mp3 files — nothing to publish.
[2026-06-30 04:58:58] [Task1] Next scan in 6 second(s)…
[2026-06-30 04:59:04] [Task1] Found 0 file(s) total, 0 .mp3 file(s).
[2026-06-30 04:59:04] [Task1] No .mp3 files — nothing to publish.
[2026-06-30 04:59:04] [Task1] Next scan in 6 second(s)…
[2026-06-30 04:59:10] [Task1] Found 0 file(s) total, 0 .mp3 file(s).
[2026-06-30 04:59:10] [Task1] No .mp3 files — nothing to publish.
[2026-06-30 04:59:10] [Task1] Next scan in 6 second(s)…
[2026-06-30 04:59:16] [Task1] Found 0 file(s) total, 0 .mp3 file(s).
[2026-06-30 04:59:16] [Task1] No .mp3 files — nothing to publish.
[2026-06-30 04:59:16] [Task1] Next scan in 6 second(s)…
[2026-06-30 04:59:22] [Task1] Found 0 file(s) total, 0 .mp3 file(s).
[2026-06-30 04:59:22] [Task1] No .mp3 files — nothing to publish.
[2026-06-30 04:59:22] [Task1] Next scan in 6 second(s)…
[2026-06-30 04:59:28] [Task1] Found 0 file(s) total, 0 .mp3 file(s).
[2026-06-30 04:59:28] [Task1] No .mp3 files — nothing to publish.
[2026-06-30 04:59:28] [Task1] Next scan in 6 second(s)…
[2026-06-30 04:59:34] [Task1] Found 0 file(s) total, 0 .mp3 file(s).
[2026-06-30 04:59:34] [Task1] No .mp3 files — nothing to publish.
[2026-06-30 04:59:34] [Task1] Next scan in 6 second(s)…
[2026-06-30 04:59:40] [Task1] Found 0 file(s) total, 0 .mp3 file(s).
[2026-06-30 04:59:40] [Task1] No .mp3 files — nothing to publish.
[2026-06-30 04:59:40] [Task1] Next scan in 6 second(s)…
[2026-06-30 04:59:46] [Task1] Found 0 file(s) total, 0 .mp3 file(s).
[2026-06-30 04:59:46] [Task1] No .mp3 files — nothing to publish.
[2026-06-30 04:59:46] [Task1] Next scan in 6 second(s)…
[2026-06-30 04:59:52] [Task1] Found 0 file(s) total, 0 .mp3 file(s).
[2026-06-30 04:59:52] [Task1] No .mp3 files — nothing to publish.
[2026-06-30 04:59:52] [Task1] Next scan in 6 second(s)…
[2026-06-30 04:59:58] [Task1] Found 0 file(s) total, 0 .mp3 file(s).
[2026-06-30 04:59:58] [Task1] No .mp3 files — nothing to publish.
[2026-06-30 04:59:58] [Task1] Next scan in 6 second(s)…
[2026-06-30 05:00:04] [Task1] Found 0 file(s) total, 0 .mp3 file(s).
[2026-06-30 05:00:04] [Task1] No .mp3 files — nothing to publish.
[2026-06-30 05:00:04] [Task1] Next scan in 6 second(s)…
[2026-06-30 05:00:10] [Task1] Found 0 file(s) total, 0 .mp3 file(s).
[2026-06-30 05:00:10] [Task1] No .mp3 files — nothing to publish.
[2026-06-30 05:00:10] [Task1] Next scan in 6 second(s)…
[2026-06-30 05:00:16] [Task1] Found 0 file(s) total, 0 .mp3 file(s).
[2026-06-30 05:00:16] [Task1] No .mp3 files — nothing to publish.
[2026-06-30 05:00:16] [Task1] Next scan in 6 second(s)…
[2026-06-30 05:00:22] [Task1] Found 0 file(s) total, 0 .mp3 file(s).
[2026-06-30 05:00:22] [Task1] No .mp3 files — nothing to publish.
[2026-06-30 05:00:22] [Task1] Next scan in 6 second(s)…
[2026-06-30 05:00:28] [Task1] Found 0 file(s) total, 0 .mp3 file(s).
[2026-06-30 05:00:28] [Task1] No .mp3 files — nothing to publish.
[2026-06-30 05:00:28] [Task1] Next scan in 6 second(s)…
[2026-06-30 05:00:34] [Task1] Found 0 file(s) total, 0 .mp3 file(s).
[2026-06-30 05:00:34] [Task1] No .mp3 files — nothing to publish.
[2026-06-30 05:00:34] [Task1] Next scan in 6 second(s)…
[2026-06-30 05:00:40] [Task1] Found 0 file(s) total, 0 .mp3 file(s).
[2026-06-30 05:00:40] [Task1] No .mp3 files — nothing to publish.
[2026-06-30 05:00:40] [Task1] Next scan in 6 second(s)…
[2026-06-30 05:00:46] [Task1] Found 0 file(s) total, 0 .mp3 file(s).
[2026-06-30 05:00:46] [Task1] No .mp3 files — nothing to publish.
[2026-06-30 05:00:46] [Task1] Next scan in 6 second(s)…
[2026-06-30 05:00:52] [Task1] Found 0 file(s) total, 0 .mp3 file(s).
[2026-06-30 05:00:52] [Task1] No .mp3 files — nothing to publish.
[2026-06-30 05:00:52] [Task1] Next scan in 6 second(s)…
[2026-06-30 05:00:58] [Task1] Found 0 file(s) total, 0 .mp3 file(s).
[2026-06-30 05:00:58] [Task1] No .mp3 files — nothing to publish.
[2026-06-30 05:00:58] [Task1] Next scan in 6 second(s)…
[2026-06-30 05:01:04] [Task1] Found 0 file(s) total, 0 .mp3 file(s).
[2026-06-30 05:01:04] [Task1] No .mp3 files — nothing to publish.
[2026-06-30 05:01:04] [Task1] Next scan in 6 second(s)…
[2026-06-30 05:01:10] [Task1] Found 0 file(s) total, 0 .mp3 file(s).
[2026-06-30 05:01:10] [Task1] No .mp3 files — nothing to publish.
[2026-06-30 05:01:10] [Task1] Next scan in 6 second(s)…
[2026-06-30 05:01:16] [Task1] Found 0 file(s) total, 0 .mp3 file(s).
[2026-06-30 05:01:16] [Task1] No .mp3 files — nothing to publish.
[2026-06-30 05:01:16] [Task1] Next scan in 6 second(s)…
[2026-06-30 05:01:22] [Task1] Found 0 file(s) total, 0 .mp3 file(s).
[2026-06-30 05:01:22] [Task1] No .mp3 files — nothing to publish.
[2026-06-30 05:01:22] [Task1] Next scan in 6 second(s)…
[2026-06-30 05:01:28] [Task1] Found 0 file(s) total, 0 .mp3 file(s).
[2026-06-30 05:01:28] [Task1] No .mp3 files — nothing to publish.
[2026-06-30 05:01:28] [Task1] Next scan in 6 second(s)…
[2026-06-30 05:01:34] [Task1] Found 0 file(s) total, 0 .mp3 file(s).
[2026-06-30 05:01:34] [Task1] No .mp3 files — nothing to publish.
[2026-06-30 05:01:34] [Task1] Next scan in 6 second(s)…
[2026-06-30 05:01:40] [Task1] Found 0 file(s) total, 0 .mp3 file(s).
[2026-06-30 05:01:40] [Task1] No .mp3 files — nothing to publish.
[2026-06-30 05:01:40] [Task1] Next scan in 6 second(s)…
[2026-06-30 05:01:46] [Task1] Found 0 file(s) total, 0 .mp3 file(s).
[2026-06-30 05:01:46] [Task1] No .mp3 files — nothing to publish.
[2026-06-30 05:01:46] [Task1] Next scan in 6 second(s)…
[2026-06-30 05:01:52] [Task1] Found 0 file(s) total, 0 .mp3 file(s).
[2026-06-30 05:01:52] [Task1] No .mp3 files — nothing to publish.
[2026-06-30 05:01:52] [Task1] Next scan in 6 second(s)…
[2026-06-30 05:01:58] [Task1] Found 0 file(s) total, 0 .mp3 file(s).
[2026-06-30 05:01:58] [Task1] No .mp3 files — nothing to publish.
[2026-06-30 05:01:58] [Task1] Next scan in 6 second(s)…
[2026-06-30 05:02:04] [Task1] Found 0 file(s) total, 0 .mp3 file(s).
[2026-06-30 05:02:04] [Task1] No .mp3 files — nothing to publish.
[2026-06-30 05:02:04] [Task1] Next scan in 6 second(s)…
[2026-06-30 05:02:10] [Task1] Found 0 file(s) total, 0 .mp3 file(s).
[2026-06-30 05:02:10] [Task1] No .mp3 files — nothing to publish.
[2026-06-30 05:02:10] [Task1] Next scan in 6 second(s)…
[2026-06-30 05:02:16] [Task1] Found 0 file(s) total, 0 .mp3 file(s).
[2026-06-30 05:02:16] [Task1] No .mp3 files — nothing to publish.
[2026-06-30 05:02:16] [Task1] Next scan in 6 second(s)…
[2026-06-30 05:02:22] [Task1] Found 0 file(s) total, 0 .mp3 file(s).
[2026-06-30 05:02:22] [Task1] No .mp3 files — nothing to publish.
[2026-06-30 05:02:22] [Task1] Next scan in 6 second(s)…
[2026-06-30 05:02:28] [Task1] Found 0 file(s) total, 0 .mp3 file(s).
[2026-06-30 05:02:28] [Task1] No .mp3 files — nothing to publish.
[2026-06-30 05:02:28] [Task1] Next scan in 6 second(s)…
[2026-06-30 05:02:34] [Task1] Found 0 file(s) total, 0 .mp3 file(s).
[2026-06-30 05:02:34] [Task1] No .mp3 files — nothing to publish.
[2026-06-30 05:02:34] [Task1] Next scan in 6 second(s)…
[2026-06-30 05:02:40] [Task1] Found 0 file(s) total, 0 .mp3 file(s).
[2026-06-30 05:02:40] [Task1] No .mp3 files — nothing to publish.
[2026-06-30 05:02:40] [Task1] Next scan in 6 second(s)…
[2026-06-30 05:02:42] [SYSTEM] Shutdown requested (Ctrl+C).
[2026-06-30 05:02:43] [SYSTEM] Shutdown requested (Ctrl+C).
