[2026-06-30 05:32:30] [SYSTEM] Logger initialized. Log file: D:\mahasoa\ITU\S6\INF315-WebService\Music-PlayList\logs\playlist-log-2026-06-30_05-32-30.log
[2026-06-30 05:32:30] [SYSTEM] Starting: desktop-server-app
[2026-06-30 05:32:30] [SYSTEM] Pipeline: Task1 → [scan-queue] → Task2 → [extract-queue] → Task3 → [upload-queue] → Task4
[2026-06-30 05:32:30] [Task1] Started — watching: D:\mahasoa\ITU\S6\INF315-WebService\Music-PlayList\mp3
[2026-06-30 05:32:30] [Task1] Scan interval: 6 second(s)
[2026-06-30 05:32:30] [Task1] Found 0 file(s) total, 0 .mp3 file(s).
[2026-06-30 05:32:30] [Task1] No .mp3 files — nothing to publish.
[2026-06-30 05:32:30] [Task1] Next scan in 6 second(s)…
[2026-06-30 05:32:30] [Task2] Started — consuming 'playlist-scan-queue'.
[2026-06-30 05:32:30] [Task3] Started — consuming 'playlist-extract-queue'.
[2026-06-30 05:32:30] [Task4] Started — consuming 'playlist-upload-queue'.
[2026-06-30 05:32:30] [Task3] Waiting for metadata batches. Press Ctrl+C to stop.
[2026-06-30 05:32:30] [Task2] Waiting for scan batches. Press Ctrl+C to stop.
[2026-06-30 05:32:30] [Task4] Waiting for upload confirmations. Press Ctrl+C to stop.
[2026-06-30 05:32:36] [Task1] Found 0 file(s) total, 0 .mp3 file(s).
[2026-06-30 05:32:36] [Task1] No .mp3 files — nothing to publish.
[2026-06-30 05:32:36] [Task1] Next scan in 6 second(s)…
[2026-06-30 05:32:42] [Task1] Found 0 file(s) total, 0 .mp3 file(s).
[2026-06-30 05:32:42] [Task1] No .mp3 files — nothing to publish.
[2026-06-30 05:32:42] [Task1] Next scan in 6 second(s)…
[2026-06-30 05:32:48] [Task1] Found 0 file(s) total, 0 .mp3 file(s).
[2026-06-30 05:32:48] [Task1] No .mp3 files — nothing to publish.
[2026-06-30 05:32:48] [Task1] Next scan in 6 second(s)…
[2026-06-30 05:32:54] [Task1] Found 0 file(s) total, 0 .mp3 file(s).
[2026-06-30 05:32:54] [Task1] No .mp3 files — nothing to publish.
[2026-06-30 05:32:54] [Task1] Next scan in 6 second(s)…
[2026-06-30 05:33:00] [Task1] Found 0 file(s) total, 0 .mp3 file(s).
[2026-06-30 05:33:00] [Task1] No .mp3 files — nothing to publish.
[2026-06-30 05:33:00] [Task1] Next scan in 6 second(s)…
[2026-06-30 05:33:06] [Task1] Found 0 file(s) total, 0 .mp3 file(s).
[2026-06-30 05:33:06] [Task1] No .mp3 files — nothing to publish.
[2026-06-30 05:33:06] [Task1] Next scan in 6 second(s)…
[2026-06-30 05:33:12] [Task1] Found 0 file(s) total, 0 .mp3 file(s).
[2026-06-30 05:33:12] [Task1] No .mp3 files — nothing to publish.
[2026-06-30 05:33:12] [Task1] Next scan in 6 second(s)…
[2026-06-30 05:33:18] [Task1] Found 0 file(s) total, 0 .mp3 file(s).
[2026-06-30 05:33:18] [Task1] No .mp3 files — nothing to publish.
[2026-06-30 05:33:18] [Task1] Next scan in 6 second(s)…
[2026-06-30 05:33:24] [Task1] Found 0 file(s) total, 0 .mp3 file(s).
[2026-06-30 05:33:24] [Task1] No .mp3 files — nothing to publish.
[2026-06-30 05:33:24] [Task1] Next scan in 6 second(s)…
[2026-06-30 05:33:30] [Task1] Found 0 file(s) total, 0 .mp3 file(s).
[2026-06-30 05:33:30] [Task1] No .mp3 files — nothing to publish.
[2026-06-30 05:33:30] [Task1] Next scan in 6 second(s)…
[2026-06-30 05:33:36] [Task1] Found 0 file(s) total, 0 .mp3 file(s).
[2026-06-30 05:33:36] [Task1] No .mp3 files — nothing to publish.
[2026-06-30 05:33:36] [Task1] Next scan in 6 second(s)…
[2026-06-30 05:33:42] [Task1] Found 0 file(s) total, 0 .mp3 file(s).
[2026-06-30 05:33:42] [Task1] No .mp3 files — nothing to publish.
[2026-06-30 05:33:42] [Task1] Next scan in 6 second(s)…
[2026-06-30 05:33:48] [Task1] Found 0 file(s) total, 0 .mp3 file(s).
[2026-06-30 05:33:48] [Task1] No .mp3 files — nothing to publish.
[2026-06-30 05:33:48] [Task1] Next scan in 6 second(s)…
[2026-06-30 05:33:54] [Task1] Found 0 file(s) total, 0 .mp3 file(s).
[2026-06-30 05:33:54] [Task1] No .mp3 files — nothing to publish.
[2026-06-30 05:33:54] [Task1] Next scan in 6 second(s)…
[2026-06-30 05:34:00] [Task1] Found 0 file(s) total, 0 .mp3 file(s).
[2026-06-30 05:34:00] [Task1] No .mp3 files — nothing to publish.
[2026-06-30 05:34:00] [Task1] Next scan in 6 second(s)…
[2026-06-30 05:34:06] [Task1] Found 0 file(s) total, 0 .mp3 file(s).
[2026-06-30 05:34:06] [Task1] No .mp3 files — nothing to publish.
[2026-06-30 05:34:06] [Task1] Next scan in 6 second(s)…
[2026-06-30 05:34:12] [Task1] Found 0 file(s) total, 0 .mp3 file(s).
[2026-06-30 05:34:12] [Task1] No .mp3 files — nothing to publish.
[2026-06-30 05:34:12] [Task1] Next scan in 6 second(s)…
[2026-06-30 05:34:18] [Task1] Found 0 file(s) total, 0 .mp3 file(s).
[2026-06-30 05:34:18] [Task1] No .mp3 files — nothing to publish.
[2026-06-30 05:34:18] [Task1] Next scan in 6 second(s)…
[2026-06-30 05:34:24] [Task1] Found 0 file(s) total, 0 .mp3 file(s).
[2026-06-30 05:34:24] [Task1] No .mp3 files — nothing to publish.
[2026-06-30 05:34:24] [Task1] Next scan in 6 second(s)…
[2026-06-30 05:34:30] [Task1] Found 0 file(s) total, 0 .mp3 file(s).
[2026-06-30 05:34:30] [Task1] No .mp3 files — nothing to publish.
[2026-06-30 05:34:30] [Task1] Next scan in 6 second(s)…
[2026-06-30 05:34:36] [Task1] Found 0 file(s) total, 0 .mp3 file(s).
[2026-06-30 05:34:36] [Task1] No .mp3 files — nothing to publish.
[2026-06-30 05:34:36] [Task1] Next scan in 6 second(s)…
[2026-06-30 05:34:42] [Task1] Found 0 file(s) total, 0 .mp3 file(s).
[2026-06-30 05:34:42] [Task1] No .mp3 files — nothing to publish.
[2026-06-30 05:34:42] [Task1] Next scan in 6 second(s)…
[2026-06-30 05:34:48] [Task1] Found 0 file(s) total, 0 .mp3 file(s).
[2026-06-30 05:34:48] [Task1] No .mp3 files — nothing to publish.
[2026-06-30 05:34:48] [Task1] Next scan in 6 second(s)…
[2026-06-30 05:34:54] [Task1] Found 0 file(s) total, 0 .mp3 file(s).
[2026-06-30 05:34:54] [Task1] No .mp3 files — nothing to publish.
[2026-06-30 05:34:54] [Task1] Next scan in 6 second(s)…
[2026-06-30 05:35:00] [Task1] Found 0 file(s) total, 0 .mp3 file(s).
[2026-06-30 05:35:00] [Task1] No .mp3 files — nothing to publish.
[2026-06-30 05:35:00] [Task1] Next scan in 6 second(s)…
[2026-06-30 05:35:06] [Task1] Found 0 file(s) total, 0 .mp3 file(s).
[2026-06-30 05:35:06] [Task1] No .mp3 files — nothing to publish.
[2026-06-30 05:35:06] [Task1] Next scan in 6 second(s)…
[2026-06-30 05:35:12] [Task1] Found 0 file(s) total, 0 .mp3 file(s).
[2026-06-30 05:35:12] [Task1] No .mp3 files — nothing to publish.
[2026-06-30 05:35:12] [Task1] Next scan in 6 second(s)…
[2026-06-30 05:35:18] [Task1] Found 0 file(s) total, 0 .mp3 file(s).
[2026-06-30 05:35:18] [Task1] No .mp3 files — nothing to publish.
[2026-06-30 05:35:18] [Task1] Next scan in 6 second(s)…
[2026-06-30 05:35:24] [Task1] Found 0 file(s) total, 0 .mp3 file(s).
[2026-06-30 05:35:24] [Task1] No .mp3 files — nothing to publish.
[2026-06-30 05:35:24] [Task1] Next scan in 6 second(s)…
[2026-06-30 05:35:30] [Task1] Found 0 file(s) total, 0 .mp3 file(s).
[2026-06-30 05:35:30] [Task1] No .mp3 files — nothing to publish.
[2026-06-30 05:35:30] [Task1] Next scan in 6 second(s)…
[2026-06-30 05:35:36] [Task1] Found 0 file(s) total, 0 .mp3 file(s).
[2026-06-30 05:35:36] [Task1] No .mp3 files — nothing to publish.
[2026-06-30 05:35:36] [Task1] Next scan in 6 second(s)…
[2026-06-30 05:35:42] [Task1] Found 0 file(s) total, 0 .mp3 file(s).
[2026-06-30 05:35:42] [Task1] No .mp3 files — nothing to publish.
[2026-06-30 05:35:42] [Task1] Next scan in 6 second(s)…
[2026-06-30 05:35:48] [Task1] Found 0 file(s) total, 0 .mp3 file(s).
[2026-06-30 05:35:48] [Task1] No .mp3 files — nothing to publish.
[2026-06-30 05:35:48] [Task1] Next scan in 6 second(s)…
[2026-06-30 05:35:54] [Task1] Found 0 file(s) total, 0 .mp3 file(s).
[2026-06-30 05:35:54] [Task1] No .mp3 files — nothing to publish.
[2026-06-30 05:35:54] [Task1] Next scan in 6 second(s)…
[2026-06-30 05:36:00] [Task1] Found 0 file(s) total, 0 .mp3 file(s).
[2026-06-30 05:36:00] [Task1] No .mp3 files — nothing to publish.
[2026-06-30 05:36:00] [Task1] Next scan in 6 second(s)…
[2026-06-30 05:36:06] [Task1] Found 0 file(s) total, 0 .mp3 file(s).
[2026-06-30 05:36:06] [Task1] No .mp3 files — nothing to publish.
[2026-06-30 05:36:06] [Task1] Next scan in 6 second(s)…
[2026-06-30 05:36:12] [Task1] Found 0 file(s) total, 0 .mp3 file(s).
[2026-06-30 05:36:12] [Task1] No .mp3 files — nothing to publish.
[2026-06-30 05:36:12] [Task1] Next scan in 6 second(s)…
[2026-06-30 05:36:18] [Task1] Found 0 file(s) total, 0 .mp3 file(s).
[2026-06-30 05:36:18] [Task1] No .mp3 files — nothing to publish.
[2026-06-30 05:36:18] [Task1] Next scan in 6 second(s)…
[2026-06-30 05:36:24] [Task1] Found 0 file(s) total, 0 .mp3 file(s).
[2026-06-30 05:36:24] [Task1] No .mp3 files — nothing to publish.
[2026-06-30 05:36:24] [Task1] Next scan in 6 second(s)…
[2026-06-30 05:36:30] [Task1] Found 0 file(s) total, 0 .mp3 file(s).
[2026-06-30 05:36:30] [Task1] No .mp3 files — nothing to publish.
[2026-06-30 05:36:30] [Task1] Next scan in 6 second(s)…
[2026-06-30 05:36:36] [Task1] Found 0 file(s) total, 0 .mp3 file(s).
[2026-06-30 05:36:36] [Task1] No .mp3 files — nothing to publish.
[2026-06-30 05:36:36] [Task1] Next scan in 6 second(s)…
[2026-06-30 05:36:42] [Task1] Found 0 file(s) total, 0 .mp3 file(s).
[2026-06-30 05:36:42] [Task1] No .mp3 files — nothing to publish.
[2026-06-30 05:36:42] [Task1] Next scan in 6 second(s)…
[2026-06-30 05:36:48] [Task1] Found 0 file(s) total, 0 .mp3 file(s).
[2026-06-30 05:36:48] [Task1] No .mp3 files — nothing to publish.
[2026-06-30 05:36:48] [Task1] Next scan in 6 second(s)…
[2026-06-30 05:36:54] [Task1] Found 0 file(s) total, 0 .mp3 file(s).
[2026-06-30 05:36:54] [Task1] No .mp3 files — nothing to publish.
[2026-06-30 05:36:54] [Task1] Next scan in 6 second(s)…
[2026-06-30 05:37:00] [Task1] Found 0 file(s) total, 0 .mp3 file(s).
[2026-06-30 05:37:00] [Task1] No .mp3 files — nothing to publish.
[2026-06-30 05:37:00] [Task1] Next scan in 6 second(s)…
[2026-06-30 05:37:06] [Task1] Found 0 file(s) total, 0 .mp3 file(s).
[2026-06-30 05:37:06] [Task1] No .mp3 files — nothing to publish.
[2026-06-30 05:37:06] [Task1] Next scan in 6 second(s)…
[2026-06-30 05:37:12] [Task1] Found 0 file(s) total, 0 .mp3 file(s).
[2026-06-30 05:37:12] [Task1] No .mp3 files — nothing to publish.
[2026-06-30 05:37:12] [Task1] Next scan in 6 second(s)…
[2026-06-30 05:37:18] [Task1] Found 0 file(s) total, 0 .mp3 file(s).
[2026-06-30 05:37:18] [Task1] No .mp3 files — nothing to publish.
[2026-06-30 05:37:18] [Task1] Next scan in 6 second(s)…
[2026-06-30 05:37:24] [Task1] Found 0 file(s) total, 0 .mp3 file(s).
[2026-06-30 05:37:24] [Task1] No .mp3 files — nothing to publish.
[2026-06-30 05:37:24] [Task1] Next scan in 6 second(s)…
[2026-06-30 05:37:30] [Task1] Found 0 file(s) total, 0 .mp3 file(s).
[2026-06-30 05:37:30] [Task1] No .mp3 files — nothing to publish.
[2026-06-30 05:37:30] [Task1] Next scan in 6 second(s)…
[2026-06-30 05:37:36] [Task1] Found 0 file(s) total, 0 .mp3 file(s).
[2026-06-30 05:37:36] [Task1] No .mp3 files — nothing to publish.
[2026-06-30 05:37:36] [Task1] Next scan in 6 second(s)…
[2026-06-30 05:37:42] [Task1] Found 0 file(s) total, 0 .mp3 file(s).
[2026-06-30 05:37:42] [Task1] No .mp3 files — nothing to publish.
[2026-06-30 05:37:42] [Task1] Next scan in 6 second(s)…
[2026-06-30 05:37:48] [Task1] Found 0 file(s) total, 0 .mp3 file(s).
[2026-06-30 05:37:48] [Task1] No .mp3 files — nothing to publish.
[2026-06-30 05:37:48] [Task1] Next scan in 6 second(s)…
[2026-06-30 05:37:54] [Task1] Found 0 file(s) total, 0 .mp3 file(s).
[2026-06-30 05:37:54] [Task1] No .mp3 files — nothing to publish.
[2026-06-30 05:37:54] [Task1] Next scan in 6 second(s)…
[2026-06-30 05:38:00] [Task1] Found 0 file(s) total, 0 .mp3 file(s).
[2026-06-30 05:38:00] [Task1] No .mp3 files — nothing to publish.
[2026-06-30 05:38:00] [Task1] Next scan in 6 second(s)…
[2026-06-30 05:38:06] [Task1] Found 0 file(s) total, 0 .mp3 file(s).
[2026-06-30 05:38:06] [Task1] No .mp3 files — nothing to publish.
[2026-06-30 05:38:06] [Task1] Next scan in 6 second(s)…
[2026-06-30 05:38:12] [Task1] Found 0 file(s) total, 0 .mp3 file(s).
[2026-06-30 05:38:12] [Task1] No .mp3 files — nothing to publish.
[2026-06-30 05:38:12] [Task1] Next scan in 6 second(s)…
[2026-06-30 05:38:18] [Task1] Found 0 file(s) total, 0 .mp3 file(s).
[2026-06-30 05:38:18] [Task1] No .mp3 files — nothing to publish.
[2026-06-30 05:38:18] [Task1] Next scan in 6 second(s)…
[2026-06-30 05:38:24] [Task1] Found 0 file(s) total, 0 .mp3 file(s).
[2026-06-30 05:38:24] [Task1] No .mp3 files — nothing to publish.
[2026-06-30 05:38:24] [Task1] Next scan in 6 second(s)…
[2026-06-30 05:38:30] [Task1] Found 0 file(s) total, 0 .mp3 file(s).
[2026-06-30 05:38:30] [Task1] No .mp3 files — nothing to publish.
[2026-06-30 05:38:30] [Task1] Next scan in 6 second(s)…
[2026-06-30 05:38:36] [Task1] Found 0 file(s) total, 0 .mp3 file(s).
[2026-06-30 05:38:36] [Task1] No .mp3 files — nothing to publish.
[2026-06-30 05:38:36] [Task1] Next scan in 6 second(s)…
[2026-06-30 05:38:42] [Task1] Found 0 file(s) total, 0 .mp3 file(s).
[2026-06-30 05:38:42] [Task1] No .mp3 files — nothing to publish.
[2026-06-30 05:38:42] [Task1] Next scan in 6 second(s)…
[2026-06-30 05:38:48] [Task1] Found 0 file(s) total, 0 .mp3 file(s).
[2026-06-30 05:38:48] [Task1] No .mp3 files — nothing to publish.
[2026-06-30 05:38:48] [Task1] Next scan in 6 second(s)…
[2026-06-30 05:38:54] [Task1] Found 0 file(s) total, 0 .mp3 file(s).
[2026-06-30 05:38:54] [Task1] No .mp3 files — nothing to publish.
[2026-06-30 05:38:54] [Task1] Next scan in 6 second(s)…
[2026-06-30 05:39:00] [Task1] Found 0 file(s) total, 0 .mp3 file(s).
[2026-06-30 05:39:00] [Task1] No .mp3 files — nothing to publish.
[2026-06-30 05:39:00] [Task1] Next scan in 6 second(s)…
[2026-06-30 05:39:06] [Task1] Found 0 file(s) total, 0 .mp3 file(s).
[2026-06-30 05:39:06] [Task1] No .mp3 files — nothing to publish.
[2026-06-30 05:39:06] [Task1] Next scan in 6 second(s)…
[2026-06-30 05:39:12] [Task1] Found 0 file(s) total, 0 .mp3 file(s).
[2026-06-30 05:39:12] [Task1] No .mp3 files — nothing to publish.
[2026-06-30 05:39:12] [Task1] Next scan in 6 second(s)…
[2026-06-30 05:39:18] [Task1] Found 0 file(s) total, 0 .mp3 file(s).
[2026-06-30 05:39:18] [Task1] No .mp3 files — nothing to publish.
[2026-06-30 05:39:18] [Task1] Next scan in 6 second(s)…
[2026-06-30 05:39:24] [Task1] Found 0 file(s) total, 0 .mp3 file(s).
[2026-06-30 05:39:24] [Task1] No .mp3 files — nothing to publish.
[2026-06-30 05:39:24] [Task1] Next scan in 6 second(s)…
[2026-06-30 05:39:30] [Task1] Found 0 file(s) total, 0 .mp3 file(s).
[2026-06-30 05:39:30] [Task1] No .mp3 files — nothing to publish.
[2026-06-30 05:39:30] [Task1] Next scan in 6 second(s)…
[2026-06-30 05:39:36] [Task1] Found 0 file(s) total, 0 .mp3 file(s).
[2026-06-30 05:39:36] [Task1] No .mp3 files — nothing to publish.
[2026-06-30 05:39:36] [Task1] Next scan in 6 second(s)…
[2026-06-30 05:39:42] [Task1] Found 0 file(s) total, 0 .mp3 file(s).
[2026-06-30 05:39:42] [Task1] No .mp3 files — nothing to publish.
[2026-06-30 05:39:42] [Task1] Next scan in 6 second(s)…
[2026-06-30 05:39:48] [Task1] Found 0 file(s) total, 0 .mp3 file(s).
[2026-06-30 05:39:48] [Task1] No .mp3 files — nothing to publish.
[2026-06-30 05:39:48] [Task1] Next scan in 6 second(s)…
[2026-06-30 05:39:54] [Task1] Found 0 file(s) total, 0 .mp3 file(s).
[2026-06-30 05:39:54] [Task1] No .mp3 files — nothing to publish.
[2026-06-30 05:39:54] [Task1] Next scan in 6 second(s)…
[2026-06-30 05:40:00] [Task1] Found 0 file(s) total, 0 .mp3 file(s).
[2026-06-30 05:40:00] [Task1] No .mp3 files — nothing to publish.
[2026-06-30 05:40:00] [Task1] Next scan in 6 second(s)…
[2026-06-30 05:40:06] [Task1] Found 0 file(s) total, 0 .mp3 file(s).
[2026-06-30 05:40:06] [Task1] No .mp3 files — nothing to publish.
[2026-06-30 05:40:06] [Task1] Next scan in 6 second(s)…
[2026-06-30 05:40:12] [Task1] Found 0 file(s) total, 0 .mp3 file(s).
[2026-06-30 05:40:12] [Task1] No .mp3 files — nothing to publish.
[2026-06-30 05:40:12] [Task1] Next scan in 6 second(s)…
[2026-06-30 05:40:18] [Task1] Found 0 file(s) total, 0 .mp3 file(s).
[2026-06-30 05:40:18] [Task1] No .mp3 files — nothing to publish.
[2026-06-30 05:40:18] [Task1] Next scan in 6 second(s)…
[2026-06-30 05:40:24] [Task1] Found 0 file(s) total, 0 .mp3 file(s).
[2026-06-30 05:40:24] [Task1] No .mp3 files — nothing to publish.
[2026-06-30 05:40:24] [Task1] Next scan in 6 second(s)…
[2026-06-30 05:40:30] [Task1] Found 0 file(s) total, 0 .mp3 file(s).
[2026-06-30 05:40:30] [Task1] No .mp3 files — nothing to publish.
[2026-06-30 05:40:30] [Task1] Next scan in 6 second(s)…
[2026-06-30 05:40:36] [Task1] Found 0 file(s) total, 0 .mp3 file(s).
[2026-06-30 05:40:36] [Task1] No .mp3 files — nothing to publish.
[2026-06-30 05:40:36] [Task1] Next scan in 6 second(s)…
[2026-06-30 05:40:42] [Task1] Found 0 file(s) total, 0 .mp3 file(s).
[2026-06-30 05:40:42] [Task1] No .mp3 files — nothing to publish.
[2026-06-30 05:40:42] [Task1] Next scan in 6 second(s)…
[2026-06-30 05:40:48] [Task1] Found 0 file(s) total, 0 .mp3 file(s).
[2026-06-30 05:40:48] [Task1] No .mp3 files — nothing to publish.
[2026-06-30 05:40:48] [Task1] Next scan in 6 second(s)…
[2026-06-30 05:40:54] [Task1] Found 0 file(s) total, 0 .mp3 file(s).
[2026-06-30 05:40:54] [Task1] No .mp3 files — nothing to publish.
[2026-06-30 05:40:54] [Task1] Next scan in 6 second(s)…
[2026-06-30 05:41:00] [Task1] Found 0 file(s) total, 0 .mp3 file(s).
[2026-06-30 05:41:00] [Task1] No .mp3 files — nothing to publish.
[2026-06-30 05:41:00] [Task1] Next scan in 6 second(s)…
[2026-06-30 05:41:06] [Task1] Found 0 file(s) total, 0 .mp3 file(s).
[2026-06-30 05:41:06] [Task1] No .mp3 files — nothing to publish.
[2026-06-30 05:41:06] [Task1] Next scan in 6 second(s)…
[2026-06-30 05:41:12] [Task1] Found 0 file(s) total, 0 .mp3 file(s).
[2026-06-30 05:41:12] [Task1] No .mp3 files — nothing to publish.
[2026-06-30 05:41:12] [Task1] Next scan in 6 second(s)…
