[2026-06-30 05:25:34] [SYSTEM] Logger initialized. Log file: D:\mahasoa\ITU\S6\INF315-WebService\Music-PlayList\logs\playlist-log-2026-06-30_05-25-34.log
[2026-06-30 05:25:34] [SYSTEM] Starting: desktop-server-app
[2026-06-30 05:25:34] [SYSTEM] Pipeline: Task1 → [scan-queue] → Task2 → [extract-queue] → Task3 → [upload-queue] → Task4
[2026-06-30 05:25:34] [Task1] Started — watching: D:\mahasoa\ITU\S6\INF315-WebService\Music-PlayList\mp3
[2026-06-30 05:25:34] [Task1] Scan interval: 6 second(s)
[2026-06-30 05:25:34] [Task1] Found 0 file(s) total, 0 .mp3 file(s).
[2026-06-30 05:25:34] [Task1] No .mp3 files — nothing to publish.
[2026-06-30 05:25:34] [Task1] Next scan in 6 second(s)…
[2026-06-30 05:25:34] [Task2] Started — consuming 'playlist-scan-queue'.
[2026-06-30 05:25:34] [Task3] Started — consuming 'playlist-extract-queue'.
[2026-06-30 05:25:34] [Task4] Started — consuming 'playlist-upload-queue'.
[2026-06-30 05:25:34] [Task4] Waiting for upload confirmations. Press Ctrl+C to stop.
[2026-06-30 05:25:34] [Task2] Waiting for scan batches. Press Ctrl+C to stop.
[2026-06-30 05:25:34] [Task3] Waiting for metadata batches. Press Ctrl+C to stop.
[2026-06-30 05:25:40] [Task1] Found 0 file(s) total, 0 .mp3 file(s).
[2026-06-30 05:25:40] [Task1] No .mp3 files — nothing to publish.
[2026-06-30 05:25:40] [Task1] Next scan in 6 second(s)…
[2026-06-30 05:25:46] [Task1] Found 0 file(s) total, 0 .mp3 file(s).
[2026-06-30 05:25:46] [Task1] No .mp3 files — nothing to publish.
[2026-06-30 05:25:46] [Task1] Next scan in 6 second(s)…
[2026-06-30 05:25:52] [Task1] Found 0 file(s) total, 0 .mp3 file(s).
[2026-06-30 05:25:52] [Task1] No .mp3 files — nothing to publish.
[2026-06-30 05:25:52] [Task1] Next scan in 6 second(s)…
[2026-06-30 05:25:58] [Task1] Found 0 file(s) total, 0 .mp3 file(s).
[2026-06-30 05:25:58] [Task1] No .mp3 files — nothing to publish.
[2026-06-30 05:25:58] [Task1] Next scan in 6 second(s)…
[2026-06-30 05:26:04] [Task1] Found 0 file(s) total, 0 .mp3 file(s).
[2026-06-30 05:26:04] [Task1] No .mp3 files — nothing to publish.
[2026-06-30 05:26:04] [Task1] Next scan in 6 second(s)…
[2026-06-30 05:26:10] [Task1] Found 0 file(s) total, 0 .mp3 file(s).
[2026-06-30 05:26:10] [Task1] No .mp3 files — nothing to publish.
[2026-06-30 05:26:10] [Task1] Next scan in 6 second(s)…
[2026-06-30 05:26:16] [Task1] Found 0 file(s) total, 0 .mp3 file(s).
[2026-06-30 05:26:16] [Task1] No .mp3 files — nothing to publish.
[2026-06-30 05:26:16] [Task1] Next scan in 6 second(s)…
[2026-06-30 05:26:22] [Task1] Found 0 file(s) total, 0 .mp3 file(s).
[2026-06-30 05:26:22] [Task1] No .mp3 files — nothing to publish.
[2026-06-30 05:26:22] [Task1] Next scan in 6 second(s)…
[2026-06-30 05:26:28] [Task1] Found 0 file(s) total, 0 .mp3 file(s).
[2026-06-30 05:26:28] [Task1] No .mp3 files — nothing to publish.
[2026-06-30 05:26:28] [Task1] Next scan in 6 second(s)…
[2026-06-30 05:26:34] [Task1] Found 0 file(s) total, 0 .mp3 file(s).
[2026-06-30 05:26:34] [Task1] No .mp3 files — nothing to publish.
[2026-06-30 05:26:34] [Task1] Next scan in 6 second(s)…
[2026-06-30 05:26:40] [Task1] Found 0 file(s) total, 0 .mp3 file(s).
[2026-06-30 05:26:40] [Task1] No .mp3 files — nothing to publish.
[2026-06-30 05:26:40] [Task1] Next scan in 6 second(s)…
[2026-06-30 05:26:46] [Task1] Found 0 file(s) total, 0 .mp3 file(s).
[2026-06-30 05:26:46] [Task1] No .mp3 files — nothing to publish.
[2026-06-30 05:26:46] [Task1] Next scan in 6 second(s)…
[2026-06-30 05:26:52] [Task1] Found 0 file(s) total, 0 .mp3 file(s).
[2026-06-30 05:26:52] [Task1] No .mp3 files — nothing to publish.
[2026-06-30 05:26:52] [Task1] Next scan in 6 second(s)…
[2026-06-30 05:26:58] [Task1] Found 0 file(s) total, 0 .mp3 file(s).
[2026-06-30 05:26:58] [Task1] No .mp3 files — nothing to publish.
[2026-06-30 05:26:58] [Task1] Next scan in 6 second(s)…
[2026-06-30 05:27:04] [Task1] Found 0 file(s) total, 0 .mp3 file(s).
[2026-06-30 05:27:04] [Task1] No .mp3 files — nothing to publish.
[2026-06-30 05:27:04] [Task1] Next scan in 6 second(s)…
[2026-06-30 05:27:10] [Task1] Found 0 file(s) total, 0 .mp3 file(s).
[2026-06-30 05:27:10] [Task1] No .mp3 files — nothing to publish.
[2026-06-30 05:27:10] [Task1] Next scan in 6 second(s)…
[2026-06-30 05:27:16] [Task1] Found 0 file(s) total, 0 .mp3 file(s).
[2026-06-30 05:27:16] [Task1] No .mp3 files — nothing to publish.
[2026-06-30 05:27:16] [Task1] Next scan in 6 second(s)…
[2026-06-30 05:27:22] [Task1] Found 0 file(s) total, 0 .mp3 file(s).
[2026-06-30 05:27:22] [Task1] No .mp3 files — nothing to publish.
[2026-06-30 05:27:22] [Task1] Next scan in 6 second(s)…
[2026-06-30 05:27:28] [Task1] Found 0 file(s) total, 0 .mp3 file(s).
[2026-06-30 05:27:28] [Task1] No .mp3 files — nothing to publish.
[2026-06-30 05:27:28] [Task1] Next scan in 6 second(s)…
[2026-06-30 05:27:34] [Task1] Found 0 file(s) total, 0 .mp3 file(s).
[2026-06-30 05:27:34] [Task1] No .mp3 files — nothing to publish.
[2026-06-30 05:27:34] [Task1] Next scan in 6 second(s)…
[2026-06-30 05:27:40] [Task1] Found 0 file(s) total, 0 .mp3 file(s).
[2026-06-30 05:27:40] [Task1] No .mp3 files — nothing to publish.
[2026-06-30 05:27:40] [Task1] Next scan in 6 second(s)…
[2026-06-30 05:27:46] [Task1] Found 0 file(s) total, 0 .mp3 file(s).
[2026-06-30 05:27:46] [Task1] No .mp3 files — nothing to publish.
[2026-06-30 05:27:46] [Task1] Next scan in 6 second(s)…
[2026-06-30 05:27:52] [Task1] Found 0 file(s) total, 0 .mp3 file(s).
[2026-06-30 05:27:52] [Task1] No .mp3 files — nothing to publish.
[2026-06-30 05:27:52] [Task1] Next scan in 6 second(s)…
[2026-06-30 05:27:58] [Task1] Found 0 file(s) total, 0 .mp3 file(s).
[2026-06-30 05:27:58] [Task1] No .mp3 files — nothing to publish.
[2026-06-30 05:27:58] [Task1] Next scan in 6 second(s)…
[2026-06-30 05:28:04] [Task1] Found 0 file(s) total, 0 .mp3 file(s).
[2026-06-30 05:28:04] [Task1] No .mp3 files — nothing to publish.
[2026-06-30 05:28:04] [Task1] Next scan in 6 second(s)…
[2026-06-30 05:28:10] [Task1] Found 0 file(s) total, 0 .mp3 file(s).
[2026-06-30 05:28:10] [Task1] No .mp3 files — nothing to publish.
[2026-06-30 05:28:10] [Task1] Next scan in 6 second(s)…
[2026-06-30 05:28:16] [Task1] Found 0 file(s) total, 0 .mp3 file(s).
[2026-06-30 05:28:16] [Task1] No .mp3 files — nothing to publish.
[2026-06-30 05:28:16] [Task1] Next scan in 6 second(s)…
[2026-06-30 05:28:22] [Task1] Found 0 file(s) total, 0 .mp3 file(s).
[2026-06-30 05:28:22] [Task1] No .mp3 files — nothing to publish.
[2026-06-30 05:28:22] [Task1] Next scan in 6 second(s)…
[2026-06-30 05:28:28] [Task1] Found 0 file(s) total, 0 .mp3 file(s).
[2026-06-30 05:28:28] [Task1] No .mp3 files — nothing to publish.
[2026-06-30 05:28:28] [Task1] Next scan in 6 second(s)…
[2026-06-30 05:28:34] [Task1] Found 0 file(s) total, 0 .mp3 file(s).
[2026-06-30 05:28:34] [Task1] No .mp3 files — nothing to publish.
[2026-06-30 05:28:34] [Task1] Next scan in 6 second(s)…
[2026-06-30 05:28:40] [Task1] Found 0 file(s) total, 0 .mp3 file(s).
[2026-06-30 05:28:40] [Task1] No .mp3 files — nothing to publish.
[2026-06-30 05:28:40] [Task1] Next scan in 6 second(s)…
[2026-06-30 05:28:46] [Task1] Found 0 file(s) total, 0 .mp3 file(s).
[2026-06-30 05:28:46] [Task1] No .mp3 files — nothing to publish.
[2026-06-30 05:28:46] [Task1] Next scan in 6 second(s)…
[2026-06-30 05:28:52] [Task1] Found 0 file(s) total, 0 .mp3 file(s).
[2026-06-30 05:28:52] [Task1] No .mp3 files — nothing to publish.
[2026-06-30 05:28:52] [Task1] Next scan in 6 second(s)…
[2026-06-30 05:28:58] [Task1] Found 0 file(s) total, 0 .mp3 file(s).
[2026-06-30 05:28:58] [Task1] No .mp3 files — nothing to publish.
[2026-06-30 05:28:58] [Task1] Next scan in 6 second(s)…
[2026-06-30 05:29:04] [Task1] Found 0 file(s) total, 0 .mp3 file(s).
[2026-06-30 05:29:04] [Task1] No .mp3 files — nothing to publish.
[2026-06-30 05:29:04] [Task1] Next scan in 6 second(s)…
[2026-06-30 05:29:10] [Task1] Found 0 file(s) total, 0 .mp3 file(s).
[2026-06-30 05:29:10] [Task1] No .mp3 files — nothing to publish.
[2026-06-30 05:29:10] [Task1] Next scan in 6 second(s)…
[2026-06-30 05:29:16] [Task1] Found 0 file(s) total, 0 .mp3 file(s).
[2026-06-30 05:29:16] [Task1] No .mp3 files — nothing to publish.
[2026-06-30 05:29:16] [Task1] Next scan in 6 second(s)…
[2026-06-30 05:29:22] [Task1] Found 0 file(s) total, 0 .mp3 file(s).
[2026-06-30 05:29:22] [Task1] No .mp3 files — nothing to publish.
[2026-06-30 05:29:22] [Task1] Next scan in 6 second(s)…
[2026-06-30 05:29:28] [Task1] Found 0 file(s) total, 0 .mp3 file(s).
[2026-06-30 05:29:28] [Task1] No .mp3 files — nothing to publish.
[2026-06-30 05:29:28] [Task1] Next scan in 6 second(s)…
[2026-06-30 05:29:34] [Task1] Found 0 file(s) total, 0 .mp3 file(s).
[2026-06-30 05:29:34] [Task1] No .mp3 files — nothing to publish.
[2026-06-30 05:29:34] [Task1] Next scan in 6 second(s)…
[2026-06-30 05:29:40] [Task1] Found 0 file(s) total, 0 .mp3 file(s).
[2026-06-30 05:29:40] [Task1] No .mp3 files — nothing to publish.
[2026-06-30 05:29:40] [Task1] Next scan in 6 second(s)…
[2026-06-30 05:29:46] [Task1] Found 0 file(s) total, 0 .mp3 file(s).
[2026-06-30 05:29:46] [Task1] No .mp3 files — nothing to publish.
[2026-06-30 05:29:46] [Task1] Next scan in 6 second(s)…
[2026-06-30 05:29:52] [Task1] Found 0 file(s) total, 0 .mp3 file(s).
[2026-06-30 05:29:52] [Task1] No .mp3 files — nothing to publish.
[2026-06-30 05:29:52] [Task1] Next scan in 6 second(s)…
[2026-06-30 05:29:58] [Task1] Found 0 file(s) total, 0 .mp3 file(s).
[2026-06-30 05:29:58] [Task1] No .mp3 files — nothing to publish.
[2026-06-30 05:29:58] [Task1] Next scan in 6 second(s)…
[2026-06-30 05:30:04] [Task1] Found 0 file(s) total, 0 .mp3 file(s).
[2026-06-30 05:30:04] [Task1] No .mp3 files — nothing to publish.
[2026-06-30 05:30:04] [Task1] Next scan in 6 second(s)…
[2026-06-30 05:30:10] [Task1] Found 0 file(s) total, 0 .mp3 file(s).
[2026-06-30 05:30:10] [Task1] No .mp3 files — nothing to publish.
[2026-06-30 05:30:10] [Task1] Next scan in 6 second(s)…
[2026-06-30 05:30:16] [Task1] Found 0 file(s) total, 0 .mp3 file(s).
[2026-06-30 05:30:16] [Task1] No .mp3 files — nothing to publish.
[2026-06-30 05:30:16] [Task1] Next scan in 6 second(s)…
[2026-06-30 05:30:22] [Task1] Found 0 file(s) total, 0 .mp3 file(s).
[2026-06-30 05:30:22] [Task1] No .mp3 files — nothing to publish.
[2026-06-30 05:30:22] [Task1] Next scan in 6 second(s)…
[2026-06-30 05:30:28] [Task1] Found 0 file(s) total, 0 .mp3 file(s).
[2026-06-30 05:30:28] [Task1] No .mp3 files — nothing to publish.
[2026-06-30 05:30:28] [Task1] Next scan in 6 second(s)…
[2026-06-30 05:30:34] [Task1] Found 0 file(s) total, 0 .mp3 file(s).
[2026-06-30 05:30:34] [Task1] No .mp3 files — nothing to publish.
[2026-06-30 05:30:34] [Task1] Next scan in 6 second(s)…
[2026-06-30 05:30:40] [Task1] Found 0 file(s) total, 0 .mp3 file(s).
[2026-06-30 05:30:40] [Task1] No .mp3 files — nothing to publish.
[2026-06-30 05:30:40] [Task1] Next scan in 6 second(s)…
[2026-06-30 05:30:46] [Task1] Found 0 file(s) total, 0 .mp3 file(s).
[2026-06-30 05:30:46] [Task1] No .mp3 files — nothing to publish.
[2026-06-30 05:30:46] [Task1] Next scan in 6 second(s)…
[2026-06-30 05:30:52] [Task1] Found 0 file(s) total, 0 .mp3 file(s).
[2026-06-30 05:30:52] [Task1] No .mp3 files — nothing to publish.
[2026-06-30 05:30:52] [Task1] Next scan in 6 second(s)…
[2026-06-30 05:30:58] [Task1] Found 0 file(s) total, 0 .mp3 file(s).
[2026-06-30 05:30:58] [Task1] No .mp3 files — nothing to publish.
[2026-06-30 05:30:58] [Task1] Next scan in 6 second(s)…
[2026-06-30 05:31:04] [Task1] Found 0 file(s) total, 0 .mp3 file(s).
[2026-06-30 05:31:04] [Task1] No .mp3 files — nothing to publish.
[2026-06-30 05:31:04] [Task1] Next scan in 6 second(s)…
[2026-06-30 05:31:10] [Task1] Found 0 file(s) total, 0 .mp3 file(s).
[2026-06-30 05:31:10] [Task1] No .mp3 files — nothing to publish.
[2026-06-30 05:31:10] [Task1] Next scan in 6 second(s)…
[2026-06-30 05:31:16] [Task1] Found 0 file(s) total, 0 .mp3 file(s).
[2026-06-30 05:31:16] [Task1] No .mp3 files — nothing to publish.
[2026-06-30 05:31:16] [Task1] Next scan in 6 second(s)…
[2026-06-30 05:31:22] [Task1] Found 0 file(s) total, 0 .mp3 file(s).
[2026-06-30 05:31:22] [Task1] No .mp3 files — nothing to publish.
[2026-06-30 05:31:22] [Task1] Next scan in 6 second(s)…
[2026-06-30 05:31:29] [Task1] Found 0 file(s) total, 0 .mp3 file(s).
[2026-06-30 05:31:29] [Task1] No .mp3 files — nothing to publish.
[2026-06-30 05:31:29] [Task1] Next scan in 6 second(s)…
[2026-06-30 05:31:35] [Task1] Found 0 file(s) total, 0 .mp3 file(s).
[2026-06-30 05:31:35] [Task1] No .mp3 files — nothing to publish.
[2026-06-30 05:31:35] [Task1] Next scan in 6 second(s)…
[2026-06-30 05:31:41] [Task1] Found 0 file(s) total, 0 .mp3 file(s).
[2026-06-30 05:31:41] [Task1] No .mp3 files — nothing to publish.
[2026-06-30 05:31:41] [Task1] Next scan in 6 second(s)…
[2026-06-30 05:31:47] [Task1] Found 0 file(s) total, 0 .mp3 file(s).
[2026-06-30 05:31:47] [Task1] No .mp3 files — nothing to publish.
[2026-06-30 05:31:47] [Task1] Next scan in 6 second(s)…
[2026-06-30 05:31:53] [Task1] Found 0 file(s) total, 0 .mp3 file(s).
[2026-06-30 05:31:53] [Task1] No .mp3 files — nothing to publish.
[2026-06-30 05:31:53] [Task1] Next scan in 6 second(s)…
[2026-06-30 05:31:59] [Task1] Found 0 file(s) total, 0 .mp3 file(s).
[2026-06-30 05:31:59] [Task1] No .mp3 files — nothing to publish.
[2026-06-30 05:31:59] [Task1] Next scan in 6 second(s)…
[2026-06-30 05:32:05] [Task1] Found 0 file(s) total, 0 .mp3 file(s).
[2026-06-30 05:32:05] [Task1] No .mp3 files — nothing to publish.
[2026-06-30 05:32:05] [Task1] Next scan in 6 second(s)…
[2026-06-30 05:32:11] [Task1] Found 0 file(s) total, 0 .mp3 file(s).
[2026-06-30 05:32:11] [Task1] No .mp3 files — nothing to publish.
[2026-06-30 05:32:11] [Task1] Next scan in 6 second(s)…
[2026-06-30 05:32:17] [Task1] Found 0 file(s) total, 0 .mp3 file(s).
[2026-06-30 05:32:17] [Task1] No .mp3 files — nothing to publish.
[2026-06-30 05:32:17] [Task1] Next scan in 6 second(s)…
[2026-06-30 05:32:18] [SYSTEM] Shutdown requested (Ctrl+C).
[2026-06-30 05:32:19] [SYSTEM] Shutdown requested (Ctrl+C).
