[2026-07-01 09:01:12] [SYSTEM] Logger initialized. Log file: D:\mahasoa\ITU\S6\INF315-WebService\Music-PlayList\logs\playlist-log-2026-07-01_09-01-12.log
[2026-07-01 09:01:12] [SYSTEM] Starting: desktop-server-app
[2026-07-01 09:01:12] [SYSTEM] Pipeline: Task1 → [scan-queue] → Task2 → [extract-queue] → Task3 → [upload-queue] → Task4
[2026-07-01 09:01:12] [SYSTEM] Local API Server started on http://localhost:5001
[2026-07-01 09:01:12] [Task1] Started — watching: D:\mahasoa\ITU\S6\INF315-WebService\Music-PlayList\mp3
[2026-07-01 09:01:12] [Task1] Scan interval: 6 second(s)
[2026-07-01 09:01:12] [Task1] Found 0 file(s) total, 0 .mp3 file(s).
[2026-07-01 09:01:12] [Task1] No .mp3 files — nothing to publish.
[2026-07-01 09:01:12] [Task1] Next scan in 6 second(s)…
[2026-07-01 09:01:12] [Task2] Started — consuming 'playlist-scan-queue'.
[2026-07-01 09:01:12] [Task3] Started — consuming 'playlist-extract-queue'.
[2026-07-01 09:01:12] [Task4] Started — consuming 'playlist-upload-queue'.
[2026-07-01 09:01:13] [Task2] Waiting for scan batches. Press Ctrl+C to stop.
[2026-07-01 09:01:13] [Task4] Waiting for upload confirmations. Press Ctrl+C to stop.
[2026-07-01 09:01:13] [Task3] Waiting for metadata batches. Press Ctrl+C to stop.
[2026-07-01 09:01:18] [Task1] Found 0 file(s) total, 0 .mp3 file(s).
[2026-07-01 09:01:18] [Task1] No .mp3 files — nothing to publish.
[2026-07-01 09:01:18] [Task1] Next scan in 6 second(s)…
[2026-07-01 09:01:24] [Task1] Found 0 file(s) total, 0 .mp3 file(s).
[2026-07-01 09:01:24] [Task1] No .mp3 files — nothing to publish.
[2026-07-01 09:01:24] [Task1] Next scan in 6 second(s)…
[2026-07-01 09:01:30] [Task1] Found 0 file(s) total, 0 .mp3 file(s).
[2026-07-01 09:01:30] [Task1] No .mp3 files — nothing to publish.
[2026-07-01 09:01:30] [Task1] Next scan in 6 second(s)…
[2026-07-01 09:01:36] [Task1] Found 0 file(s) total, 0 .mp3 file(s).
[2026-07-01 09:01:36] [Task1] No .mp3 files — nothing to publish.
[2026-07-01 09:01:36] [Task1] Next scan in 6 second(s)…
[2026-07-01 09:01:42] [Task1] Found 0 file(s) total, 0 .mp3 file(s).
[2026-07-01 09:01:42] [Task1] No .mp3 files — nothing to publish.
[2026-07-01 09:01:42] [Task1] Next scan in 6 second(s)…
[2026-07-01 09:01:48] [Task1] Found 0 file(s) total, 0 .mp3 file(s).
[2026-07-01 09:01:48] [Task1] No .mp3 files — nothing to publish.
[2026-07-01 09:01:48] [Task1] Next scan in 6 second(s)…
[2026-07-01 09:01:54] [Task1] Found 0 file(s) total, 0 .mp3 file(s).
[2026-07-01 09:01:54] [Task1] No .mp3 files — nothing to publish.
[2026-07-01 09:01:54] [Task1] Next scan in 6 second(s)…
[2026-07-01 09:02:00] [Task1] Found 0 file(s) total, 0 .mp3 file(s).
[2026-07-01 09:02:00] [Task1] No .mp3 files — nothing to publish.
[2026-07-01 09:02:00] [Task1] Next scan in 6 second(s)…
[2026-07-01 09:02:06] [Task1] Found 0 file(s) total, 0 .mp3 file(s).
[2026-07-01 09:02:06] [Task1] No .mp3 files — nothing to publish.
[2026-07-01 09:02:06] [Task1] Next scan in 6 second(s)…
[2026-07-01 09:02:12] [Task1] Found 0 file(s) total, 0 .mp3 file(s).
[2026-07-01 09:02:12] [Task1] No .mp3 files — nothing to publish.
[2026-07-01 09:02:13] [Task1] Next scan in 6 second(s)…
[2026-07-01 09:02:19] [Task1] Found 0 file(s) total, 0 .mp3 file(s).
[2026-07-01 09:02:19] [Task1] No .mp3 files — nothing to publish.
[2026-07-01 09:02:19] [Task1] Next scan in 6 second(s)…
[2026-07-01 09:02:25] [Task1] Found 0 file(s) total, 0 .mp3 file(s).
[2026-07-01 09:02:25] [Task1] No .mp3 files — nothing to publish.
[2026-07-01 09:02:25] [Task1] Next scan in 6 second(s)…
[2026-07-01 09:02:31] [Task1] Found 0 file(s) total, 0 .mp3 file(s).
[2026-07-01 09:02:31] [Task1] No .mp3 files — nothing to publish.
[2026-07-01 09:02:31] [Task1] Next scan in 6 second(s)…
[2026-07-01 09:02:37] [Task1] Found 0 file(s) total, 0 .mp3 file(s).
[2026-07-01 09:02:37] [Task1] No .mp3 files — nothing to publish.
[2026-07-01 09:02:37] [Task1] Next scan in 6 second(s)…
[2026-07-01 09:02:43] [Task1] Found 0 file(s) total, 0 .mp3 file(s).
[2026-07-01 09:02:43] [Task1] No .mp3 files — nothing to publish.
[2026-07-01 09:02:43] [Task1] Next scan in 6 second(s)…
[2026-07-01 09:02:49] [Task1] Found 0 file(s) total, 0 .mp3 file(s).
[2026-07-01 09:02:49] [Task1] No .mp3 files — nothing to publish.
[2026-07-01 09:02:49] [Task1] Next scan in 6 second(s)…
[2026-07-01 09:02:55] [Task1] Found 0 file(s) total, 0 .mp3 file(s).
[2026-07-01 09:02:55] [Task1] No .mp3 files — nothing to publish.
[2026-07-01 09:02:55] [Task1] Next scan in 6 second(s)…
[2026-07-01 09:03:01] [Task1] Found 0 file(s) total, 0 .mp3 file(s).
[2026-07-01 09:03:01] [Task1] No .mp3 files — nothing to publish.
[2026-07-01 09:03:01] [Task1] Next scan in 6 second(s)…
[2026-07-01 09:03:07] [Task1] Found 0 file(s) total, 0 .mp3 file(s).
[2026-07-01 09:03:07] [Task1] No .mp3 files — nothing to publish.
[2026-07-01 09:03:07] [Task1] Next scan in 6 second(s)…
[2026-07-01 09:03:13] [Task1] Found 0 file(s) total, 0 .mp3 file(s).
[2026-07-01 09:03:13] [Task1] No .mp3 files — nothing to publish.
[2026-07-01 09:03:13] [Task1] Next scan in 6 second(s)…
[2026-07-01 09:03:19] [Task1] Found 0 file(s) total, 0 .mp3 file(s).
[2026-07-01 09:03:19] [Task1] No .mp3 files — nothing to publish.
[2026-07-01 09:03:19] [Task1] Next scan in 6 second(s)…
[2026-07-01 09:03:25] [Task1] Found 0 file(s) total, 0 .mp3 file(s).
[2026-07-01 09:03:25] [Task1] No .mp3 files — nothing to publish.
[2026-07-01 09:03:25] [Task1] Next scan in 6 second(s)…
[2026-07-01 09:03:31] [Task1] Found 0 file(s) total, 0 .mp3 file(s).
[2026-07-01 09:03:31] [Task1] No .mp3 files — nothing to publish.
[2026-07-01 09:03:31] [Task1] Next scan in 6 second(s)…
[2026-07-01 09:03:37] [Task1] Found 0 file(s) total, 0 .mp3 file(s).
[2026-07-01 09:03:37] [Task1] No .mp3 files — nothing to publish.
[2026-07-01 09:03:37] [Task1] Next scan in 6 second(s)…
[2026-07-01 09:03:43] [Task1] Found 0 file(s) total, 0 .mp3 file(s).
[2026-07-01 09:03:43] [Task1] No .mp3 files — nothing to publish.
[2026-07-01 09:03:43] [Task1] Next scan in 6 second(s)…
[2026-07-01 09:03:49] [Task1] Found 0 file(s) total, 0 .mp3 file(s).
[2026-07-01 09:03:49] [Task1] No .mp3 files — nothing to publish.
[2026-07-01 09:03:49] [Task1] Next scan in 6 second(s)…
[2026-07-01 09:03:55] [Task1] Found 0 file(s) total, 0 .mp3 file(s).
[2026-07-01 09:03:55] [Task1] No .mp3 files — nothing to publish.
[2026-07-01 09:03:55] [Task1] Next scan in 6 second(s)…
[2026-07-01 09:04:01] [Task1] Found 0 file(s) total, 0 .mp3 file(s).
[2026-07-01 09:04:01] [Task1] No .mp3 files — nothing to publish.
[2026-07-01 09:04:01] [Task1] Next scan in 6 second(s)…
[2026-07-01 09:04:07] [Task1] Found 0 file(s) total, 0 .mp3 file(s).
[2026-07-01 09:04:07] [Task1] No .mp3 files — nothing to publish.
[2026-07-01 09:04:07] [Task1] Next scan in 6 second(s)…
[2026-07-01 09:04:13] [Task1] Found 0 file(s) total, 0 .mp3 file(s).
[2026-07-01 09:04:13] [Task1] No .mp3 files — nothing to publish.
[2026-07-01 09:04:13] [Task1] Next scan in 6 second(s)…
[2026-07-01 09:04:19] [Task1] Found 0 file(s) total, 0 .mp3 file(s).
[2026-07-01 09:04:19] [Task1] No .mp3 files — nothing to publish.
[2026-07-01 09:04:19] [Task1] Next scan in 6 second(s)…
[2026-07-01 09:04:25] [Task1] Found 0 file(s) total, 0 .mp3 file(s).
[2026-07-01 09:04:25] [Task1] No .mp3 files — nothing to publish.
[2026-07-01 09:04:25] [Task1] Next scan in 6 second(s)…
[2026-07-01 09:04:31] [Task1] Found 0 file(s) total, 0 .mp3 file(s).
[2026-07-01 09:04:31] [Task1] No .mp3 files — nothing to publish.
[2026-07-01 09:04:31] [Task1] Next scan in 6 second(s)…
[2026-07-01 09:04:37] [Task1] Found 0 file(s) total, 0 .mp3 file(s).
[2026-07-01 09:04:37] [Task1] No .mp3 files — nothing to publish.
[2026-07-01 09:04:37] [Task1] Next scan in 6 second(s)…
[2026-07-01 09:04:43] [Task1] Found 0 file(s) total, 0 .mp3 file(s).
[2026-07-01 09:04:43] [Task1] No .mp3 files — nothing to publish.
[2026-07-01 09:04:43] [Task1] Next scan in 6 second(s)…
[2026-07-01 09:04:49] [Task1] Found 0 file(s) total, 0 .mp3 file(s).
[2026-07-01 09:04:49] [Task1] No .mp3 files — nothing to publish.
[2026-07-01 09:04:49] [Task1] Next scan in 6 second(s)…
[2026-07-01 09:04:55] [Task1] Found 0 file(s) total, 0 .mp3 file(s).
[2026-07-01 09:04:55] [Task1] No .mp3 files — nothing to publish.
[2026-07-01 09:04:55] [Task1] Next scan in 6 second(s)…
[2026-07-01 09:05:01] [Task1] Found 0 file(s) total, 0 .mp3 file(s).
[2026-07-01 09:05:01] [Task1] No .mp3 files — nothing to publish.
[2026-07-01 09:05:01] [Task1] Next scan in 6 second(s)…
[2026-07-01 09:05:07] [Task1] Found 0 file(s) total, 0 .mp3 file(s).
[2026-07-01 09:05:07] [Task1] No .mp3 files — nothing to publish.
[2026-07-01 09:05:07] [Task1] Next scan in 6 second(s)…
[2026-07-01 09:05:13] [Task1] Found 0 file(s) total, 0 .mp3 file(s).
[2026-07-01 09:05:13] [Task1] No .mp3 files — nothing to publish.
[2026-07-01 09:05:13] [Task1] Next scan in 6 second(s)…
[2026-07-01 09:05:19] [Task1] Found 0 file(s) total, 0 .mp3 file(s).
[2026-07-01 09:05:19] [Task1] No .mp3 files — nothing to publish.
[2026-07-01 09:05:19] [Task1] Next scan in 6 second(s)…
[2026-07-01 09:05:25] [Task1] Found 0 file(s) total, 0 .mp3 file(s).
[2026-07-01 09:05:25] [Task1] No .mp3 files — nothing to publish.
[2026-07-01 09:05:25] [Task1] Next scan in 6 second(s)…
[2026-07-01 09:05:31] [Task1] Found 0 file(s) total, 0 .mp3 file(s).
[2026-07-01 09:05:31] [Task1] No .mp3 files — nothing to publish.
[2026-07-01 09:05:31] [Task1] Next scan in 6 second(s)…
[2026-07-01 09:05:37] [Task1] Found 0 file(s) total, 0 .mp3 file(s).
[2026-07-01 09:05:37] [Task1] No .mp3 files — nothing to publish.
[2026-07-01 09:05:37] [Task1] Next scan in 6 second(s)…
[2026-07-01 09:05:43] [Task1] Found 0 file(s) total, 0 .mp3 file(s).
[2026-07-01 09:05:43] [Task1] No .mp3 files — nothing to publish.
[2026-07-01 09:05:43] [Task1] Next scan in 6 second(s)…
[2026-07-01 09:05:49] [Task1] Found 0 file(s) total, 0 .mp3 file(s).
[2026-07-01 09:05:49] [Task1] No .mp3 files — nothing to publish.
[2026-07-01 09:05:49] [Task1] Next scan in 6 second(s)…
[2026-07-01 09:05:55] [Task1] Found 0 file(s) total, 0 .mp3 file(s).
[2026-07-01 09:05:55] [Task1] No .mp3 files — nothing to publish.
[2026-07-01 09:05:55] [Task1] Next scan in 6 second(s)…
[2026-07-01 09:06:01] [Task1] Found 0 file(s) total, 0 .mp3 file(s).
[2026-07-01 09:06:01] [Task1] No .mp3 files — nothing to publish.
[2026-07-01 09:06:01] [Task1] Next scan in 6 second(s)…
[2026-07-01 09:06:07] [Task1] Found 0 file(s) total, 0 .mp3 file(s).
[2026-07-01 09:06:07] [Task1] No .mp3 files — nothing to publish.
[2026-07-01 09:06:07] [Task1] Next scan in 6 second(s)…
[2026-07-01 09:06:13] [Task1] Found 0 file(s) total, 0 .mp3 file(s).
[2026-07-01 09:06:13] [Task1] No .mp3 files — nothing to publish.
[2026-07-01 09:06:13] [Task1] Next scan in 6 second(s)…
[2026-07-01 09:06:19] [Task1] Found 0 file(s) total, 0 .mp3 file(s).
[2026-07-01 09:06:19] [Task1] No .mp3 files — nothing to publish.
[2026-07-01 09:06:19] [Task1] Next scan in 6 second(s)…
[2026-07-01 09:06:25] [Task1] Found 0 file(s) total, 0 .mp3 file(s).
[2026-07-01 09:06:25] [Task1] No .mp3 files — nothing to publish.
[2026-07-01 09:06:25] [Task1] Next scan in 6 second(s)…
[2026-07-01 09:06:31] [Task1] Found 0 file(s) total, 0 .mp3 file(s).
[2026-07-01 09:06:31] [Task1] No .mp3 files — nothing to publish.
[2026-07-01 09:06:31] [Task1] Next scan in 6 second(s)…
[2026-07-01 09:06:37] [Task1] Found 0 file(s) total, 0 .mp3 file(s).
[2026-07-01 09:06:37] [Task1] No .mp3 files — nothing to publish.
[2026-07-01 09:06:37] [Task1] Next scan in 6 second(s)…
[2026-07-01 09:06:43] [Task1] Found 0 file(s) total, 0 .mp3 file(s).
[2026-07-01 09:06:43] [Task1] No .mp3 files — nothing to publish.
[2026-07-01 09:06:43] [Task1] Next scan in 6 second(s)…
[2026-07-01 09:06:49] [Task1] Found 0 file(s) total, 0 .mp3 file(s).
[2026-07-01 09:06:49] [Task1] No .mp3 files — nothing to publish.
[2026-07-01 09:06:49] [Task1] Next scan in 6 second(s)…
[2026-07-01 09:06:55] [Task1] Found 0 file(s) total, 0 .mp3 file(s).
[2026-07-01 09:06:55] [Task1] No .mp3 files — nothing to publish.
[2026-07-01 09:06:55] [Task1] Next scan in 6 second(s)…
[2026-07-01 09:07:01] [Task1] Found 0 file(s) total, 0 .mp3 file(s).
[2026-07-01 09:07:01] [Task1] No .mp3 files — nothing to publish.
[2026-07-01 09:07:01] [Task1] Next scan in 6 second(s)…
[2026-07-01 09:07:07] [Task1] Found 0 file(s) total, 0 .mp3 file(s).
[2026-07-01 09:07:07] [Task1] No .mp3 files — nothing to publish.
[2026-07-01 09:07:07] [Task1] Next scan in 6 second(s)…
[2026-07-01 09:07:13] [Task1] Found 0 file(s) total, 0 .mp3 file(s).
[2026-07-01 09:07:13] [Task1] No .mp3 files — nothing to publish.
[2026-07-01 09:07:13] [Task1] Next scan in 6 second(s)…
[2026-07-01 09:07:19] [Task1] Found 0 file(s) total, 0 .mp3 file(s).
[2026-07-01 09:07:19] [Task1] No .mp3 files — nothing to publish.
[2026-07-01 09:07:19] [Task1] Next scan in 6 second(s)…
[2026-07-01 09:07:25] [Task1] Found 0 file(s) total, 0 .mp3 file(s).
[2026-07-01 09:07:25] [Task1] No .mp3 files — nothing to publish.
[2026-07-01 09:07:25] [Task1] Next scan in 6 second(s)…
[2026-07-01 09:07:31] [Task1] Found 0 file(s) total, 0 .mp3 file(s).
[2026-07-01 09:07:31] [Task1] No .mp3 files — nothing to publish.
[2026-07-01 09:07:31] [Task1] Next scan in 6 second(s)…
[2026-07-01 09:07:37] [Task1] Found 0 file(s) total, 0 .mp3 file(s).
[2026-07-01 09:07:37] [Task1] No .mp3 files — nothing to publish.
[2026-07-01 09:07:37] [Task1] Next scan in 6 second(s)…
[2026-07-01 09:07:43] [Task1] Found 0 file(s) total, 0 .mp3 file(s).
[2026-07-01 09:07:43] [Task1] No .mp3 files — nothing to publish.
[2026-07-01 09:07:43] [Task1] Next scan in 6 second(s)…
[2026-07-01 09:07:49] [Task1] Found 0 file(s) total, 0 .mp3 file(s).
[2026-07-01 09:07:49] [Task1] No .mp3 files — nothing to publish.
[2026-07-01 09:07:49] [Task1] Next scan in 6 second(s)…
[2026-07-01 09:07:55] [Task1] Found 0 file(s) total, 0 .mp3 file(s).
[2026-07-01 09:07:55] [Task1] No .mp3 files — nothing to publish.
[2026-07-01 09:07:55] [Task1] Next scan in 6 second(s)…
[2026-07-01 09:08:01] [Task1] Found 0 file(s) total, 0 .mp3 file(s).
[2026-07-01 09:08:01] [Task1] No .mp3 files — nothing to publish.
[2026-07-01 09:08:01] [Task1] Next scan in 6 second(s)…
[2026-07-01 09:08:07] [Task1] Found 0 file(s) total, 0 .mp3 file(s).
[2026-07-01 09:08:07] [Task1] No .mp3 files — nothing to publish.
[2026-07-01 09:08:07] [Task1] Next scan in 6 second(s)…
[2026-07-01 09:08:13] [Task1] Found 0 file(s) total, 0 .mp3 file(s).
[2026-07-01 09:08:13] [Task1] No .mp3 files — nothing to publish.
[2026-07-01 09:08:13] [Task1] Next scan in 6 second(s)…
[2026-07-01 09:08:19] [Task1] Found 0 file(s) total, 0 .mp3 file(s).
[2026-07-01 09:08:19] [Task1] No .mp3 files — nothing to publish.
[2026-07-01 09:08:19] [Task1] Next scan in 6 second(s)…
[2026-07-01 09:08:25] [Task1] Found 0 file(s) total, 0 .mp3 file(s).
[2026-07-01 09:08:25] [Task1] No .mp3 files — nothing to publish.
[2026-07-01 09:08:25] [Task1] Next scan in 6 second(s)…
[2026-07-01 09:08:31] [Task1] Found 0 file(s) total, 0 .mp3 file(s).
[2026-07-01 09:08:31] [Task1] No .mp3 files — nothing to publish.
[2026-07-01 09:08:31] [Task1] Next scan in 6 second(s)…
[2026-07-01 09:08:37] [Task1] Found 0 file(s) total, 0 .mp3 file(s).
[2026-07-01 09:08:37] [Task1] No .mp3 files — nothing to publish.
[2026-07-01 09:08:37] [Task1] Next scan in 6 second(s)…
[2026-07-01 09:08:43] [Task1] Found 0 file(s) total, 0 .mp3 file(s).
[2026-07-01 09:08:43] [Task1] No .mp3 files — nothing to publish.
[2026-07-01 09:08:43] [Task1] Next scan in 6 second(s)…
[2026-07-01 09:08:49] [Task1] Found 0 file(s) total, 0 .mp3 file(s).
[2026-07-01 09:08:49] [Task1] No .mp3 files — nothing to publish.
[2026-07-01 09:08:49] [Task1] Next scan in 6 second(s)…
[2026-07-01 09:08:55] [Task1] Found 0 file(s) total, 0 .mp3 file(s).
[2026-07-01 09:08:55] [Task1] No .mp3 files — nothing to publish.
[2026-07-01 09:08:55] [Task1] Next scan in 6 second(s)…
[2026-07-01 09:09:01] [Task1] Found 0 file(s) total, 0 .mp3 file(s).
[2026-07-01 09:09:01] [Task1] No .mp3 files — nothing to publish.
[2026-07-01 09:09:01] [Task1] Next scan in 6 second(s)…
[2026-07-01 09:09:07] [Task1] Found 0 file(s) total, 0 .mp3 file(s).
[2026-07-01 09:09:07] [Task1] No .mp3 files — nothing to publish.
[2026-07-01 09:09:07] [Task1] Next scan in 6 second(s)…
[2026-07-01 09:09:13] [Task1] Found 0 file(s) total, 0 .mp3 file(s).
[2026-07-01 09:09:13] [Task1] No .mp3 files — nothing to publish.
[2026-07-01 09:09:13] [Task1] Next scan in 6 second(s)…
[2026-07-01 09:09:19] [Task1] Found 0 file(s) total, 0 .mp3 file(s).
[2026-07-01 09:09:19] [Task1] No .mp3 files — nothing to publish.
[2026-07-01 09:09:19] [Task1] Next scan in 6 second(s)…
[2026-07-01 09:09:25] [Task1] Found 0 file(s) total, 0 .mp3 file(s).
[2026-07-01 09:09:25] [Task1] No .mp3 files — nothing to publish.
[2026-07-01 09:09:25] [Task1] Next scan in 6 second(s)…
[2026-07-01 09:09:31] [Task1] Found 0 file(s) total, 0 .mp3 file(s).
[2026-07-01 09:09:31] [Task1] No .mp3 files — nothing to publish.
[2026-07-01 09:09:31] [Task1] Next scan in 6 second(s)…
[2026-07-01 09:09:37] [Task1] Found 0 file(s) total, 0 .mp3 file(s).
[2026-07-01 09:09:37] [Task1] No .mp3 files — nothing to publish.
[2026-07-01 09:09:37] [Task1] Next scan in 6 second(s)…
[2026-07-01 09:09:43] [Task1] Found 0 file(s) total, 0 .mp3 file(s).
[2026-07-01 09:09:43] [Task1] No .mp3 files — nothing to publish.
[2026-07-01 09:09:43] [Task1] Next scan in 6 second(s)…
[2026-07-01 09:09:49] [Task1] Found 0 file(s) total, 0 .mp3 file(s).
[2026-07-01 09:09:49] [Task1] No .mp3 files — nothing to publish.
[2026-07-01 09:09:49] [Task1] Next scan in 6 second(s)…
[2026-07-01 09:09:55] [Task1] Found 0 file(s) total, 0 .mp3 file(s).
[2026-07-01 09:09:55] [Task1] No .mp3 files — nothing to publish.
[2026-07-01 09:09:55] [Task1] Next scan in 6 second(s)…
[2026-07-01 09:10:01] [Task1] Found 0 file(s) total, 0 .mp3 file(s).
[2026-07-01 09:10:01] [Task1] No .mp3 files — nothing to publish.
[2026-07-01 09:10:01] [Task1] Next scan in 6 second(s)…
[2026-07-01 09:10:07] [Task1] Found 0 file(s) total, 0 .mp3 file(s).
[2026-07-01 09:10:07] [Task1] No .mp3 files — nothing to publish.
[2026-07-01 09:10:07] [Task1] Next scan in 6 second(s)…
[2026-07-01 09:10:13] [Task1] Found 0 file(s) total, 0 .mp3 file(s).
[2026-07-01 09:10:13] [Task1] No .mp3 files — nothing to publish.
[2026-07-01 09:10:13] [Task1] Next scan in 6 second(s)…
[2026-07-01 09:10:19] [Task1] Found 0 file(s) total, 0 .mp3 file(s).
[2026-07-01 09:10:19] [Task1] No .mp3 files — nothing to publish.
[2026-07-01 09:10:19] [Task1] Next scan in 6 second(s)…
[2026-07-01 09:10:25] [Task1] Found 0 file(s) total, 0 .mp3 file(s).
[2026-07-01 09:10:25] [Task1] No .mp3 files — nothing to publish.
[2026-07-01 09:10:25] [Task1] Next scan in 6 second(s)…
[2026-07-01 09:10:31] [Task1] Found 0 file(s) total, 0 .mp3 file(s).
[2026-07-01 09:10:31] [Task1] No .mp3 files — nothing to publish.
[2026-07-01 09:10:31] [Task1] Next scan in 6 second(s)…
[2026-07-01 09:10:37] [Task1] Found 0 file(s) total, 0 .mp3 file(s).
[2026-07-01 09:10:37] [Task1] No .mp3 files — nothing to publish.
[2026-07-01 09:10:37] [Task1] Next scan in 6 second(s)…
[2026-07-01 09:10:43] [Task1] Found 0 file(s) total, 0 .mp3 file(s).
[2026-07-01 09:10:43] [Task1] No .mp3 files — nothing to publish.
[2026-07-01 09:10:43] [Task1] Next scan in 6 second(s)…
[2026-07-01 09:10:49] [Task1] Found 0 file(s) total, 0 .mp3 file(s).
[2026-07-01 09:10:49] [Task1] No .mp3 files — nothing to publish.
[2026-07-01 09:10:49] [Task1] Next scan in 6 second(s)…
[2026-07-01 09:10:55] [Task1] Found 0 file(s) total, 0 .mp3 file(s).
[2026-07-01 09:10:55] [Task1] No .mp3 files — nothing to publish.
[2026-07-01 09:10:55] [Task1] Next scan in 6 second(s)…
[2026-07-01 09:11:01] [Task1] Found 0 file(s) total, 0 .mp3 file(s).
[2026-07-01 09:11:01] [Task1] No .mp3 files — nothing to publish.
[2026-07-01 09:11:01] [Task1] Next scan in 6 second(s)…
[2026-07-01 09:11:07] [Task1] Found 0 file(s) total, 0 .mp3 file(s).
[2026-07-01 09:11:07] [Task1] No .mp3 files — nothing to publish.
[2026-07-01 09:11:07] [Task1] Next scan in 6 second(s)…
[2026-07-01 09:11:13] [Task1] Found 0 file(s) total, 0 .mp3 file(s).
[2026-07-01 09:11:13] [Task1] No .mp3 files — nothing to publish.
[2026-07-01 09:11:13] [Task1] Next scan in 6 second(s)…
[2026-07-01 09:11:19] [Task1] Found 0 file(s) total, 0 .mp3 file(s).
[2026-07-01 09:11:19] [Task1] No .mp3 files — nothing to publish.
[2026-07-01 09:11:19] [Task1] Next scan in 6 second(s)…
[2026-07-01 09:11:25] [Task1] Found 0 file(s) total, 0 .mp3 file(s).
[2026-07-01 09:11:25] [Task1] No .mp3 files — nothing to publish.
[2026-07-01 09:11:25] [Task1] Next scan in 6 second(s)…
[2026-07-01 09:11:31] [Task1] Found 0 file(s) total, 0 .mp3 file(s).
[2026-07-01 09:11:31] [Task1] No .mp3 files — nothing to publish.
[2026-07-01 09:11:31] [Task1] Next scan in 6 second(s)…
[2026-07-01 09:11:37] [Task1] Found 0 file(s) total, 0 .mp3 file(s).
[2026-07-01 09:11:37] [Task1] No .mp3 files — nothing to publish.
[2026-07-01 09:11:37] [Task1] Next scan in 6 second(s)…
[2026-07-01 09:11:43] [Task1] Found 0 file(s) total, 0 .mp3 file(s).
[2026-07-01 09:11:43] [Task1] No .mp3 files — nothing to publish.
[2026-07-01 09:11:43] [Task1] Next scan in 6 second(s)…
[2026-07-01 09:11:49] [Task1] Found 0 file(s) total, 0 .mp3 file(s).
[2026-07-01 09:11:49] [Task1] No .mp3 files — nothing to publish.
[2026-07-01 09:11:49] [Task1] Next scan in 6 second(s)…
[2026-07-01 09:11:55] [Task1] Found 0 file(s) total, 0 .mp3 file(s).
[2026-07-01 09:11:55] [Task1] No .mp3 files — nothing to publish.
[2026-07-01 09:11:55] [Task1] Next scan in 6 second(s)…
[2026-07-01 09:12:01] [Task1] Found 0 file(s) total, 0 .mp3 file(s).
[2026-07-01 09:12:01] [Task1] No .mp3 files — nothing to publish.
[2026-07-01 09:12:01] [Task1] Next scan in 6 second(s)…
[2026-07-01 09:12:07] [Task1] Found 0 file(s) total, 0 .mp3 file(s).
[2026-07-01 09:12:07] [Task1] No .mp3 files — nothing to publish.
[2026-07-01 09:12:07] [Task1] Next scan in 6 second(s)…
[2026-07-01 09:12:13] [Task1] Found 0 file(s) total, 0 .mp3 file(s).
[2026-07-01 09:12:13] [Task1] No .mp3 files — nothing to publish.
[2026-07-01 09:12:13] [Task1] Next scan in 6 second(s)…
[2026-07-01 09:12:19] [Task1] Found 0 file(s) total, 0 .mp3 file(s).
[2026-07-01 09:12:19] [Task1] No .mp3 files — nothing to publish.
[2026-07-01 09:12:19] [Task1] Next scan in 6 second(s)…
[2026-07-01 09:12:25] [Task1] Found 0 file(s) total, 0 .mp3 file(s).
[2026-07-01 09:12:25] [Task1] No .mp3 files — nothing to publish.
[2026-07-01 09:12:25] [Task1] Next scan in 6 second(s)…
[2026-07-01 09:12:31] [Task1] Found 0 file(s) total, 0 .mp3 file(s).
[2026-07-01 09:12:31] [Task1] No .mp3 files — nothing to publish.
[2026-07-01 09:12:31] [Task1] Next scan in 6 second(s)…
[2026-07-01 09:12:37] [Task1] Found 0 file(s) total, 0 .mp3 file(s).
[2026-07-01 09:12:37] [Task1] No .mp3 files — nothing to publish.
[2026-07-01 09:12:37] [Task1] Next scan in 6 second(s)…
[2026-07-01 09:12:43] [Task1] Found 0 file(s) total, 0 .mp3 file(s).
[2026-07-01 09:12:43] [Task1] No .mp3 files — nothing to publish.
[2026-07-01 09:12:43] [Task1] Next scan in 6 second(s)…
[2026-07-01 09:12:49] [Task1] Found 0 file(s) total, 0 .mp3 file(s).
[2026-07-01 09:12:49] [Task1] No .mp3 files — nothing to publish.
[2026-07-01 09:12:49] [Task1] Next scan in 6 second(s)…
[2026-07-01 09:12:55] [Task1] Found 0 file(s) total, 0 .mp3 file(s).
[2026-07-01 09:12:55] [Task1] No .mp3 files — nothing to publish.
[2026-07-01 09:12:55] [Task1] Next scan in 6 second(s)…
[2026-07-01 09:13:01] [Task1] Found 0 file(s) total, 0 .mp3 file(s).
[2026-07-01 09:13:01] [Task1] No .mp3 files — nothing to publish.
[2026-07-01 09:13:01] [Task1] Next scan in 6 second(s)…
[2026-07-01 09:13:07] [Task1] Found 0 file(s) total, 0 .mp3 file(s).
[2026-07-01 09:13:07] [Task1] No .mp3 files — nothing to publish.
[2026-07-01 09:13:07] [Task1] Next scan in 6 second(s)…
[2026-07-01 09:13:13] [Task1] Found 0 file(s) total, 0 .mp3 file(s).
[2026-07-01 09:13:13] [Task1] No .mp3 files — nothing to publish.
[2026-07-01 09:13:13] [Task1] Next scan in 6 second(s)…
[2026-07-01 09:13:19] [Task1] Found 0 file(s) total, 0 .mp3 file(s).
[2026-07-01 09:13:19] [Task1] No .mp3 files — nothing to publish.
[2026-07-01 09:13:19] [Task1] Next scan in 6 second(s)…
[2026-07-01 09:13:25] [Task1] Found 0 file(s) total, 0 .mp3 file(s).
[2026-07-01 09:13:25] [Task1] No .mp3 files — nothing to publish.
[2026-07-01 09:13:25] [Task1] Next scan in 6 second(s)…
[2026-07-01 09:13:31] [Task1] Found 0 file(s) total, 0 .mp3 file(s).
[2026-07-01 09:13:31] [Task1] No .mp3 files — nothing to publish.
[2026-07-01 09:13:31] [Task1] Next scan in 6 second(s)…
[2026-07-01 09:13:37] [Task1] Found 0 file(s) total, 0 .mp3 file(s).
[2026-07-01 09:13:37] [Task1] No .mp3 files — nothing to publish.
[2026-07-01 09:13:37] [Task1] Next scan in 6 second(s)…
[2026-07-01 09:13:43] [Task1] Found 0 file(s) total, 0 .mp3 file(s).
[2026-07-01 09:13:43] [Task1] No .mp3 files — nothing to publish.
[2026-07-01 09:13:43] [Task1] Next scan in 6 second(s)…
[2026-07-01 09:13:49] [Task1] Found 0 file(s) total, 0 .mp3 file(s).
[2026-07-01 09:13:49] [Task1] No .mp3 files — nothing to publish.
[2026-07-01 09:13:49] [Task1] Next scan in 6 second(s)…
[2026-07-01 09:13:55] [Task1] Found 0 file(s) total, 0 .mp3 file(s).
[2026-07-01 09:13:55] [Task1] No .mp3 files — nothing to publish.
[2026-07-01 09:13:55] [Task1] Next scan in 6 second(s)…
[2026-07-01 09:14:01] [Task1] Found 0 file(s) total, 0 .mp3 file(s).
[2026-07-01 09:14:01] [Task1] No .mp3 files — nothing to publish.
[2026-07-01 09:14:01] [Task1] Next scan in 6 second(s)…
[2026-07-01 09:14:07] [Task1] Found 0 file(s) total, 0 .mp3 file(s).
[2026-07-01 09:14:07] [Task1] No .mp3 files — nothing to publish.
[2026-07-01 09:14:07] [Task1] Next scan in 6 second(s)…
[2026-07-01 09:14:13] [Task1] Found 0 file(s) total, 0 .mp3 file(s).
[2026-07-01 09:14:13] [Task1] No .mp3 files — nothing to publish.
[2026-07-01 09:14:13] [Task1] Next scan in 6 second(s)…
[2026-07-01 09:14:19] [Task1] Found 0 file(s) total, 0 .mp3 file(s).
[2026-07-01 09:14:19] [Task1] No .mp3 files — nothing to publish.
[2026-07-01 09:14:19] [Task1] Next scan in 6 second(s)…
[2026-07-01 09:14:25] [Task1] Found 0 file(s) total, 0 .mp3 file(s).
[2026-07-01 09:14:25] [Task1] No .mp3 files — nothing to publish.
[2026-07-01 09:14:25] [Task1] Next scan in 6 second(s)…
[2026-07-01 09:14:31] [Task1] Found 0 file(s) total, 0 .mp3 file(s).
[2026-07-01 09:14:31] [Task1] No .mp3 files — nothing to publish.
[2026-07-01 09:14:31] [Task1] Next scan in 6 second(s)…
[2026-07-01 09:14:37] [Task1] Found 0 file(s) total, 0 .mp3 file(s).
[2026-07-01 09:14:37] [Task1] No .mp3 files — nothing to publish.
[2026-07-01 09:14:37] [Task1] Next scan in 6 second(s)…
[2026-07-01 09:14:43] [Task1] Found 0 file(s) total, 0 .mp3 file(s).
[2026-07-01 09:14:43] [Task1] No .mp3 files — nothing to publish.
[2026-07-01 09:14:43] [Task1] Next scan in 6 second(s)…
[2026-07-01 09:14:49] [Task1] Found 0 file(s) total, 0 .mp3 file(s).
[2026-07-01 09:14:49] [Task1] No .mp3 files — nothing to publish.
[2026-07-01 09:14:49] [Task1] Next scan in 6 second(s)…
[2026-07-01 09:14:51] [SYSTEM] Shutdown requested (Ctrl+C).
[2026-07-01 09:14:51] [SYSTEM] Shutdown requested (Ctrl+C).
